2018-08-18 17:00:37,685:INFO: Loading the datasets...
2018-08-18 17:00:37,788:INFO: - done.
2018-08-18 17:00:46,724:INFO: Starting training for 100 epoch(s)
2018-08-18 17:00:46,726:INFO: Epoch 0/99
2018-08-18 17:00:46,726:INFO: ----------
2018-08-18 17:01:29,059:INFO: Train Loss: 0.8040 Acc: 0.2447
2018-08-18 17:01:54,959:INFO: Val Acc: 0.2697
2018-08-18 17:01:54,960:INFO: Found new best accuracy
2018-08-18 17:01:54,963:INFO: Epoch 1/99
2018-08-18 17:01:54,963:INFO: ----------
2018-08-18 17:02:43,163:INFO: Train Loss: 0.7441 Acc: 0.3134
2018-08-18 17:03:05,600:INFO: Val Acc: 0.2910
2018-08-18 17:03:05,601:INFO: Found new best accuracy
2018-08-18 17:03:05,604:INFO: Epoch 2/99
2018-08-18 17:03:05,604:INFO: ----------
2018-08-18 17:03:53,326:INFO: Train Loss: 0.7129 Acc: 0.3429
2018-08-18 17:04:27,364:INFO: Val Acc: 0.3577
2018-08-18 17:04:27,374:INFO: Found new best accuracy
2018-08-18 17:04:27,379:INFO: Epoch 3/99
2018-08-18 17:04:27,379:INFO: ----------
2018-08-18 17:05:20,256:INFO: Train Loss: 0.6801 Acc: 0.3734
2018-08-18 17:05:49,503:INFO: Val Acc: 0.3676
2018-08-18 17:05:49,504:INFO: Found new best accuracy
2018-08-18 17:05:49,508:INFO: Epoch 4/99
2018-08-18 17:05:49,508:INFO: ----------
2018-08-18 17:06:43,853:INFO: Train Loss: 0.6558 Acc: 0.4059
2018-08-18 17:07:16,210:INFO: Val Acc: 0.3936
2018-08-18 17:07:16,211:INFO: Found new best accuracy
2018-08-18 17:07:16,215:INFO: Epoch 5/99
2018-08-18 17:07:16,215:INFO: ----------
2018-08-18 17:08:06,782:INFO: Train Loss: 0.6487 Acc: 0.4024
2018-08-18 17:08:27,335:INFO: Val Acc: 0.3688
2018-08-18 17:08:27,336:INFO: Epoch 6/99
2018-08-18 17:08:27,336:INFO: ----------
2018-08-18 17:09:14,372:INFO: Train Loss: 0.6438 Acc: 0.4099
2018-08-18 17:09:33,310:INFO: Val Acc: 0.4274
2018-08-18 17:09:33,310:INFO: Found new best accuracy
2018-08-18 17:09:33,315:INFO: Epoch 7/99
2018-08-18 17:09:33,315:INFO: ----------
2018-08-18 17:10:27,955:INFO: Train Loss: 0.6240 Acc: 0.4231
2018-08-18 17:10:53,979:INFO: Val Acc: 0.4073
2018-08-18 17:10:53,979:INFO: Epoch 8/99
2018-08-18 17:10:53,979:INFO: ----------
2018-08-18 17:11:38,734:INFO: Train Loss: 0.6070 Acc: 0.4450
2018-08-18 17:11:58,013:INFO: Val Acc: 0.3650
2018-08-18 17:11:58,014:INFO: Epoch 9/99
2018-08-18 17:11:58,014:INFO: ----------
2018-08-18 17:12:46,798:INFO: Train Loss: 0.6000 Acc: 0.4547
2018-08-18 17:13:06,042:INFO: Val Acc: 0.3009
2018-08-18 17:13:06,042:INFO: Epoch 10/99
2018-08-18 17:13:06,043:INFO: ----------
2018-08-18 17:13:51,382:INFO: Train Loss: 0.5912 Acc: 0.4622
2018-08-18 17:14:22,284:INFO: Val Acc: 0.3848
2018-08-18 17:14:22,284:INFO: Epoch 11/99
2018-08-18 17:14:22,284:INFO: ----------
2018-08-18 17:15:12,659:INFO: Train Loss: 0.5814 Acc: 0.4708
2018-08-18 17:15:32,211:INFO: Val Acc: 0.4219
2018-08-18 17:15:32,211:INFO: Epoch 12/99
2018-08-18 17:15:32,212:INFO: ----------
2018-08-18 17:16:16,285:INFO: Train Loss: 0.5739 Acc: 0.4755
2018-08-18 17:16:46,486:INFO: Val Acc: 0.3778
2018-08-18 17:16:46,486:INFO: Epoch 13/99
2018-08-18 17:16:46,487:INFO: ----------
2018-08-18 17:17:36,646:INFO: Train Loss: 0.5573 Acc: 0.4987
2018-08-18 17:18:01,941:INFO: Val Acc: 0.3767
2018-08-18 17:18:01,942:INFO: Epoch 14/99
2018-08-18 17:18:01,942:INFO: ----------
2018-08-18 17:18:51,247:INFO: Train Loss: 0.5457 Acc: 0.5058
2018-08-18 17:19:22,427:INFO: Val Acc: 0.4201
2018-08-18 17:19:22,428:INFO: Epoch 15/99
2018-08-18 17:19:22,428:INFO: ----------
2018-08-18 17:20:12,487:INFO: Train Loss: 0.5390 Acc: 0.5144
2018-08-18 17:20:40,290:INFO: Val Acc: 0.3749
2018-08-18 17:20:40,291:INFO: Epoch 16/99
2018-08-18 17:20:40,291:INFO: ----------
2018-08-18 17:21:29,163:INFO: Train Loss: 0.5210 Acc: 0.5271
2018-08-18 17:21:49,773:INFO: Val Acc: 0.4023
2018-08-18 17:21:49,774:INFO: Epoch 17/99
2018-08-18 17:21:49,774:INFO: ----------
2018-08-18 17:22:44,938:INFO: Train Loss: 0.5107 Acc: 0.5354
2018-08-18 17:23:15,014:INFO: Val Acc: 0.3038
2018-08-18 17:23:15,015:INFO: Epoch 18/99
2018-08-18 17:23:15,015:INFO: ----------
2018-08-18 17:24:07,714:INFO: Train Loss: 0.4931 Acc: 0.5507
2018-08-18 17:24:39,616:INFO: Val Acc: 0.4408
2018-08-18 17:24:39,617:INFO: Found new best accuracy
2018-08-18 17:24:39,622:INFO: Epoch 19/99
2018-08-18 17:24:39,622:INFO: ----------
2018-08-18 17:25:25,915:INFO: Train Loss: 0.4807 Acc: 0.5671
2018-08-18 17:25:45,821:INFO: Val Acc: 0.4236
2018-08-18 17:25:45,822:INFO: Epoch 20/99
2018-08-18 17:25:45,822:INFO: ----------
2018-08-18 17:26:28,082:INFO: Train Loss: 0.4789 Acc: 0.5619
2018-08-18 17:26:46,601:INFO: Val Acc: 0.4869
2018-08-18 17:26:46,602:INFO: Found new best accuracy
2018-08-18 17:26:46,605:INFO: Epoch 21/99
2018-08-18 17:26:46,606:INFO: ----------
2018-08-18 17:27:26,959:INFO: Train Loss: 0.4612 Acc: 0.5790
2018-08-18 17:27:45,464:INFO: Val Acc: 0.2866
2018-08-18 17:27:45,464:INFO: Epoch 22/99
2018-08-18 17:27:45,464:INFO: ----------
2018-08-18 17:28:28,960:INFO: Train Loss: 0.4585 Acc: 0.5816
2018-08-18 17:28:47,552:INFO: Val Acc: 0.3431
2018-08-18 17:28:47,552:INFO: Epoch 23/99
2018-08-18 17:28:47,553:INFO: ----------
2018-08-18 17:29:30,315:INFO: Train Loss: 0.4455 Acc: 0.6005
2018-08-18 17:30:00,851:INFO: Val Acc: 0.3732
2018-08-18 17:30:00,852:INFO: Epoch 24/99
2018-08-18 17:30:00,852:INFO: ----------
2018-08-18 17:30:47,599:INFO: Train Loss: 0.4334 Acc: 0.6011
2018-08-18 17:31:07,474:INFO: Val Acc: 0.3813
2018-08-18 17:31:07,474:INFO: Epoch 25/99
2018-08-18 17:31:07,474:INFO: ----------
2018-08-18 17:31:56,270:INFO: Train Loss: 0.4362 Acc: 0.6015
2018-08-18 17:32:14,802:INFO: Val Acc: 0.4913
2018-08-18 17:32:14,803:INFO: Found new best accuracy
2018-08-18 17:32:14,806:INFO: Epoch 26/99
2018-08-18 17:32:14,806:INFO: ----------
2018-08-18 17:32:56,427:INFO: Train Loss: 0.4299 Acc: 0.6061
2018-08-18 17:33:15,412:INFO: Val Acc: 0.3134
2018-08-18 17:33:15,413:INFO: Epoch 27/99
2018-08-18 17:33:15,413:INFO: ----------
2018-08-18 17:34:08,823:INFO: Train Loss: 0.4195 Acc: 0.6186
2018-08-18 17:34:34,895:INFO: Val Acc: 0.4496
2018-08-18 17:34:34,896:INFO: Epoch 28/99
2018-08-18 17:34:34,897:INFO: ----------
2018-08-18 17:35:23,062:INFO: Train Loss: 0.4058 Acc: 0.6308
2018-08-18 17:35:48,499:INFO: Val Acc: 0.4239
2018-08-18 17:35:48,500:INFO: Epoch 29/99
2018-08-18 17:35:48,500:INFO: ----------
2018-08-18 17:36:37,501:INFO: Train Loss: 0.4055 Acc: 0.6296
2018-08-18 17:37:04,572:INFO: Val Acc: 0.3840
2018-08-18 17:37:04,573:INFO: Epoch 30/99
2018-08-18 17:37:04,573:INFO: ----------
2018-08-18 17:37:50,840:INFO: Train Loss: 0.3521 Acc: 0.6807
2018-08-18 17:38:13,990:INFO: Val Acc: 0.6563
2018-08-18 17:38:13,990:INFO: Found new best accuracy
2018-08-18 17:38:13,995:INFO: Epoch 31/99
2018-08-18 17:38:13,996:INFO: ----------
2018-08-18 17:39:00,114:INFO: Train Loss: 0.3358 Acc: 0.6983
2018-08-18 17:39:28,319:INFO: Val Acc: 0.6592
2018-08-18 17:39:28,320:INFO: Found new best accuracy
2018-08-18 17:39:28,323:INFO: Epoch 32/99
2018-08-18 17:39:28,323:INFO: ----------
2018-08-18 17:40:19,576:INFO: Train Loss: 0.3316 Acc: 0.7015
2018-08-18 17:40:43,456:INFO: Val Acc: 0.6601
2018-08-18 17:40:43,457:INFO: Found new best accuracy
2018-08-18 17:40:43,460:INFO: Epoch 33/99
2018-08-18 17:40:43,460:INFO: ----------
2018-08-18 17:41:28,382:INFO: Train Loss: 0.3250 Acc: 0.7077
2018-08-18 17:41:52,627:INFO: Val Acc: 0.6784
2018-08-18 17:41:52,628:INFO: Found new best accuracy
2018-08-18 17:41:52,630:INFO: Epoch 34/99
2018-08-18 17:41:52,630:INFO: ----------
2018-08-18 17:42:33,622:INFO: Train Loss: 0.3223 Acc: 0.7100
2018-08-18 17:42:54,222:INFO: Val Acc: 0.6586
2018-08-18 17:42:54,223:INFO: Epoch 35/99
2018-08-18 17:42:54,223:INFO: ----------
2018-08-18 17:43:34,803:INFO: Train Loss: 0.3169 Acc: 0.7184
2018-08-18 17:43:51,780:INFO: Val Acc: 0.6781
2018-08-18 17:43:51,780:INFO: Epoch 36/99
2018-08-18 17:43:51,780:INFO: ----------
2018-08-18 17:44:31,408:INFO: Train Loss: 0.3153 Acc: 0.7160
2018-08-18 17:44:56,334:INFO: Val Acc: 0.6796
2018-08-18 17:44:56,335:INFO: Found new best accuracy
2018-08-18 17:44:56,340:INFO: Epoch 37/99
2018-08-18 17:44:56,340:INFO: ----------
2018-08-18 17:45:38,218:INFO: Train Loss: 0.3132 Acc: 0.7197
2018-08-18 17:45:58,737:INFO: Val Acc: 0.6808
2018-08-18 17:45:58,738:INFO: Found new best accuracy
2018-08-18 17:45:58,740:INFO: Epoch 38/99
2018-08-18 17:45:58,740:INFO: ----------
2018-08-18 17:46:41,268:INFO: Train Loss: 0.3093 Acc: 0.7242
2018-08-18 17:47:00,749:INFO: Val Acc: 0.6659
2018-08-18 17:47:00,749:INFO: Epoch 39/99
2018-08-18 17:47:00,750:INFO: ----------
2018-08-18 17:47:47,139:INFO: Train Loss: 0.3077 Acc: 0.7258
2018-08-18 17:48:06,333:INFO: Val Acc: 0.6822
2018-08-18 17:48:06,333:INFO: Found new best accuracy
2018-08-18 17:48:06,336:INFO: Epoch 40/99
2018-08-18 17:48:06,336:INFO: ----------
2018-08-18 17:48:51,309:INFO: Train Loss: 0.3030 Acc: 0.7272
2018-08-18 17:49:10,312:INFO: Val Acc: 0.6770
2018-08-18 17:49:10,314:INFO: Epoch 41/99
2018-08-18 17:49:10,314:INFO: ----------
2018-08-18 17:49:53,571:INFO: Train Loss: 0.3018 Acc: 0.7294
2018-08-18 17:50:12,517:INFO: Val Acc: 0.6860
2018-08-18 17:50:12,517:INFO: Found new best accuracy
2018-08-18 17:50:12,520:INFO: Epoch 42/99
2018-08-18 17:50:12,521:INFO: ----------
2018-08-18 17:51:06,968:INFO: Train Loss: 0.3010 Acc: 0.7322
2018-08-18 17:51:37,400:INFO: Val Acc: 0.6848
2018-08-18 17:51:37,400:INFO: Epoch 43/99
2018-08-18 17:51:37,400:INFO: ----------
2018-08-18 17:52:27,926:INFO: Train Loss: 0.2993 Acc: 0.7336
2018-08-18 17:52:53,051:INFO: Val Acc: 0.6685
2018-08-18 17:52:53,052:INFO: Epoch 44/99
2018-08-18 17:52:53,052:INFO: ----------
2018-08-18 17:53:37,844:INFO: Train Loss: 0.2967 Acc: 0.7330
2018-08-18 17:53:55,683:INFO: Val Acc: 0.6601
2018-08-18 17:53:55,684:INFO: Epoch 45/99
2018-08-18 17:53:55,684:INFO: ----------
2018-08-18 17:54:41,483:INFO: Train Loss: 0.2923 Acc: 0.7395
2018-08-18 17:55:01,176:INFO: Val Acc: 0.6694
2018-08-18 17:55:01,176:INFO: Epoch 46/99
2018-08-18 17:55:01,177:INFO: ----------
2018-08-18 17:55:46,226:INFO: Train Loss: 0.2902 Acc: 0.7406
2018-08-18 17:56:06,215:INFO: Val Acc: 0.6915
2018-08-18 17:56:06,216:INFO: Found new best accuracy
2018-08-18 17:56:06,219:INFO: Epoch 47/99
2018-08-18 17:56:06,219:INFO: ----------
2018-08-18 17:56:52,121:INFO: Train Loss: 0.2888 Acc: 0.7433
2018-08-18 17:57:10,590:INFO: Val Acc: 0.6845
2018-08-18 17:57:10,591:INFO: Epoch 48/99
2018-08-18 17:57:10,591:INFO: ----------
2018-08-18 17:57:55,236:INFO: Train Loss: 0.2873 Acc: 0.7426
2018-08-18 17:58:14,615:INFO: Val Acc: 0.6741
2018-08-18 17:58:14,616:INFO: Epoch 49/99
2018-08-18 17:58:14,616:INFO: ----------
2018-08-18 17:59:01,356:INFO: Train Loss: 0.2858 Acc: 0.7434
2018-08-18 17:59:22,054:INFO: Val Acc: 0.6939
2018-08-18 17:59:22,055:INFO: Found new best accuracy
2018-08-18 17:59:22,059:INFO: Epoch 50/99
2018-08-18 17:59:22,060:INFO: ----------
2018-08-18 18:00:06,203:INFO: Train Loss: 0.2841 Acc: 0.7442
2018-08-18 18:00:27,372:INFO: Val Acc: 0.6665
2018-08-18 18:00:27,372:INFO: Epoch 51/99
2018-08-18 18:00:27,372:INFO: ----------
2018-08-18 18:01:19,024:INFO: Train Loss: 0.2830 Acc: 0.7459
2018-08-18 18:01:38,929:INFO: Val Acc: 0.6758
2018-08-18 18:01:38,930:INFO: Epoch 52/99
2018-08-18 18:01:38,930:INFO: ----------
2018-08-18 18:02:22,568:INFO: Train Loss: 0.2828 Acc: 0.7474
2018-08-18 18:02:49,819:INFO: Val Acc: 0.6875
2018-08-18 18:02:49,820:INFO: Epoch 53/99
2018-08-18 18:02:49,820:INFO: ----------
2018-08-18 18:03:29,537:INFO: Train Loss: 0.2797 Acc: 0.7511
2018-08-18 18:03:45,802:INFO: Val Acc: 0.6487
2018-08-18 18:03:45,803:INFO: Epoch 54/99
2018-08-18 18:03:45,803:INFO: ----------
2018-08-18 18:04:25,659:INFO: Train Loss: 0.2772 Acc: 0.7527
2018-08-18 18:04:44,999:INFO: Val Acc: 0.6749
2018-08-18 18:04:45,000:INFO: Epoch 55/99
2018-08-18 18:04:45,000:INFO: ----------
2018-08-18 18:05:27,509:INFO: Train Loss: 0.2768 Acc: 0.7539
2018-08-18 18:05:55,316:INFO: Val Acc: 0.6974
2018-08-18 18:05:55,317:INFO: Found new best accuracy
2018-08-18 18:05:55,321:INFO: Epoch 56/99
2018-08-18 18:05:55,321:INFO: ----------
2018-08-18 18:06:44,893:INFO: Train Loss: 0.2782 Acc: 0.7503
2018-08-18 18:07:07,955:INFO: Val Acc: 0.6860
2018-08-18 18:07:07,955:INFO: Epoch 57/99
2018-08-18 18:07:07,955:INFO: ----------
2018-08-18 18:07:53,574:INFO: Train Loss: 0.2742 Acc: 0.7558
2018-08-18 18:08:17,376:INFO: Val Acc: 0.7023
2018-08-18 18:08:17,376:INFO: Found new best accuracy
2018-08-18 18:08:17,379:INFO: Epoch 58/99
2018-08-18 18:08:17,379:INFO: ----------
2018-08-18 18:08:59,466:INFO: Train Loss: 0.2698 Acc: 0.7586
2018-08-18 18:09:27,080:INFO: Val Acc: 0.6743
2018-08-18 18:09:27,081:INFO: Epoch 59/99
2018-08-18 18:09:27,081:INFO: ----------
2018-08-18 18:10:11,478:INFO: Train Loss: 0.2681 Acc: 0.7598
2018-08-18 18:10:44,694:INFO: Val Acc: 0.6840
2018-08-18 18:10:44,695:INFO: Epoch 60/99
2018-08-18 18:10:44,695:INFO: ----------
2018-08-18 18:11:37,024:INFO: Train Loss: 0.2554 Acc: 0.7773
2018-08-18 18:12:07,844:INFO: Val Acc: 0.7204
2018-08-18 18:12:07,844:INFO: Found new best accuracy
2018-08-18 18:12:07,847:INFO: Epoch 61/99
2018-08-18 18:12:07,847:INFO: ----------
2018-08-18 18:12:59,783:INFO: Train Loss: 0.2522 Acc: 0.7805
2018-08-18 18:13:23,340:INFO: Val Acc: 0.7277
2018-08-18 18:13:23,341:INFO: Found new best accuracy
2018-08-18 18:13:23,345:INFO: Epoch 62/99
2018-08-18 18:13:23,346:INFO: ----------
2018-08-18 18:14:04,894:INFO: Train Loss: 0.2520 Acc: 0.7763
2018-08-18 18:14:23,095:INFO: Val Acc: 0.7210
2018-08-18 18:14:23,096:INFO: Epoch 63/99
2018-08-18 18:14:23,097:INFO: ----------
2018-08-18 18:15:02,778:INFO: Train Loss: 0.2505 Acc: 0.7839
2018-08-18 18:15:21,886:INFO: Val Acc: 0.7239
2018-08-18 18:15:21,886:INFO: Epoch 64/99
2018-08-18 18:15:21,887:INFO: ----------
2018-08-18 18:16:04,342:INFO: Train Loss: 0.2504 Acc: 0.7860
2018-08-18 18:16:23,622:INFO: Val Acc: 0.7259
2018-08-18 18:16:23,623:INFO: Epoch 65/99
2018-08-18 18:16:23,623:INFO: ----------
2018-08-18 18:17:04,625:INFO: Train Loss: 0.2486 Acc: 0.7844
2018-08-18 18:17:21,932:INFO: Val Acc: 0.7248
2018-08-18 18:17:21,932:INFO: Epoch 66/99
2018-08-18 18:17:21,933:INFO: ----------
2018-08-18 18:18:03,475:INFO: Train Loss: 0.2478 Acc: 0.7862
2018-08-18 18:18:23,821:INFO: Val Acc: 0.7195
2018-08-18 18:18:23,822:INFO: Epoch 67/99
2018-08-18 18:18:23,822:INFO: ----------
2018-08-18 18:19:07,827:INFO: Train Loss: 0.2490 Acc: 0.7840
2018-08-18 18:19:24,972:INFO: Val Acc: 0.7178
2018-08-18 18:19:24,973:INFO: Epoch 68/99
2018-08-18 18:19:24,973:INFO: ----------
2018-08-18 18:20:05,742:INFO: Train Loss: 0.2473 Acc: 0.7864
2018-08-18 18:20:25,466:INFO: Val Acc: 0.7213
2018-08-18 18:20:25,468:INFO: Epoch 69/99
2018-08-18 18:20:25,468:INFO: ----------
2018-08-18 18:21:06,214:INFO: Train Loss: 0.2476 Acc: 0.7853
2018-08-18 18:21:24,985:INFO: Val Acc: 0.7236
2018-08-18 18:21:24,985:INFO: Epoch 70/99
2018-08-18 18:21:24,986:INFO: ----------
2018-08-18 18:22:05,431:INFO: Train Loss: 0.2476 Acc: 0.7846
2018-08-18 18:22:24,855:INFO: Val Acc: 0.7265
2018-08-18 18:22:24,856:INFO: Epoch 71/99
2018-08-18 18:22:24,856:INFO: ----------
2018-08-18 18:23:07,518:INFO: Train Loss: 0.2476 Acc: 0.7872
2018-08-18 18:23:25,937:INFO: Val Acc: 0.7274
2018-08-18 18:23:25,937:INFO: Epoch 72/99
2018-08-18 18:23:25,937:INFO: ----------
2018-08-18 18:24:07,732:INFO: Train Loss: 0.2463 Acc: 0.7871
2018-08-18 18:24:31,464:INFO: Val Acc: 0.7265
2018-08-18 18:24:31,465:INFO: Epoch 73/99
2018-08-18 18:24:31,465:INFO: ----------
2018-08-18 18:25:15,706:INFO: Train Loss: 0.2461 Acc: 0.7876
2018-08-18 18:25:45,728:INFO: Val Acc: 0.7265
2018-08-18 18:25:45,729:INFO: Epoch 74/99
2018-08-18 18:25:45,729:INFO: ----------
2018-08-18 18:26:32,080:INFO: Train Loss: 0.2458 Acc: 0.7843
2018-08-18 18:26:55,161:INFO: Val Acc: 0.7254
2018-08-18 18:26:55,162:INFO: Epoch 75/99
2018-08-18 18:26:55,162:INFO: ----------
2018-08-18 18:27:41,711:INFO: Train Loss: 0.2456 Acc: 0.7902
2018-08-18 18:28:13,048:INFO: Val Acc: 0.7254
2018-08-18 18:28:13,049:INFO: Epoch 76/99
2018-08-18 18:28:13,049:INFO: ----------
2018-08-18 18:28:57,829:INFO: Train Loss: 0.2455 Acc: 0.7861
2018-08-18 18:29:32,916:INFO: Val Acc: 0.7265
2018-08-18 18:29:32,917:INFO: Epoch 77/99
2018-08-18 18:29:32,917:INFO: ----------
2018-08-18 18:30:21,985:INFO: Train Loss: 0.2456 Acc: 0.7874
2018-08-18 18:31:00,321:INFO: Val Acc: 0.7280
2018-08-18 18:31:00,322:INFO: Found new best accuracy
2018-08-18 18:31:00,324:INFO: Epoch 78/99
2018-08-18 18:31:00,324:INFO: ----------
2018-08-18 18:31:41,344:INFO: Train Loss: 0.2450 Acc: 0.7902
2018-08-18 18:32:00,036:INFO: Val Acc: 0.7280
2018-08-18 18:32:00,036:INFO: Epoch 79/99
2018-08-18 18:32:00,037:INFO: ----------
2018-08-18 18:32:40,942:INFO: Train Loss: 0.2450 Acc: 0.7877
2018-08-18 18:32:58,678:INFO: Val Acc: 0.7265
2018-08-18 18:32:58,678:INFO: Epoch 80/99
2018-08-18 18:32:58,678:INFO: ----------
2018-08-18 18:33:39,414:INFO: Train Loss: 0.2444 Acc: 0.7892
2018-08-18 18:34:08,997:INFO: Val Acc: 0.7289
2018-08-18 18:34:08,998:INFO: Found new best accuracy
2018-08-18 18:34:09,002:INFO: Epoch 81/99
2018-08-18 18:34:09,002:INFO: ----------
2018-08-18 18:34:58,585:INFO: Train Loss: 0.2444 Acc: 0.7857
2018-08-18 18:35:30,907:INFO: Val Acc: 0.7268
2018-08-18 18:35:30,907:INFO: Epoch 82/99
2018-08-18 18:35:30,908:INFO: ----------
2018-08-18 18:36:11,783:INFO: Train Loss: 0.2443 Acc: 0.7913
2018-08-18 18:36:43,103:INFO: Val Acc: 0.7268
2018-08-18 18:36:43,104:INFO: Epoch 83/99
2018-08-18 18:36:43,104:INFO: ----------
2018-08-18 18:37:33,388:INFO: Train Loss: 0.2447 Acc: 0.7891
2018-08-18 18:37:56,843:INFO: Val Acc: 0.7297
2018-08-18 18:37:56,843:INFO: Found new best accuracy
2018-08-18 18:37:56,846:INFO: Epoch 84/99
2018-08-18 18:37:56,846:INFO: ----------
2018-08-18 18:38:44,893:INFO: Train Loss: 0.2433 Acc: 0.7907
2018-08-18 18:39:09,194:INFO: Val Acc: 0.7277
2018-08-18 18:39:09,194:INFO: Epoch 85/99
2018-08-18 18:39:09,195:INFO: ----------
2018-08-18 18:39:55,878:INFO: Train Loss: 0.2427 Acc: 0.7893
2018-08-18 18:40:17,125:INFO: Val Acc: 0.7292
2018-08-18 18:40:17,126:INFO: Epoch 86/99
2018-08-18 18:40:17,126:INFO: ----------
2018-08-18 18:41:00,686:INFO: Train Loss: 0.2434 Acc: 0.7903
2018-08-18 18:41:27,859:INFO: Val Acc: 0.7312
2018-08-18 18:41:27,860:INFO: Found new best accuracy
2018-08-18 18:41:27,863:INFO: Epoch 87/99
2018-08-18 18:41:27,863:INFO: ----------
2018-08-18 18:42:09,155:INFO: Train Loss: 0.2420 Acc: 0.7900
2018-08-18 18:42:36,525:INFO: Val Acc: 0.7370
2018-08-18 18:42:36,526:INFO: Found new best accuracy
2018-08-18 18:42:36,530:INFO: Epoch 88/99
2018-08-18 18:42:36,530:INFO: ----------
2018-08-18 18:43:26,175:INFO: Train Loss: 0.2422 Acc: 0.7887
2018-08-18 18:43:58,280:INFO: Val Acc: 0.7277
2018-08-18 18:43:58,281:INFO: Epoch 89/99
2018-08-18 18:43:58,281:INFO: ----------
2018-08-18 18:44:54,906:INFO: Train Loss: 0.2428 Acc: 0.7910
2018-08-18 18:45:24,402:INFO: Val Acc: 0.7312
2018-08-18 18:45:24,403:INFO: Epoch 90/99
2018-08-18 18:45:24,403:INFO: ----------
2018-08-18 18:46:07,040:INFO: Train Loss: 0.2404 Acc: 0.7925
2018-08-18 18:46:25,484:INFO: Val Acc: 0.7300
2018-08-18 18:46:25,485:INFO: Epoch 91/99
2018-08-18 18:46:25,485:INFO: ----------
2018-08-18 18:47:07,124:INFO: Train Loss: 0.2396 Acc: 0.7936
2018-08-18 18:47:39,424:INFO: Val Acc: 0.7315
2018-08-18 18:47:39,425:INFO: Epoch 92/99
2018-08-18 18:47:39,425:INFO: ----------
2018-08-18 18:48:19,528:INFO: Train Loss: 0.2394 Acc: 0.7938
2018-08-18 18:48:44,950:INFO: Val Acc: 0.7332
2018-08-18 18:48:44,950:INFO: Epoch 93/99
2018-08-18 18:48:44,950:INFO: ----------
2018-08-18 18:49:24,888:INFO: Train Loss: 0.2400 Acc: 0.7939
2018-08-18 18:49:43,706:INFO: Val Acc: 0.7280
2018-08-18 18:49:43,707:INFO: Epoch 94/99
2018-08-18 18:49:43,707:INFO: ----------
2018-08-18 18:50:24,345:INFO: Train Loss: 0.2403 Acc: 0.7954
2018-08-18 18:50:43,902:INFO: Val Acc: 0.7297
2018-08-18 18:50:43,902:INFO: Epoch 95/99
2018-08-18 18:50:43,902:INFO: ----------
2018-08-18 18:51:30,120:INFO: Train Loss: 0.2400 Acc: 0.7955
2018-08-18 18:51:47,526:INFO: Val Acc: 0.7327
2018-08-18 18:51:47,527:INFO: Epoch 96/99
2018-08-18 18:51:47,528:INFO: ----------
2018-08-18 18:52:28,345:INFO: Train Loss: 0.2391 Acc: 0.7931
2018-08-18 18:52:47,393:INFO: Val Acc: 0.7332
2018-08-18 18:52:47,394:INFO: Epoch 97/99
2018-08-18 18:52:47,395:INFO: ----------
2018-08-18 18:53:28,333:INFO: Train Loss: 0.2397 Acc: 0.7931
2018-08-18 18:53:48,130:INFO: Val Acc: 0.7347
2018-08-18 18:53:48,130:INFO: Epoch 98/99
2018-08-18 18:53:48,131:INFO: ----------
2018-08-18 18:54:31,557:INFO: Train Loss: 0.2394 Acc: 0.7941
2018-08-18 18:54:48,701:INFO: Val Acc: 0.7312
2018-08-18 18:54:48,701:INFO: Epoch 99/99
2018-08-18 18:54:48,701:INFO: ----------
2018-08-18 18:55:29,358:INFO: Train Loss: 0.2391 Acc: 0.7955
2018-08-18 18:55:46,717:INFO: Val Acc: 0.7321
2018-08-18 18:55:46,718:INFO: Training complete in 114m 60s
2018-08-18 18:55:46,718:INFO: Best val Acc: 0.737026
2018-08-18 18:56:05,829:INFO: Test Acc: 0.7511
