2018-08-15 17:49:39,437:INFO: Loading the datasets...
2018-08-15 17:49:39,568:INFO: - done.
2018-08-15 17:50:08,470:INFO: Starting training for 30 epoch(s)
2018-08-15 17:50:08,480:INFO: Epoch 0/29
2018-08-15 17:50:08,480:INFO: ----------
2018-08-15 17:51:49,172:INFO: Train Loss: 1.9769 Acc: 0.3468
2018-08-15 17:52:39,156:INFO: Val Acc: 0.5717
2018-08-15 17:52:39,156:INFO: Found new best accuracy
2018-08-15 17:52:39,163:INFO: Epoch 1/29
2018-08-15 17:52:39,164:INFO: ----------
2018-08-15 17:54:23,511:INFO: Train Loss: 1.1645 Acc: 0.6832
2018-08-15 17:55:19,238:INFO: Val Acc: 0.7251
2018-08-15 17:55:19,238:INFO: Found new best accuracy
2018-08-15 17:55:19,245:INFO: Epoch 2/29
2018-08-15 17:55:19,245:INFO: ----------
2018-08-15 17:56:57,186:INFO: Train Loss: 0.7993 Acc: 0.7852
2018-08-15 17:57:53,785:INFO: Val Acc: 0.7767
2018-08-15 17:57:53,785:INFO: Found new best accuracy
2018-08-15 17:57:53,793:INFO: Epoch 3/29
2018-08-15 17:57:53,793:INFO: ----------
2018-08-15 17:59:23,347:INFO: Train Loss: 0.6199 Acc: 0.8268
2018-08-15 18:00:14,971:INFO: Val Acc: 0.7997
2018-08-15 18:00:14,971:INFO: Found new best accuracy
2018-08-15 18:00:14,998:INFO: Epoch 4/29
2018-08-15 18:00:14,998:INFO: ----------
2018-08-15 18:01:45,649:INFO: Train Loss: 0.5197 Acc: 0.8488
2018-08-15 18:02:42,361:INFO: Val Acc: 0.8137
2018-08-15 18:02:42,361:INFO: Found new best accuracy
2018-08-15 18:02:42,369:INFO: Epoch 5/29
2018-08-15 18:02:42,369:INFO: ----------
2018-08-15 18:04:27,144:INFO: Train Loss: 0.4506 Acc: 0.8709
2018-08-15 18:05:23,597:INFO: Val Acc: 0.8222
2018-08-15 18:05:23,597:INFO: Found new best accuracy
2018-08-15 18:05:23,603:INFO: Epoch 6/29
2018-08-15 18:05:23,603:INFO: ----------
2018-08-15 18:06:52,000:INFO: Train Loss: 0.3991 Acc: 0.8862
2018-08-15 18:07:34,344:INFO: Val Acc: 0.8329
2018-08-15 18:07:34,344:INFO: Found new best accuracy
2018-08-15 18:07:34,350:INFO: Epoch 7/29
2018-08-15 18:07:34,350:INFO: ----------
2018-08-15 18:09:23,098:INFO: Train Loss: 0.3526 Acc: 0.9016
2018-08-15 18:10:16,697:INFO: Val Acc: 0.8434
2018-08-15 18:10:16,697:INFO: Found new best accuracy
2018-08-15 18:10:16,704:INFO: Epoch 8/29
2018-08-15 18:10:16,704:INFO: ----------
2018-08-15 18:11:57,128:INFO: Train Loss: 0.3193 Acc: 0.9108
2018-08-15 18:12:57,674:INFO: Val Acc: 0.8481
2018-08-15 18:12:57,675:INFO: Found new best accuracy
2018-08-15 18:12:57,680:INFO: Epoch 9/29
2018-08-15 18:12:57,680:INFO: ----------
2018-08-15 18:14:27,117:INFO: Train Loss: 0.2885 Acc: 0.9210
2018-08-15 18:15:20,750:INFO: Val Acc: 0.8475
2018-08-15 18:15:20,750:INFO: Epoch 10/29
2018-08-15 18:15:20,750:INFO: ----------
2018-08-15 18:17:00,454:INFO: Train Loss: 0.2583 Acc: 0.9323
2018-08-15 18:17:48,958:INFO: Val Acc: 0.8536
2018-08-15 18:17:48,959:INFO: Found new best accuracy
2018-08-15 18:17:48,968:INFO: Epoch 11/29
2018-08-15 18:17:48,968:INFO: ----------
2018-08-15 18:19:31,165:INFO: Train Loss: 0.2336 Acc: 0.9394
2018-08-15 18:20:27,951:INFO: Val Acc: 0.8595
2018-08-15 18:20:27,952:INFO: Found new best accuracy
2018-08-15 18:20:27,962:INFO: Epoch 12/29
2018-08-15 18:20:27,963:INFO: ----------
2018-08-15 18:22:03,796:INFO: Train Loss: 0.2103 Acc: 0.9471
2018-08-15 18:22:55,499:INFO: Val Acc: 0.8592
2018-08-15 18:22:55,500:INFO: Epoch 13/29
2018-08-15 18:22:55,500:INFO: ----------
2018-08-15 18:24:41,377:INFO: Train Loss: 0.1888 Acc: 0.9546
2018-08-15 18:25:31,136:INFO: Val Acc: 0.8601
2018-08-15 18:25:31,137:INFO: Found new best accuracy
2018-08-15 18:25:31,142:INFO: Epoch 14/29
2018-08-15 18:25:31,142:INFO: ----------
2018-08-15 18:27:13,855:INFO: Train Loss: 0.1704 Acc: 0.9631
2018-08-15 18:28:16,328:INFO: Val Acc: 0.8612
2018-08-15 18:28:16,328:INFO: Found new best accuracy
2018-08-15 18:28:16,333:INFO: Epoch 15/29
2018-08-15 18:28:16,334:INFO: ----------
2018-08-15 18:30:00,616:INFO: Train Loss: 0.1526 Acc: 0.9683
2018-08-15 18:30:49,269:INFO: Val Acc: 0.8630
2018-08-15 18:30:49,269:INFO: Found new best accuracy
2018-08-15 18:30:49,280:INFO: Epoch 16/29
2018-08-15 18:30:49,280:INFO: ----------
2018-08-15 18:32:27,177:INFO: Train Loss: 0.1363 Acc: 0.9732
2018-08-15 18:33:15,628:INFO: Val Acc: 0.8624
2018-08-15 18:33:15,628:INFO: Epoch 17/29
2018-08-15 18:33:15,628:INFO: ----------
2018-08-15 18:35:02,724:INFO: Train Loss: 0.1237 Acc: 0.9781
2018-08-15 18:35:53,247:INFO: Val Acc: 0.8682
2018-08-15 18:35:53,248:INFO: Found new best accuracy
2018-08-15 18:35:53,256:INFO: Epoch 18/29
2018-08-15 18:35:53,256:INFO: ----------
2018-08-15 18:37:22,109:INFO: Train Loss: 0.1108 Acc: 0.9818
2018-08-15 18:38:21,267:INFO: Val Acc: 0.8685
2018-08-15 18:38:21,268:INFO: Found new best accuracy
2018-08-15 18:38:21,277:INFO: Epoch 19/29
2018-08-15 18:38:21,277:INFO: ----------
2018-08-15 18:40:06,249:INFO: Train Loss: 0.0995 Acc: 0.9857
2018-08-15 18:40:56,560:INFO: Val Acc: 0.8697
2018-08-15 18:40:56,560:INFO: Found new best accuracy
2018-08-15 18:40:56,568:INFO: Epoch 20/29
2018-08-15 18:40:56,568:INFO: ----------
2018-08-15 18:42:30,569:INFO: Train Loss: 0.0909 Acc: 0.9872
2018-08-15 18:43:33,050:INFO: Val Acc: 0.8706
2018-08-15 18:43:33,050:INFO: Found new best accuracy
2018-08-15 18:43:33,059:INFO: Epoch 21/29
2018-08-15 18:43:33,059:INFO: ----------
2018-08-15 18:45:18,841:INFO: Train Loss: 0.0815 Acc: 0.9894
2018-08-15 18:46:15,126:INFO: Val Acc: 0.8729
2018-08-15 18:46:15,126:INFO: Found new best accuracy
2018-08-15 18:46:15,135:INFO: Epoch 22/29
2018-08-15 18:46:15,135:INFO: ----------
2018-08-15 18:48:01,991:INFO: Train Loss: 0.0730 Acc: 0.9924
2018-08-15 18:48:56,101:INFO: Val Acc: 0.8723
2018-08-15 18:48:56,102:INFO: Epoch 23/29
2018-08-15 18:48:56,102:INFO: ----------
2018-08-15 18:50:29,773:INFO: Train Loss: 0.0660 Acc: 0.9938
2018-08-15 18:51:15,252:INFO: Val Acc: 0.8732
2018-08-15 18:51:15,253:INFO: Found new best accuracy
2018-08-15 18:51:15,261:INFO: Epoch 24/29
2018-08-15 18:51:15,261:INFO: ----------
2018-08-15 18:52:58,024:INFO: Train Loss: 0.0610 Acc: 0.9951
2018-08-15 18:53:45,652:INFO: Val Acc: 0.8723
2018-08-15 18:53:45,653:INFO: Epoch 25/29
2018-08-15 18:53:45,653:INFO: ----------
2018-08-15 18:55:27,132:INFO: Train Loss: 0.0549 Acc: 0.9964
2018-08-15 18:56:35,836:INFO: Val Acc: 0.8714
2018-08-15 18:56:35,837:INFO: Epoch 26/29
2018-08-15 18:56:35,837:INFO: ----------
2018-08-15 18:58:25,420:INFO: Train Loss: 0.0501 Acc: 0.9967
2018-08-15 18:59:11,608:INFO: Val Acc: 0.8723
2018-08-15 18:59:11,609:INFO: Epoch 27/29
2018-08-15 18:59:11,609:INFO: ----------
2018-08-15 19:00:57,510:INFO: Train Loss: 0.0463 Acc: 0.9975
2018-08-15 19:02:00,951:INFO: Val Acc: 0.8723
2018-08-15 19:02:00,952:INFO: Epoch 28/29
2018-08-15 19:02:00,952:INFO: ----------
2018-08-15 19:03:53,244:INFO: Train Loss: 0.0417 Acc: 0.9985
2018-08-15 19:04:49,523:INFO: Val Acc: 0.8729
2018-08-15 19:04:49,523:INFO: Epoch 29/29
2018-08-15 19:04:49,523:INFO: ----------
2018-08-15 19:06:34,746:INFO: Train Loss: 0.0388 Acc: 0.9989
2018-08-15 19:07:28,304:INFO: Val Acc: 0.8732
2018-08-15 19:07:28,305:INFO: Training complete in 77m 20s
2018-08-15 19:07:28,305:INFO: Best val Acc: 0.873178
2018-08-15 19:08:24,604:INFO: Test Acc: 0.9011
