2018-08-18 07:11:49,759:INFO: Loading the datasets...
2018-08-18 07:11:49,889:INFO: - done.
2018-08-18 07:11:58,741:INFO: Starting training for 100 epoch(s)
2018-08-18 07:11:58,743:INFO: Epoch 0/99
2018-08-18 07:11:58,743:INFO: ----------
2018-08-18 07:12:53,766:INFO: Train Loss: 1.1981 Acc: 0.2554
2018-08-18 07:13:14,252:INFO: Val Acc: 0.2362
2018-08-18 07:13:14,252:INFO: Found new best accuracy
2018-08-18 07:13:14,255:INFO: Epoch 1/99
2018-08-18 07:13:14,255:INFO: ----------
2018-08-18 07:14:05,775:INFO: Train Loss: 1.1011 Acc: 0.3273
2018-08-18 07:14:42,903:INFO: Val Acc: 0.2606
2018-08-18 07:14:42,905:INFO: Found new best accuracy
2018-08-18 07:14:42,909:INFO: Epoch 2/99
2018-08-18 07:14:42,909:INFO: ----------
2018-08-18 07:15:31,422:INFO: Train Loss: 1.0433 Acc: 0.3657
2018-08-18 07:16:06,719:INFO: Val Acc: 0.3379
2018-08-18 07:16:06,720:INFO: Found new best accuracy
2018-08-18 07:16:06,722:INFO: Epoch 3/99
2018-08-18 07:16:06,723:INFO: ----------
2018-08-18 07:17:01,157:INFO: Train Loss: 1.0083 Acc: 0.3863
2018-08-18 07:17:20,293:INFO: Val Acc: 0.3312
2018-08-18 07:17:20,294:INFO: Epoch 4/99
2018-08-18 07:17:20,294:INFO: ----------
2018-08-18 07:18:04,088:INFO: Train Loss: 0.9702 Acc: 0.4198
2018-08-18 07:18:25,185:INFO: Val Acc: 0.3262
2018-08-18 07:18:25,186:INFO: Epoch 5/99
2018-08-18 07:18:25,186:INFO: ----------
2018-08-18 07:19:24,468:INFO: Train Loss: 0.9603 Acc: 0.4161
2018-08-18 07:19:59,723:INFO: Val Acc: 0.3385
2018-08-18 07:19:59,724:INFO: Found new best accuracy
2018-08-18 07:19:59,728:INFO: Epoch 6/99
2018-08-18 07:19:59,728:INFO: ----------
2018-08-18 07:20:50,351:INFO: Train Loss: 0.9552 Acc: 0.4268
2018-08-18 07:21:20,719:INFO: Val Acc: 0.4175
2018-08-18 07:21:20,720:INFO: Found new best accuracy
2018-08-18 07:21:20,723:INFO: Epoch 7/99
2018-08-18 07:21:20,724:INFO: ----------
2018-08-18 07:22:07,823:INFO: Train Loss: 0.9288 Acc: 0.4358
2018-08-18 07:22:29,393:INFO: Val Acc: 0.3787
2018-08-18 07:22:29,395:INFO: Epoch 8/99
2018-08-18 07:22:29,395:INFO: ----------
2018-08-18 07:23:20,592:INFO: Train Loss: 0.8971 Acc: 0.4623
2018-08-18 07:23:49,268:INFO: Val Acc: 0.3394
2018-08-18 07:23:49,269:INFO: Epoch 9/99
2018-08-18 07:23:49,269:INFO: ----------
2018-08-18 07:24:31,418:INFO: Train Loss: 0.8914 Acc: 0.4666
2018-08-18 07:24:49,668:INFO: Val Acc: 0.2924
2018-08-18 07:24:49,671:INFO: Epoch 10/99
2018-08-18 07:24:49,672:INFO: ----------
2018-08-18 07:25:33,443:INFO: Train Loss: 0.8813 Acc: 0.4787
2018-08-18 07:25:55,531:INFO: Val Acc: 0.4055
2018-08-18 07:25:55,532:INFO: Epoch 11/99
2018-08-18 07:25:55,532:INFO: ----------
2018-08-18 07:26:41,433:INFO: Train Loss: 0.8470 Acc: 0.4975
2018-08-18 07:27:02,073:INFO: Val Acc: 0.4067
2018-08-18 07:27:02,074:INFO: Epoch 12/99
2018-08-18 07:27:02,074:INFO: ----------
2018-08-18 07:27:44,552:INFO: Train Loss: 0.8294 Acc: 0.5082
2018-08-18 07:28:05,792:INFO: Val Acc: 0.4052
2018-08-18 07:28:05,792:INFO: Epoch 13/99
2018-08-18 07:28:05,792:INFO: ----------
2018-08-18 07:28:54,120:INFO: Train Loss: 0.8086 Acc: 0.5236
2018-08-18 07:29:13,590:INFO: Val Acc: 0.3799
2018-08-18 07:29:13,591:INFO: Epoch 14/99
2018-08-18 07:29:13,591:INFO: ----------
2018-08-18 07:30:01,849:INFO: Train Loss: 0.7740 Acc: 0.5423
2018-08-18 07:30:32,561:INFO: Val Acc: 0.4557
2018-08-18 07:30:32,565:INFO: Found new best accuracy
2018-08-18 07:30:32,574:INFO: Epoch 15/99
2018-08-18 07:30:32,575:INFO: ----------
2018-08-18 07:31:19,984:INFO: Train Loss: 0.7591 Acc: 0.5492
2018-08-18 07:31:39,192:INFO: Val Acc: 0.3557
2018-08-18 07:31:39,193:INFO: Epoch 16/99
2018-08-18 07:31:39,194:INFO: ----------
2018-08-18 07:32:21,589:INFO: Train Loss: 0.7389 Acc: 0.5632
2018-08-18 07:32:41,045:INFO: Val Acc: 0.3478
2018-08-18 07:32:41,045:INFO: Epoch 17/99
2018-08-18 07:32:41,045:INFO: ----------
2018-08-18 07:33:24,866:INFO: Train Loss: 0.7159 Acc: 0.5796
2018-08-18 07:33:46,509:INFO: Val Acc: 0.4717
2018-08-18 07:33:46,510:INFO: Found new best accuracy
2018-08-18 07:33:46,514:INFO: Epoch 18/99
2018-08-18 07:33:46,514:INFO: ----------
2018-08-18 07:34:30,169:INFO: Train Loss: 0.6993 Acc: 0.5851
2018-08-18 07:34:50,852:INFO: Val Acc: 0.4566
2018-08-18 07:34:50,854:INFO: Epoch 19/99
2018-08-18 07:34:50,854:INFO: ----------
2018-08-18 07:35:46,626:INFO: Train Loss: 0.6857 Acc: 0.5943
2018-08-18 07:36:11,121:INFO: Val Acc: 0.3009
2018-08-18 07:36:11,122:INFO: Epoch 20/99
2018-08-18 07:36:11,122:INFO: ----------
2018-08-18 07:37:10,347:INFO: Train Loss: 0.6853 Acc: 0.5888
2018-08-18 07:37:37,873:INFO: Val Acc: 0.4513
2018-08-18 07:37:37,874:INFO: Epoch 21/99
2018-08-18 07:37:37,874:INFO: ----------
2018-08-18 07:38:22,200:INFO: Train Loss: 0.6595 Acc: 0.6132
2018-08-18 07:38:41,432:INFO: Val Acc: 0.3175
2018-08-18 07:38:41,433:INFO: Epoch 22/99
2018-08-18 07:38:41,434:INFO: ----------
2018-08-18 07:39:39,188:INFO: Train Loss: 0.6420 Acc: 0.6238
2018-08-18 07:40:00,187:INFO: Val Acc: 0.4131
2018-08-18 07:40:00,188:INFO: Epoch 23/99
2018-08-18 07:40:00,188:INFO: ----------
2018-08-18 07:40:48,632:INFO: Train Loss: 0.6272 Acc: 0.6329
2018-08-18 07:41:30,855:INFO: Val Acc: 0.3799
2018-08-18 07:41:30,856:INFO: Epoch 24/99
2018-08-18 07:41:30,856:INFO: ----------
2018-08-18 07:42:21,687:INFO: Train Loss: 0.6313 Acc: 0.6222
2018-08-18 07:42:53,819:INFO: Val Acc: 0.3985
2018-08-18 07:42:53,820:INFO: Epoch 25/99
2018-08-18 07:42:53,820:INFO: ----------
2018-08-18 07:43:46,638:INFO: Train Loss: 0.6268 Acc: 0.6258
2018-08-18 07:44:13,478:INFO: Val Acc: 0.3271
2018-08-18 07:44:13,479:INFO: Epoch 26/99
2018-08-18 07:44:13,479:INFO: ----------
2018-08-18 07:45:05,068:INFO: Train Loss: 0.6166 Acc: 0.6372
2018-08-18 07:45:30,184:INFO: Val Acc: 0.4300
2018-08-18 07:45:30,185:INFO: Epoch 27/99
2018-08-18 07:45:30,186:INFO: ----------
2018-08-18 07:46:31,954:INFO: Train Loss: 0.6006 Acc: 0.6454
2018-08-18 07:47:03,259:INFO: Val Acc: 0.3889
2018-08-18 07:47:03,259:INFO: Epoch 28/99
2018-08-18 07:47:03,260:INFO: ----------
2018-08-18 07:47:59,065:INFO: Train Loss: 0.5955 Acc: 0.6497
2018-08-18 07:48:19,980:INFO: Val Acc: 0.4105
2018-08-18 07:48:19,981:INFO: Epoch 29/99
2018-08-18 07:48:19,981:INFO: ----------
2018-08-18 07:49:06,314:INFO: Train Loss: 0.5994 Acc: 0.6501
2018-08-18 07:49:26,088:INFO: Val Acc: 0.4061
2018-08-18 07:49:26,089:INFO: Epoch 30/99
2018-08-18 07:49:26,089:INFO: ----------
2018-08-18 07:50:08,202:INFO: Train Loss: 0.5015 Acc: 0.7104
2018-08-18 07:50:37,345:INFO: Val Acc: 0.6799
2018-08-18 07:50:37,345:INFO: Found new best accuracy
2018-08-18 07:50:37,348:INFO: Epoch 31/99
2018-08-18 07:50:37,348:INFO: ----------
2018-08-18 07:51:24,097:INFO: Train Loss: 0.4773 Acc: 0.7251
2018-08-18 07:52:15,576:INFO: Val Acc: 0.6910
2018-08-18 07:52:15,577:INFO: Found new best accuracy
2018-08-18 07:52:15,582:INFO: Epoch 32/99
2018-08-18 07:52:15,582:INFO: ----------
2018-08-18 07:53:12,764:INFO: Train Loss: 0.4705 Acc: 0.7306
2018-08-18 07:53:50,151:INFO: Val Acc: 0.6904
2018-08-18 07:53:50,152:INFO: Epoch 33/99
2018-08-18 07:53:50,152:INFO: ----------
2018-08-18 07:54:40,112:INFO: Train Loss: 0.4605 Acc: 0.7362
2018-08-18 07:55:12,252:INFO: Val Acc: 0.6878
2018-08-18 07:55:12,253:INFO: Epoch 34/99
2018-08-18 07:55:12,253:INFO: ----------
2018-08-18 07:56:04,192:INFO: Train Loss: 0.4580 Acc: 0.7364
2018-08-18 07:56:48,867:INFO: Val Acc: 0.6889
2018-08-18 07:56:48,868:INFO: Epoch 35/99
2018-08-18 07:56:48,868:INFO: ----------
2018-08-18 07:57:35,173:INFO: Train Loss: 0.4497 Acc: 0.7417
2018-08-18 07:58:07,494:INFO: Val Acc: 0.7000
2018-08-18 07:58:07,495:INFO: Found new best accuracy
2018-08-18 07:58:07,498:INFO: Epoch 36/99
2018-08-18 07:58:07,498:INFO: ----------
2018-08-18 07:58:55,922:INFO: Train Loss: 0.4463 Acc: 0.7449
2018-08-18 07:59:15,086:INFO: Val Acc: 0.6994
2018-08-18 07:59:15,087:INFO: Epoch 37/99
2018-08-18 07:59:15,087:INFO: ----------
2018-08-18 08:00:08,509:INFO: Train Loss: 0.4434 Acc: 0.7462
2018-08-18 08:00:29,645:INFO: Val Acc: 0.7023
2018-08-18 08:00:29,646:INFO: Found new best accuracy
2018-08-18 08:00:29,651:INFO: Epoch 38/99
2018-08-18 08:00:29,651:INFO: ----------
2018-08-18 08:01:17,177:INFO: Train Loss: 0.4391 Acc: 0.7531
2018-08-18 08:01:50,501:INFO: Val Acc: 0.6892
2018-08-18 08:01:50,502:INFO: Epoch 39/99
2018-08-18 08:01:50,502:INFO: ----------
2018-08-18 08:02:35,783:INFO: Train Loss: 0.4354 Acc: 0.7484
2018-08-18 08:02:57,181:INFO: Val Acc: 0.7108
2018-08-18 08:02:57,182:INFO: Found new best accuracy
2018-08-18 08:02:57,186:INFO: Epoch 40/99
2018-08-18 08:02:57,186:INFO: ----------
2018-08-18 08:03:44,256:INFO: Train Loss: 0.4291 Acc: 0.7546
2018-08-18 08:04:02,325:INFO: Val Acc: 0.6808
2018-08-18 08:04:02,326:INFO: Epoch 41/99
2018-08-18 08:04:02,326:INFO: ----------
2018-08-18 08:04:50,478:INFO: Train Loss: 0.4288 Acc: 0.7544
2018-08-18 08:05:11,564:INFO: Val Acc: 0.7169
2018-08-18 08:05:11,564:INFO: Found new best accuracy
2018-08-18 08:05:11,568:INFO: Epoch 42/99
2018-08-18 08:05:11,568:INFO: ----------
2018-08-18 08:05:55,133:INFO: Train Loss: 0.4261 Acc: 0.7564
2018-08-18 08:06:14,200:INFO: Val Acc: 0.7038
2018-08-18 08:06:14,201:INFO: Epoch 43/99
2018-08-18 08:06:14,201:INFO: ----------
2018-08-18 08:06:56,142:INFO: Train Loss: 0.4210 Acc: 0.7604
2018-08-18 08:07:30,878:INFO: Val Acc: 0.6962
2018-08-18 08:07:30,879:INFO: Epoch 44/99
2018-08-18 08:07:30,879:INFO: ----------
2018-08-18 08:08:25,329:INFO: Train Loss: 0.4175 Acc: 0.7589
2018-08-18 08:08:46,076:INFO: Val Acc: 0.7070
2018-08-18 08:08:46,076:INFO: Epoch 45/99
2018-08-18 08:08:46,076:INFO: ----------
2018-08-18 08:09:31,094:INFO: Train Loss: 0.4125 Acc: 0.7648
2018-08-18 08:09:52,434:INFO: Val Acc: 0.7079
2018-08-18 08:09:52,435:INFO: Epoch 46/99
2018-08-18 08:09:52,435:INFO: ----------
2018-08-18 08:10:36,880:INFO: Train Loss: 0.4099 Acc: 0.7623
2018-08-18 08:10:57,741:INFO: Val Acc: 0.6936
2018-08-18 08:10:57,742:INFO: Epoch 47/99
2018-08-18 08:10:57,742:INFO: ----------
2018-08-18 08:11:40,583:INFO: Train Loss: 0.4068 Acc: 0.7682
2018-08-18 08:12:16,455:INFO: Val Acc: 0.6980
2018-08-18 08:12:16,455:INFO: Epoch 48/99
2018-08-18 08:12:16,456:INFO: ----------
2018-08-18 08:13:01,033:INFO: Train Loss: 0.4028 Acc: 0.7716
2018-08-18 08:13:24,875:INFO: Val Acc: 0.7166
2018-08-18 08:13:24,876:INFO: Epoch 49/99
2018-08-18 08:13:24,876:INFO: ----------
2018-08-18 08:14:13,489:INFO: Train Loss: 0.4040 Acc: 0.7700
2018-08-18 08:14:33,608:INFO: Val Acc: 0.7017
2018-08-18 08:14:33,608:INFO: Epoch 50/99
2018-08-18 08:14:33,608:INFO: ----------
2018-08-18 08:15:22,537:INFO: Train Loss: 0.3977 Acc: 0.7755
2018-08-18 08:15:42,865:INFO: Val Acc: 0.7000
2018-08-18 08:15:42,866:INFO: Epoch 51/99
2018-08-18 08:15:42,866:INFO: ----------
2018-08-18 08:16:25,630:INFO: Train Loss: 0.3938 Acc: 0.7753
2018-08-18 08:16:43,600:INFO: Val Acc: 0.6971
2018-08-18 08:16:43,601:INFO: Epoch 52/99
2018-08-18 08:16:43,601:INFO: ----------
2018-08-18 08:17:25,946:INFO: Train Loss: 0.3997 Acc: 0.7716
2018-08-18 08:17:45,618:INFO: Val Acc: 0.7079
2018-08-18 08:17:45,619:INFO: Epoch 53/99
2018-08-18 08:17:45,619:INFO: ----------
2018-08-18 08:18:29,891:INFO: Train Loss: 0.3915 Acc: 0.7761
2018-08-18 08:18:47,377:INFO: Val Acc: 0.6592
2018-08-18 08:18:47,378:INFO: Epoch 54/99
2018-08-18 08:18:47,378:INFO: ----------
2018-08-18 08:19:29,238:INFO: Train Loss: 0.3903 Acc: 0.7792
2018-08-18 08:19:46,712:INFO: Val Acc: 0.6956
2018-08-18 08:19:46,712:INFO: Epoch 55/99
2018-08-18 08:19:46,712:INFO: ----------
2018-08-18 08:20:27,026:INFO: Train Loss: 0.3850 Acc: 0.7784
2018-08-18 08:20:46,169:INFO: Val Acc: 0.6606
2018-08-18 08:20:46,171:INFO: Epoch 56/99
2018-08-18 08:20:46,171:INFO: ----------
2018-08-18 08:21:33,583:INFO: Train Loss: 0.3879 Acc: 0.7769
2018-08-18 08:22:00,326:INFO: Val Acc: 0.7181
2018-08-18 08:22:00,326:INFO: Found new best accuracy
2018-08-18 08:22:00,331:INFO: Epoch 57/99
2018-08-18 08:22:00,331:INFO: ----------
2018-08-18 08:22:50,460:INFO: Train Loss: 0.3836 Acc: 0.7811
2018-08-18 08:23:30,434:INFO: Val Acc: 0.6490
2018-08-18 08:23:30,435:INFO: Epoch 58/99
2018-08-18 08:23:30,457:INFO: ----------
2018-08-18 08:24:15,170:INFO: Train Loss: 0.3762 Acc: 0.7822
2018-08-18 08:24:57,079:INFO: Val Acc: 0.6848
2018-08-18 08:24:57,080:INFO: Epoch 59/99
2018-08-18 08:24:57,080:INFO: ----------
2018-08-18 08:25:46,800:INFO: Train Loss: 0.3740 Acc: 0.7862
2018-08-18 08:26:09,321:INFO: Val Acc: 0.7134
2018-08-18 08:26:09,322:INFO: Epoch 60/99
2018-08-18 08:26:09,323:INFO: ----------
2018-08-18 08:27:07,233:INFO: Train Loss: 0.3533 Acc: 0.8004
2018-08-18 08:27:40,303:INFO: Val Acc: 0.7426
2018-08-18 08:27:40,304:INFO: Found new best accuracy
2018-08-18 08:27:40,308:INFO: Epoch 61/99
2018-08-18 08:27:40,308:INFO: ----------
2018-08-18 08:28:22,843:INFO: Train Loss: 0.3476 Acc: 0.8064
2018-08-18 08:28:49,457:INFO: Val Acc: 0.7402
2018-08-18 08:28:49,457:INFO: Epoch 62/99
2018-08-18 08:28:49,457:INFO: ----------
2018-08-18 08:29:35,889:INFO: Train Loss: 0.3476 Acc: 0.8054
2018-08-18 08:29:59,335:INFO: Val Acc: 0.7356
2018-08-18 08:29:59,336:INFO: Epoch 63/99
2018-08-18 08:29:59,336:INFO: ----------
2018-08-18 08:30:41,130:INFO: Train Loss: 0.3443 Acc: 0.8101
2018-08-18 08:31:01,789:INFO: Val Acc: 0.7353
2018-08-18 08:31:01,789:INFO: Epoch 64/99
2018-08-18 08:31:01,790:INFO: ----------
2018-08-18 08:31:43,914:INFO: Train Loss: 0.3443 Acc: 0.8080
2018-08-18 08:32:03,882:INFO: Val Acc: 0.7402
2018-08-18 08:32:03,882:INFO: Epoch 65/99
2018-08-18 08:32:03,883:INFO: ----------
2018-08-18 08:32:47,207:INFO: Train Loss: 0.3428 Acc: 0.8096
2018-08-18 08:33:11,023:INFO: Val Acc: 0.7370
2018-08-18 08:33:11,023:INFO: Epoch 66/99
2018-08-18 08:33:11,024:INFO: ----------
2018-08-18 08:33:55,394:INFO: Train Loss: 0.3413 Acc: 0.8093
2018-08-18 08:34:38,988:INFO: Val Acc: 0.7344
2018-08-18 08:34:38,989:INFO: Epoch 67/99
2018-08-18 08:34:38,990:INFO: ----------
2018-08-18 08:35:29,882:INFO: Train Loss: 0.3419 Acc: 0.8102
2018-08-18 08:35:54,970:INFO: Val Acc: 0.7431
2018-08-18 08:35:54,970:INFO: Found new best accuracy
2018-08-18 08:35:54,974:INFO: Epoch 68/99
2018-08-18 08:35:54,974:INFO: ----------
2018-08-18 08:36:47,751:INFO: Train Loss: 0.3398 Acc: 0.8105
2018-08-18 08:37:28,508:INFO: Val Acc: 0.7362
2018-08-18 08:37:28,508:INFO: Epoch 69/99
2018-08-18 08:37:28,508:INFO: ----------
2018-08-18 08:38:19,295:INFO: Train Loss: 0.3397 Acc: 0.8133
2018-08-18 08:38:47,838:INFO: Val Acc: 0.7391
2018-08-18 08:38:47,839:INFO: Epoch 70/99
2018-08-18 08:38:47,839:INFO: ----------
2018-08-18 08:39:43,234:INFO: Train Loss: 0.3405 Acc: 0.8100
2018-08-18 08:40:17,234:INFO: Val Acc: 0.7399
2018-08-18 08:40:17,236:INFO: Epoch 71/99
2018-08-18 08:40:17,236:INFO: ----------
2018-08-18 08:41:10,679:INFO: Train Loss: 0.3408 Acc: 0.8125
2018-08-18 08:41:38,568:INFO: Val Acc: 0.7417
2018-08-18 08:41:38,568:INFO: Epoch 72/99
2018-08-18 08:41:38,569:INFO: ----------
2018-08-18 08:42:21,630:INFO: Train Loss: 0.3386 Acc: 0.8112
2018-08-18 08:42:55,689:INFO: Val Acc: 0.7426
2018-08-18 08:42:55,689:INFO: Epoch 73/99
2018-08-18 08:42:55,689:INFO: ----------
2018-08-18 08:43:47,697:INFO: Train Loss: 0.3382 Acc: 0.8140
2018-08-18 08:44:20,968:INFO: Val Acc: 0.7405
2018-08-18 08:44:20,968:INFO: Epoch 74/99
2018-08-18 08:44:20,969:INFO: ----------
2018-08-18 08:45:03,930:INFO: Train Loss: 0.3382 Acc: 0.8130
2018-08-18 08:45:23,826:INFO: Val Acc: 0.7461
2018-08-18 08:45:23,826:INFO: Found new best accuracy
2018-08-18 08:45:23,831:INFO: Epoch 75/99
2018-08-18 08:45:23,831:INFO: ----------
2018-08-18 08:46:19,069:INFO: Train Loss: 0.3367 Acc: 0.8166
2018-08-18 08:46:57,814:INFO: Val Acc: 0.7431
2018-08-18 08:46:57,815:INFO: Epoch 76/99
2018-08-18 08:46:57,815:INFO: ----------
2018-08-18 08:47:40,119:INFO: Train Loss: 0.3374 Acc: 0.8152
2018-08-18 08:47:59,929:INFO: Val Acc: 0.7420
2018-08-18 08:47:59,929:INFO: Epoch 77/99
2018-08-18 08:47:59,929:INFO: ----------
2018-08-18 08:48:40,410:INFO: Train Loss: 0.3378 Acc: 0.8141
2018-08-18 08:49:00,831:INFO: Val Acc: 0.7411
2018-08-18 08:49:00,831:INFO: Epoch 78/99
2018-08-18 08:49:00,832:INFO: ----------
2018-08-18 08:49:45,807:INFO: Train Loss: 0.3365 Acc: 0.8174
2018-08-18 08:50:06,065:INFO: Val Acc: 0.7423
2018-08-18 08:50:06,066:INFO: Epoch 79/99
2018-08-18 08:50:06,066:INFO: ----------
2018-08-18 08:50:48,420:INFO: Train Loss: 0.3359 Acc: 0.8146
2018-08-18 08:51:08,143:INFO: Val Acc: 0.7411
2018-08-18 08:51:08,144:INFO: Epoch 80/99
2018-08-18 08:51:08,144:INFO: ----------
2018-08-18 08:51:50,648:INFO: Train Loss: 0.3357 Acc: 0.8148
2018-08-18 08:52:09,289:INFO: Val Acc: 0.7391
2018-08-18 08:52:09,290:INFO: Epoch 81/99
2018-08-18 08:52:09,290:INFO: ----------
2018-08-18 08:53:02,285:INFO: Train Loss: 0.3345 Acc: 0.8161
2018-08-18 08:53:42,656:INFO: Val Acc: 0.7379
2018-08-18 08:53:42,657:INFO: Epoch 82/99
2018-08-18 08:53:42,657:INFO: ----------
2018-08-18 08:54:33,379:INFO: Train Loss: 0.3352 Acc: 0.8152
2018-08-18 08:55:09,064:INFO: Val Acc: 0.7402
2018-08-18 08:55:09,064:INFO: Epoch 83/99
2018-08-18 08:55:09,064:INFO: ----------
2018-08-18 08:55:51,810:INFO: Train Loss: 0.3364 Acc: 0.8194
2018-08-18 08:56:20,972:INFO: Val Acc: 0.7423
2018-08-18 08:56:20,973:INFO: Epoch 84/99
2018-08-18 08:56:20,973:INFO: ----------
2018-08-18 08:57:13,762:INFO: Train Loss: 0.3330 Acc: 0.8178
2018-08-18 08:57:39,030:INFO: Val Acc: 0.7434
2018-08-18 08:57:39,030:INFO: Epoch 85/99
2018-08-18 08:57:39,030:INFO: ----------
2018-08-18 08:58:19,984:INFO: Train Loss: 0.3331 Acc: 0.8137
2018-08-18 08:58:38,983:INFO: Val Acc: 0.7417
2018-08-18 08:58:38,984:INFO: Epoch 86/99
2018-08-18 08:58:38,984:INFO: ----------
2018-08-18 08:59:18,653:INFO: Train Loss: 0.3323 Acc: 0.8176
2018-08-18 08:59:37,449:INFO: Val Acc: 0.7452
2018-08-18 08:59:37,449:INFO: Epoch 87/99
2018-08-18 08:59:37,449:INFO: ----------
2018-08-18 09:00:20,003:INFO: Train Loss: 0.3315 Acc: 0.8178
2018-08-18 09:00:40,110:INFO: Val Acc: 0.7461
2018-08-18 09:00:40,110:INFO: Epoch 88/99
2018-08-18 09:00:40,110:INFO: ----------
2018-08-18 09:01:24,495:INFO: Train Loss: 0.3326 Acc: 0.8176
2018-08-18 09:01:48,284:INFO: Val Acc: 0.7478
2018-08-18 09:01:48,284:INFO: Found new best accuracy
2018-08-18 09:01:48,287:INFO: Epoch 89/99
2018-08-18 09:01:48,287:INFO: ----------
2018-08-18 09:02:36,765:INFO: Train Loss: 0.3318 Acc: 0.8197
2018-08-18 09:03:11,427:INFO: Val Acc: 0.7391
2018-08-18 09:03:11,428:INFO: Epoch 90/99
2018-08-18 09:03:11,428:INFO: ----------
2018-08-18 09:03:59,787:INFO: Train Loss: 0.3295 Acc: 0.8181
2018-08-18 09:04:25,711:INFO: Val Acc: 0.7455
2018-08-18 09:04:25,712:INFO: Epoch 91/99
2018-08-18 09:04:25,712:INFO: ----------
2018-08-18 09:05:10,794:INFO: Train Loss: 0.3267 Acc: 0.8209
2018-08-18 09:05:29,741:INFO: Val Acc: 0.7431
2018-08-18 09:05:29,742:INFO: Epoch 92/99
2018-08-18 09:05:29,742:INFO: ----------
2018-08-18 09:06:14,198:INFO: Train Loss: 0.3264 Acc: 0.8222
2018-08-18 09:06:33,097:INFO: Val Acc: 0.7440
2018-08-18 09:06:33,098:INFO: Epoch 93/99
2018-08-18 09:06:33,098:INFO: ----------
2018-08-18 09:07:13,547:INFO: Train Loss: 0.3276 Acc: 0.8204
2018-08-18 09:07:32,006:INFO: Val Acc: 0.7452
2018-08-18 09:07:32,006:INFO: Epoch 94/99
2018-08-18 09:07:32,007:INFO: ----------
2018-08-18 09:08:12,290:INFO: Train Loss: 0.3289 Acc: 0.8189
2018-08-18 09:08:28,612:INFO: Val Acc: 0.7405
2018-08-18 09:08:28,612:INFO: Epoch 95/99
2018-08-18 09:08:28,612:INFO: ----------
2018-08-18 09:09:08,836:INFO: Train Loss: 0.3281 Acc: 0.8219
2018-08-18 09:09:39,189:INFO: Val Acc: 0.7487
2018-08-18 09:09:39,190:INFO: Found new best accuracy
2018-08-18 09:09:39,194:INFO: Epoch 96/99
2018-08-18 09:09:39,194:INFO: ----------
2018-08-18 09:10:22,514:INFO: Train Loss: 0.3265 Acc: 0.8227
2018-08-18 09:10:57,186:INFO: Val Acc: 0.7466
2018-08-18 09:10:57,187:INFO: Epoch 97/99
2018-08-18 09:10:57,187:INFO: ----------
2018-08-18 09:11:39,883:INFO: Train Loss: 0.3269 Acc: 0.8198
2018-08-18 09:12:14,315:INFO: Val Acc: 0.7475
2018-08-18 09:12:14,320:INFO: Epoch 98/99
2018-08-18 09:12:14,320:INFO: ----------
2018-08-18 09:12:59,050:INFO: Train Loss: 0.3273 Acc: 0.8214
2018-08-18 09:13:17,217:INFO: Val Acc: 0.7458
2018-08-18 09:13:17,218:INFO: Epoch 99/99
2018-08-18 09:13:17,218:INFO: ----------
2018-08-18 09:14:00,636:INFO: Train Loss: 0.3268 Acc: 0.8222
2018-08-18 09:14:27,248:INFO: Val Acc: 0.7484
2018-08-18 09:14:27,249:INFO: Training complete in 122m 29s
2018-08-18 09:14:27,249:INFO: Best val Acc: 0.748688
2018-08-18 09:14:49,471:INFO: Test Acc: 0.7664
