2018-08-17 17:17:08,322:INFO: Loading the datasets...
2018-08-17 17:17:08,398:INFO: - done.
2018-08-17 17:18:53,150:INFO: Loading the datasets...
2018-08-17 17:18:53,225:INFO: - done.
2018-08-17 17:19:05,024:INFO: Starting training for 100 epoch(s)
2018-08-17 17:19:05,032:INFO: Epoch 0/99
2018-08-17 17:19:05,032:INFO: ----------
2018-08-17 17:19:38,381:INFO: Loading the datasets...
2018-08-17 17:19:38,475:INFO: - done.
2018-08-17 17:20:36,522:INFO: Loading the datasets...
2018-08-17 17:20:36,598:INFO: - done.
2018-08-17 17:20:49,542:INFO: Starting training for 100 epoch(s)
2018-08-17 17:20:49,550:INFO: Epoch 0/99
2018-08-17 17:20:49,550:INFO: ----------
2018-08-17 17:22:30,323:INFO: Loading the datasets...
2018-08-17 17:22:30,409:INFO: - done.
2018-08-17 17:22:46,467:INFO: Starting training for 100 epoch(s)
2018-08-17 17:22:46,474:INFO: Epoch 0/99
2018-08-17 17:22:46,474:INFO: ----------
2018-08-17 17:47:15,744:INFO: Loading the datasets...
2018-08-17 17:47:15,873:INFO: - done.
2018-08-17 17:47:39,609:INFO: Starting training for 100 epoch(s)
2018-08-17 17:47:39,615:INFO: Epoch 0/99
2018-08-17 17:47:39,615:INFO: ----------
2018-08-17 17:49:10,983:INFO: Loading the datasets...
2018-08-17 17:49:11,115:INFO: - done.
2018-08-17 17:49:30,174:INFO: Starting training for 100 epoch(s)
2018-08-17 17:49:30,180:INFO: Epoch 0/99
2018-08-17 17:49:30,180:INFO: ----------
2018-08-17 18:19:40,606:INFO: Loading the datasets...
2018-08-17 18:19:40,727:INFO: - done.
2018-08-17 18:24:23,718:INFO: Loading the datasets...
2018-08-17 18:24:23,812:INFO: - done.
2018-08-17 18:24:34,296:INFO: Starting training for 100 epoch(s)
2018-08-17 18:24:34,302:INFO: Epoch 0/99
2018-08-17 18:24:34,302:INFO: ----------
2018-08-18 03:48:01,970:INFO: Loading the datasets...
2018-08-18 03:48:02,063:INFO: - done.
2018-08-18 03:48:17,838:INFO: Starting training for 100 epoch(s)
2018-08-18 03:48:17,845:INFO: Epoch 0/99
2018-08-18 03:48:17,845:INFO: ----------
2018-08-18 03:49:20,307:INFO: Train Loss: 2.0600 Acc: 0.2659
2018-08-18 03:50:06,040:INFO: Val Acc: 0.3131
2018-08-18 03:50:06,042:INFO: Found new best accuracy
2018-08-18 03:50:06,053:INFO: Epoch 1/99
2018-08-18 03:50:06,053:INFO: ----------
2018-08-18 03:51:09,183:INFO: Train Loss: 1.8375 Acc: 0.3583
2018-08-18 03:51:51,079:INFO: Val Acc: 0.3408
2018-08-18 03:51:51,080:INFO: Found new best accuracy
2018-08-18 03:51:51,086:INFO: Epoch 2/99
2018-08-18 03:51:51,086:INFO: ----------
2018-08-18 03:52:55,276:INFO: Train Loss: 1.7468 Acc: 0.3856
2018-08-18 03:53:36,970:INFO: Val Acc: 0.3434
2018-08-18 03:53:36,971:INFO: Found new best accuracy
2018-08-18 03:53:36,977:INFO: Epoch 3/99
2018-08-18 03:53:36,977:INFO: ----------
2018-08-18 03:54:43,445:INFO: Train Loss: 1.6793 Acc: 0.4103
2018-08-18 03:55:28,194:INFO: Val Acc: 0.4294
2018-08-18 03:55:28,194:INFO: Found new best accuracy
2018-08-18 03:55:28,201:INFO: Epoch 4/99
2018-08-18 03:55:28,201:INFO: ----------
2018-08-18 03:56:30,760:INFO: Train Loss: 1.6284 Acc: 0.4310
2018-08-18 03:57:17,367:INFO: Val Acc: 0.4111
2018-08-18 03:57:17,368:INFO: Epoch 5/99
2018-08-18 03:57:17,368:INFO: ----------
2018-08-18 03:58:21,851:INFO: Train Loss: 1.5730 Acc: 0.4543
2018-08-18 03:59:09,890:INFO: Val Acc: 0.3542
2018-08-18 03:59:09,891:INFO: Epoch 6/99
2018-08-18 03:59:09,892:INFO: ----------
2018-08-18 04:00:23,821:INFO: Train Loss: 1.5278 Acc: 0.4741
2018-08-18 04:01:10,560:INFO: Val Acc: 0.3519
2018-08-18 04:01:10,561:INFO: Epoch 7/99
2018-08-18 04:01:10,561:INFO: ----------
2018-08-18 04:02:20,397:INFO: Train Loss: 1.4950 Acc: 0.4881
2018-08-18 04:02:56,538:INFO: Val Acc: 0.3499
2018-08-18 04:02:56,538:INFO: Epoch 8/99
2018-08-18 04:02:56,539:INFO: ----------
2018-08-18 04:03:59,036:INFO: Train Loss: 1.4236 Acc: 0.5163
2018-08-18 04:04:45,247:INFO: Val Acc: 0.3461
2018-08-18 04:04:45,248:INFO: Epoch 9/99
2018-08-18 04:04:45,248:INFO: ----------
2018-08-18 04:05:51,048:INFO: Train Loss: 1.3874 Acc: 0.5283
2018-08-18 04:06:30,779:INFO: Val Acc: 0.4385
2018-08-18 04:06:30,779:INFO: Found new best accuracy
2018-08-18 04:06:30,790:INFO: Epoch 10/99
2018-08-18 04:06:30,791:INFO: ----------
2018-08-18 04:07:30,962:INFO: Train Loss: 1.3219 Acc: 0.5484
2018-08-18 04:08:13,063:INFO: Val Acc: 0.4799
2018-08-18 04:08:13,064:INFO: Found new best accuracy
2018-08-18 04:08:13,070:INFO: Epoch 11/99
2018-08-18 04:08:13,070:INFO: ----------
2018-08-18 04:09:20,800:INFO: Train Loss: 1.2720 Acc: 0.5700
2018-08-18 04:10:12,562:INFO: Val Acc: 0.4236
2018-08-18 04:10:12,563:INFO: Epoch 12/99
2018-08-18 04:10:12,563:INFO: ----------
2018-08-18 04:11:18,961:INFO: Train Loss: 1.2369 Acc: 0.5804
2018-08-18 04:12:01,313:INFO: Val Acc: 0.4327
2018-08-18 04:12:01,313:INFO: Epoch 13/99
2018-08-18 04:12:01,313:INFO: ----------
2018-08-18 04:13:12,101:INFO: Train Loss: 1.1930 Acc: 0.5969
2018-08-18 04:14:04,481:INFO: Val Acc: 0.2493
2018-08-18 04:14:04,482:INFO: Epoch 14/99
2018-08-18 04:14:04,482:INFO: ----------
2018-08-18 04:15:13,125:INFO: Train Loss: 1.1767 Acc: 0.6006
2018-08-18 04:15:54,065:INFO: Val Acc: 0.5531
2018-08-18 04:15:54,066:INFO: Found new best accuracy
2018-08-18 04:15:54,076:INFO: Epoch 15/99
2018-08-18 04:15:54,076:INFO: ----------
2018-08-18 04:17:02,806:INFO: Train Loss: 1.1287 Acc: 0.6140
2018-08-18 04:17:54,312:INFO: Val Acc: 0.4729
2018-08-18 04:17:54,312:INFO: Epoch 16/99
2018-08-18 04:17:54,313:INFO: ----------
2018-08-18 04:19:03,611:INFO: Train Loss: 1.1077 Acc: 0.6260
2018-08-18 04:19:38,878:INFO: Val Acc: 0.3915
2018-08-18 04:19:38,881:INFO: Epoch 17/99
2018-08-18 04:19:38,881:INFO: ----------
2018-08-18 04:20:40,867:INFO: Train Loss: 1.0986 Acc: 0.6259
2018-08-18 04:21:17,310:INFO: Val Acc: 0.4239
2018-08-18 04:21:17,310:INFO: Epoch 18/99
2018-08-18 04:21:17,310:INFO: ----------
2018-08-18 04:22:21,372:INFO: Train Loss: 1.0383 Acc: 0.6459
2018-08-18 04:22:57,687:INFO: Val Acc: 0.4971
2018-08-18 04:22:57,687:INFO: Epoch 19/99
2018-08-18 04:22:57,688:INFO: ----------
2018-08-18 04:24:07,548:INFO: Train Loss: 1.0051 Acc: 0.6654
2018-08-18 04:24:46,871:INFO: Val Acc: 0.5717
2018-08-18 04:24:46,872:INFO: Found new best accuracy
2018-08-18 04:24:46,881:INFO: Epoch 20/99
2018-08-18 04:24:46,881:INFO: ----------
2018-08-18 04:25:51,815:INFO: Train Loss: 0.9893 Acc: 0.6653
2018-08-18 04:26:26,915:INFO: Val Acc: 0.5190
2018-08-18 04:26:26,916:INFO: Epoch 21/99
2018-08-18 04:26:26,916:INFO: ----------
2018-08-18 04:27:28,327:INFO: Train Loss: 0.9869 Acc: 0.6668
2018-08-18 04:28:10,071:INFO: Val Acc: 0.3988
2018-08-18 04:28:10,072:INFO: Epoch 22/99
2018-08-18 04:28:10,072:INFO: ----------
2018-08-18 04:29:15,558:INFO: Train Loss: 0.9528 Acc: 0.6806
2018-08-18 04:30:09,077:INFO: Val Acc: 0.4397
2018-08-18 04:30:09,078:INFO: Epoch 23/99
2018-08-18 04:30:09,078:INFO: ----------
2018-08-18 04:31:13,980:INFO: Train Loss: 0.9514 Acc: 0.6826
2018-08-18 04:32:00,817:INFO: Val Acc: 0.5665
2018-08-18 04:32:00,818:INFO: Epoch 24/99
2018-08-18 04:32:00,818:INFO: ----------
2018-08-18 04:33:05,294:INFO: Train Loss: 0.9228 Acc: 0.6855
2018-08-18 04:33:49,334:INFO: Val Acc: 0.5589
2018-08-18 04:33:49,335:INFO: Epoch 25/99
2018-08-18 04:33:49,335:INFO: ----------
2018-08-18 04:34:56,859:INFO: Train Loss: 0.9121 Acc: 0.6916
2018-08-18 04:35:37,963:INFO: Val Acc: 0.5055
2018-08-18 04:35:37,964:INFO: Epoch 26/99
2018-08-18 04:35:37,964:INFO: ----------
2018-08-18 04:36:45,358:INFO: Train Loss: 0.8989 Acc: 0.6952
2018-08-18 04:37:20,624:INFO: Val Acc: 0.2385
2018-08-18 04:37:20,625:INFO: Epoch 27/99
2018-08-18 04:37:20,625:INFO: ----------
2018-08-18 04:38:32,035:INFO: Train Loss: 0.8746 Acc: 0.7117
2018-08-18 04:39:14,465:INFO: Val Acc: 0.5988
2018-08-18 04:39:14,467:INFO: Found new best accuracy
2018-08-18 04:39:14,481:INFO: Epoch 28/99
2018-08-18 04:39:14,481:INFO: ----------
2018-08-18 04:40:18,544:INFO: Train Loss: 0.8612 Acc: 0.7091
2018-08-18 04:40:58,438:INFO: Val Acc: 0.5405
2018-08-18 04:40:58,439:INFO: Epoch 29/99
2018-08-18 04:40:58,439:INFO: ----------
2018-08-18 04:42:04,557:INFO: Train Loss: 0.8580 Acc: 0.7142
2018-08-18 04:42:46,549:INFO: Val Acc: 0.5379
2018-08-18 04:42:46,549:INFO: Epoch 30/99
2018-08-18 04:42:46,549:INFO: ----------
2018-08-18 04:43:56,957:INFO: Train Loss: 0.6187 Acc: 0.8028
2018-08-18 04:44:42,072:INFO: Val Acc: 0.7490
2018-08-18 04:44:42,073:INFO: Found new best accuracy
2018-08-18 04:44:42,083:INFO: Epoch 31/99
2018-08-18 04:44:42,083:INFO: ----------
2018-08-18 04:45:50,784:INFO: Train Loss: 0.5328 Acc: 0.8278
2018-08-18 04:46:45,003:INFO: Val Acc: 0.7592
2018-08-18 04:46:45,003:INFO: Found new best accuracy
2018-08-18 04:46:45,012:INFO: Epoch 32/99
2018-08-18 04:46:45,013:INFO: ----------
2018-08-18 04:47:43,363:INFO: Train Loss: 0.4942 Acc: 0.8438
2018-08-18 04:48:24,991:INFO: Val Acc: 0.7499
2018-08-18 04:48:24,993:INFO: Epoch 33/99
2018-08-18 04:48:24,993:INFO: ----------
2018-08-18 04:49:30,702:INFO: Train Loss: 0.4701 Acc: 0.8487
2018-08-18 04:50:05,394:INFO: Val Acc: 0.7566
2018-08-18 04:50:05,395:INFO: Epoch 34/99
2018-08-18 04:50:05,395:INFO: ----------
2018-08-18 04:51:11,870:INFO: Train Loss: 0.4464 Acc: 0.8593
2018-08-18 04:51:47,197:INFO: Val Acc: 0.7603
2018-08-18 04:51:47,198:INFO: Found new best accuracy
2018-08-18 04:51:47,204:INFO: Epoch 35/99
2018-08-18 04:51:47,205:INFO: ----------
2018-08-18 04:52:44,832:INFO: Train Loss: 0.4162 Acc: 0.8690
2018-08-18 04:53:20,663:INFO: Val Acc: 0.7347
2018-08-18 04:53:20,663:INFO: Epoch 36/99
2018-08-18 04:53:20,664:INFO: ----------
2018-08-18 04:54:21,195:INFO: Train Loss: 0.3990 Acc: 0.8711
2018-08-18 04:55:03,832:INFO: Val Acc: 0.7490
2018-08-18 04:55:03,833:INFO: Epoch 37/99
2018-08-18 04:55:03,834:INFO: ----------
2018-08-18 04:56:07,136:INFO: Train Loss: 0.3873 Acc: 0.8758
2018-08-18 04:56:39,211:INFO: Val Acc: 0.7475
2018-08-18 04:56:39,212:INFO: Epoch 38/99
2018-08-18 04:56:39,213:INFO: ----------
2018-08-18 04:57:44,761:INFO: Train Loss: 0.3530 Acc: 0.8912
2018-08-18 04:58:22,024:INFO: Val Acc: 0.7446
2018-08-18 04:58:22,025:INFO: Epoch 39/99
2018-08-18 04:58:22,025:INFO: ----------
2018-08-18 04:59:27,243:INFO: Train Loss: 0.3252 Acc: 0.9005
2018-08-18 05:00:15,422:INFO: Val Acc: 0.7434
2018-08-18 05:00:15,422:INFO: Epoch 40/99
2018-08-18 05:00:15,422:INFO: ----------
2018-08-18 05:01:14,127:INFO: Train Loss: 0.3042 Acc: 0.9078
2018-08-18 05:01:47,871:INFO: Val Acc: 0.7230
2018-08-18 05:01:47,872:INFO: Epoch 41/99
2018-08-18 05:01:47,872:INFO: ----------
2018-08-18 05:02:46,416:INFO: Train Loss: 0.2833 Acc: 0.9157
2018-08-18 05:03:21,265:INFO: Val Acc: 0.7236
2018-08-18 05:03:21,266:INFO: Epoch 42/99
2018-08-18 05:03:21,266:INFO: ----------
2018-08-18 05:04:22,709:INFO: Train Loss: 0.2500 Acc: 0.9304
2018-08-18 05:04:59,778:INFO: Val Acc: 0.7137
2018-08-18 05:04:59,780:INFO: Epoch 43/99
2018-08-18 05:04:59,780:INFO: ----------
2018-08-18 05:05:57,966:INFO: Train Loss: 0.2398 Acc: 0.9323
2018-08-18 05:06:33,397:INFO: Val Acc: 0.6953
2018-08-18 05:06:33,397:INFO: Epoch 44/99
2018-08-18 05:06:33,398:INFO: ----------
2018-08-18 05:07:39,326:INFO: Train Loss: 0.2053 Acc: 0.9477
2018-08-18 05:08:16,656:INFO: Val Acc: 0.7338
2018-08-18 05:08:16,656:INFO: Epoch 45/99
2018-08-18 05:08:16,657:INFO: ----------
2018-08-18 05:09:18,330:INFO: Train Loss: 0.1880 Acc: 0.9522
2018-08-18 05:09:56,261:INFO: Val Acc: 0.6676
2018-08-18 05:09:56,262:INFO: Epoch 46/99
2018-08-18 05:09:56,263:INFO: ----------
2018-08-18 05:11:02,904:INFO: Train Loss: 0.1702 Acc: 0.9591
2018-08-18 05:11:42,311:INFO: Val Acc: 0.7178
2018-08-18 05:11:42,312:INFO: Epoch 47/99
2018-08-18 05:11:42,312:INFO: ----------
2018-08-18 05:12:40,214:INFO: Train Loss: 0.1610 Acc: 0.9602
2018-08-18 05:13:15,852:INFO: Val Acc: 0.6854
2018-08-18 05:13:15,853:INFO: Epoch 48/99
2018-08-18 05:13:15,853:INFO: ----------
2018-08-18 05:14:20,165:INFO: Train Loss: 0.1398 Acc: 0.9704
2018-08-18 05:15:02,411:INFO: Val Acc: 0.6493
2018-08-18 05:15:02,411:INFO: Epoch 49/99
2018-08-18 05:15:02,411:INFO: ----------
2018-08-18 05:16:03,943:INFO: Train Loss: 0.1172 Acc: 0.9788
2018-08-18 05:16:38,426:INFO: Val Acc: 0.7306
2018-08-18 05:16:38,427:INFO: Epoch 50/99
2018-08-18 05:16:38,427:INFO: ----------
2018-08-18 05:17:35,613:INFO: Train Loss: 0.1139 Acc: 0.9771
2018-08-18 05:18:11,327:INFO: Val Acc: 0.7067
2018-08-18 05:18:11,328:INFO: Epoch 51/99
2018-08-18 05:18:11,328:INFO: ----------
2018-08-18 05:19:12,233:INFO: Train Loss: 0.1116 Acc: 0.9767
2018-08-18 05:19:53,458:INFO: Val Acc: 0.7315
2018-08-18 05:19:53,460:INFO: Epoch 52/99
2018-08-18 05:19:53,460:INFO: ----------
2018-08-18 05:20:55,505:INFO: Train Loss: 0.0780 Acc: 0.9876
2018-08-18 05:21:33,950:INFO: Val Acc: 0.7338
2018-08-18 05:21:33,951:INFO: Epoch 53/99
2018-08-18 05:21:33,951:INFO: ----------
2018-08-18 05:22:39,344:INFO: Train Loss: 0.0776 Acc: 0.9875
2018-08-18 05:23:26,981:INFO: Val Acc: 0.7359
2018-08-18 05:23:26,982:INFO: Epoch 54/99
2018-08-18 05:23:26,982:INFO: ----------
2018-08-18 05:24:31,259:INFO: Train Loss: 0.0807 Acc: 0.9850
2018-08-18 05:25:06,326:INFO: Val Acc: 0.6869
2018-08-18 05:25:06,327:INFO: Epoch 55/99
2018-08-18 05:25:06,327:INFO: ----------
2018-08-18 05:26:05,560:INFO: Train Loss: 0.0780 Acc: 0.9867
2018-08-18 05:26:42,965:INFO: Val Acc: 0.7373
2018-08-18 05:26:42,967:INFO: Epoch 56/99
2018-08-18 05:26:42,968:INFO: ----------
2018-08-18 05:27:43,123:INFO: Train Loss: 0.0571 Acc: 0.9932
2018-08-18 05:28:21,559:INFO: Val Acc: 0.7297
2018-08-18 05:28:21,564:INFO: Epoch 57/99
2018-08-18 05:28:21,565:INFO: ----------
2018-08-18 05:29:27,903:INFO: Train Loss: 0.0402 Acc: 0.9968
2018-08-18 05:30:04,658:INFO: Val Acc: 0.7391
2018-08-18 05:30:04,658:INFO: Epoch 58/99
2018-08-18 05:30:04,658:INFO: ----------
2018-08-18 05:31:04,065:INFO: Train Loss: 0.1281 Acc: 0.9688
2018-08-18 05:31:39,316:INFO: Val Acc: 0.7055
2018-08-18 05:31:39,319:INFO: Epoch 59/99
2018-08-18 05:31:39,319:INFO: ----------
2018-08-18 05:32:44,505:INFO: Train Loss: 0.0825 Acc: 0.9829
2018-08-18 05:33:23,059:INFO: Val Acc: 0.6895
2018-08-18 05:33:23,060:INFO: Epoch 60/99
2018-08-18 05:33:23,060:INFO: ----------
2018-08-18 05:34:20,879:INFO: Train Loss: 0.0337 Acc: 0.9980
2018-08-18 05:34:54,104:INFO: Val Acc: 0.7601
2018-08-18 05:34:54,106:INFO: Epoch 61/99
2018-08-18 05:34:54,106:INFO: ----------
2018-08-18 05:35:54,061:INFO: Train Loss: 0.0261 Acc: 0.9996
2018-08-18 05:36:23,809:INFO: Val Acc: 0.7671
2018-08-18 05:36:23,810:INFO: Found new best accuracy
2018-08-18 05:36:23,820:INFO: Epoch 62/99
2018-08-18 05:36:23,820:INFO: ----------
2018-08-18 05:37:23,201:INFO: Train Loss: 0.0245 Acc: 0.9990
2018-08-18 05:37:53,694:INFO: Val Acc: 0.7676
2018-08-18 05:37:53,695:INFO: Found new best accuracy
2018-08-18 05:37:53,720:INFO: Epoch 63/99
2018-08-18 05:37:53,720:INFO: ----------
2018-08-18 05:38:50,193:INFO: Train Loss: 0.0243 Acc: 0.9989
2018-08-18 05:39:27,943:INFO: Val Acc: 0.7682
2018-08-18 05:39:27,944:INFO: Found new best accuracy
2018-08-18 05:39:27,954:INFO: Epoch 64/99
2018-08-18 05:39:27,954:INFO: ----------
2018-08-18 05:40:24,392:INFO: Train Loss: 0.0231 Acc: 0.9997
2018-08-18 05:40:56,320:INFO: Val Acc: 0.7665
2018-08-18 05:40:56,320:INFO: Epoch 65/99
2018-08-18 05:40:56,320:INFO: ----------
2018-08-18 05:41:54,971:INFO: Train Loss: 0.0226 Acc: 0.9995
2018-08-18 05:42:20,808:INFO: Val Acc: 0.7650
2018-08-18 05:42:20,809:INFO: Epoch 66/99
2018-08-18 05:42:20,809:INFO: ----------
2018-08-18 05:43:16,124:INFO: Train Loss: 0.0210 Acc: 0.9997
2018-08-18 05:43:50,768:INFO: Val Acc: 0.7700
2018-08-18 05:43:50,769:INFO: Found new best accuracy
2018-08-18 05:43:50,779:INFO: Epoch 67/99
2018-08-18 05:43:50,779:INFO: ----------
2018-08-18 05:44:43,358:INFO: Train Loss: 0.0205 Acc: 0.9995
2018-08-18 05:45:15,023:INFO: Val Acc: 0.7659
2018-08-18 05:45:15,023:INFO: Epoch 68/99
2018-08-18 05:45:15,024:INFO: ----------
2018-08-18 05:46:13,547:INFO: Train Loss: 0.0216 Acc: 0.9995
2018-08-18 05:46:45,828:INFO: Val Acc: 0.7638
2018-08-18 05:46:45,828:INFO: Epoch 69/99
2018-08-18 05:46:45,828:INFO: ----------
2018-08-18 05:47:42,366:INFO: Train Loss: 0.0201 Acc: 0.9996
2018-08-18 05:48:14,035:INFO: Val Acc: 0.7665
2018-08-18 05:48:14,036:INFO: Epoch 70/99
2018-08-18 05:48:14,036:INFO: ----------
2018-08-18 05:49:12,416:INFO: Train Loss: 0.0203 Acc: 0.9995
2018-08-18 05:49:46,277:INFO: Val Acc: 0.7676
2018-08-18 05:49:46,278:INFO: Epoch 71/99
2018-08-18 05:49:46,279:INFO: ----------
2018-08-18 05:50:43,925:INFO: Train Loss: 0.0187 Acc: 0.9998
2018-08-18 05:51:21,653:INFO: Val Acc: 0.7653
2018-08-18 05:51:21,653:INFO: Epoch 72/99
2018-08-18 05:51:21,654:INFO: ----------
2018-08-18 05:52:20,891:INFO: Train Loss: 0.0177 Acc: 0.9998
2018-08-18 05:52:58,377:INFO: Val Acc: 0.7685
2018-08-18 05:52:58,378:INFO: Epoch 73/99
2018-08-18 05:52:58,378:INFO: ----------
2018-08-18 05:53:56,596:INFO: Train Loss: 0.0180 Acc: 0.9998
2018-08-18 05:54:29,065:INFO: Val Acc: 0.7633
2018-08-18 05:54:29,066:INFO: Epoch 74/99
2018-08-18 05:54:29,066:INFO: ----------
2018-08-18 05:55:25,631:INFO: Train Loss: 0.0187 Acc: 0.9995
2018-08-18 05:55:53,933:INFO: Val Acc: 0.7633
2018-08-18 05:55:53,934:INFO: Epoch 75/99
2018-08-18 05:55:53,934:INFO: ----------
2018-08-18 05:56:50,289:INFO: Train Loss: 0.0174 Acc: 0.9998
2018-08-18 05:57:23,685:INFO: Val Acc: 0.7685
2018-08-18 05:57:23,686:INFO: Epoch 76/99
2018-08-18 05:57:23,686:INFO: ----------
2018-08-18 05:58:21,531:INFO: Train Loss: 0.0174 Acc: 0.9997
2018-08-18 05:58:54,770:INFO: Val Acc: 0.7691
2018-08-18 05:58:54,771:INFO: Epoch 77/99
2018-08-18 05:58:54,771:INFO: ----------
2018-08-18 05:59:54,485:INFO: Train Loss: 0.0172 Acc: 0.9999
2018-08-18 06:00:21,380:INFO: Val Acc: 0.7638
2018-08-18 06:00:21,381:INFO: Epoch 78/99
2018-08-18 06:00:21,381:INFO: ----------
2018-08-18 06:01:20,819:INFO: Train Loss: 0.0169 Acc: 0.9996
2018-08-18 06:01:53,429:INFO: Val Acc: 0.7647
2018-08-18 06:01:53,434:INFO: Epoch 79/99
2018-08-18 06:01:53,434:INFO: ----------
2018-08-18 06:02:57,334:INFO: Train Loss: 0.0162 Acc: 0.9999
2018-08-18 06:03:31,004:INFO: Val Acc: 0.7708
2018-08-18 06:03:31,004:INFO: Found new best accuracy
2018-08-18 06:03:31,016:INFO: Epoch 80/99
2018-08-18 06:03:31,016:INFO: ----------
2018-08-18 06:04:28,512:INFO: Train Loss: 0.0160 Acc: 0.9998
2018-08-18 06:05:00,699:INFO: Val Acc: 0.7662
2018-08-18 06:05:00,700:INFO: Epoch 81/99
2018-08-18 06:05:00,700:INFO: ----------
2018-08-18 06:06:07,355:INFO: Train Loss: 0.0162 Acc: 0.9999
2018-08-18 06:06:42,914:INFO: Val Acc: 0.7676
2018-08-18 06:06:42,914:INFO: Epoch 82/99
2018-08-18 06:06:42,915:INFO: ----------
2018-08-18 06:07:46,062:INFO: Train Loss: 0.0166 Acc: 0.9998
2018-08-18 06:08:22,309:INFO: Val Acc: 0.7641
2018-08-18 06:08:22,310:INFO: Epoch 83/99
2018-08-18 06:08:22,311:INFO: ----------
2018-08-18 06:09:22,648:INFO: Train Loss: 0.0188 Acc: 0.9994
2018-08-18 06:09:56,513:INFO: Val Acc: 0.7595
2018-08-18 06:09:56,514:INFO: Epoch 84/99
2018-08-18 06:09:56,514:INFO: ----------
2018-08-18 06:11:01,591:INFO: Train Loss: 0.0172 Acc: 0.9996
2018-08-18 06:11:41,187:INFO: Val Acc: 0.7732
2018-08-18 06:11:41,188:INFO: Found new best accuracy
2018-08-18 06:11:41,193:INFO: Epoch 85/99
2018-08-18 06:11:41,193:INFO: ----------
2018-08-18 06:12:42,759:INFO: Train Loss: 0.0171 Acc: 0.9998
2018-08-18 06:13:23,119:INFO: Val Acc: 0.7668
2018-08-18 06:13:23,120:INFO: Epoch 86/99
2018-08-18 06:13:23,120:INFO: ----------
2018-08-18 06:14:23,583:INFO: Train Loss: 0.0162 Acc: 0.9996
2018-08-18 06:14:52,195:INFO: Val Acc: 0.7714
2018-08-18 06:14:52,195:INFO: Epoch 87/99
2018-08-18 06:14:52,196:INFO: ----------
2018-08-18 06:15:50,872:INFO: Train Loss: 0.0150 Acc: 0.9999
2018-08-18 06:16:22,141:INFO: Val Acc: 0.7673
2018-08-18 06:16:22,142:INFO: Epoch 88/99
2018-08-18 06:16:22,142:INFO: ----------
2018-08-18 06:17:23,940:INFO: Train Loss: 0.0154 Acc: 0.9995
2018-08-18 06:17:58,537:INFO: Val Acc: 0.7624
2018-08-18 06:17:58,538:INFO: Epoch 89/99
2018-08-18 06:17:58,538:INFO: ----------
2018-08-18 06:18:58,730:INFO: Train Loss: 0.0155 Acc: 0.9999
2018-08-18 06:19:48,642:INFO: Val Acc: 0.7650
2018-08-18 06:19:48,643:INFO: Epoch 90/99
2018-08-18 06:19:48,643:INFO: ----------
2018-08-18 06:20:47,028:INFO: Train Loss: 0.0152 Acc: 0.9998
2018-08-18 06:21:19,285:INFO: Val Acc: 0.7656
2018-08-18 06:21:19,286:INFO: Epoch 91/99
2018-08-18 06:21:19,287:INFO: ----------
2018-08-18 06:22:18,296:INFO: Train Loss: 0.0149 Acc: 0.9996
2018-08-18 06:22:50,134:INFO: Val Acc: 0.7682
2018-08-18 06:22:50,135:INFO: Epoch 92/99
2018-08-18 06:22:50,135:INFO: ----------
2018-08-18 06:23:50,592:INFO: Train Loss: 0.0147 Acc: 0.9999
2018-08-18 06:24:28,698:INFO: Val Acc: 0.7679
2018-08-18 06:24:28,698:INFO: Epoch 93/99
2018-08-18 06:24:28,699:INFO: ----------
2018-08-18 06:25:26,163:INFO: Train Loss: 0.0147 Acc: 0.9997
2018-08-18 06:26:03,470:INFO: Val Acc: 0.7633
2018-08-18 06:26:03,471:INFO: Epoch 94/99
2018-08-18 06:26:03,471:INFO: ----------
2018-08-18 06:26:57,001:INFO: Train Loss: 0.0143 Acc: 1.0000
2018-08-18 06:27:38,981:INFO: Val Acc: 0.7682
2018-08-18 06:27:38,982:INFO: Epoch 95/99
2018-08-18 06:27:38,982:INFO: ----------
2018-08-18 06:28:30,828:INFO: Train Loss: 0.0149 Acc: 0.9998
2018-08-18 06:28:56,491:INFO: Val Acc: 0.7641
2018-08-18 06:28:56,492:INFO: Epoch 96/99
2018-08-18 06:28:56,492:INFO: ----------
2018-08-18 06:30:02,443:INFO: Train Loss: 0.0143 Acc: 1.0000
2018-08-18 06:30:40,792:INFO: Val Acc: 0.7676
2018-08-18 06:30:40,793:INFO: Epoch 97/99
2018-08-18 06:30:40,793:INFO: ----------
2018-08-18 06:31:47,081:INFO: Train Loss: 0.0143 Acc: 1.0000
2018-08-18 06:32:08,610:INFO: Val Acc: 0.7697
2018-08-18 06:32:08,612:INFO: Epoch 98/99
2018-08-18 06:32:08,612:INFO: ----------
2018-08-18 06:33:03,223:INFO: Train Loss: 0.0152 Acc: 0.9998
2018-08-18 06:33:23,400:INFO: Val Acc: 0.7650
2018-08-18 06:33:23,401:INFO: Epoch 99/99
2018-08-18 06:33:23,401:INFO: ----------
2018-08-18 06:34:23,286:INFO: Train Loss: 0.0148 Acc: 0.9999
2018-08-18 06:35:03,134:INFO: Val Acc: 0.7685
2018-08-18 06:35:03,135:INFO: Training complete in 166m 45s
2018-08-18 06:35:03,135:INFO: Best val Acc: 0.773178
2018-08-18 06:35:33,377:INFO: Test Acc: 0.7867
