2018-08-17 16:50:55,183:INFO: Loading the datasets...
2018-08-17 16:50:55,266:INFO: - done.
2018-08-17 16:51:10,592:INFO: Starting training for 100 epoch(s)
2018-08-17 16:51:10,595:INFO: Epoch 0/99
2018-08-17 16:51:10,595:INFO: ----------
2018-08-17 16:52:03,421:INFO: Train Loss: 1.1205 Acc: 0.2490
2018-08-17 16:52:34,653:INFO: Val Acc: 0.2560
2018-08-17 16:52:34,654:INFO: Found new best accuracy
2018-08-17 16:52:34,658:INFO: Epoch 1/99
2018-08-17 16:52:34,658:INFO: ----------
2018-08-17 16:53:25,946:INFO: Train Loss: 1.0312 Acc: 0.3215
2018-08-17 16:54:01,608:INFO: Val Acc: 0.3047
2018-08-17 16:54:01,608:INFO: Found new best accuracy
2018-08-17 16:54:01,612:INFO: Epoch 2/99
2018-08-17 16:54:01,612:INFO: ----------
2018-08-17 16:54:52,283:INFO: Train Loss: 0.9772 Acc: 0.3653
2018-08-17 16:55:31,389:INFO: Val Acc: 0.3122
2018-08-17 16:55:31,389:INFO: Found new best accuracy
2018-08-17 16:55:31,392:INFO: Epoch 3/99
2018-08-17 16:55:31,392:INFO: ----------
2018-08-17 16:56:26,303:INFO: Train Loss: 0.9347 Acc: 0.3936
2018-08-17 16:56:58,954:INFO: Val Acc: 0.3665
2018-08-17 16:56:58,955:INFO: Found new best accuracy
2018-08-17 16:56:58,959:INFO: Epoch 4/99
2018-08-17 16:56:58,959:INFO: ----------
2018-08-17 16:57:56,126:INFO: Train Loss: 0.9131 Acc: 0.4162
2018-08-17 16:58:32,576:INFO: Val Acc: 0.3309
2018-08-17 16:58:32,577:INFO: Epoch 5/99
2018-08-17 16:58:32,577:INFO: ----------
2018-08-17 16:59:24,973:INFO: Train Loss: 0.8952 Acc: 0.4192
2018-08-17 16:59:58,333:INFO: Val Acc: 0.3431
2018-08-17 16:59:58,333:INFO: Epoch 6/99
2018-08-17 16:59:58,333:INFO: ----------
2018-08-17 17:00:48,943:INFO: Train Loss: 0.8863 Acc: 0.4267
2018-08-17 17:01:25,980:INFO: Val Acc: 0.3810
2018-08-17 17:01:25,980:INFO: Found new best accuracy
2018-08-17 17:01:25,984:INFO: Epoch 7/99
2018-08-17 17:01:25,984:INFO: ----------
2018-08-17 17:02:22,888:INFO: Train Loss: 0.8625 Acc: 0.4386
2018-08-17 17:03:02,335:INFO: Val Acc: 0.3399
2018-08-17 17:03:02,335:INFO: Epoch 8/99
2018-08-17 17:03:02,335:INFO: ----------
2018-08-17 17:04:09,260:INFO: Train Loss: 0.8308 Acc: 0.4660
2018-08-17 17:04:41,678:INFO: Val Acc: 0.3863
2018-08-17 17:04:41,679:INFO: Found new best accuracy
2018-08-17 17:04:41,682:INFO: Epoch 9/99
2018-08-17 17:04:41,682:INFO: ----------
2018-08-17 17:05:33,139:INFO: Train Loss: 0.8215 Acc: 0.4716
2018-08-17 17:06:02,231:INFO: Val Acc: 0.3764
2018-08-17 17:06:02,232:INFO: Epoch 10/99
2018-08-17 17:06:02,232:INFO: ----------
2018-08-17 17:06:53,877:INFO: Train Loss: 0.8146 Acc: 0.4798
2018-08-17 17:07:32,858:INFO: Val Acc: 0.3350
2018-08-17 17:07:32,859:INFO: Epoch 11/99
2018-08-17 17:07:32,859:INFO: ----------
2018-08-17 17:08:31,053:INFO: Train Loss: 0.8027 Acc: 0.4856
2018-08-17 17:09:10,863:INFO: Val Acc: 0.4472
2018-08-17 17:09:10,864:INFO: Found new best accuracy
2018-08-17 17:09:10,867:INFO: Epoch 12/99
2018-08-17 17:09:10,867:INFO: ----------
2018-08-17 17:10:02,198:INFO: Train Loss: 0.7695 Acc: 0.5066
2018-08-17 17:10:37,198:INFO: Val Acc: 0.3630
2018-08-17 17:10:37,199:INFO: Epoch 13/99
2018-08-17 17:10:37,199:INFO: ----------
2018-08-17 17:11:31,180:INFO: Train Loss: 0.7607 Acc: 0.5170
2018-08-17 17:12:01,071:INFO: Val Acc: 0.4312
2018-08-17 17:12:01,075:INFO: Epoch 14/99
2018-08-17 17:12:01,075:INFO: ----------
2018-08-17 17:12:55,364:INFO: Train Loss: 0.7263 Acc: 0.5367
2018-08-17 17:13:31,274:INFO: Val Acc: 0.4420
2018-08-17 17:13:31,275:INFO: Epoch 15/99
2018-08-17 17:13:31,275:INFO: ----------
2018-08-17 17:14:22,258:INFO: Train Loss: 0.7158 Acc: 0.5432
2018-08-17 17:14:58,733:INFO: Val Acc: 0.3831
2018-08-17 17:14:58,734:INFO: Epoch 16/99
2018-08-17 17:14:58,734:INFO: ----------
2018-08-17 17:15:47,160:INFO: Train Loss: 0.6967 Acc: 0.5539
2018-08-17 17:16:24,733:INFO: Val Acc: 0.3332
2018-08-17 17:16:24,734:INFO: Epoch 17/99
2018-08-17 17:16:24,734:INFO: ----------
2018-08-17 17:17:19,044:INFO: Train Loss: 0.6887 Acc: 0.5591
2018-08-17 17:17:49,950:INFO: Val Acc: 0.3959
2018-08-17 17:17:49,951:INFO: Epoch 18/99
2018-08-17 17:17:49,951:INFO: ----------
2018-08-17 17:18:48,170:INFO: Train Loss: 0.6584 Acc: 0.5802
2018-08-17 17:19:23,872:INFO: Val Acc: 0.4382
2018-08-17 17:19:23,872:INFO: Epoch 19/99
2018-08-17 17:19:23,872:INFO: ----------
2018-08-17 17:20:12,585:INFO: Train Loss: 0.6514 Acc: 0.5877
2018-08-17 17:20:47,908:INFO: Val Acc: 0.3070
2018-08-17 17:20:47,908:INFO: Epoch 20/99
2018-08-17 17:20:47,909:INFO: ----------
2018-08-17 17:21:42,172:INFO: Train Loss: 0.6538 Acc: 0.5830
2018-08-17 17:22:17,058:INFO: Val Acc: 0.5052
2018-08-17 17:22:17,059:INFO: Found new best accuracy
2018-08-17 17:22:17,063:INFO: Epoch 21/99
2018-08-17 17:22:17,063:INFO: ----------
2018-08-17 17:23:08,158:INFO: Train Loss: 0.6325 Acc: 0.5950
2018-08-17 17:23:43,672:INFO: Val Acc: 0.3297
2018-08-17 17:23:43,673:INFO: Epoch 22/99
2018-08-17 17:23:43,673:INFO: ----------
2018-08-17 17:24:44,428:INFO: Train Loss: 0.6186 Acc: 0.6030
2018-08-17 17:25:20,302:INFO: Val Acc: 0.3073
2018-08-17 17:25:20,302:INFO: Epoch 23/99
2018-08-17 17:25:20,302:INFO: ----------
2018-08-17 17:26:08,755:INFO: Train Loss: 0.6054 Acc: 0.6180
2018-08-17 17:26:47,358:INFO: Val Acc: 0.3181
2018-08-17 17:26:47,359:INFO: Epoch 24/99
2018-08-17 17:26:47,360:INFO: ----------
2018-08-17 17:27:39,718:INFO: Train Loss: 0.6037 Acc: 0.6170
2018-08-17 17:28:11,582:INFO: Val Acc: 0.3968
2018-08-17 17:28:11,582:INFO: Epoch 25/99
2018-08-17 17:28:11,582:INFO: ----------
2018-08-17 17:29:02,676:INFO: Train Loss: 0.5906 Acc: 0.6228
2018-08-17 17:29:38,959:INFO: Val Acc: 0.3700
2018-08-17 17:29:38,960:INFO: Epoch 26/99
2018-08-17 17:29:38,960:INFO: ----------
2018-08-17 17:30:31,861:INFO: Train Loss: 0.5797 Acc: 0.6305
2018-08-17 17:31:10,579:INFO: Val Acc: 0.3872
2018-08-17 17:31:10,580:INFO: Epoch 27/99
2018-08-17 17:31:10,580:INFO: ----------
2018-08-17 17:32:10,974:INFO: Train Loss: 0.5683 Acc: 0.6387
2018-08-17 17:32:41,411:INFO: Val Acc: 0.4431
2018-08-17 17:32:41,411:INFO: Epoch 28/99
2018-08-17 17:32:41,411:INFO: ----------
2018-08-17 17:33:32,513:INFO: Train Loss: 0.5586 Acc: 0.6430
2018-08-17 17:34:03,502:INFO: Val Acc: 0.4534
2018-08-17 17:34:03,502:INFO: Epoch 29/99
2018-08-17 17:34:03,502:INFO: ----------
2018-08-17 17:35:00,972:INFO: Train Loss: 0.5466 Acc: 0.6535
2018-08-17 17:35:35,317:INFO: Val Acc: 0.3379
2018-08-17 17:35:35,317:INFO: Epoch 30/99
2018-08-17 17:35:35,317:INFO: ----------
2018-08-17 17:36:31,798:INFO: Train Loss: 0.4766 Acc: 0.7069
2018-08-17 17:37:13,842:INFO: Val Acc: 0.6816
2018-08-17 17:37:13,843:INFO: Found new best accuracy
2018-08-17 17:37:13,847:INFO: Epoch 31/99
2018-08-17 17:37:13,848:INFO: ----------
2018-08-17 17:38:04,101:INFO: Train Loss: 0.4476 Acc: 0.7257
2018-08-17 17:38:49,935:INFO: Val Acc: 0.6883
2018-08-17 17:38:49,935:INFO: Found new best accuracy
2018-08-17 17:38:49,938:INFO: Epoch 32/99
2018-08-17 17:38:49,939:INFO: ----------
2018-08-17 17:39:42,952:INFO: Train Loss: 0.4401 Acc: 0.7311
2018-08-17 17:40:17,339:INFO: Val Acc: 0.6918
2018-08-17 17:40:17,339:INFO: Found new best accuracy
2018-08-17 17:40:17,343:INFO: Epoch 33/99
2018-08-17 17:40:17,343:INFO: ----------
2018-08-17 17:41:06,950:INFO: Train Loss: 0.4310 Acc: 0.7335
2018-08-17 17:41:36,492:INFO: Val Acc: 0.6860
2018-08-17 17:41:36,493:INFO: Epoch 34/99
2018-08-17 17:41:36,493:INFO: ----------
2018-08-17 17:42:28,604:INFO: Train Loss: 0.4282 Acc: 0.7379
2018-08-17 17:43:17,255:INFO: Val Acc: 0.6948
2018-08-17 17:43:17,255:INFO: Found new best accuracy
2018-08-17 17:43:17,260:INFO: Epoch 35/99
2018-08-17 17:43:17,260:INFO: ----------
2018-08-17 17:44:11,216:INFO: Train Loss: 0.4212 Acc: 0.7407
2018-08-17 17:44:41,919:INFO: Val Acc: 0.6983
2018-08-17 17:44:41,920:INFO: Found new best accuracy
2018-08-17 17:44:41,922:INFO: Epoch 36/99
2018-08-17 17:44:41,922:INFO: ----------
2018-08-17 17:45:31,400:INFO: Train Loss: 0.4180 Acc: 0.7420
2018-08-17 17:46:01,772:INFO: Val Acc: 0.6948
2018-08-17 17:46:01,772:INFO: Epoch 37/99
2018-08-17 17:46:01,772:INFO: ----------
2018-08-17 17:47:01,755:INFO: Train Loss: 0.4162 Acc: 0.7457
2018-08-17 17:47:39,657:INFO: Val Acc: 0.6977
2018-08-17 17:47:39,657:INFO: Epoch 38/99
2018-08-17 17:47:39,657:INFO: ----------
2018-08-17 17:48:30,777:INFO: Train Loss: 0.4093 Acc: 0.7472
2018-08-17 17:49:04,123:INFO: Val Acc: 0.6755
2018-08-17 17:49:04,123:INFO: Epoch 39/99
2018-08-17 17:49:04,124:INFO: ----------
2018-08-17 17:50:03,652:INFO: Train Loss: 0.4071 Acc: 0.7476
2018-08-17 17:50:36,943:INFO: Val Acc: 0.6898
2018-08-17 17:50:36,944:INFO: Epoch 40/99
2018-08-17 17:50:36,945:INFO: ----------
2018-08-17 17:51:39,183:INFO: Train Loss: 0.4032 Acc: 0.7542
2018-08-17 17:52:12,165:INFO: Val Acc: 0.6983
2018-08-17 17:52:12,166:INFO: Epoch 41/99
2018-08-17 17:52:12,166:INFO: ----------
2018-08-17 17:53:04,159:INFO: Train Loss: 0.3987 Acc: 0.7548
2018-08-17 17:53:45,072:INFO: Val Acc: 0.6965
2018-08-17 17:53:45,073:INFO: Epoch 42/99
2018-08-17 17:53:45,073:INFO: ----------
2018-08-17 17:54:38,310:INFO: Train Loss: 0.3985 Acc: 0.7538
2018-08-17 17:55:13,346:INFO: Val Acc: 0.7090
2018-08-17 17:55:13,347:INFO: Found new best accuracy
2018-08-17 17:55:13,350:INFO: Epoch 43/99
2018-08-17 17:55:13,351:INFO: ----------
2018-08-17 17:56:08,869:INFO: Train Loss: 0.3939 Acc: 0.7580
2018-08-17 17:56:49,564:INFO: Val Acc: 0.6939
2018-08-17 17:56:49,564:INFO: Epoch 44/99
2018-08-17 17:56:49,564:INFO: ----------
2018-08-17 17:57:48,149:INFO: Train Loss: 0.3904 Acc: 0.7603
2018-08-17 17:58:26,845:INFO: Val Acc: 0.6980
2018-08-17 17:58:26,846:INFO: Epoch 45/99
2018-08-17 17:58:26,847:INFO: ----------
2018-08-17 17:59:20,322:INFO: Train Loss: 0.3862 Acc: 0.7631
2018-08-17 17:59:57,025:INFO: Val Acc: 0.7114
2018-08-17 17:59:57,025:INFO: Found new best accuracy
2018-08-17 17:59:57,029:INFO: Epoch 46/99
2018-08-17 17:59:57,029:INFO: ----------
2018-08-17 18:00:51,277:INFO: Train Loss: 0.3835 Acc: 0.7647
2018-08-17 18:01:34,946:INFO: Val Acc: 0.6773
2018-08-17 18:01:34,947:INFO: Epoch 47/99
2018-08-17 18:01:34,947:INFO: ----------
2018-08-17 18:02:31,739:INFO: Train Loss: 0.3809 Acc: 0.7674
2018-08-17 18:03:05,211:INFO: Val Acc: 0.6994
2018-08-17 18:03:05,212:INFO: Epoch 48/99
2018-08-17 18:03:05,212:INFO: ----------
2018-08-17 18:04:24,416:INFO: Train Loss: 0.3786 Acc: 0.7707
2018-08-17 18:04:51,467:INFO: Val Acc: 0.7128
2018-08-17 18:04:51,467:INFO: Found new best accuracy
2018-08-17 18:04:51,471:INFO: Epoch 49/99
2018-08-17 18:04:51,472:INFO: ----------
2018-08-17 18:05:59,779:INFO: Train Loss: 0.3798 Acc: 0.7643
2018-08-17 18:06:30,204:INFO: Val Acc: 0.7117
2018-08-17 18:06:30,204:INFO: Epoch 50/99
2018-08-17 18:06:30,205:INFO: ----------
2018-08-17 18:07:18,337:INFO: Train Loss: 0.3735 Acc: 0.7708
2018-08-17 18:07:47,377:INFO: Val Acc: 0.7058
2018-08-17 18:07:47,377:INFO: Epoch 51/99
2018-08-17 18:07:47,378:INFO: ----------
2018-08-17 18:08:46,454:INFO: Train Loss: 0.3707 Acc: 0.7748
2018-08-17 18:09:19,629:INFO: Val Acc: 0.6851
2018-08-17 18:09:19,629:INFO: Epoch 52/99
2018-08-17 18:09:19,630:INFO: ----------
2018-08-17 18:10:12,096:INFO: Train Loss: 0.3723 Acc: 0.7676
2018-08-17 18:10:41,946:INFO: Val Acc: 0.6749
2018-08-17 18:10:41,947:INFO: Epoch 53/99
2018-08-17 18:10:41,947:INFO: ----------
2018-08-17 18:11:33,468:INFO: Train Loss: 0.3698 Acc: 0.7722
2018-08-17 18:11:59,874:INFO: Val Acc: 0.7006
2018-08-17 18:11:59,874:INFO: Epoch 54/99
2018-08-17 18:11:59,875:INFO: ----------
2018-08-17 18:12:47,599:INFO: Train Loss: 0.3626 Acc: 0.7794
2018-08-17 18:13:18,641:INFO: Val Acc: 0.7035
2018-08-17 18:13:18,641:INFO: Epoch 55/99
2018-08-17 18:13:18,641:INFO: ----------
2018-08-17 18:14:12,014:INFO: Train Loss: 0.3637 Acc: 0.7764
2018-08-17 18:14:48,815:INFO: Val Acc: 0.6708
2018-08-17 18:14:48,815:INFO: Epoch 56/99
2018-08-17 18:14:48,816:INFO: ----------
2018-08-17 18:15:40,655:INFO: Train Loss: 0.3703 Acc: 0.7743
2018-08-17 18:16:10,442:INFO: Val Acc: 0.7052
2018-08-17 18:16:10,442:INFO: Epoch 57/99
2018-08-17 18:16:10,443:INFO: ----------
2018-08-17 18:17:03,240:INFO: Train Loss: 0.3574 Acc: 0.7795
2018-08-17 18:17:41,034:INFO: Val Acc: 0.7172
2018-08-17 18:17:41,034:INFO: Found new best accuracy
2018-08-17 18:17:41,039:INFO: Epoch 58/99
2018-08-17 18:17:41,039:INFO: ----------
2018-08-17 18:18:41,888:INFO: Train Loss: 0.3533 Acc: 0.7823
2018-08-17 18:19:16,987:INFO: Val Acc: 0.6402
2018-08-17 18:19:16,988:INFO: Epoch 59/99
2018-08-17 18:19:16,988:INFO: ----------
2018-08-17 18:20:12,868:INFO: Train Loss: 0.3532 Acc: 0.7813
2018-08-17 18:20:51,580:INFO: Val Acc: 0.6845
2018-08-17 18:20:51,581:INFO: Epoch 60/99
2018-08-17 18:20:51,581:INFO: ----------
2018-08-17 18:21:49,856:INFO: Train Loss: 0.3336 Acc: 0.8001
2018-08-17 18:22:18,890:INFO: Val Acc: 0.7315
2018-08-17 18:22:18,890:INFO: Found new best accuracy
2018-08-17 18:22:18,897:INFO: Epoch 61/99
2018-08-17 18:22:18,898:INFO: ----------
2018-08-17 18:23:12,993:INFO: Train Loss: 0.3270 Acc: 0.8096
2018-08-17 18:23:42,316:INFO: Val Acc: 0.7347
2018-08-17 18:23:42,316:INFO: Found new best accuracy
2018-08-17 18:23:42,319:INFO: Epoch 62/99
2018-08-17 18:23:42,319:INFO: ----------
2018-08-17 18:24:37,327:INFO: Train Loss: 0.3272 Acc: 0.8053
2018-08-17 18:25:14,170:INFO: Val Acc: 0.7289
2018-08-17 18:25:14,170:INFO: Epoch 63/99
2018-08-17 18:25:14,170:INFO: ----------
2018-08-17 18:26:07,418:INFO: Train Loss: 0.3246 Acc: 0.8101
2018-08-17 18:26:39,952:INFO: Val Acc: 0.7327
2018-08-17 18:26:39,953:INFO: Epoch 64/99
2018-08-17 18:26:39,953:INFO: ----------
2018-08-17 18:27:32,682:INFO: Train Loss: 0.3245 Acc: 0.8115
2018-08-17 18:28:06,786:INFO: Val Acc: 0.7347
2018-08-17 18:28:06,787:INFO: Epoch 65/99
2018-08-17 18:28:06,787:INFO: ----------
2018-08-17 18:29:00,498:INFO: Train Loss: 0.3231 Acc: 0.8092
2018-08-17 18:29:26,205:INFO: Val Acc: 0.7329
2018-08-17 18:29:26,210:INFO: Epoch 66/99
2018-08-17 18:29:26,210:INFO: ----------
2018-08-17 18:30:23,975:INFO: Train Loss: 0.3214 Acc: 0.8124
2018-08-17 18:31:07,367:INFO: Val Acc: 0.7327
2018-08-17 18:31:07,368:INFO: Epoch 67/99
2018-08-17 18:31:07,368:INFO: ----------
2018-08-17 18:31:57,541:INFO: Train Loss: 0.3226 Acc: 0.8102
2018-08-17 18:32:33,541:INFO: Val Acc: 0.7309
2018-08-17 18:32:33,542:INFO: Epoch 68/99
2018-08-17 18:32:33,542:INFO: ----------
2018-08-17 18:33:23,790:INFO: Train Loss: 0.3197 Acc: 0.8147
2018-08-17 18:34:03,692:INFO: Val Acc: 0.7315
2018-08-17 18:34:03,692:INFO: Epoch 69/99
2018-08-17 18:34:03,693:INFO: ----------
2018-08-17 18:34:53,044:INFO: Train Loss: 0.3200 Acc: 0.8161
2018-08-17 18:35:24,044:INFO: Val Acc: 0.7329
2018-08-17 18:35:24,044:INFO: Epoch 70/99
2018-08-17 18:35:24,045:INFO: ----------
2018-08-17 18:36:19,625:INFO: Train Loss: 0.3209 Acc: 0.8101
2018-08-17 18:36:49,810:INFO: Val Acc: 0.7376
2018-08-17 18:36:49,811:INFO: Found new best accuracy
2018-08-17 18:36:49,813:INFO: Epoch 71/99
2018-08-17 18:36:49,814:INFO: ----------
2018-08-17 18:37:40,430:INFO: Train Loss: 0.3207 Acc: 0.8142
2018-08-17 18:38:11,247:INFO: Val Acc: 0.7359
2018-08-17 18:38:11,248:INFO: Epoch 72/99
2018-08-17 18:38:11,248:INFO: ----------
2018-08-17 18:39:02,573:INFO: Train Loss: 0.3186 Acc: 0.8124
2018-08-17 18:39:28,586:INFO: Val Acc: 0.7347
2018-08-17 18:39:28,587:INFO: Epoch 73/99
2018-08-17 18:39:28,587:INFO: ----------
2018-08-17 18:40:16,236:INFO: Train Loss: 0.3187 Acc: 0.8171
2018-08-17 18:40:51,521:INFO: Val Acc: 0.7364
2018-08-17 18:40:51,521:INFO: Epoch 74/99
2018-08-17 18:40:51,522:INFO: ----------
2018-08-17 18:41:46,595:INFO: Train Loss: 0.3189 Acc: 0.8127
2018-08-17 18:42:12,244:INFO: Val Acc: 0.7350
2018-08-17 18:42:12,245:INFO: Epoch 75/99
2018-08-17 18:42:12,245:INFO: ----------
2018-08-17 18:43:04,727:INFO: Train Loss: 0.3175 Acc: 0.8176
2018-08-17 18:43:40,193:INFO: Val Acc: 0.7329
2018-08-17 18:43:40,194:INFO: Epoch 76/99
2018-08-17 18:43:40,194:INFO: ----------
2018-08-17 18:44:28,859:INFO: Train Loss: 0.3177 Acc: 0.8151
2018-08-17 18:45:01,849:INFO: Val Acc: 0.7327
2018-08-17 18:45:01,849:INFO: Epoch 77/99
2018-08-17 18:45:01,849:INFO: ----------
2018-08-17 18:45:47,069:INFO: Train Loss: 0.3181 Acc: 0.8134
2018-08-17 18:46:30,101:INFO: Val Acc: 0.7321
2018-08-17 18:46:30,102:INFO: Epoch 78/99
2018-08-17 18:46:30,102:INFO: ----------
2018-08-17 18:47:23,285:INFO: Train Loss: 0.3163 Acc: 0.8129
2018-08-17 18:47:55,174:INFO: Val Acc: 0.7376
2018-08-17 18:47:55,175:INFO: Epoch 79/99
2018-08-17 18:47:55,176:INFO: ----------
2018-08-17 18:48:48,368:INFO: Train Loss: 0.3170 Acc: 0.8136
2018-08-17 18:49:13,839:INFO: Val Acc: 0.7324
2018-08-17 18:49:13,839:INFO: Epoch 80/99
2018-08-17 18:49:13,839:INFO: ----------
2018-08-17 18:50:06,966:INFO: Train Loss: 0.3161 Acc: 0.8153
2018-08-17 18:50:39,143:INFO: Val Acc: 0.7324
2018-08-17 18:50:39,144:INFO: Epoch 81/99
2018-08-17 18:50:39,144:INFO: ----------
2018-08-17 18:51:30,467:INFO: Train Loss: 0.3153 Acc: 0.8153
2018-08-17 18:52:10,897:INFO: Val Acc: 0.7294
2018-08-17 18:52:10,897:INFO: Epoch 82/99
2018-08-17 18:52:10,898:INFO: ----------
2018-08-17 18:52:56,927:INFO: Train Loss: 0.3158 Acc: 0.8142
2018-08-17 18:53:28,059:INFO: Val Acc: 0.7318
2018-08-17 18:53:28,060:INFO: Epoch 83/99
2018-08-17 18:53:28,060:INFO: ----------
2018-08-17 18:54:24,480:INFO: Train Loss: 0.3163 Acc: 0.8151
2018-08-17 18:54:53,103:INFO: Val Acc: 0.7332
2018-08-17 18:54:53,104:INFO: Epoch 84/99
2018-08-17 18:54:53,104:INFO: ----------
2018-08-17 18:55:40,304:INFO: Train Loss: 0.3138 Acc: 0.8165
2018-08-17 18:56:08,108:INFO: Val Acc: 0.7359
2018-08-17 18:56:08,109:INFO: Epoch 85/99
2018-08-17 18:56:08,109:INFO: ----------
2018-08-17 18:57:03,019:INFO: Train Loss: 0.3143 Acc: 0.8148
2018-08-17 18:57:31,741:INFO: Val Acc: 0.7324
2018-08-17 18:57:31,741:INFO: Epoch 86/99
2018-08-17 18:57:31,741:INFO: ----------
2018-08-17 18:58:21,818:INFO: Train Loss: 0.3136 Acc: 0.8193
2018-08-17 18:58:52,900:INFO: Val Acc: 0.7338
2018-08-17 18:58:52,900:INFO: Epoch 87/99
2018-08-17 18:58:52,900:INFO: ----------
2018-08-17 18:59:48,529:INFO: Train Loss: 0.3128 Acc: 0.8177
2018-08-17 19:00:24,163:INFO: Val Acc: 0.7364
2018-08-17 19:00:24,163:INFO: Epoch 88/99
2018-08-17 19:00:24,164:INFO: ----------
2018-08-17 19:01:16,746:INFO: Train Loss: 0.3134 Acc: 0.8173
2018-08-17 19:01:54,056:INFO: Val Acc: 0.7388
2018-08-17 19:01:54,059:INFO: Found new best accuracy
2018-08-17 19:01:54,068:INFO: Epoch 89/99
2018-08-17 19:01:54,068:INFO: ----------
2018-08-17 19:02:49,277:INFO: Train Loss: 0.3135 Acc: 0.8178
2018-08-17 19:03:29,110:INFO: Val Acc: 0.7335
2018-08-17 19:03:29,111:INFO: Epoch 90/99
2018-08-17 19:03:29,111:INFO: ----------
2018-08-17 19:04:19,423:INFO: Train Loss: 0.3101 Acc: 0.8220
2018-08-17 19:04:50,951:INFO: Val Acc: 0.7382
2018-08-17 19:04:50,952:INFO: Epoch 91/99
2018-08-17 19:04:50,952:INFO: ----------
2018-08-17 19:05:46,696:INFO: Train Loss: 0.3088 Acc: 0.8228
2018-08-17 19:06:25,248:INFO: Val Acc: 0.7359
2018-08-17 19:06:25,248:INFO: Epoch 92/99
2018-08-17 19:06:25,248:INFO: ----------
2018-08-17 19:07:14,279:INFO: Train Loss: 0.3081 Acc: 0.8231
2018-08-17 19:07:43,766:INFO: Val Acc: 0.7359
2018-08-17 19:07:43,766:INFO: Epoch 93/99
2018-08-17 19:07:43,766:INFO: ----------
2018-08-17 19:08:31,275:INFO: Train Loss: 0.3087 Acc: 0.8218
2018-08-17 19:09:10,531:INFO: Val Acc: 0.7382
2018-08-17 19:09:10,533:INFO: Epoch 94/99
2018-08-17 19:09:10,533:INFO: ----------
2018-08-17 19:09:58,078:INFO: Train Loss: 0.3098 Acc: 0.8204
2018-08-17 19:10:28,986:INFO: Val Acc: 0.7353
2018-08-17 19:10:28,986:INFO: Epoch 95/99
2018-08-17 19:10:28,987:INFO: ----------
2018-08-17 19:11:22,100:INFO: Train Loss: 0.3093 Acc: 0.8245
2018-08-17 19:11:52,355:INFO: Val Acc: 0.7420
2018-08-17 19:11:52,355:INFO: Found new best accuracy
2018-08-17 19:11:52,359:INFO: Epoch 96/99
2018-08-17 19:11:52,359:INFO: ----------
2018-08-17 19:12:39,622:INFO: Train Loss: 0.3083 Acc: 0.8221
2018-08-17 19:13:11,805:INFO: Val Acc: 0.7408
2018-08-17 19:13:11,805:INFO: Epoch 97/99
2018-08-17 19:13:11,806:INFO: ----------
2018-08-17 19:13:59,828:INFO: Train Loss: 0.3081 Acc: 0.8240
2018-08-17 19:14:38,257:INFO: Val Acc: 0.7391
2018-08-17 19:14:38,257:INFO: Epoch 98/99
2018-08-17 19:14:38,257:INFO: ----------
2018-08-17 19:15:30,091:INFO: Train Loss: 0.3085 Acc: 0.8251
2018-08-17 19:16:02,965:INFO: Val Acc: 0.7356
2018-08-17 19:16:02,966:INFO: Epoch 99/99
2018-08-17 19:16:02,966:INFO: ----------
2018-08-17 19:16:56,127:INFO: Train Loss: 0.3087 Acc: 0.8216
2018-08-17 19:17:24,922:INFO: Val Acc: 0.7388
2018-08-17 19:17:24,922:INFO: Training complete in 146m 14s
2018-08-17 19:17:24,922:INFO: Best val Acc: 0.741983
2018-08-17 19:17:48,992:INFO: Test Acc: 0.7634
