2018-08-18 12:25:17,789:INFO: Loading the datasets...
2018-08-18 12:25:17,921:INFO: - done.
2018-08-18 12:25:43,329:INFO: Starting training for 100 epoch(s)
2018-08-18 12:25:43,335:INFO: Epoch 0/99
2018-08-18 12:25:43,335:INFO: ----------
2018-08-18 12:26:45,381:INFO: Train Loss: 0.6069 Acc: 0.3014
2018-08-18 12:27:20,092:INFO: Val Acc: 0.3434
2018-08-18 12:27:20,093:INFO: Found new best accuracy
2018-08-18 12:27:20,103:INFO: Epoch 1/99
2018-08-18 12:27:20,103:INFO: ----------
2018-08-18 12:28:23,104:INFO: Train Loss: 0.5393 Acc: 0.3758
2018-08-18 12:29:03,382:INFO: Val Acc: 0.2831
2018-08-18 12:29:03,383:INFO: Epoch 2/99
2018-08-18 12:29:03,383:INFO: ----------
2018-08-18 12:30:07,954:INFO: Train Loss: 0.5142 Acc: 0.4001
2018-08-18 12:30:49,212:INFO: Val Acc: 0.3426
2018-08-18 12:30:49,213:INFO: Epoch 3/99
2018-08-18 12:30:49,213:INFO: ----------
2018-08-18 12:32:04,018:INFO: Train Loss: 0.4944 Acc: 0.4221
2018-08-18 12:32:41,355:INFO: Val Acc: 0.4023
2018-08-18 12:32:41,355:INFO: Found new best accuracy
2018-08-18 12:32:41,362:INFO: Epoch 4/99
2018-08-18 12:32:41,362:INFO: ----------
2018-08-18 12:33:46,206:INFO: Train Loss: 0.4737 Acc: 0.4533
2018-08-18 12:34:27,727:INFO: Val Acc: 0.3802
2018-08-18 12:34:27,732:INFO: Epoch 5/99
2018-08-18 12:34:27,732:INFO: ----------
2018-08-18 12:35:36,450:INFO: Train Loss: 0.4559 Acc: 0.4609
2018-08-18 12:36:18,979:INFO: Val Acc: 0.4274
2018-08-18 12:36:18,979:INFO: Found new best accuracy
2018-08-18 12:36:18,991:INFO: Epoch 6/99
2018-08-18 12:36:18,991:INFO: ----------
2018-08-18 12:37:28,859:INFO: Train Loss: 0.4376 Acc: 0.4862
2018-08-18 12:38:07,669:INFO: Val Acc: 0.3901
2018-08-18 12:38:07,670:INFO: Epoch 7/99
2018-08-18 12:38:07,671:INFO: ----------
2018-08-18 12:39:15,871:INFO: Train Loss: 0.4143 Acc: 0.5163
2018-08-18 12:39:55,086:INFO: Val Acc: 0.4449
2018-08-18 12:39:55,087:INFO: Found new best accuracy
2018-08-18 12:39:55,094:INFO: Epoch 8/99
2018-08-18 12:39:55,095:INFO: ----------
2018-08-18 12:41:04,560:INFO: Train Loss: 0.4012 Acc: 0.5278
2018-08-18 12:41:45,118:INFO: Val Acc: 0.3499
2018-08-18 12:41:45,119:INFO: Epoch 9/99
2018-08-18 12:41:45,119:INFO: ----------
2018-08-18 12:42:52,152:INFO: Train Loss: 0.3805 Acc: 0.5567
2018-08-18 12:43:27,566:INFO: Val Acc: 0.4399
2018-08-18 12:43:27,567:INFO: Epoch 10/99
2018-08-18 12:43:27,568:INFO: ----------
2018-08-18 12:44:32,629:INFO: Train Loss: 0.3638 Acc: 0.5661
2018-08-18 12:45:12,360:INFO: Val Acc: 0.5087
2018-08-18 12:45:12,361:INFO: Found new best accuracy
2018-08-18 12:45:12,374:INFO: Epoch 11/99
2018-08-18 12:45:12,374:INFO: ----------
2018-08-18 12:46:19,011:INFO: Train Loss: 0.3431 Acc: 0.5904
2018-08-18 12:46:58,029:INFO: Val Acc: 0.2904
2018-08-18 12:46:58,031:INFO: Epoch 12/99
2018-08-18 12:46:58,031:INFO: ----------
2018-08-18 12:48:06,552:INFO: Train Loss: 0.3330 Acc: 0.6024
2018-08-18 12:48:41,621:INFO: Val Acc: 0.4321
2018-08-18 12:48:41,622:INFO: Epoch 13/99
2018-08-18 12:48:41,622:INFO: ----------
2018-08-18 12:49:46,300:INFO: Train Loss: 0.3143 Acc: 0.6260
2018-08-18 12:50:31,283:INFO: Val Acc: 0.4152
2018-08-18 12:50:31,284:INFO: Epoch 14/99
2018-08-18 12:50:31,284:INFO: ----------
2018-08-18 12:51:40,427:INFO: Train Loss: 0.3086 Acc: 0.6319
2018-08-18 12:52:41,397:INFO: Val Acc: 0.4633
2018-08-18 12:52:41,397:INFO: Epoch 15/99
2018-08-18 12:52:41,397:INFO: ----------
2018-08-18 12:53:58,042:INFO: Train Loss: 0.3010 Acc: 0.6424
2018-08-18 12:54:45,938:INFO: Val Acc: 0.3647
2018-08-18 12:54:45,939:INFO: Epoch 16/99
2018-08-18 12:54:45,939:INFO: ----------
2018-08-18 12:55:53,921:INFO: Train Loss: 0.2972 Acc: 0.6466
2018-08-18 12:56:35,320:INFO: Val Acc: 0.4344
2018-08-18 12:56:35,320:INFO: Epoch 17/99
2018-08-18 12:56:35,320:INFO: ----------
2018-08-18 12:57:39,817:INFO: Train Loss: 0.2814 Acc: 0.6659
2018-08-18 12:58:19,259:INFO: Val Acc: 0.4869
2018-08-18 12:58:19,260:INFO: Epoch 18/99
2018-08-18 12:58:19,260:INFO: ----------
2018-08-18 12:59:30,303:INFO: Train Loss: 0.2723 Acc: 0.6692
2018-08-18 13:00:10,822:INFO: Val Acc: 0.5367
2018-08-18 13:00:10,822:INFO: Found new best accuracy
2018-08-18 13:00:10,828:INFO: Epoch 19/99
2018-08-18 13:00:10,828:INFO: ----------
2018-08-18 13:01:20,327:INFO: Train Loss: 0.2665 Acc: 0.6765
2018-08-18 13:01:53,571:INFO: Val Acc: 0.4609
2018-08-18 13:01:53,573:INFO: Epoch 20/99
2018-08-18 13:01:53,573:INFO: ----------
2018-08-18 13:02:58,898:INFO: Train Loss: 0.2704 Acc: 0.6745
2018-08-18 13:03:40,447:INFO: Val Acc: 0.5641
2018-08-18 13:03:40,448:INFO: Found new best accuracy
2018-08-18 13:03:40,454:INFO: Epoch 21/99
2018-08-18 13:03:40,454:INFO: ----------
2018-08-18 13:04:46,479:INFO: Train Loss: 0.2578 Acc: 0.6875
2018-08-18 13:05:27,084:INFO: Val Acc: 0.5493
2018-08-18 13:05:27,086:INFO: Epoch 22/99
2018-08-18 13:05:27,087:INFO: ----------
2018-08-18 13:06:32,420:INFO: Train Loss: 0.2529 Acc: 0.6936
2018-08-18 13:07:13,098:INFO: Val Acc: 0.5050
2018-08-18 13:07:13,099:INFO: Epoch 23/99
2018-08-18 13:07:13,099:INFO: ----------
2018-08-18 13:08:16,595:INFO: Train Loss: 0.2436 Acc: 0.7081
2018-08-18 13:08:54,877:INFO: Val Acc: 0.5913
2018-08-18 13:08:54,878:INFO: Found new best accuracy
2018-08-18 13:08:54,884:INFO: Epoch 24/99
2018-08-18 13:08:54,885:INFO: ----------
2018-08-18 13:10:05,489:INFO: Train Loss: 0.2462 Acc: 0.7035
2018-08-18 13:10:40,171:INFO: Val Acc: 0.5490
2018-08-18 13:10:40,172:INFO: Epoch 25/99
2018-08-18 13:10:40,172:INFO: ----------
2018-08-18 13:11:48,197:INFO: Train Loss: 0.2429 Acc: 0.7073
2018-08-18 13:12:27,184:INFO: Val Acc: 0.4472
2018-08-18 13:12:27,185:INFO: Epoch 26/99
2018-08-18 13:12:27,185:INFO: ----------
2018-08-18 13:13:32,302:INFO: Train Loss: 0.2378 Acc: 0.7146
2018-08-18 13:14:22,015:INFO: Val Acc: 0.3636
2018-08-18 13:14:22,016:INFO: Epoch 27/99
2018-08-18 13:14:22,016:INFO: ----------
2018-08-18 13:15:28,926:INFO: Train Loss: 0.2408 Acc: 0.7119
2018-08-18 13:16:05,459:INFO: Val Acc: 0.5837
2018-08-18 13:16:05,460:INFO: Epoch 28/99
2018-08-18 13:16:05,460:INFO: ----------
2018-08-18 13:17:13,560:INFO: Train Loss: 0.2267 Acc: 0.7291
2018-08-18 13:17:51,611:INFO: Val Acc: 0.5190
2018-08-18 13:17:51,613:INFO: Epoch 29/99
2018-08-18 13:17:51,613:INFO: ----------
2018-08-18 13:19:02,944:INFO: Train Loss: 0.2221 Acc: 0.7364
2018-08-18 13:19:40,548:INFO: Val Acc: 0.3484
2018-08-18 13:19:40,548:INFO: Epoch 30/99
2018-08-18 13:19:40,548:INFO: ----------
2018-08-18 13:20:46,962:INFO: Train Loss: 0.1723 Acc: 0.7938
2018-08-18 13:21:26,840:INFO: Val Acc: 0.7700
2018-08-18 13:21:26,840:INFO: Found new best accuracy
2018-08-18 13:21:26,854:INFO: Epoch 31/99
2018-08-18 13:21:26,854:INFO: ----------
2018-08-18 13:22:38,038:INFO: Train Loss: 0.1536 Acc: 0.8179
2018-08-18 13:23:14,860:INFO: Val Acc: 0.7662
2018-08-18 13:23:14,861:INFO: Epoch 32/99
2018-08-18 13:23:14,861:INFO: ----------
2018-08-18 13:24:21,572:INFO: Train Loss: 0.1462 Acc: 0.8259
2018-08-18 13:25:00,855:INFO: Val Acc: 0.7755
2018-08-18 13:25:00,855:INFO: Found new best accuracy
2018-08-18 13:25:00,862:INFO: Epoch 33/99
2018-08-18 13:25:00,862:INFO: ----------
2018-08-18 13:26:16,262:INFO: Train Loss: 0.1414 Acc: 0.8342
2018-08-18 13:26:53,759:INFO: Val Acc: 0.7778
2018-08-18 13:26:53,761:INFO: Found new best accuracy
2018-08-18 13:26:53,784:INFO: Epoch 34/99
2018-08-18 13:26:53,784:INFO: ----------
2018-08-18 13:28:05,337:INFO: Train Loss: 0.1365 Acc: 0.8449
2018-08-18 13:28:45,404:INFO: Val Acc: 0.7808
2018-08-18 13:28:45,404:INFO: Found new best accuracy
2018-08-18 13:28:45,414:INFO: Epoch 35/99
2018-08-18 13:28:45,415:INFO: ----------
2018-08-18 13:29:48,064:INFO: Train Loss: 0.1347 Acc: 0.8453
2018-08-18 13:30:26,481:INFO: Val Acc: 0.7723
2018-08-18 13:30:26,481:INFO: Epoch 36/99
2018-08-18 13:30:26,482:INFO: ----------
2018-08-18 13:31:36,764:INFO: Train Loss: 0.1304 Acc: 0.8496
2018-08-18 13:32:10,608:INFO: Val Acc: 0.7840
2018-08-18 13:32:10,609:INFO: Found new best accuracy
2018-08-18 13:32:10,622:INFO: Epoch 37/99
2018-08-18 13:32:10,622:INFO: ----------
2018-08-18 13:33:22,722:INFO: Train Loss: 0.1276 Acc: 0.8518
2018-08-18 13:34:02,515:INFO: Val Acc: 0.7679
2018-08-18 13:34:02,516:INFO: Epoch 38/99
2018-08-18 13:34:02,516:INFO: ----------
2018-08-18 13:35:14,145:INFO: Train Loss: 0.1254 Acc: 0.8578
2018-08-18 13:36:00,837:INFO: Val Acc: 0.7749
2018-08-18 13:36:00,838:INFO: Epoch 39/99
2018-08-18 13:36:00,838:INFO: ----------
2018-08-18 13:37:06,324:INFO: Train Loss: 0.1220 Acc: 0.8632
2018-08-18 13:37:51,996:INFO: Val Acc: 0.7662
2018-08-18 13:37:51,997:INFO: Epoch 40/99
2018-08-18 13:37:51,997:INFO: ----------
2018-08-18 13:38:56,057:INFO: Train Loss: 0.1186 Acc: 0.8654
2018-08-18 13:39:30,937:INFO: Val Acc: 0.7816
2018-08-18 13:39:30,937:INFO: Epoch 41/99
2018-08-18 13:39:30,938:INFO: ----------
2018-08-18 13:40:34,728:INFO: Train Loss: 0.1161 Acc: 0.8720
2018-08-18 13:41:16,027:INFO: Val Acc: 0.7735
2018-08-18 13:41:16,028:INFO: Epoch 42/99
2018-08-18 13:41:16,028:INFO: ----------
2018-08-18 13:42:23,607:INFO: Train Loss: 0.1133 Acc: 0.8751
2018-08-18 13:43:00,054:INFO: Val Acc: 0.7819
2018-08-18 13:43:00,055:INFO: Epoch 43/99
2018-08-18 13:43:00,055:INFO: ----------
2018-08-18 13:44:09,131:INFO: Train Loss: 0.1108 Acc: 0.8805
2018-08-18 13:44:43,769:INFO: Val Acc: 0.7522
2018-08-18 13:44:43,770:INFO: Epoch 44/99
2018-08-18 13:44:43,770:INFO: ----------
2018-08-18 13:45:49,689:INFO: Train Loss: 0.1091 Acc: 0.8793
2018-08-18 13:46:24,773:INFO: Val Acc: 0.7487
2018-08-18 13:46:24,774:INFO: Epoch 45/99
2018-08-18 13:46:24,774:INFO: ----------
2018-08-18 13:47:27,055:INFO: Train Loss: 0.1061 Acc: 0.8874
2018-08-18 13:48:08,744:INFO: Val Acc: 0.7776
2018-08-18 13:48:08,744:INFO: Epoch 46/99
2018-08-18 13:48:08,744:INFO: ----------
2018-08-18 13:49:17,533:INFO: Train Loss: 0.1018 Acc: 0.8921
2018-08-18 13:49:54,918:INFO: Val Acc: 0.7694
2018-08-18 13:49:54,919:INFO: Epoch 47/99
2018-08-18 13:49:54,919:INFO: ----------
2018-08-18 13:51:03,661:INFO: Train Loss: 0.1003 Acc: 0.8989
2018-08-18 13:51:40,106:INFO: Val Acc: 0.7767
2018-08-18 13:51:40,107:INFO: Epoch 48/99
2018-08-18 13:51:40,107:INFO: ----------
2018-08-18 13:52:44,272:INFO: Train Loss: 0.0964 Acc: 0.9006
2018-08-18 13:53:22,312:INFO: Val Acc: 0.7507
2018-08-18 13:53:22,313:INFO: Epoch 49/99
2018-08-18 13:53:22,313:INFO: ----------
2018-08-18 13:54:25,561:INFO: Train Loss: 0.0965 Acc: 0.9028
2018-08-18 13:55:01,568:INFO: Val Acc: 0.7525
2018-08-18 13:55:01,569:INFO: Epoch 50/99
2018-08-18 13:55:01,569:INFO: ----------
2018-08-18 13:56:00,950:INFO: Train Loss: 0.0923 Acc: 0.9104
2018-08-18 13:56:19,983:INFO: Val Acc: 0.7915
2018-08-18 13:56:19,984:INFO: Found new best accuracy
2018-08-18 13:56:19,990:INFO: Epoch 51/99
2018-08-18 13:56:19,990:INFO: ----------
2018-08-18 13:57:16,079:INFO: Train Loss: 0.0899 Acc: 0.9155
2018-08-18 13:57:36,954:INFO: Val Acc: 0.7726
2018-08-18 13:57:36,955:INFO: Epoch 52/99
2018-08-18 13:57:36,955:INFO: ----------
2018-08-18 13:58:33,992:INFO: Train Loss: 0.0871 Acc: 0.9176
2018-08-18 13:58:56,946:INFO: Val Acc: 0.7729
2018-08-18 13:58:56,946:INFO: Epoch 53/99
2018-08-18 13:58:56,946:INFO: ----------
2018-08-18 13:59:59,739:INFO: Train Loss: 0.0875 Acc: 0.9162
2018-08-18 14:00:37,100:INFO: Val Acc: 0.7595
2018-08-18 14:00:37,100:INFO: Epoch 54/99
2018-08-18 14:00:37,100:INFO: ----------
2018-08-18 14:01:41,427:INFO: Train Loss: 0.0829 Acc: 0.9274
2018-08-18 14:02:18,066:INFO: Val Acc: 0.7405
2018-08-18 14:02:18,067:INFO: Epoch 55/99
2018-08-18 14:02:18,067:INFO: ----------
2018-08-18 14:03:17,442:INFO: Train Loss: 0.0810 Acc: 0.9322
2018-08-18 14:03:51,331:INFO: Val Acc: 0.6927
2018-08-18 14:03:51,332:INFO: Epoch 56/99
2018-08-18 14:03:51,332:INFO: ----------
2018-08-18 14:04:50,570:INFO: Train Loss: 0.0789 Acc: 0.9330
2018-08-18 14:05:15,064:INFO: Val Acc: 0.7399
2018-08-18 14:05:15,065:INFO: Epoch 57/99
2018-08-18 14:05:15,067:INFO: ----------
2018-08-18 14:06:19,738:INFO: Train Loss: 0.0748 Acc: 0.9395
2018-08-18 14:06:41,628:INFO: Val Acc: 0.7155
2018-08-18 14:06:41,629:INFO: Epoch 58/99
2018-08-18 14:06:41,629:INFO: ----------
2018-08-18 14:07:37,307:INFO: Train Loss: 0.0737 Acc: 0.9405
2018-08-18 14:08:16,315:INFO: Val Acc: 0.7741
2018-08-18 14:08:16,316:INFO: Epoch 59/99
2018-08-18 14:08:16,316:INFO: ----------
2018-08-18 14:09:14,862:INFO: Train Loss: 0.0702 Acc: 0.9478
2018-08-18 14:09:34,330:INFO: Val Acc: 0.6872
2018-08-18 14:09:34,331:INFO: Epoch 60/99
2018-08-18 14:09:34,331:INFO: ----------
2018-08-18 14:10:30,226:INFO: Train Loss: 0.0577 Acc: 0.9683
2018-08-18 14:10:50,841:INFO: Val Acc: 0.8023
2018-08-18 14:10:50,843:INFO: Found new best accuracy
2018-08-18 14:10:50,852:INFO: Epoch 61/99
2018-08-18 14:10:50,852:INFO: ----------
2018-08-18 14:11:55,698:INFO: Train Loss: 0.0554 Acc: 0.9723
2018-08-18 14:12:19,001:INFO: Val Acc: 0.8050
2018-08-18 14:12:19,002:INFO: Found new best accuracy
2018-08-18 14:12:19,013:INFO: Epoch 62/99
2018-08-18 14:12:19,013:INFO: ----------
2018-08-18 14:13:16,297:INFO: Train Loss: 0.0538 Acc: 0.9728
2018-08-18 14:13:48,218:INFO: Val Acc: 0.8041
2018-08-18 14:13:48,219:INFO: Epoch 63/99
2018-08-18 14:13:48,219:INFO: ----------
2018-08-18 14:14:44,712:INFO: Train Loss: 0.0533 Acc: 0.9729
2018-08-18 14:15:04,427:INFO: Val Acc: 0.8041
2018-08-18 14:15:04,428:INFO: Epoch 64/99
2018-08-18 14:15:04,428:INFO: ----------
2018-08-18 14:16:08,668:INFO: Train Loss: 0.0527 Acc: 0.9728
2018-08-18 14:16:39,331:INFO: Val Acc: 0.8058
2018-08-18 14:16:39,332:INFO: Found new best accuracy
2018-08-18 14:16:39,343:INFO: Epoch 65/99
2018-08-18 14:16:39,343:INFO: ----------
2018-08-18 14:17:40,354:INFO: Train Loss: 0.0532 Acc: 0.9750
2018-08-18 14:17:59,311:INFO: Val Acc: 0.7968
2018-08-18 14:17:59,312:INFO: Epoch 66/99
2018-08-18 14:17:59,313:INFO: ----------
2018-08-18 14:18:55,779:INFO: Train Loss: 0.0518 Acc: 0.9749
2018-08-18 14:19:15,847:INFO: Val Acc: 0.8026
2018-08-18 14:19:15,848:INFO: Epoch 67/99
2018-08-18 14:19:15,848:INFO: ----------
2018-08-18 14:20:15,296:INFO: Train Loss: 0.0515 Acc: 0.9778
2018-08-18 14:20:49,508:INFO: Val Acc: 0.7991
2018-08-18 14:20:49,508:INFO: Epoch 68/99
2018-08-18 14:20:49,508:INFO: ----------
2018-08-18 14:21:53,644:INFO: Train Loss: 0.0510 Acc: 0.9769
2018-08-18 14:22:15,239:INFO: Val Acc: 0.7962
2018-08-18 14:22:15,239:INFO: Epoch 69/99
2018-08-18 14:22:15,240:INFO: ----------
2018-08-18 14:23:11,490:INFO: Train Loss: 0.0511 Acc: 0.9787
2018-08-18 14:23:37,974:INFO: Val Acc: 0.8023
2018-08-18 14:23:37,975:INFO: Epoch 70/99
2018-08-18 14:23:37,975:INFO: ----------
2018-08-18 14:24:48,783:INFO: Train Loss: 0.0498 Acc: 0.9792
2018-08-18 14:25:29,927:INFO: Val Acc: 0.8026
2018-08-18 14:25:29,929:INFO: Epoch 71/99
2018-08-18 14:25:29,929:INFO: ----------
2018-08-18 14:26:43,127:INFO: Train Loss: 0.0508 Acc: 0.9761
2018-08-18 14:27:29,133:INFO: Val Acc: 0.8029
2018-08-18 14:27:29,133:INFO: Epoch 72/99
2018-08-18 14:27:29,134:INFO: ----------
2018-08-18 14:28:38,156:INFO: Train Loss: 0.0501 Acc: 0.9786
2018-08-18 14:29:21,718:INFO: Val Acc: 0.8017
2018-08-18 14:29:21,718:INFO: Epoch 73/99
2018-08-18 14:29:21,718:INFO: ----------
2018-08-18 14:30:32,699:INFO: Train Loss: 0.0501 Acc: 0.9781
2018-08-18 14:31:14,665:INFO: Val Acc: 0.8035
2018-08-18 14:31:14,669:INFO: Epoch 74/99
2018-08-18 14:31:14,670:INFO: ----------
2018-08-18 14:32:23,443:INFO: Train Loss: 0.0489 Acc: 0.9792
2018-08-18 14:33:03,484:INFO: Val Acc: 0.8082
2018-08-18 14:33:03,485:INFO: Found new best accuracy
2018-08-18 14:33:03,496:INFO: Epoch 75/99
2018-08-18 14:33:03,496:INFO: ----------
2018-08-18 14:34:10,579:INFO: Train Loss: 0.0502 Acc: 0.9795
2018-08-18 14:34:44,524:INFO: Val Acc: 0.8105
2018-08-18 14:34:44,525:INFO: Found new best accuracy
2018-08-18 14:34:44,531:INFO: Epoch 76/99
2018-08-18 14:34:44,531:INFO: ----------
2018-08-18 14:35:57,754:INFO: Train Loss: 0.0500 Acc: 0.9767
2018-08-18 14:36:36,212:INFO: Val Acc: 0.7997
2018-08-18 14:36:36,212:INFO: Epoch 77/99
2018-08-18 14:36:36,212:INFO: ----------
2018-08-18 14:37:47,158:INFO: Train Loss: 0.0489 Acc: 0.9806
2018-08-18 14:38:22,938:INFO: Val Acc: 0.8012
2018-08-18 14:38:22,939:INFO: Epoch 78/99
2018-08-18 14:38:22,939:INFO: ----------
2018-08-18 14:39:30,618:INFO: Train Loss: 0.0483 Acc: 0.9790
2018-08-18 14:40:12,621:INFO: Val Acc: 0.8058
2018-08-18 14:40:12,622:INFO: Epoch 79/99
2018-08-18 14:40:12,622:INFO: ----------
2018-08-18 14:41:15,044:INFO: Train Loss: 0.0481 Acc: 0.9810
2018-08-18 14:41:55,145:INFO: Val Acc: 0.8035
2018-08-18 14:41:55,146:INFO: Epoch 80/99
2018-08-18 14:41:55,147:INFO: ----------
2018-08-18 14:43:04,539:INFO: Train Loss: 0.0481 Acc: 0.9796
2018-08-18 14:43:39,608:INFO: Val Acc: 0.8058
2018-08-18 14:43:39,609:INFO: Epoch 81/99
2018-08-18 14:43:39,609:INFO: ----------
2018-08-18 14:44:42,329:INFO: Train Loss: 0.0480 Acc: 0.9808
2018-08-18 14:45:14,077:INFO: Val Acc: 0.8050
2018-08-18 14:45:14,078:INFO: Epoch 82/99
2018-08-18 14:45:14,078:INFO: ----------
2018-08-18 14:46:20,207:INFO: Train Loss: 0.0475 Acc: 0.9811
2018-08-18 14:47:02,892:INFO: Val Acc: 0.8079
2018-08-18 14:47:02,894:INFO: Epoch 83/99
2018-08-18 14:47:02,894:INFO: ----------
2018-08-18 14:48:08,735:INFO: Train Loss: 0.0479 Acc: 0.9804
2018-08-18 14:48:44,730:INFO: Val Acc: 0.8035
2018-08-18 14:48:44,730:INFO: Epoch 84/99
2018-08-18 14:48:44,730:INFO: ----------
2018-08-18 14:49:47,980:INFO: Train Loss: 0.0471 Acc: 0.9823
2018-08-18 14:50:34,183:INFO: Val Acc: 0.8035
2018-08-18 14:50:34,183:INFO: Epoch 85/99
2018-08-18 14:50:34,183:INFO: ----------
2018-08-18 14:51:40,617:INFO: Train Loss: 0.0474 Acc: 0.9806
2018-08-18 14:52:22,961:INFO: Val Acc: 0.8015
2018-08-18 14:52:22,962:INFO: Epoch 86/99
2018-08-18 14:52:22,962:INFO: ----------
2018-08-18 14:53:34,954:INFO: Train Loss: 0.0469 Acc: 0.9809
2018-08-18 14:54:23,222:INFO: Val Acc: 0.8006
2018-08-18 14:54:23,222:INFO: Epoch 87/99
2018-08-18 14:54:23,223:INFO: ----------
2018-08-18 14:55:38,221:INFO: Train Loss: 0.0469 Acc: 0.9800
2018-08-18 14:56:13,577:INFO: Val Acc: 0.8052
2018-08-18 14:56:13,578:INFO: Epoch 88/99
2018-08-18 14:56:13,579:INFO: ----------
2018-08-18 14:57:24,844:INFO: Train Loss: 0.0449 Acc: 0.9836
2018-08-18 14:58:03,512:INFO: Val Acc: 0.8023
2018-08-18 14:58:03,512:INFO: Epoch 89/99
2018-08-18 14:58:03,513:INFO: ----------
2018-08-18 14:59:13,498:INFO: Train Loss: 0.0455 Acc: 0.9838
2018-08-18 14:59:47,696:INFO: Val Acc: 0.8026
2018-08-18 14:59:47,696:INFO: Epoch 90/99
2018-08-18 14:59:47,696:INFO: ----------
2018-08-18 15:00:55,253:INFO: Train Loss: 0.0449 Acc: 0.9840
2018-08-18 15:01:34,037:INFO: Val Acc: 0.8050
2018-08-18 15:01:34,037:INFO: Epoch 91/99
2018-08-18 15:01:34,037:INFO: ----------
2018-08-18 15:02:43,593:INFO: Train Loss: 0.0442 Acc: 0.9846
2018-08-18 15:03:29,079:INFO: Val Acc: 0.8038
2018-08-18 15:03:29,079:INFO: Epoch 92/99
2018-08-18 15:03:29,079:INFO: ----------
2018-08-18 15:04:40,478:INFO: Train Loss: 0.0442 Acc: 0.9845
2018-08-18 15:05:31,334:INFO: Val Acc: 0.8061
2018-08-18 15:05:31,335:INFO: Epoch 93/99
2018-08-18 15:05:31,335:INFO: ----------
2018-08-18 15:06:43,778:INFO: Train Loss: 0.0437 Acc: 0.9855
2018-08-18 15:07:32,712:INFO: Val Acc: 0.8070
2018-08-18 15:07:32,713:INFO: Epoch 94/99
2018-08-18 15:07:32,713:INFO: ----------
2018-08-18 15:08:42,342:INFO: Train Loss: 0.0437 Acc: 0.9859
2018-08-18 15:09:26,271:INFO: Val Acc: 0.8061
2018-08-18 15:09:26,271:INFO: Epoch 95/99
2018-08-18 15:09:26,272:INFO: ----------
2018-08-18 15:10:32,357:INFO: Train Loss: 0.0439 Acc: 0.9846
2018-08-18 15:11:13,148:INFO: Val Acc: 0.8050
2018-08-18 15:11:13,148:INFO: Epoch 96/99
2018-08-18 15:11:13,149:INFO: ----------
2018-08-18 15:12:25,991:INFO: Train Loss: 0.0444 Acc: 0.9850
2018-08-18 15:13:09,810:INFO: Val Acc: 0.8067
2018-08-18 15:13:09,811:INFO: Epoch 97/99
2018-08-18 15:13:09,811:INFO: ----------
2018-08-18 15:14:23,347:INFO: Train Loss: 0.0447 Acc: 0.9834
2018-08-18 15:15:02,975:INFO: Val Acc: 0.8003
2018-08-18 15:15:02,976:INFO: Epoch 98/99
2018-08-18 15:15:02,976:INFO: ----------
2018-08-18 15:16:07,815:INFO: Train Loss: 0.0433 Acc: 0.9851
2018-08-18 15:16:52,478:INFO: Val Acc: 0.8087
2018-08-18 15:16:52,479:INFO: Epoch 99/99
2018-08-18 15:16:52,479:INFO: ----------
2018-08-18 15:17:55,795:INFO: Train Loss: 0.0439 Acc: 0.9852
2018-08-18 15:18:50,346:INFO: Val Acc: 0.8020
2018-08-18 15:18:50,347:INFO: Training complete in 173m 7s
2018-08-18 15:18:50,347:INFO: Best val Acc: 0.810496
2018-08-18 15:19:16,133:INFO: Test Acc: 0.8309
