2018-08-18 09:32:51,245:INFO: Loading the datasets...
2018-08-18 09:32:51,356:INFO: - done.
2018-08-18 09:33:00,220:INFO: Starting training for 100 epoch(s)
2018-08-18 09:33:00,224:INFO: Epoch 0/99
2018-08-18 09:33:00,224:INFO: ----------
2018-08-18 09:33:45,480:INFO: Train Loss: 1.1027 Acc: 0.2715
2018-08-18 09:34:03,566:INFO: Val Acc: 0.2644
2018-08-18 09:34:03,566:INFO: Found new best accuracy
2018-08-18 09:34:03,570:INFO: Epoch 1/99
2018-08-18 09:34:03,571:INFO: ----------
2018-08-18 09:34:45,358:INFO: Train Loss: 0.9991 Acc: 0.3505
2018-08-18 09:35:07,559:INFO: Val Acc: 0.3198
2018-08-18 09:35:07,560:INFO: Found new best accuracy
2018-08-18 09:35:07,565:INFO: Epoch 2/99
2018-08-18 09:35:07,566:INFO: ----------
2018-08-18 09:35:50,397:INFO: Train Loss: 0.9408 Acc: 0.3925
2018-08-18 09:36:10,643:INFO: Val Acc: 0.3694
2018-08-18 09:36:10,644:INFO: Found new best accuracy
2018-08-18 09:36:10,648:INFO: Epoch 3/99
2018-08-18 09:36:10,648:INFO: ----------
2018-08-18 09:37:04,426:INFO: Train Loss: 0.9144 Acc: 0.4066
2018-08-18 09:37:26,498:INFO: Val Acc: 0.4006
2018-08-18 09:37:26,499:INFO: Found new best accuracy
2018-08-18 09:37:26,516:INFO: Epoch 4/99
2018-08-18 09:37:26,520:INFO: ----------
2018-08-18 09:38:16,595:INFO: Train Loss: 0.8827 Acc: 0.4275
2018-08-18 09:38:50,402:INFO: Val Acc: 0.4017
2018-08-18 09:38:50,403:INFO: Found new best accuracy
2018-08-18 09:38:50,409:INFO: Epoch 5/99
2018-08-18 09:38:50,409:INFO: ----------
2018-08-18 09:39:42,832:INFO: Train Loss: 0.8679 Acc: 0.4375
2018-08-18 09:40:17,740:INFO: Val Acc: 0.3723
2018-08-18 09:40:17,741:INFO: Epoch 6/99
2018-08-18 09:40:17,742:INFO: ----------
2018-08-18 09:41:14,559:INFO: Train Loss: 0.8539 Acc: 0.4512
2018-08-18 09:41:38,710:INFO: Val Acc: 0.3997
2018-08-18 09:41:38,734:INFO: Epoch 7/99
2018-08-18 09:41:38,735:INFO: ----------
2018-08-18 09:42:31,554:INFO: Train Loss: 0.8213 Acc: 0.4690
2018-08-18 09:43:08,671:INFO: Val Acc: 0.4166
2018-08-18 09:43:08,672:INFO: Found new best accuracy
2018-08-18 09:43:08,677:INFO: Epoch 8/99
2018-08-18 09:43:08,677:INFO: ----------
2018-08-18 09:44:07,906:INFO: Train Loss: 0.7959 Acc: 0.4894
2018-08-18 09:44:30,553:INFO: Val Acc: 0.3443
2018-08-18 09:44:30,554:INFO: Epoch 9/99
2018-08-18 09:44:30,554:INFO: ----------
2018-08-18 09:45:24,883:INFO: Train Loss: 0.7868 Acc: 0.4959
2018-08-18 09:45:54,281:INFO: Val Acc: 0.4230
2018-08-18 09:45:54,282:INFO: Found new best accuracy
2018-08-18 09:45:54,290:INFO: Epoch 10/99
2018-08-18 09:45:54,290:INFO: ----------
2018-08-18 09:46:40,158:INFO: Train Loss: 0.7703 Acc: 0.5052
2018-08-18 09:47:14,878:INFO: Val Acc: 0.3423
2018-08-18 09:47:14,878:INFO: Epoch 11/99
2018-08-18 09:47:14,879:INFO: ----------
2018-08-18 09:48:04,743:INFO: Train Loss: 0.7317 Acc: 0.5369
2018-08-18 09:48:31,553:INFO: Val Acc: 0.3653
2018-08-18 09:48:31,554:INFO: Epoch 12/99
2018-08-18 09:48:31,554:INFO: ----------
2018-08-18 09:49:14,351:INFO: Train Loss: 0.7165 Acc: 0.5433
2018-08-18 09:49:34,131:INFO: Val Acc: 0.4612
2018-08-18 09:49:34,131:INFO: Found new best accuracy
2018-08-18 09:49:34,136:INFO: Epoch 13/99
2018-08-18 09:49:34,136:INFO: ----------
2018-08-18 09:50:30,952:INFO: Train Loss: 0.6954 Acc: 0.5539
2018-08-18 09:50:54,981:INFO: Val Acc: 0.3913
2018-08-18 09:50:54,981:INFO: Epoch 14/99
2018-08-18 09:50:54,982:INFO: ----------
2018-08-18 09:51:43,882:INFO: Train Loss: 0.6566 Acc: 0.5823
2018-08-18 09:52:02,652:INFO: Val Acc: 0.3297
2018-08-18 09:52:02,652:INFO: Epoch 15/99
2018-08-18 09:52:02,652:INFO: ----------
2018-08-18 09:52:44,680:INFO: Train Loss: 0.6757 Acc: 0.5674
2018-08-18 09:53:11,765:INFO: Val Acc: 0.3918
2018-08-18 09:53:11,765:INFO: Epoch 16/99
2018-08-18 09:53:11,765:INFO: ----------
2018-08-18 09:54:00,673:INFO: Train Loss: 0.6173 Acc: 0.6069
2018-08-18 09:54:36,905:INFO: Val Acc: 0.3187
2018-08-18 09:54:36,905:INFO: Epoch 17/99
2018-08-18 09:54:36,905:INFO: ----------
2018-08-18 09:55:22,385:INFO: Train Loss: 0.6253 Acc: 0.6038
2018-08-18 09:55:41,617:INFO: Val Acc: 0.3519
2018-08-18 09:55:41,618:INFO: Epoch 18/99
2018-08-18 09:55:41,618:INFO: ----------
2018-08-18 09:56:24,291:INFO: Train Loss: 0.5702 Acc: 0.6357
2018-08-18 09:56:45,894:INFO: Val Acc: 0.3997
2018-08-18 09:56:45,895:INFO: Epoch 19/99
2018-08-18 09:56:45,896:INFO: ----------
2018-08-18 09:57:39,166:INFO: Train Loss: 0.5534 Acc: 0.6482
2018-08-18 09:58:00,274:INFO: Val Acc: 0.3012
2018-08-18 09:58:00,310:INFO: Epoch 20/99
2018-08-18 09:58:00,311:INFO: ----------
2018-08-18 09:58:48,407:INFO: Train Loss: 0.5687 Acc: 0.6385
2018-08-18 09:59:16,822:INFO: Val Acc: 0.2700
2018-08-18 09:59:16,823:INFO: Epoch 21/99
2018-08-18 09:59:16,824:INFO: ----------
2018-08-18 10:00:21,873:INFO: Train Loss: 0.5373 Acc: 0.6529
2018-08-18 10:00:44,999:INFO: Val Acc: 0.4146
2018-08-18 10:00:45,000:INFO: Epoch 22/99
2018-08-18 10:00:45,000:INFO: ----------
2018-08-18 10:01:40,765:INFO: Train Loss: 0.5366 Acc: 0.6561
2018-08-18 10:02:12,259:INFO: Val Acc: 0.5076
2018-08-18 10:02:12,259:INFO: Found new best accuracy
2018-08-18 10:02:12,264:INFO: Epoch 23/99
2018-08-18 10:02:12,265:INFO: ----------
2018-08-18 10:03:04,649:INFO: Train Loss: 0.5099 Acc: 0.6734
2018-08-18 10:03:37,409:INFO: Val Acc: 0.3140
2018-08-18 10:03:37,409:INFO: Epoch 24/99
2018-08-18 10:03:37,409:INFO: ----------
2018-08-18 10:04:30,444:INFO: Train Loss: 0.5172 Acc: 0.6705
2018-08-18 10:05:07,484:INFO: Val Acc: 0.2875
2018-08-18 10:05:07,485:INFO: Epoch 25/99
2018-08-18 10:05:07,486:INFO: ----------
2018-08-18 10:06:01,631:INFO: Train Loss: 0.5014 Acc: 0.6771
2018-08-18 10:06:45,833:INFO: Val Acc: 0.2408
2018-08-18 10:06:45,834:INFO: Epoch 26/99
2018-08-18 10:06:45,834:INFO: ----------
2018-08-18 10:07:43,470:INFO: Train Loss: 0.4938 Acc: 0.6831
2018-08-18 10:08:14,311:INFO: Val Acc: 0.4671
2018-08-18 10:08:14,312:INFO: Epoch 27/99
2018-08-18 10:08:14,312:INFO: ----------
2018-08-18 10:09:03,876:INFO: Train Loss: 0.4840 Acc: 0.6924
2018-08-18 10:09:34,974:INFO: Val Acc: 0.5668
2018-08-18 10:09:34,975:INFO: Found new best accuracy
2018-08-18 10:09:34,981:INFO: Epoch 28/99
2018-08-18 10:09:34,981:INFO: ----------
2018-08-18 10:10:25,634:INFO: Train Loss: 0.4699 Acc: 0.6967
2018-08-18 10:11:01,869:INFO: Val Acc: 0.4889
2018-08-18 10:11:01,869:INFO: Epoch 29/99
2018-08-18 10:11:01,869:INFO: ----------
2018-08-18 10:11:59,539:INFO: Train Loss: 0.4538 Acc: 0.7102
2018-08-18 10:12:34,539:INFO: Val Acc: 0.3945
2018-08-18 10:12:34,539:INFO: Epoch 30/99
2018-08-18 10:12:34,539:INFO: ----------
2018-08-18 10:13:28,163:INFO: Train Loss: 0.3808 Acc: 0.7617
2018-08-18 10:14:05,307:INFO: Val Acc: 0.7236
2018-08-18 10:14:05,308:INFO: Found new best accuracy
2018-08-18 10:14:05,312:INFO: Epoch 31/99
2018-08-18 10:14:05,312:INFO: ----------
2018-08-18 10:14:52,973:INFO: Train Loss: 0.3432 Acc: 0.7939
2018-08-18 10:15:31,446:INFO: Val Acc: 0.7309
2018-08-18 10:15:31,447:INFO: Found new best accuracy
2018-08-18 10:15:31,455:INFO: Epoch 32/99
2018-08-18 10:15:31,455:INFO: ----------
2018-08-18 10:16:38,754:INFO: Train Loss: 0.3307 Acc: 0.8003
2018-08-18 10:17:19,151:INFO: Val Acc: 0.7303
2018-08-18 10:17:19,151:INFO: Epoch 33/99
2018-08-18 10:17:19,152:INFO: ----------
2018-08-18 10:18:15,350:INFO: Train Loss: 0.3215 Acc: 0.8050
2018-08-18 10:19:03,994:INFO: Val Acc: 0.7294
2018-08-18 10:19:03,994:INFO: Epoch 34/99
2018-08-18 10:19:03,995:INFO: ----------
2018-08-18 10:20:03,653:INFO: Train Loss: 0.3163 Acc: 0.8079
2018-08-18 10:20:34,689:INFO: Val Acc: 0.7344
2018-08-18 10:20:34,690:INFO: Found new best accuracy
2018-08-18 10:20:34,694:INFO: Epoch 35/99
2018-08-18 10:20:34,695:INFO: ----------
2018-08-18 10:21:29,205:INFO: Train Loss: 0.3097 Acc: 0.8144
2018-08-18 10:22:01,746:INFO: Val Acc: 0.7431
2018-08-18 10:22:01,747:INFO: Found new best accuracy
2018-08-18 10:22:01,755:INFO: Epoch 36/99
2018-08-18 10:22:01,756:INFO: ----------
2018-08-18 10:22:51,952:INFO: Train Loss: 0.3074 Acc: 0.8160
2018-08-18 10:23:20,400:INFO: Val Acc: 0.7373
2018-08-18 10:23:20,403:INFO: Epoch 37/99
2018-08-18 10:23:20,404:INFO: ----------
2018-08-18 10:24:09,748:INFO: Train Loss: 0.2986 Acc: 0.8177
2018-08-18 10:24:39,301:INFO: Val Acc: 0.7379
2018-08-18 10:24:39,301:INFO: Epoch 38/99
2018-08-18 10:24:39,301:INFO: ----------
2018-08-18 10:25:30,093:INFO: Train Loss: 0.2922 Acc: 0.8229
2018-08-18 10:26:06,597:INFO: Val Acc: 0.7312
2018-08-18 10:26:06,598:INFO: Epoch 39/99
2018-08-18 10:26:06,598:INFO: ----------
2018-08-18 10:26:57,027:INFO: Train Loss: 0.2881 Acc: 0.8259
2018-08-18 10:27:37,957:INFO: Val Acc: 0.7417
2018-08-18 10:27:37,957:INFO: Epoch 40/99
2018-08-18 10:27:37,957:INFO: ----------
2018-08-18 10:28:32,128:INFO: Train Loss: 0.2859 Acc: 0.8277
2018-08-18 10:29:07,938:INFO: Val Acc: 0.7420
2018-08-18 10:29:07,938:INFO: Epoch 41/99
2018-08-18 10:29:07,938:INFO: ----------
2018-08-18 10:29:57,603:INFO: Train Loss: 0.2798 Acc: 0.8320
2018-08-18 10:30:24,782:INFO: Val Acc: 0.7190
2018-08-18 10:30:24,782:INFO: Epoch 42/99
2018-08-18 10:30:24,782:INFO: ----------
2018-08-18 10:31:17,565:INFO: Train Loss: 0.2779 Acc: 0.8357
2018-08-18 10:31:48,123:INFO: Val Acc: 0.7402
2018-08-18 10:31:48,123:INFO: Epoch 43/99
2018-08-18 10:31:48,123:INFO: ----------
2018-08-18 10:32:39,801:INFO: Train Loss: 0.2727 Acc: 0.8383
2018-08-18 10:33:15,441:INFO: Val Acc: 0.7359
2018-08-18 10:33:15,442:INFO: Epoch 44/99
2018-08-18 10:33:15,442:INFO: ----------
2018-08-18 10:34:06,659:INFO: Train Loss: 0.2700 Acc: 0.8426
2018-08-18 10:34:35,946:INFO: Val Acc: 0.7397
2018-08-18 10:34:35,946:INFO: Epoch 45/99
2018-08-18 10:34:35,946:INFO: ----------
2018-08-18 10:35:35,253:INFO: Train Loss: 0.2635 Acc: 0.8450
2018-08-18 10:36:03,736:INFO: Val Acc: 0.7265
2018-08-18 10:36:03,738:INFO: Epoch 46/99
2018-08-18 10:36:03,738:INFO: ----------
2018-08-18 10:36:57,378:INFO: Train Loss: 0.2590 Acc: 0.8476
2018-08-18 10:37:26,379:INFO: Val Acc: 0.7481
2018-08-18 10:37:26,379:INFO: Found new best accuracy
2018-08-18 10:37:26,383:INFO: Epoch 47/99
2018-08-18 10:37:26,384:INFO: ----------
2018-08-18 10:38:19,562:INFO: Train Loss: 0.2528 Acc: 0.8503
2018-08-18 10:38:59,397:INFO: Val Acc: 0.7026
2018-08-18 10:38:59,397:INFO: Epoch 48/99
2018-08-18 10:38:59,397:INFO: ----------
2018-08-18 10:39:50,964:INFO: Train Loss: 0.2537 Acc: 0.8530
2018-08-18 10:40:18,604:INFO: Val Acc: 0.7475
2018-08-18 10:40:18,608:INFO: Epoch 49/99
2018-08-18 10:40:18,608:INFO: ----------
2018-08-18 10:41:10,541:INFO: Train Loss: 0.2507 Acc: 0.8513
2018-08-18 10:41:39,754:INFO: Val Acc: 0.6936
2018-08-18 10:41:39,754:INFO: Epoch 50/99
2018-08-18 10:41:39,754:INFO: ----------
2018-08-18 10:42:33,150:INFO: Train Loss: 0.2440 Acc: 0.8554
2018-08-18 10:43:09,984:INFO: Val Acc: 0.7251
2018-08-18 10:43:09,985:INFO: Epoch 51/99
2018-08-18 10:43:09,985:INFO: ----------
2018-08-18 10:44:02,962:INFO: Train Loss: 0.2389 Acc: 0.8610
2018-08-18 10:44:34,431:INFO: Val Acc: 0.7178
2018-08-18 10:44:34,432:INFO: Epoch 52/99
2018-08-18 10:44:34,432:INFO: ----------
2018-08-18 10:45:22,668:INFO: Train Loss: 0.2370 Acc: 0.8667
2018-08-18 10:45:58,808:INFO: Val Acc: 0.7254
2018-08-18 10:45:58,809:INFO: Epoch 53/99
2018-08-18 10:45:58,810:INFO: ----------
2018-08-18 10:46:51,178:INFO: Train Loss: 0.2285 Acc: 0.8715
2018-08-18 10:47:25,281:INFO: Val Acc: 0.7201
2018-08-18 10:47:25,282:INFO: Epoch 54/99
2018-08-18 10:47:25,282:INFO: ----------
2018-08-18 10:48:18,671:INFO: Train Loss: 0.2279 Acc: 0.8714
2018-08-18 10:48:50,652:INFO: Val Acc: 0.7248
2018-08-18 10:48:50,653:INFO: Epoch 55/99
2018-08-18 10:48:50,653:INFO: ----------
2018-08-18 10:49:43,062:INFO: Train Loss: 0.2223 Acc: 0.8760
2018-08-18 10:50:10,072:INFO: Val Acc: 0.7079
2018-08-18 10:50:10,073:INFO: Epoch 56/99
2018-08-18 10:50:10,073:INFO: ----------
2018-08-18 10:51:07,156:INFO: Train Loss: 0.2177 Acc: 0.8765
2018-08-18 10:51:39,549:INFO: Val Acc: 0.7210
2018-08-18 10:51:39,550:INFO: Epoch 57/99
2018-08-18 10:51:39,550:INFO: ----------
2018-08-18 10:52:33,507:INFO: Train Loss: 0.2187 Acc: 0.8772
2018-08-18 10:53:12,827:INFO: Val Acc: 0.7362
2018-08-18 10:53:12,828:INFO: Epoch 58/99
2018-08-18 10:53:12,828:INFO: ----------
2018-08-18 10:54:08,869:INFO: Train Loss: 0.2100 Acc: 0.8825
2018-08-18 10:54:47,070:INFO: Val Acc: 0.7058
2018-08-18 10:54:47,071:INFO: Epoch 59/99
2018-08-18 10:54:47,071:INFO: ----------
2018-08-18 10:55:35,281:INFO: Train Loss: 0.2058 Acc: 0.8865
2018-08-18 10:56:03,636:INFO: Val Acc: 0.7300
2018-08-18 10:56:03,636:INFO: Epoch 60/99
2018-08-18 10:56:03,636:INFO: ----------
2018-08-18 10:56:57,641:INFO: Train Loss: 0.1831 Acc: 0.9111
2018-08-18 10:57:30,148:INFO: Val Acc: 0.7700
2018-08-18 10:57:30,148:INFO: Found new best accuracy
2018-08-18 10:57:30,153:INFO: Epoch 61/99
2018-08-18 10:57:30,153:INFO: ----------
2018-08-18 10:58:21,600:INFO: Train Loss: 0.1746 Acc: 0.9159
2018-08-18 10:58:51,530:INFO: Val Acc: 0.7685
2018-08-18 10:58:51,532:INFO: Epoch 62/99
2018-08-18 10:58:51,533:INFO: ----------
2018-08-18 10:59:42,017:INFO: Train Loss: 0.1719 Acc: 0.9223
2018-08-18 11:00:24,628:INFO: Val Acc: 0.7714
2018-08-18 11:00:24,629:INFO: Found new best accuracy
2018-08-18 11:00:24,637:INFO: Epoch 63/99
2018-08-18 11:00:24,638:INFO: ----------
2018-08-18 11:01:20,124:INFO: Train Loss: 0.1706 Acc: 0.9212
2018-08-18 11:01:50,615:INFO: Val Acc: 0.7685
2018-08-18 11:01:50,616:INFO: Epoch 64/99
2018-08-18 11:01:50,616:INFO: ----------
2018-08-18 11:02:49,822:INFO: Train Loss: 0.1701 Acc: 0.9221
2018-08-18 11:03:25,178:INFO: Val Acc: 0.7679
2018-08-18 11:03:25,178:INFO: Epoch 65/99
2018-08-18 11:03:25,178:INFO: ----------
2018-08-18 11:04:19,587:INFO: Train Loss: 0.1709 Acc: 0.9212
2018-08-18 11:04:52,404:INFO: Val Acc: 0.7703
2018-08-18 11:04:52,404:INFO: Epoch 66/99
2018-08-18 11:04:52,405:INFO: ----------
2018-08-18 11:05:47,174:INFO: Train Loss: 0.1687 Acc: 0.9239
2018-08-18 11:06:18,060:INFO: Val Acc: 0.7673
2018-08-18 11:06:18,060:INFO: Epoch 67/99
2018-08-18 11:06:18,061:INFO: ----------
2018-08-18 11:07:10,238:INFO: Train Loss: 0.1692 Acc: 0.9229
2018-08-18 11:07:42,103:INFO: Val Acc: 0.7653
2018-08-18 11:07:42,104:INFO: Epoch 68/99
2018-08-18 11:07:42,104:INFO: ----------
2018-08-18 11:08:40,081:INFO: Train Loss: 0.1684 Acc: 0.9243
2018-08-18 11:09:15,577:INFO: Val Acc: 0.7700
2018-08-18 11:09:15,578:INFO: Epoch 69/99
2018-08-18 11:09:15,578:INFO: ----------
2018-08-18 11:10:10,773:INFO: Train Loss: 0.1661 Acc: 0.9271
2018-08-18 11:10:41,447:INFO: Val Acc: 0.7735
2018-08-18 11:10:41,448:INFO: Found new best accuracy
2018-08-18 11:10:41,455:INFO: Epoch 70/99
2018-08-18 11:10:41,455:INFO: ----------
2018-08-18 11:11:31,948:INFO: Train Loss: 0.1656 Acc: 0.9279
2018-08-18 11:12:11,066:INFO: Val Acc: 0.7706
2018-08-18 11:12:11,066:INFO: Epoch 71/99
2018-08-18 11:12:11,067:INFO: ----------
2018-08-18 11:13:05,108:INFO: Train Loss: 0.1648 Acc: 0.9235
2018-08-18 11:13:38,674:INFO: Val Acc: 0.7717
2018-08-18 11:13:38,675:INFO: Epoch 72/99
2018-08-18 11:13:38,675:INFO: ----------
2018-08-18 11:14:32,979:INFO: Train Loss: 0.1646 Acc: 0.9272
2018-08-18 11:15:00,671:INFO: Val Acc: 0.7732
2018-08-18 11:15:00,671:INFO: Epoch 73/99
2018-08-18 11:15:00,671:INFO: ----------
2018-08-18 11:15:53,162:INFO: Train Loss: 0.1632 Acc: 0.9265
2018-08-18 11:16:24,174:INFO: Val Acc: 0.7685
2018-08-18 11:16:24,175:INFO: Epoch 74/99
2018-08-18 11:16:24,175:INFO: ----------
2018-08-18 11:17:20,682:INFO: Train Loss: 0.1643 Acc: 0.9265
2018-08-18 11:17:55,723:INFO: Val Acc: 0.7714
2018-08-18 11:17:55,723:INFO: Epoch 75/99
2018-08-18 11:17:55,723:INFO: ----------
2018-08-18 11:18:49,147:INFO: Train Loss: 0.1622 Acc: 0.9303
2018-08-18 11:19:22,261:INFO: Val Acc: 0.7673
2018-08-18 11:19:22,262:INFO: Epoch 76/99
2018-08-18 11:19:22,262:INFO: ----------
2018-08-18 11:20:13,396:INFO: Train Loss: 0.1618 Acc: 0.9302
2018-08-18 11:20:56,457:INFO: Val Acc: 0.7706
2018-08-18 11:20:56,458:INFO: Epoch 77/99
2018-08-18 11:20:56,459:INFO: ----------
2018-08-18 11:21:49,712:INFO: Train Loss: 0.1621 Acc: 0.9317
2018-08-18 11:22:24,381:INFO: Val Acc: 0.7717
2018-08-18 11:22:24,381:INFO: Epoch 78/99
2018-08-18 11:22:24,381:INFO: ----------
2018-08-18 11:23:19,625:INFO: Train Loss: 0.1609 Acc: 0.9317
2018-08-18 11:23:48,059:INFO: Val Acc: 0.7720
2018-08-18 11:23:48,060:INFO: Epoch 79/99
2018-08-18 11:23:48,060:INFO: ----------
2018-08-18 11:24:39,939:INFO: Train Loss: 0.1606 Acc: 0.9281
2018-08-18 11:25:12,010:INFO: Val Acc: 0.7703
2018-08-18 11:25:12,011:INFO: Epoch 80/99
2018-08-18 11:25:12,011:INFO: ----------
2018-08-18 11:26:04,640:INFO: Train Loss: 0.1598 Acc: 0.9309
2018-08-18 11:26:39,526:INFO: Val Acc: 0.7706
2018-08-18 11:26:39,527:INFO: Epoch 81/99
2018-08-18 11:26:39,527:INFO: ----------
2018-08-18 11:27:33,050:INFO: Train Loss: 0.1605 Acc: 0.9290
2018-08-18 11:28:09,524:INFO: Val Acc: 0.7729
2018-08-18 11:28:09,524:INFO: Epoch 82/99
2018-08-18 11:28:09,524:INFO: ----------
2018-08-18 11:29:07,919:INFO: Train Loss: 0.1592 Acc: 0.9293
2018-08-18 11:29:53,809:INFO: Val Acc: 0.7694
2018-08-18 11:29:53,810:INFO: Epoch 83/99
2018-08-18 11:29:53,810:INFO: ----------
2018-08-18 11:30:47,983:INFO: Train Loss: 0.1586 Acc: 0.9317
2018-08-18 11:31:22,966:INFO: Val Acc: 0.7711
2018-08-18 11:31:22,967:INFO: Epoch 84/99
2018-08-18 11:31:22,967:INFO: ----------
2018-08-18 11:32:16,490:INFO: Train Loss: 0.1557 Acc: 0.9334
2018-08-18 11:32:44,123:INFO: Val Acc: 0.7743
2018-08-18 11:32:44,124:INFO: Found new best accuracy
2018-08-18 11:32:44,130:INFO: Epoch 85/99
2018-08-18 11:32:44,130:INFO: ----------
2018-08-18 11:33:36,165:INFO: Train Loss: 0.1554 Acc: 0.9336
2018-08-18 11:34:08,011:INFO: Val Acc: 0.7706
2018-08-18 11:34:08,012:INFO: Epoch 86/99
2018-08-18 11:34:08,012:INFO: ----------
2018-08-18 11:35:06,221:INFO: Train Loss: 0.1559 Acc: 0.9329
2018-08-18 11:35:38,435:INFO: Val Acc: 0.7743
2018-08-18 11:35:38,436:INFO: Epoch 87/99
2018-08-18 11:35:38,436:INFO: ----------
2018-08-18 11:36:30,945:INFO: Train Loss: 0.1541 Acc: 0.9354
2018-08-18 11:37:00,608:INFO: Val Acc: 0.7714
2018-08-18 11:37:00,609:INFO: Epoch 88/99
2018-08-18 11:37:00,609:INFO: ----------
2018-08-18 11:37:54,197:INFO: Train Loss: 0.1548 Acc: 0.9356
2018-08-18 11:38:33,944:INFO: Val Acc: 0.7738
2018-08-18 11:38:33,944:INFO: Epoch 89/99
2018-08-18 11:38:33,945:INFO: ----------
2018-08-18 11:39:29,994:INFO: Train Loss: 0.1550 Acc: 0.9344
2018-08-18 11:40:07,837:INFO: Val Acc: 0.7711
2018-08-18 11:40:07,840:INFO: Epoch 90/99
2018-08-18 11:40:07,841:INFO: ----------
2018-08-18 11:41:07,973:INFO: Train Loss: 0.1502 Acc: 0.9390
2018-08-18 11:41:39,895:INFO: Val Acc: 0.7741
2018-08-18 11:41:39,895:INFO: Epoch 91/99
2018-08-18 11:41:39,895:INFO: ----------
2018-08-18 11:42:44,219:INFO: Train Loss: 0.1510 Acc: 0.9379
2018-08-18 11:43:17,572:INFO: Val Acc: 0.7711
2018-08-18 11:43:17,573:INFO: Epoch 92/99
2018-08-18 11:43:17,573:INFO: ----------
2018-08-18 11:44:15,033:INFO: Train Loss: 0.1497 Acc: 0.9384
2018-08-18 11:44:48,026:INFO: Val Acc: 0.7708
2018-08-18 11:44:48,026:INFO: Epoch 93/99
2018-08-18 11:44:48,027:INFO: ----------
2018-08-18 11:45:34,879:INFO: Train Loss: 0.1498 Acc: 0.9389
2018-08-18 11:46:14,464:INFO: Val Acc: 0.7729
2018-08-18 11:46:14,465:INFO: Epoch 94/99
2018-08-18 11:46:14,465:INFO: ----------
2018-08-18 11:47:11,082:INFO: Train Loss: 0.1496 Acc: 0.9397
2018-08-18 11:47:55,447:INFO: Val Acc: 0.7703
2018-08-18 11:47:55,448:INFO: Epoch 95/99
2018-08-18 11:47:55,448:INFO: ----------
2018-08-18 11:48:48,693:INFO: Train Loss: 0.1497 Acc: 0.9419
2018-08-18 11:49:17,714:INFO: Val Acc: 0.7676
2018-08-18 11:49:17,715:INFO: Epoch 96/99
2018-08-18 11:49:17,715:INFO: ----------
2018-08-18 11:50:07,114:INFO: Train Loss: 0.1494 Acc: 0.9403
2018-08-18 11:50:48,855:INFO: Val Acc: 0.7717
2018-08-18 11:50:48,856:INFO: Epoch 97/99
2018-08-18 11:50:48,856:INFO: ----------
2018-08-18 11:51:43,895:INFO: Train Loss: 0.1499 Acc: 0.9395
2018-08-18 11:52:13,411:INFO: Val Acc: 0.7703
2018-08-18 11:52:13,412:INFO: Epoch 98/99
2018-08-18 11:52:13,412:INFO: ----------
2018-08-18 11:53:04,220:INFO: Train Loss: 0.1509 Acc: 0.9382
2018-08-18 11:53:37,544:INFO: Val Acc: 0.7729
2018-08-18 11:53:37,545:INFO: Epoch 99/99
2018-08-18 11:53:37,545:INFO: ----------
2018-08-18 11:54:27,380:INFO: Train Loss: 0.1492 Acc: 0.9378
2018-08-18 11:55:00,681:INFO: Val Acc: 0.7697
2018-08-18 11:55:00,682:INFO: Training complete in 142m 0s
2018-08-18 11:55:00,682:INFO: Best val Acc: 0.774344
2018-08-18 11:55:37,350:INFO: Test Acc: 0.8040
