2018-08-15 17:14:49,791:INFO: Loading the datasets...
2018-08-15 17:14:49,865:INFO: - done.
2018-08-15 17:14:50,786:INFO: Starting training for 10 epoch(s)
2018-08-15 17:14:51,835:INFO: Epoch 0/9
2018-08-15 17:14:51,835:INFO: ----------
2018-08-15 17:17:09,251:INFO: Loading the datasets...
2018-08-15 17:17:09,440:INFO: - done.
2018-08-15 17:17:29,621:INFO: Starting training for 10 epoch(s)
2018-08-15 17:17:29,633:INFO: Epoch 0/9
2018-08-15 17:17:29,633:INFO: ----------
2018-08-15 17:18:40,367:INFO: Loading the datasets...
2018-08-15 17:18:40,477:INFO: - done.
2018-08-15 17:18:59,613:INFO: Starting training for 10 epoch(s)
2018-08-15 17:18:59,625:INFO: Epoch 0/9
2018-08-15 17:18:59,625:INFO: ----------
2018-08-15 17:20:28,457:INFO: Train Loss: 2.9370 Acc: 0.1614
2018-08-15 17:21:23,002:INFO: Val Acc: 0.1866
2018-08-15 17:21:23,002:INFO: Found new best accuracy
2018-08-15 17:21:23,011:INFO: Epoch 1/9
2018-08-15 17:21:23,011:INFO: ----------
2018-08-15 17:22:56,698:INFO: Train Loss: 2.1248 Acc: 0.2434
2018-08-15 17:24:04,165:INFO: Val Acc: 0.2312
2018-08-15 17:24:04,166:INFO: Found new best accuracy
2018-08-15 17:24:04,175:INFO: Epoch 2/9
2018-08-15 17:24:04,175:INFO: ----------
2018-08-15 17:25:52,493:INFO: Train Loss: 2.0185 Acc: 0.2761
2018-08-15 17:26:49,569:INFO: Val Acc: 0.2682
2018-08-15 17:26:49,570:INFO: Found new best accuracy
2018-08-15 17:26:49,576:INFO: Epoch 3/9
2018-08-15 17:26:49,576:INFO: ----------
2018-08-15 17:28:46,504:INFO: Train Loss: 1.9614 Acc: 0.3000
2018-08-15 17:29:42,668:INFO: Val Acc: 0.3254
2018-08-15 17:29:42,669:INFO: Found new best accuracy
2018-08-15 17:29:42,675:INFO: Epoch 4/9
2018-08-15 17:29:42,675:INFO: ----------
2018-08-15 17:31:30,563:INFO: Train Loss: 1.9168 Acc: 0.3175
2018-08-15 17:32:33,532:INFO: Val Acc: 0.3131
2018-08-15 17:32:33,532:INFO: Epoch 5/9
2018-08-15 17:32:33,532:INFO: ----------
2018-08-15 17:34:20,364:INFO: Train Loss: 1.8684 Acc: 0.3464
2018-08-15 17:35:18,004:INFO: Val Acc: 0.3799
2018-08-15 17:35:18,004:INFO: Found new best accuracy
2018-08-15 17:35:18,011:INFO: Epoch 6/9
2018-08-15 17:35:18,011:INFO: ----------
2018-08-15 17:37:06,881:INFO: Train Loss: 1.8024 Acc: 0.3648
2018-08-15 17:38:06,618:INFO: Val Acc: 0.2907
2018-08-15 17:38:06,618:INFO: Epoch 7/9
2018-08-15 17:38:06,619:INFO: ----------
2018-08-15 17:39:50,906:INFO: Train Loss: 1.7573 Acc: 0.3820
2018-08-15 17:40:41,194:INFO: Val Acc: 0.4111
2018-08-15 17:40:41,195:INFO: Found new best accuracy
2018-08-15 17:40:41,205:INFO: Epoch 8/9
2018-08-15 17:40:41,205:INFO: ----------
2018-08-15 17:42:35,769:INFO: Train Loss: 1.6705 Acc: 0.4124
2018-08-15 17:43:33,129:INFO: Val Acc: 0.4321
2018-08-15 17:43:33,130:INFO: Found new best accuracy
2018-08-15 17:43:33,137:INFO: Epoch 9/9
2018-08-15 17:43:33,137:INFO: ----------
2018-08-15 17:45:17,522:INFO: Train Loss: 1.6116 Acc: 0.4403
2018-08-15 17:46:11,751:INFO: Val Acc: 0.4210
2018-08-15 17:46:11,751:INFO: Training complete in 27m 12s
2018-08-15 17:46:11,751:INFO: Best val Acc: 0.432070
2018-08-15 17:47:07,132:INFO: Test Acc: 0.4353
