2018-08-18 10:21:20,266:INFO: Loading the datasets...
2018-08-18 10:21:20,352:INFO: - done.
2018-08-18 10:21:43,364:INFO: Starting training for 100 epoch(s)
2018-08-18 10:21:43,368:INFO: Epoch 0/99
2018-08-18 10:21:43,368:INFO: ----------
2018-08-18 10:22:37,233:INFO: Train Loss: 0.7905 Acc: 0.2669
2018-08-18 10:23:06,621:INFO: Val Acc: 0.3023
2018-08-18 10:23:06,621:INFO: Found new best accuracy
2018-08-18 10:23:06,625:INFO: Epoch 1/99
2018-08-18 10:23:06,625:INFO: ----------
2018-08-18 10:23:59,204:INFO: Train Loss: 0.7028 Acc: 0.3533
2018-08-18 10:24:39,104:INFO: Val Acc: 0.3198
2018-08-18 10:24:39,105:INFO: Found new best accuracy
2018-08-18 10:24:39,112:INFO: Epoch 2/99
2018-08-18 10:24:39,112:INFO: ----------
2018-08-18 10:25:27,615:INFO: Train Loss: 0.6599 Acc: 0.3977
2018-08-18 10:26:01,395:INFO: Val Acc: 0.3603
2018-08-18 10:26:01,396:INFO: Found new best accuracy
2018-08-18 10:26:01,404:INFO: Epoch 3/99
2018-08-18 10:26:01,404:INFO: ----------
2018-08-18 10:26:54,892:INFO: Train Loss: 0.6451 Acc: 0.4062
2018-08-18 10:27:34,833:INFO: Val Acc: 0.4070
2018-08-18 10:27:34,833:INFO: Found new best accuracy
2018-08-18 10:27:34,838:INFO: Epoch 4/99
2018-08-18 10:27:34,838:INFO: ----------
2018-08-18 10:28:34,707:INFO: Train Loss: 0.6245 Acc: 0.4300
2018-08-18 10:29:03,994:INFO: Val Acc: 0.3720
2018-08-18 10:29:03,995:INFO: Epoch 5/99
2018-08-18 10:29:03,995:INFO: ----------
2018-08-18 10:29:57,836:INFO: Train Loss: 0.6142 Acc: 0.4409
2018-08-18 10:30:26,856:INFO: Val Acc: 0.4242
2018-08-18 10:30:26,857:INFO: Found new best accuracy
2018-08-18 10:30:26,863:INFO: Epoch 6/99
2018-08-18 10:30:26,863:INFO: ----------
2018-08-18 10:31:17,932:INFO: Train Loss: 0.6059 Acc: 0.4422
2018-08-18 10:31:53,897:INFO: Val Acc: 0.3551
2018-08-18 10:31:53,898:INFO: Epoch 7/99
2018-08-18 10:31:53,898:INFO: ----------
2018-08-18 10:32:47,690:INFO: Train Loss: 0.5844 Acc: 0.4662
2018-08-18 10:33:20,278:INFO: Val Acc: 0.4455
2018-08-18 10:33:20,279:INFO: Found new best accuracy
2018-08-18 10:33:20,285:INFO: Epoch 8/99
2018-08-18 10:33:20,285:INFO: ----------
2018-08-18 10:34:13,768:INFO: Train Loss: 0.5582 Acc: 0.4939
2018-08-18 10:34:44,978:INFO: Val Acc: 0.3300
2018-08-18 10:34:44,979:INFO: Epoch 9/99
2018-08-18 10:34:44,979:INFO: ----------
2018-08-18 10:35:40,855:INFO: Train Loss: 0.5577 Acc: 0.4947
2018-08-18 10:36:08,812:INFO: Val Acc: 0.4679
2018-08-18 10:36:08,813:INFO: Found new best accuracy
2018-08-18 10:36:08,817:INFO: Epoch 10/99
2018-08-18 10:36:08,817:INFO: ----------
2018-08-18 10:37:02,611:INFO: Train Loss: 0.5369 Acc: 0.5084
2018-08-18 10:37:39,041:INFO: Val Acc: 0.2283
2018-08-18 10:37:39,042:INFO: Epoch 11/99
2018-08-18 10:37:39,042:INFO: ----------
2018-08-18 10:38:30,970:INFO: Train Loss: 0.5142 Acc: 0.5326
2018-08-18 10:39:02,886:INFO: Val Acc: 0.3329
2018-08-18 10:39:02,887:INFO: Epoch 12/99
2018-08-18 10:39:02,887:INFO: ----------
2018-08-18 10:39:57,518:INFO: Train Loss: 0.4941 Acc: 0.5455
2018-08-18 10:40:30,860:INFO: Val Acc: 0.4224
2018-08-18 10:40:30,861:INFO: Epoch 13/99
2018-08-18 10:40:30,861:INFO: ----------
2018-08-18 10:41:28,125:INFO: Train Loss: 0.4872 Acc: 0.5504
2018-08-18 10:41:57,097:INFO: Val Acc: 0.3802
2018-08-18 10:41:57,097:INFO: Epoch 14/99
2018-08-18 10:41:57,098:INFO: ----------
2018-08-18 10:42:51,613:INFO: Train Loss: 0.4659 Acc: 0.5723
2018-08-18 10:43:18,097:INFO: Val Acc: 0.3933
2018-08-18 10:43:18,097:INFO: Epoch 15/99
2018-08-18 10:43:18,098:INFO: ----------
2018-08-18 10:44:12,047:INFO: Train Loss: 0.4845 Acc: 0.5570
2018-08-18 10:44:40,455:INFO: Val Acc: 0.5306
2018-08-18 10:44:40,456:INFO: Found new best accuracy
2018-08-18 10:44:40,463:INFO: Epoch 16/99
2018-08-18 10:44:40,464:INFO: ----------
2018-08-18 10:45:30,787:INFO: Train Loss: 0.4320 Acc: 0.6052
2018-08-18 10:46:05,335:INFO: Val Acc: 0.4079
2018-08-18 10:46:05,336:INFO: Epoch 17/99
2018-08-18 10:46:05,336:INFO: ----------
2018-08-18 10:46:59,726:INFO: Train Loss: 0.4492 Acc: 0.5893
2018-08-18 10:47:32,819:INFO: Val Acc: 0.4187
2018-08-18 10:47:32,821:INFO: Epoch 18/99
2018-08-18 10:47:32,821:INFO: ----------
2018-08-18 10:48:25,890:INFO: Train Loss: 0.4115 Acc: 0.6195
2018-08-18 10:48:58,112:INFO: Val Acc: 0.3927
2018-08-18 10:48:58,113:INFO: Epoch 19/99
2018-08-18 10:48:58,113:INFO: ----------
2018-08-18 10:49:53,894:INFO: Train Loss: 0.3951 Acc: 0.6369
2018-08-18 10:50:26,385:INFO: Val Acc: 0.5155
2018-08-18 10:50:26,385:INFO: Epoch 20/99
2018-08-18 10:50:26,385:INFO: ----------
2018-08-18 10:51:22,809:INFO: Train Loss: 0.3929 Acc: 0.6367
2018-08-18 10:52:03,531:INFO: Val Acc: 0.4569
2018-08-18 10:52:03,532:INFO: Epoch 21/99
2018-08-18 10:52:03,533:INFO: ----------
2018-08-18 10:53:06,544:INFO: Train Loss: 0.3783 Acc: 0.6510
2018-08-18 10:53:48,591:INFO: Val Acc: 0.3700
2018-08-18 10:53:48,591:INFO: Epoch 22/99
2018-08-18 10:53:48,592:INFO: ----------
2018-08-18 10:54:40,825:INFO: Train Loss: 0.3817 Acc: 0.6497
2018-08-18 10:55:16,425:INFO: Val Acc: 0.3886
2018-08-18 10:55:16,426:INFO: Epoch 23/99
2018-08-18 10:55:16,426:INFO: ----------
2018-08-18 10:56:10,845:INFO: Train Loss: 0.3565 Acc: 0.6659
2018-08-18 10:56:41,081:INFO: Val Acc: 0.4554
2018-08-18 10:56:41,082:INFO: Epoch 24/99
2018-08-18 10:56:41,082:INFO: ----------
2018-08-18 10:57:34,844:INFO: Train Loss: 0.3520 Acc: 0.6709
2018-08-18 10:58:12,632:INFO: Val Acc: 0.4694
2018-08-18 10:58:12,634:INFO: Epoch 25/99
2018-08-18 10:58:12,634:INFO: ----------
2018-08-18 10:59:09,486:INFO: Train Loss: 0.3613 Acc: 0.6687
2018-08-18 10:59:56,460:INFO: Val Acc: 0.4114
2018-08-18 10:59:56,460:INFO: Epoch 26/99
2018-08-18 10:59:56,460:INFO: ----------
2018-08-18 11:00:47,489:INFO: Train Loss: 0.3370 Acc: 0.6892
2018-08-18 11:01:26,674:INFO: Val Acc: 0.5901
2018-08-18 11:01:26,674:INFO: Found new best accuracy
2018-08-18 11:01:26,681:INFO: Epoch 27/99
2018-08-18 11:01:26,682:INFO: ----------
2018-08-18 11:02:20,615:INFO: Train Loss: 0.3351 Acc: 0.6829
2018-08-18 11:02:54,225:INFO: Val Acc: 0.4831
2018-08-18 11:02:54,226:INFO: Epoch 28/99
2018-08-18 11:02:54,226:INFO: ----------
2018-08-18 11:03:52,483:INFO: Train Loss: 0.3256 Acc: 0.6996
2018-08-18 11:04:25,281:INFO: Val Acc: 0.4035
2018-08-18 11:04:25,282:INFO: Epoch 29/99
2018-08-18 11:04:25,282:INFO: ----------
2018-08-18 11:05:20,007:INFO: Train Loss: 0.3228 Acc: 0.6970
2018-08-18 11:05:50,984:INFO: Val Acc: 0.3913
2018-08-18 11:05:50,985:INFO: Epoch 30/99
2018-08-18 11:05:50,985:INFO: ----------
2018-08-18 11:06:42,883:INFO: Train Loss: 0.2659 Acc: 0.7570
2018-08-18 11:07:14,007:INFO: Val Acc: 0.7213
2018-08-18 11:07:14,007:INFO: Found new best accuracy
2018-08-18 11:07:14,012:INFO: Epoch 31/99
2018-08-18 11:07:14,012:INFO: ----------
2018-08-18 11:08:06,442:INFO: Train Loss: 0.2450 Acc: 0.7813
2018-08-18 11:08:45,020:INFO: Val Acc: 0.7259
2018-08-18 11:08:45,021:INFO: Found new best accuracy
2018-08-18 11:08:45,030:INFO: Epoch 32/99
2018-08-18 11:08:45,030:INFO: ----------
2018-08-18 11:09:44,476:INFO: Train Loss: 0.2383 Acc: 0.7850
2018-08-18 11:10:23,339:INFO: Val Acc: 0.7353
2018-08-18 11:10:23,340:INFO: Found new best accuracy
2018-08-18 11:10:23,347:INFO: Epoch 33/99
2018-08-18 11:10:23,347:INFO: ----------
2018-08-18 11:11:14,620:INFO: Train Loss: 0.2324 Acc: 0.7892
2018-08-18 11:12:00,333:INFO: Val Acc: 0.7405
2018-08-18 11:12:00,334:INFO: Found new best accuracy
2018-08-18 11:12:00,340:INFO: Epoch 34/99
2018-08-18 11:12:00,340:INFO: ----------
2018-08-18 11:12:55,707:INFO: Train Loss: 0.2300 Acc: 0.7956
2018-08-18 11:13:26,027:INFO: Val Acc: 0.7332
2018-08-18 11:13:26,028:INFO: Epoch 35/99
2018-08-18 11:13:26,029:INFO: ----------
2018-08-18 11:14:21,951:INFO: Train Loss: 0.2256 Acc: 0.7969
2018-08-18 11:15:00,765:INFO: Val Acc: 0.7417
2018-08-18 11:15:00,766:INFO: Found new best accuracy
2018-08-18 11:15:00,770:INFO: Epoch 36/99
2018-08-18 11:15:00,770:INFO: ----------
2018-08-18 11:15:53,636:INFO: Train Loss: 0.2244 Acc: 0.7990
2018-08-18 11:16:24,064:INFO: Val Acc: 0.7466
2018-08-18 11:16:24,065:INFO: Found new best accuracy
2018-08-18 11:16:24,072:INFO: Epoch 37/99
2018-08-18 11:16:24,073:INFO: ----------
2018-08-18 11:17:13,513:INFO: Train Loss: 0.2202 Acc: 0.8011
2018-08-18 11:17:51,101:INFO: Val Acc: 0.7490
2018-08-18 11:17:51,102:INFO: Found new best accuracy
2018-08-18 11:17:51,110:INFO: Epoch 38/99
2018-08-18 11:17:51,110:INFO: ----------
2018-08-18 11:18:42,824:INFO: Train Loss: 0.2154 Acc: 0.8063
2018-08-18 11:19:19,049:INFO: Val Acc: 0.7362
2018-08-18 11:19:19,049:INFO: Epoch 39/99
2018-08-18 11:19:19,050:INFO: ----------
2018-08-18 11:20:14,948:INFO: Train Loss: 0.2133 Acc: 0.8100
2018-08-18 11:20:54,697:INFO: Val Acc: 0.7423
2018-08-18 11:20:54,698:INFO: Epoch 40/99
2018-08-18 11:20:54,699:INFO: ----------
2018-08-18 11:21:47,582:INFO: Train Loss: 0.2126 Acc: 0.8046
2018-08-18 11:22:23,066:INFO: Val Acc: 0.7394
2018-08-18 11:22:23,067:INFO: Epoch 41/99
2018-08-18 11:22:23,067:INFO: ----------
2018-08-18 11:23:12,321:INFO: Train Loss: 0.2081 Acc: 0.8136
2018-08-18 11:23:40,976:INFO: Val Acc: 0.7417
2018-08-18 11:23:40,977:INFO: Epoch 42/99
2018-08-18 11:23:40,977:INFO: ----------
2018-08-18 11:24:34,664:INFO: Train Loss: 0.2074 Acc: 0.8129
2018-08-18 11:25:10,856:INFO: Val Acc: 0.7516
2018-08-18 11:25:10,858:INFO: Found new best accuracy
2018-08-18 11:25:10,865:INFO: Epoch 43/99
2018-08-18 11:25:10,865:INFO: ----------
2018-08-18 11:26:06,343:INFO: Train Loss: 0.2044 Acc: 0.8131
2018-08-18 11:26:46,488:INFO: Val Acc: 0.7312
2018-08-18 11:26:46,489:INFO: Epoch 44/99
2018-08-18 11:26:46,489:INFO: ----------
2018-08-18 11:27:38,528:INFO: Train Loss: 0.2042 Acc: 0.8176
2018-08-18 11:28:06,153:INFO: Val Acc: 0.7528
2018-08-18 11:28:06,154:INFO: Found new best accuracy
2018-08-18 11:28:06,158:INFO: Epoch 45/99
2018-08-18 11:28:06,159:INFO: ----------
2018-08-18 11:29:01,246:INFO: Train Loss: 0.2020 Acc: 0.8224
2018-08-18 11:29:28,611:INFO: Val Acc: 0.7455
2018-08-18 11:29:28,612:INFO: Epoch 46/99
2018-08-18 11:29:28,612:INFO: ----------
2018-08-18 11:30:24,316:INFO: Train Loss: 0.1967 Acc: 0.8263
2018-08-18 11:30:56,655:INFO: Val Acc: 0.7496
2018-08-18 11:30:56,656:INFO: Epoch 47/99
2018-08-18 11:30:56,657:INFO: ----------
2018-08-18 11:31:50,877:INFO: Train Loss: 0.1946 Acc: 0.8277
2018-08-18 11:32:25,486:INFO: Val Acc: 0.7359
2018-08-18 11:32:25,486:INFO: Epoch 48/99
2018-08-18 11:32:25,486:INFO: ----------
2018-08-18 11:33:18,388:INFO: Train Loss: 0.1947 Acc: 0.8279
2018-08-18 11:33:52,544:INFO: Val Acc: 0.7513
2018-08-18 11:33:52,544:INFO: Epoch 49/99
2018-08-18 11:33:52,545:INFO: ----------
2018-08-18 11:34:43,534:INFO: Train Loss: 0.1916 Acc: 0.8323
2018-08-18 11:35:12,388:INFO: Val Acc: 0.7362
2018-08-18 11:35:12,388:INFO: Epoch 50/99
2018-08-18 11:35:12,388:INFO: ----------
2018-08-18 11:36:02,709:INFO: Train Loss: 0.1888 Acc: 0.8340
2018-08-18 11:36:44,843:INFO: Val Acc: 0.6840
2018-08-18 11:36:44,843:INFO: Epoch 51/99
2018-08-18 11:36:44,844:INFO: ----------
2018-08-18 11:37:41,992:INFO: Train Loss: 0.1864 Acc: 0.8357
2018-08-18 11:38:12,793:INFO: Val Acc: 0.7446
2018-08-18 11:38:12,794:INFO: Epoch 52/99
2018-08-18 11:38:12,796:INFO: ----------
2018-08-18 11:38:59,082:INFO: Train Loss: 0.1834 Acc: 0.8415
2018-08-18 11:39:34,913:INFO: Val Acc: 0.6974
2018-08-18 11:39:34,913:INFO: Epoch 53/99
2018-08-18 11:39:34,913:INFO: ----------
2018-08-18 11:40:24,640:INFO: Train Loss: 0.1818 Acc: 0.8424
2018-08-18 11:41:02,051:INFO: Val Acc: 0.7423
2018-08-18 11:41:02,052:INFO: Epoch 54/99
2018-08-18 11:41:02,052:INFO: ----------
2018-08-18 11:41:52,915:INFO: Train Loss: 0.1803 Acc: 0.8449
2018-08-18 11:42:30,295:INFO: Val Acc: 0.7571
2018-08-18 11:42:30,296:INFO: Found new best accuracy
2018-08-18 11:42:30,300:INFO: Epoch 55/99
2018-08-18 11:42:30,300:INFO: ----------
2018-08-18 11:43:24,551:INFO: Train Loss: 0.1764 Acc: 0.8516
2018-08-18 11:43:50,774:INFO: Val Acc: 0.7259
2018-08-18 11:43:50,774:INFO: Epoch 56/99
2018-08-18 11:43:50,775:INFO: ----------
2018-08-18 11:44:45,049:INFO: Train Loss: 0.1762 Acc: 0.8462
2018-08-18 11:45:26,370:INFO: Val Acc: 0.7519
2018-08-18 11:45:26,372:INFO: Epoch 57/99
2018-08-18 11:45:26,372:INFO: ----------
2018-08-18 11:46:19,937:INFO: Train Loss: 0.1752 Acc: 0.8476
2018-08-18 11:46:56,411:INFO: Val Acc: 0.7388
2018-08-18 11:46:56,411:INFO: Epoch 58/99
2018-08-18 11:46:56,411:INFO: ----------
2018-08-18 11:47:53,432:INFO: Train Loss: 0.1715 Acc: 0.8519
2018-08-18 11:48:30,677:INFO: Val Acc: 0.7501
2018-08-18 11:48:30,678:INFO: Epoch 59/99
2018-08-18 11:48:30,678:INFO: ----------
2018-08-18 11:49:25,032:INFO: Train Loss: 0.1702 Acc: 0.8563
2018-08-18 11:49:56,109:INFO: Val Acc: 0.7329
2018-08-18 11:49:56,110:INFO: Epoch 60/99
2018-08-18 11:49:56,110:INFO: ----------
2018-08-18 11:50:52,047:INFO: Train Loss: 0.1545 Acc: 0.8757
2018-08-18 11:51:33,382:INFO: Val Acc: 0.7688
2018-08-18 11:51:33,383:INFO: Found new best accuracy
2018-08-18 11:51:33,388:INFO: Epoch 61/99
2018-08-18 11:51:33,388:INFO: ----------
2018-08-18 11:52:29,587:INFO: Train Loss: 0.1498 Acc: 0.8798
2018-08-18 11:53:08,130:INFO: Val Acc: 0.7694
2018-08-18 11:53:08,131:INFO: Found new best accuracy
2018-08-18 11:53:08,138:INFO: Epoch 62/99
2018-08-18 11:53:08,139:INFO: ----------
2018-08-18 11:53:59,202:INFO: Train Loss: 0.1472 Acc: 0.8835
2018-08-18 11:54:49,592:INFO: Val Acc: 0.7691
2018-08-18 11:54:49,593:INFO: Epoch 63/99
2018-08-18 11:54:49,593:INFO: ----------
2018-08-18 11:55:45,685:INFO: Train Loss: 0.1473 Acc: 0.8876
2018-08-18 11:56:17,060:INFO: Val Acc: 0.7679
2018-08-18 11:56:17,061:INFO: Epoch 64/99
2018-08-18 11:56:17,061:INFO: ----------
2018-08-18 11:57:22,065:INFO: Train Loss: 0.1466 Acc: 0.8849
2018-08-18 11:57:56,076:INFO: Val Acc: 0.7755
2018-08-18 11:57:56,077:INFO: Found new best accuracy
2018-08-18 11:57:56,084:INFO: Epoch 65/99
2018-08-18 11:57:56,084:INFO: ----------
2018-08-18 11:58:49,929:INFO: Train Loss: 0.1478 Acc: 0.8817
2018-08-18 11:59:28,126:INFO: Val Acc: 0.7717
2018-08-18 11:59:28,127:INFO: Epoch 66/99
2018-08-18 11:59:28,127:INFO: ----------
2018-08-18 12:00:20,614:INFO: Train Loss: 0.1462 Acc: 0.8858
2018-08-18 12:00:50,246:INFO: Val Acc: 0.7708
2018-08-18 12:00:50,247:INFO: Epoch 67/99
2018-08-18 12:00:50,247:INFO: ----------
2018-08-18 12:01:52,413:INFO: Train Loss: 0.1469 Acc: 0.8837
2018-08-18 12:02:24,233:INFO: Val Acc: 0.7688
2018-08-18 12:02:24,234:INFO: Epoch 68/99
2018-08-18 12:02:24,234:INFO: ----------
2018-08-18 12:03:22,444:INFO: Train Loss: 0.1461 Acc: 0.8883
2018-08-18 12:03:56,595:INFO: Val Acc: 0.7668
2018-08-18 12:03:56,596:INFO: Epoch 69/99
2018-08-18 12:03:56,596:INFO: ----------
2018-08-18 12:04:56,508:INFO: Train Loss: 0.1445 Acc: 0.8886
2018-08-18 12:05:25,952:INFO: Val Acc: 0.7764
2018-08-18 12:05:25,953:INFO: Found new best accuracy
2018-08-18 12:05:25,960:INFO: Epoch 70/99
2018-08-18 12:05:25,960:INFO: ----------
2018-08-18 12:06:16,419:INFO: Train Loss: 0.1444 Acc: 0.8879
2018-08-18 12:06:50,791:INFO: Val Acc: 0.7767
2018-08-18 12:06:50,792:INFO: Found new best accuracy
2018-08-18 12:06:50,796:INFO: Epoch 71/99
2018-08-18 12:06:50,796:INFO: ----------
2018-08-18 12:07:43,527:INFO: Train Loss: 0.1447 Acc: 0.8870
2018-08-18 12:08:16,513:INFO: Val Acc: 0.7735
2018-08-18 12:08:16,513:INFO: Epoch 72/99
2018-08-18 12:08:16,513:INFO: ----------
2018-08-18 12:09:09,077:INFO: Train Loss: 0.1447 Acc: 0.8895
2018-08-18 12:09:38,661:INFO: Val Acc: 0.7781
2018-08-18 12:09:38,662:INFO: Found new best accuracy
2018-08-18 12:09:38,667:INFO: Epoch 73/99
2018-08-18 12:09:38,667:INFO: ----------
2018-08-18 12:10:32,798:INFO: Train Loss: 0.1433 Acc: 0.8913
2018-08-18 12:11:07,665:INFO: Val Acc: 0.7732
2018-08-18 12:11:07,666:INFO: Epoch 74/99
2018-08-18 12:11:07,667:INFO: ----------
2018-08-18 12:12:09,172:INFO: Train Loss: 0.1443 Acc: 0.8881
2018-08-18 12:12:46,865:INFO: Val Acc: 0.7685
2018-08-18 12:12:46,865:INFO: Epoch 75/99
2018-08-18 12:12:46,866:INFO: ----------
2018-08-18 12:13:45,002:INFO: Train Loss: 0.1429 Acc: 0.8917
2018-08-18 12:14:16,575:INFO: Val Acc: 0.7726
2018-08-18 12:14:16,576:INFO: Epoch 76/99
2018-08-18 12:14:16,576:INFO: ----------
2018-08-18 12:15:08,578:INFO: Train Loss: 0.1428 Acc: 0.8906
2018-08-18 12:15:43,880:INFO: Val Acc: 0.7735
2018-08-18 12:15:43,880:INFO: Epoch 77/99
2018-08-18 12:15:43,881:INFO: ----------
2018-08-18 12:16:37,011:INFO: Train Loss: 0.1424 Acc: 0.8910
2018-08-18 12:17:18,415:INFO: Val Acc: 0.7778
2018-08-18 12:17:18,416:INFO: Epoch 78/99
2018-08-18 12:17:18,417:INFO: ----------
2018-08-18 12:18:13,790:INFO: Train Loss: 0.1424 Acc: 0.8905
2018-08-18 12:18:44,834:INFO: Val Acc: 0.7773
2018-08-18 12:18:44,835:INFO: Epoch 79/99
2018-08-18 12:18:44,835:INFO: ----------
2018-08-18 12:19:40,138:INFO: Train Loss: 0.1421 Acc: 0.8931
2018-08-18 12:20:19,327:INFO: Val Acc: 0.7673
2018-08-18 12:20:19,328:INFO: Epoch 80/99
2018-08-18 12:20:19,328:INFO: ----------
2018-08-18 12:21:09,803:INFO: Train Loss: 0.1412 Acc: 0.8902
2018-08-18 12:21:42,886:INFO: Val Acc: 0.7708
2018-08-18 12:21:42,886:INFO: Epoch 81/99
2018-08-18 12:21:42,886:INFO: ----------
2018-08-18 12:22:36,646:INFO: Train Loss: 0.1412 Acc: 0.8912
2018-08-18 12:23:09,928:INFO: Val Acc: 0.7752
2018-08-18 12:23:09,929:INFO: Epoch 82/99
2018-08-18 12:23:09,929:INFO: ----------
2018-08-18 12:24:06,722:INFO: Train Loss: 0.1413 Acc: 0.8950
2018-08-18 12:24:46,531:INFO: Val Acc: 0.7685
2018-08-18 12:24:46,531:INFO: Epoch 83/99
2018-08-18 12:24:46,531:INFO: ----------
2018-08-18 12:25:42,821:INFO: Train Loss: 0.1406 Acc: 0.8925
2018-08-18 12:26:20,857:INFO: Val Acc: 0.7720
2018-08-18 12:26:20,858:INFO: Epoch 84/99
2018-08-18 12:26:20,858:INFO: ----------
2018-08-18 12:27:17,090:INFO: Train Loss: 0.1389 Acc: 0.8945
2018-08-18 12:27:45,172:INFO: Val Acc: 0.7776
2018-08-18 12:27:45,173:INFO: Epoch 85/99
2018-08-18 12:27:45,173:INFO: ----------
2018-08-18 12:28:39,277:INFO: Train Loss: 0.1383 Acc: 0.8965
2018-08-18 12:29:09,688:INFO: Val Acc: 0.7723
2018-08-18 12:29:09,689:INFO: Epoch 86/99
2018-08-18 12:29:09,689:INFO: ----------
2018-08-18 12:30:04,124:INFO: Train Loss: 0.1395 Acc: 0.8946
2018-08-18 12:30:31,375:INFO: Val Acc: 0.7764
2018-08-18 12:30:31,377:INFO: Epoch 87/99
2018-08-18 12:30:31,377:INFO: ----------
2018-08-18 12:31:22,866:INFO: Train Loss: 0.1389 Acc: 0.8950
2018-08-18 12:31:50,657:INFO: Val Acc: 0.7770
2018-08-18 12:31:50,658:INFO: Epoch 88/99
2018-08-18 12:31:50,658:INFO: ----------
2018-08-18 12:32:42,526:INFO: Train Loss: 0.1384 Acc: 0.8975
2018-08-18 12:33:15,212:INFO: Val Acc: 0.7741
2018-08-18 12:33:15,213:INFO: Epoch 89/99
2018-08-18 12:33:15,213:INFO: ----------
2018-08-18 12:34:09,531:INFO: Train Loss: 0.1386 Acc: 0.8946
2018-08-18 12:34:42,924:INFO: Val Acc: 0.7738
2018-08-18 12:34:42,924:INFO: Epoch 90/99
2018-08-18 12:34:42,924:INFO: ----------
2018-08-18 12:35:39,419:INFO: Train Loss: 0.1361 Acc: 0.8961
2018-08-18 12:36:07,986:INFO: Val Acc: 0.7770
2018-08-18 12:36:07,987:INFO: Epoch 91/99
2018-08-18 12:36:07,987:INFO: ----------
2018-08-18 12:37:06,502:INFO: Train Loss: 0.1364 Acc: 0.8982
2018-08-18 12:37:37,453:INFO: Val Acc: 0.7776
2018-08-18 12:37:37,454:INFO: Epoch 92/99
2018-08-18 12:37:37,454:INFO: ----------
2018-08-18 12:38:32,454:INFO: Train Loss: 0.1350 Acc: 0.8997
2018-08-18 12:39:05,417:INFO: Val Acc: 0.7770
2018-08-18 12:39:05,418:INFO: Epoch 93/99
2018-08-18 12:39:05,418:INFO: ----------
2018-08-18 12:39:52,934:INFO: Train Loss: 0.1348 Acc: 0.8989
2018-08-18 12:40:27,446:INFO: Val Acc: 0.7808
2018-08-18 12:40:27,446:INFO: Found new best accuracy
2018-08-18 12:40:27,450:INFO: Epoch 94/99
2018-08-18 12:40:27,450:INFO: ----------
2018-08-18 12:41:21,810:INFO: Train Loss: 0.1356 Acc: 0.9005
2018-08-18 12:41:55,847:INFO: Val Acc: 0.7732
2018-08-18 12:41:55,848:INFO: Epoch 95/99
2018-08-18 12:41:55,848:INFO: ----------
2018-08-18 12:42:48,274:INFO: Train Loss: 0.1357 Acc: 0.9029
2018-08-18 12:43:19,538:INFO: Val Acc: 0.7703
2018-08-18 12:43:19,539:INFO: Epoch 96/99
2018-08-18 12:43:19,539:INFO: ----------
2018-08-18 12:44:11,000:INFO: Train Loss: 0.1359 Acc: 0.8997
2018-08-18 12:44:48,725:INFO: Val Acc: 0.7755
2018-08-18 12:44:48,725:INFO: Epoch 97/99
2018-08-18 12:44:48,726:INFO: ----------
2018-08-18 12:45:43,846:INFO: Train Loss: 0.1353 Acc: 0.9026
2018-08-18 12:46:18,190:INFO: Val Acc: 0.7764
2018-08-18 12:46:18,192:INFO: Epoch 98/99
2018-08-18 12:46:18,192:INFO: ----------
2018-08-18 12:47:09,741:INFO: Train Loss: 0.1357 Acc: 0.9019
2018-08-18 12:47:39,926:INFO: Val Acc: 0.7793
2018-08-18 12:47:39,926:INFO: Epoch 99/99
2018-08-18 12:47:39,927:INFO: ----------
2018-08-18 12:48:29,363:INFO: Train Loss: 0.1349 Acc: 0.9015
2018-08-18 12:49:09,078:INFO: Val Acc: 0.7793
2018-08-18 12:49:09,078:INFO: Training complete in 147m 26s
2018-08-18 12:49:09,079:INFO: Best val Acc: 0.780758
2018-08-18 12:49:54,358:INFO: Test Acc: 0.7959
