2018-08-19 07:19:55,730:INFO: Loading the datasets...
2018-08-19 07:19:55,939:INFO: - done.
2018-08-19 07:20:18,259:INFO: Starting training for 100 epoch(s)
2018-08-19 07:20:18,572:INFO: Epoch 0/99
2018-08-19 07:20:18,572:INFO: ----------
2018-08-19 07:21:09,857:INFO: Train Loss: 3.1966 Acc: 0.1523
2018-08-19 07:21:50,281:INFO: Val Acc: 0.1143
2018-08-19 07:21:50,282:INFO: Found new best accuracy
2018-08-19 07:21:50,293:INFO: Epoch 1/99
2018-08-19 07:21:50,294:INFO: ----------
2018-08-19 07:22:36,029:INFO: Train Loss: 2.2340 Acc: 0.2206
2018-08-19 07:23:07,416:INFO: Val Acc: 0.2327
2018-08-19 07:23:07,417:INFO: Found new best accuracy
2018-08-19 07:23:07,426:INFO: Epoch 2/99
2018-08-19 07:23:07,426:INFO: ----------
2018-08-19 07:23:55,152:INFO: Train Loss: 2.0523 Acc: 0.2659
2018-08-19 07:24:32,015:INFO: Val Acc: 0.2878
2018-08-19 07:24:32,016:INFO: Found new best accuracy
2018-08-19 07:24:32,022:INFO: Epoch 3/99
2018-08-19 07:24:32,022:INFO: ----------
2018-08-19 07:25:18,624:INFO: Train Loss: 1.9483 Acc: 0.3055
2018-08-19 07:25:50,096:INFO: Val Acc: 0.3172
2018-08-19 07:25:50,096:INFO: Found new best accuracy
2018-08-19 07:25:50,107:INFO: Epoch 4/99
2018-08-19 07:25:50,108:INFO: ----------
2018-08-19 07:26:39,640:INFO: Train Loss: 1.8787 Acc: 0.3328
2018-08-19 07:27:05,988:INFO: Val Acc: 0.3449
2018-08-19 07:27:05,989:INFO: Found new best accuracy
2018-08-19 07:27:06,000:INFO: Epoch 5/99
2018-08-19 07:27:06,001:INFO: ----------
2018-08-19 07:27:52,590:INFO: Train Loss: 1.7901 Acc: 0.3751
2018-08-19 07:28:36,845:INFO: Val Acc: 0.3364
2018-08-19 07:28:36,846:INFO: Epoch 6/99
2018-08-19 07:28:36,846:INFO: ----------
2018-08-19 07:29:29,977:INFO: Train Loss: 1.7392 Acc: 0.3946
2018-08-19 07:30:05,057:INFO: Val Acc: 0.3122
2018-08-19 07:30:05,057:INFO: Epoch 7/99
2018-08-19 07:30:05,058:INFO: ----------
2018-08-19 07:30:51,507:INFO: Train Loss: 1.6779 Acc: 0.4144
2018-08-19 07:31:20,411:INFO: Val Acc: 0.3647
2018-08-19 07:31:20,412:INFO: Found new best accuracy
2018-08-19 07:31:20,431:INFO: Epoch 8/99
2018-08-19 07:31:20,432:INFO: ----------
2018-08-19 07:32:14,064:INFO: Train Loss: 1.6036 Acc: 0.4426
2018-08-19 07:32:43,871:INFO: Val Acc: 0.3790
2018-08-19 07:32:43,871:INFO: Found new best accuracy
2018-08-19 07:32:43,882:INFO: Epoch 9/99
2018-08-19 07:32:43,882:INFO: ----------
2018-08-19 07:33:37,092:INFO: Train Loss: 1.5327 Acc: 0.4686
2018-08-19 07:34:04,937:INFO: Val Acc: 0.4423
2018-08-19 07:34:04,938:INFO: Found new best accuracy
2018-08-19 07:34:04,949:INFO: Epoch 10/99
2018-08-19 07:34:04,949:INFO: ----------
2018-08-19 07:34:56,804:INFO: Train Loss: 1.4762 Acc: 0.4885
2018-08-19 07:35:23,990:INFO: Val Acc: 0.4306
2018-08-19 07:35:23,991:INFO: Epoch 11/99
2018-08-19 07:35:23,995:INFO: ----------
2018-08-19 07:36:14,643:INFO: Train Loss: 1.4221 Acc: 0.5109
2018-08-19 07:36:53,049:INFO: Val Acc: 0.4111
2018-08-19 07:36:53,051:INFO: Epoch 12/99
2018-08-19 07:36:53,053:INFO: ----------
2018-08-19 07:37:41,165:INFO: Train Loss: 1.3782 Acc: 0.5220
2018-08-19 07:38:15,391:INFO: Val Acc: 0.4624
2018-08-19 07:38:15,392:INFO: Found new best accuracy
2018-08-19 07:38:15,403:INFO: Epoch 13/99
2018-08-19 07:38:15,403:INFO: ----------
2018-08-19 07:39:05,755:INFO: Train Loss: 1.3240 Acc: 0.5426
2018-08-19 07:39:31,899:INFO: Val Acc: 0.4799
2018-08-19 07:39:31,900:INFO: Found new best accuracy
2018-08-19 07:39:31,911:INFO: Epoch 14/99
2018-08-19 07:39:31,911:INFO: ----------
2018-08-19 07:40:18,111:INFO: Train Loss: 1.2774 Acc: 0.5590
2018-08-19 07:40:52,057:INFO: Val Acc: 0.4385
2018-08-19 07:40:52,058:INFO: Epoch 15/99
2018-08-19 07:40:52,058:INFO: ----------
2018-08-19 07:41:36,989:INFO: Train Loss: 1.2157 Acc: 0.5793
2018-08-19 07:42:15,206:INFO: Val Acc: 0.4741
2018-08-19 07:42:15,207:INFO: Epoch 16/99
2018-08-19 07:42:15,207:INFO: ----------
2018-08-19 07:43:04,444:INFO: Train Loss: 1.1680 Acc: 0.5941
2018-08-19 07:43:32,195:INFO: Val Acc: 0.5172
2018-08-19 07:43:32,196:INFO: Found new best accuracy
2018-08-19 07:43:32,207:INFO: Epoch 17/99
2018-08-19 07:43:32,208:INFO: ----------
2018-08-19 07:44:20,876:INFO: Train Loss: 1.0932 Acc: 0.6160
2018-08-19 07:44:53,963:INFO: Val Acc: 0.4542
2018-08-19 07:44:53,964:INFO: Epoch 18/99
2018-08-19 07:44:53,964:INFO: ----------
2018-08-19 07:45:47,818:INFO: Train Loss: 1.0366 Acc: 0.6456
2018-08-19 07:46:27,095:INFO: Val Acc: 0.5181
2018-08-19 07:46:27,095:INFO: Found new best accuracy
2018-08-19 07:46:27,103:INFO: Epoch 19/99
2018-08-19 07:46:27,103:INFO: ----------
2018-08-19 07:47:16,171:INFO: Train Loss: 0.9462 Acc: 0.6665
2018-08-19 07:47:44,237:INFO: Val Acc: 0.5236
2018-08-19 07:47:44,238:INFO: Found new best accuracy
2018-08-19 07:47:44,249:INFO: Epoch 20/99
2018-08-19 07:47:44,249:INFO: ----------
2018-08-19 07:48:33,802:INFO: Train Loss: 0.8584 Acc: 0.7009
2018-08-19 07:49:08,575:INFO: Val Acc: 0.5566
2018-08-19 07:49:08,576:INFO: Found new best accuracy
2018-08-19 07:49:08,587:INFO: Epoch 21/99
2018-08-19 07:49:08,587:INFO: ----------
2018-08-19 07:49:57,457:INFO: Train Loss: 0.7854 Acc: 0.7289
2018-08-19 07:50:28,629:INFO: Val Acc: 0.5047
2018-08-19 07:50:28,630:INFO: Epoch 22/99
2018-08-19 07:50:28,630:INFO: ----------
2018-08-19 07:51:18,078:INFO: Train Loss: 0.7218 Acc: 0.7502
2018-08-19 07:51:51,776:INFO: Val Acc: 0.5364
2018-08-19 07:51:51,776:INFO: Epoch 23/99
2018-08-19 07:51:51,776:INFO: ----------
2018-08-19 07:52:41,924:INFO: Train Loss: 0.5874 Acc: 0.7986
2018-08-19 07:53:29,178:INFO: Val Acc: 0.5184
2018-08-19 07:53:29,179:INFO: Epoch 24/99
2018-08-19 07:53:29,179:INFO: ----------
2018-08-19 07:54:16,195:INFO: Train Loss: 0.4767 Acc: 0.8355
2018-08-19 07:54:45,676:INFO: Val Acc: 0.4965
2018-08-19 07:54:45,677:INFO: Epoch 25/99
2018-08-19 07:54:45,678:INFO: ----------
2018-08-19 07:55:37,495:INFO: Train Loss: 0.3977 Acc: 0.8639
2018-08-19 07:56:10,907:INFO: Val Acc: 0.5006
2018-08-19 07:56:10,908:INFO: Epoch 26/99
2018-08-19 07:56:10,908:INFO: ----------
2018-08-19 07:57:01,939:INFO: Train Loss: 0.3008 Acc: 0.8984
2018-08-19 07:57:33,313:INFO: Val Acc: 0.4930
2018-08-19 07:57:33,313:INFO: Epoch 27/99
2018-08-19 07:57:33,314:INFO: ----------
2018-08-19 07:58:22,879:INFO: Train Loss: 0.3024 Acc: 0.8960
2018-08-19 07:58:53,001:INFO: Val Acc: 0.4706
2018-08-19 07:58:53,001:INFO: Epoch 28/99
2018-08-19 07:58:53,001:INFO: ----------
2018-08-19 07:59:41,538:INFO: Train Loss: 0.2241 Acc: 0.9280
2018-08-19 08:00:13,907:INFO: Val Acc: 0.5621
2018-08-19 08:00:13,908:INFO: Found new best accuracy
2018-08-19 08:00:13,915:INFO: Epoch 29/99
2018-08-19 08:00:13,915:INFO: ----------
2018-08-19 08:01:07,447:INFO: Train Loss: 0.1214 Acc: 0.9640
2018-08-19 08:01:37,583:INFO: Val Acc: 0.5598
2018-08-19 08:01:37,583:INFO: Epoch 30/99
2018-08-19 08:01:37,584:INFO: ----------
2018-08-19 08:02:33,477:INFO: Train Loss: 0.0373 Acc: 0.9932
2018-08-19 08:03:05,784:INFO: Val Acc: 0.6178
2018-08-19 08:03:05,789:INFO: Found new best accuracy
2018-08-19 08:03:05,811:INFO: Epoch 31/99
2018-08-19 08:03:05,811:INFO: ----------
2018-08-19 08:03:52,494:INFO: Train Loss: 0.0134 Acc: 0.9999
2018-08-19 08:04:16,987:INFO: Val Acc: 0.6178
2018-08-19 08:04:16,988:INFO: Epoch 32/99
2018-08-19 08:04:16,988:INFO: ----------
2018-08-19 08:05:12,790:INFO: Train Loss: 0.0096 Acc: 0.9999
2018-08-19 08:05:47,451:INFO: Val Acc: 0.6224
2018-08-19 08:05:47,452:INFO: Found new best accuracy
2018-08-19 08:05:47,463:INFO: Epoch 33/99
2018-08-19 08:05:47,463:INFO: ----------
2018-08-19 08:06:34,100:INFO: Train Loss: 0.0085 Acc: 0.9999
2018-08-19 08:07:15,594:INFO: Val Acc: 0.6216
2018-08-19 08:07:15,595:INFO: Epoch 34/99
2018-08-19 08:07:15,595:INFO: ----------
2018-08-19 08:08:04,299:INFO: Train Loss: 0.0071 Acc: 0.9999
2018-08-19 08:08:38,183:INFO: Val Acc: 0.6233
2018-08-19 08:08:38,185:INFO: Found new best accuracy
2018-08-19 08:08:38,200:INFO: Epoch 35/99
2018-08-19 08:08:38,203:INFO: ----------
2018-08-19 08:09:28,415:INFO: Train Loss: 0.0065 Acc: 0.9999
2018-08-19 08:10:04,333:INFO: Val Acc: 0.6245
2018-08-19 08:10:04,334:INFO: Found new best accuracy
2018-08-19 08:10:04,350:INFO: Epoch 36/99
2018-08-19 08:10:04,350:INFO: ----------
2018-08-19 08:10:50,771:INFO: Train Loss: 0.0059 Acc: 0.9999
2018-08-19 08:11:19,080:INFO: Val Acc: 0.6242
2018-08-19 08:11:19,081:INFO: Epoch 37/99
2018-08-19 08:11:19,081:INFO: ----------
2018-08-19 08:12:12,659:INFO: Train Loss: 0.0053 Acc: 0.9999
2018-08-19 08:12:51,450:INFO: Val Acc: 0.6242
2018-08-19 08:12:51,450:INFO: Epoch 38/99
2018-08-19 08:12:51,451:INFO: ----------
2018-08-19 08:13:36,828:INFO: Train Loss: 0.0050 Acc: 1.0000
2018-08-19 08:14:10,498:INFO: Val Acc: 0.6216
2018-08-19 08:14:10,498:INFO: Epoch 39/99
2018-08-19 08:14:10,503:INFO: ----------
2018-08-19 08:14:58,828:INFO: Train Loss: 0.0046 Acc: 0.9999
2018-08-19 08:15:28,430:INFO: Val Acc: 0.6236
2018-08-19 08:15:28,431:INFO: Epoch 40/99
2018-08-19 08:15:28,431:INFO: ----------
2018-08-19 08:16:17,577:INFO: Train Loss: 0.0044 Acc: 1.0000
2018-08-19 08:16:58,184:INFO: Val Acc: 0.6224
2018-08-19 08:16:58,185:INFO: Epoch 41/99
2018-08-19 08:16:58,185:INFO: ----------
2018-08-19 08:17:43,940:INFO: Train Loss: 0.0043 Acc: 1.0000
2018-08-19 08:18:13,171:INFO: Val Acc: 0.6242
2018-08-19 08:18:13,173:INFO: Epoch 42/99
2018-08-19 08:18:13,173:INFO: ----------
2018-08-19 08:19:03,528:INFO: Train Loss: 0.0041 Acc: 1.0000
2018-08-19 08:19:35,734:INFO: Val Acc: 0.6248
2018-08-19 08:19:35,736:INFO: Found new best accuracy
2018-08-19 08:19:35,747:INFO: Epoch 43/99
2018-08-19 08:19:35,747:INFO: ----------
2018-08-19 08:20:25,484:INFO: Train Loss: 0.0038 Acc: 1.0000
2018-08-19 08:20:56,896:INFO: Val Acc: 0.6230
2018-08-19 08:20:56,897:INFO: Epoch 44/99
2018-08-19 08:20:56,897:INFO: ----------
2018-08-19 08:21:47,234:INFO: Train Loss: 0.0038 Acc: 0.9999
2018-08-19 08:22:16,692:INFO: Val Acc: 0.6251
2018-08-19 08:22:16,693:INFO: Found new best accuracy
2018-08-19 08:22:16,705:INFO: Epoch 45/99
2018-08-19 08:22:16,705:INFO: ----------
2018-08-19 08:23:22,032:INFO: Train Loss: 0.0036 Acc: 1.0000
2018-08-19 08:23:54,489:INFO: Val Acc: 0.6242
2018-08-19 08:23:54,490:INFO: Epoch 46/99
2018-08-19 08:23:54,490:INFO: ----------
2018-08-19 08:24:49,463:INFO: Train Loss: 0.0034 Acc: 1.0000
2018-08-19 08:25:16,066:INFO: Val Acc: 0.6242
2018-08-19 08:25:16,066:INFO: Epoch 47/99
2018-08-19 08:25:16,067:INFO: ----------
2018-08-19 08:26:02,831:INFO: Train Loss: 0.0033 Acc: 1.0000
2018-08-19 08:26:32,571:INFO: Val Acc: 0.6213
2018-08-19 08:26:32,572:INFO: Epoch 48/99
2018-08-19 08:26:32,572:INFO: ----------
2018-08-19 08:27:25,262:INFO: Train Loss: 0.0032 Acc: 1.0000
2018-08-19 08:27:59,503:INFO: Val Acc: 0.6236
2018-08-19 08:27:59,503:INFO: Epoch 49/99
2018-08-19 08:27:59,504:INFO: ----------
2018-08-19 08:28:47,496:INFO: Train Loss: 0.0032 Acc: 1.0000
2018-08-19 08:29:18,065:INFO: Val Acc: 0.6259
2018-08-19 08:29:18,066:INFO: Found new best accuracy
2018-08-19 08:29:18,077:INFO: Epoch 50/99
2018-08-19 08:29:18,077:INFO: ----------
2018-08-19 08:30:10,265:INFO: Train Loss: 0.0030 Acc: 1.0000
2018-08-19 08:30:46,138:INFO: Val Acc: 0.6245
2018-08-19 08:30:46,139:INFO: Epoch 51/99
2018-08-19 08:30:46,139:INFO: ----------
2018-08-19 08:31:35,258:INFO: Train Loss: 0.0031 Acc: 1.0000
2018-08-19 08:32:03,023:INFO: Val Acc: 0.6251
2018-08-19 08:32:03,024:INFO: Epoch 52/99
2018-08-19 08:32:03,024:INFO: ----------
2018-08-19 08:32:49,172:INFO: Train Loss: 0.0029 Acc: 1.0000
2018-08-19 08:33:25,046:INFO: Val Acc: 0.6227
2018-08-19 08:33:25,047:INFO: Epoch 53/99
2018-08-19 08:33:25,047:INFO: ----------
2018-08-19 08:34:14,985:INFO: Train Loss: 0.0029 Acc: 1.0000
2018-08-19 08:34:48,747:INFO: Val Acc: 0.6245
2018-08-19 08:34:48,748:INFO: Epoch 54/99
2018-08-19 08:34:48,748:INFO: ----------
2018-08-19 08:35:34,284:INFO: Train Loss: 0.0028 Acc: 1.0000
2018-08-19 08:36:01,811:INFO: Val Acc: 0.6236
2018-08-19 08:36:01,811:INFO: Epoch 55/99
2018-08-19 08:36:01,812:INFO: ----------
2018-08-19 08:36:56,004:INFO: Train Loss: 0.0027 Acc: 1.0000
2018-08-19 08:37:31,262:INFO: Val Acc: 0.6242
2018-08-19 08:37:31,263:INFO: Epoch 56/99
2018-08-19 08:37:31,263:INFO: ----------
2018-08-19 08:38:19,256:INFO: Train Loss: 0.0026 Acc: 1.0000
2018-08-19 08:39:04,765:INFO: Val Acc: 0.6233
2018-08-19 08:39:04,766:INFO: Epoch 57/99
2018-08-19 08:39:04,766:INFO: ----------
2018-08-19 08:39:55,292:INFO: Train Loss: 0.0028 Acc: 1.0000
2018-08-19 08:40:22,223:INFO: Val Acc: 0.6239
2018-08-19 08:40:22,224:INFO: Epoch 58/99
2018-08-19 08:40:22,224:INFO: ----------
2018-08-19 08:41:08,832:INFO: Train Loss: 0.0025 Acc: 1.0000
2018-08-19 08:41:38,673:INFO: Val Acc: 0.6274
2018-08-19 08:41:38,674:INFO: Found new best accuracy
2018-08-19 08:41:38,686:INFO: Epoch 59/99
2018-08-19 08:41:38,686:INFO: ----------
2018-08-19 08:42:30,365:INFO: Train Loss: 0.0025 Acc: 1.0000
2018-08-19 08:43:06,858:INFO: Val Acc: 0.6262
2018-08-19 08:43:06,859:INFO: Epoch 60/99
2018-08-19 08:43:06,860:INFO: ----------
2018-08-19 08:43:58,533:INFO: Train Loss: 0.0026 Acc: 1.0000
2018-08-19 08:44:34,843:INFO: Val Acc: 0.6245
2018-08-19 08:44:34,843:INFO: Epoch 61/99
2018-08-19 08:44:34,844:INFO: ----------
2018-08-19 08:45:25,764:INFO: Train Loss: 0.0025 Acc: 1.0000
2018-08-19 08:45:56,634:INFO: Val Acc: 0.6248
2018-08-19 08:45:56,635:INFO: Epoch 62/99
2018-08-19 08:45:56,635:INFO: ----------
2018-08-19 08:46:49,936:INFO: Train Loss: 0.0026 Acc: 1.0000
2018-08-19 08:47:23,598:INFO: Val Acc: 0.6242
2018-08-19 08:47:23,598:INFO: Epoch 63/99
2018-08-19 08:47:23,598:INFO: ----------
2018-08-19 08:48:12,309:INFO: Train Loss: 0.0025 Acc: 1.0000
2018-08-19 08:48:46,760:INFO: Val Acc: 0.6233
2018-08-19 08:48:46,760:INFO: Epoch 64/99
2018-08-19 08:48:46,760:INFO: ----------
2018-08-19 08:49:36,519:INFO: Train Loss: 0.0025 Acc: 1.0000
2018-08-19 08:50:25,374:INFO: Val Acc: 0.6227
2018-08-19 08:50:25,375:INFO: Epoch 65/99
2018-08-19 08:50:25,375:INFO: ----------
2018-08-19 08:51:11,869:INFO: Train Loss: 0.0025 Acc: 1.0000
2018-08-19 08:51:50,186:INFO: Val Acc: 0.6251
2018-08-19 08:51:50,188:INFO: Epoch 66/99
2018-08-19 08:51:50,188:INFO: ----------
2018-08-19 08:52:36,093:INFO: Train Loss: 0.0024 Acc: 1.0000
2018-08-19 08:53:07,120:INFO: Val Acc: 0.6230
2018-08-19 08:53:07,120:INFO: Epoch 67/99
2018-08-19 08:53:07,120:INFO: ----------
2018-08-19 08:54:02,065:INFO: Train Loss: 0.0025 Acc: 1.0000
2018-08-19 08:54:36,138:INFO: Val Acc: 0.6259
2018-08-19 08:54:36,138:INFO: Epoch 68/99
2018-08-19 08:54:36,139:INFO: ----------
2018-08-19 08:55:29,954:INFO: Train Loss: 0.0026 Acc: 1.0000
2018-08-19 08:56:01,222:INFO: Val Acc: 0.6227
2018-08-19 08:56:01,223:INFO: Epoch 69/99
2018-08-19 08:56:01,223:INFO: ----------
2018-08-19 08:56:51,392:INFO: Train Loss: 0.0025 Acc: 1.0000
2018-08-19 08:57:31,956:INFO: Val Acc: 0.6239
2018-08-19 08:57:31,957:INFO: Epoch 70/99
2018-08-19 08:57:31,957:INFO: ----------
2018-08-19 08:58:18,597:INFO: Train Loss: 0.0024 Acc: 1.0000
2018-08-19 08:58:53,340:INFO: Val Acc: 0.6259
2018-08-19 08:58:53,341:INFO: Epoch 71/99
2018-08-19 08:58:53,341:INFO: ----------
2018-08-19 08:59:42,507:INFO: Train Loss: 0.0025 Acc: 1.0000
2018-08-19 09:00:11,630:INFO: Val Acc: 0.6227
2018-08-19 09:00:11,631:INFO: Epoch 72/99
2018-08-19 09:00:11,631:INFO: ----------
2018-08-19 09:01:03,239:INFO: Train Loss: 0.0025 Acc: 1.0000
2018-08-19 09:01:42,414:INFO: Val Acc: 0.6245
2018-08-19 09:01:42,415:INFO: Epoch 73/99
2018-08-19 09:01:42,415:INFO: ----------
2018-08-19 09:02:30,623:INFO: Train Loss: 0.0024 Acc: 1.0000
2018-08-19 09:02:59,602:INFO: Val Acc: 0.6213
2018-08-19 09:02:59,602:INFO: Epoch 74/99
2018-08-19 09:02:59,603:INFO: ----------
2018-08-19 09:03:48,657:INFO: Train Loss: 0.0025 Acc: 1.0000
2018-08-19 09:04:27,980:INFO: Val Acc: 0.6245
2018-08-19 09:04:27,981:INFO: Epoch 75/99
2018-08-19 09:04:27,982:INFO: ----------
2018-08-19 09:05:24,209:INFO: Train Loss: 0.0025 Acc: 1.0000
2018-08-19 09:06:00,812:INFO: Val Acc: 0.6251
2018-08-19 09:06:00,813:INFO: Epoch 76/99
2018-08-19 09:06:00,813:INFO: ----------
2018-08-19 09:06:49,542:INFO: Train Loss: 0.0025 Acc: 1.0000
2018-08-19 09:07:23,550:INFO: Val Acc: 0.6248
2018-08-19 09:07:23,551:INFO: Epoch 77/99
2018-08-19 09:07:23,551:INFO: ----------
2018-08-19 09:08:14,619:INFO: Train Loss: 0.0024 Acc: 1.0000
2018-08-19 09:08:47,842:INFO: Val Acc: 0.6248
2018-08-19 09:08:47,844:INFO: Epoch 78/99
2018-08-19 09:08:47,844:INFO: ----------
2018-08-19 09:09:36,008:INFO: Train Loss: 0.0024 Acc: 1.0000
2018-08-19 09:10:14,797:INFO: Val Acc: 0.6248
2018-08-19 09:10:14,798:INFO: Epoch 79/99
2018-08-19 09:10:14,799:INFO: ----------
2018-08-19 09:11:05,227:INFO: Train Loss: 0.0024 Acc: 1.0000
2018-08-19 09:11:30,768:INFO: Val Acc: 0.6230
2018-08-19 09:11:30,769:INFO: Epoch 80/99
2018-08-19 09:11:30,769:INFO: ----------
2018-08-19 09:12:18,959:INFO: Train Loss: 0.0025 Acc: 1.0000
2018-08-19 09:12:52,259:INFO: Val Acc: 0.6242
2018-08-19 09:12:52,260:INFO: Epoch 81/99
2018-08-19 09:12:52,260:INFO: ----------
2018-08-19 09:13:45,886:INFO: Train Loss: 0.0023 Acc: 1.0000
2018-08-19 09:14:13,813:INFO: Val Acc: 0.6233
2018-08-19 09:14:13,814:INFO: Epoch 82/99
2018-08-19 09:14:13,814:INFO: ----------
2018-08-19 09:15:03,132:INFO: Train Loss: 0.0024 Acc: 1.0000
2018-08-19 09:15:28,500:INFO: Val Acc: 0.6259
2018-08-19 09:15:28,500:INFO: Epoch 83/99
2018-08-19 09:15:28,500:INFO: ----------
2018-08-19 09:16:13,117:INFO: Train Loss: 0.0024 Acc: 1.0000
2018-08-19 09:16:43,078:INFO: Val Acc: 0.6227
2018-08-19 09:16:43,078:INFO: Epoch 84/99
2018-08-19 09:16:43,079:INFO: ----------
2018-08-19 09:17:38,714:INFO: Train Loss: 0.0024 Acc: 1.0000
2018-08-19 09:18:09,613:INFO: Val Acc: 0.6230
2018-08-19 09:18:09,614:INFO: Epoch 85/99
2018-08-19 09:18:09,614:INFO: ----------
2018-08-19 09:18:58,088:INFO: Train Loss: 0.0025 Acc: 1.0000
2018-08-19 09:19:28,885:INFO: Val Acc: 0.6257
2018-08-19 09:19:28,885:INFO: Epoch 86/99
2018-08-19 09:19:28,886:INFO: ----------
2018-08-19 09:20:21,978:INFO: Train Loss: 0.0024 Acc: 1.0000
2018-08-19 09:20:52,943:INFO: Val Acc: 0.6245
2018-08-19 09:20:52,944:INFO: Epoch 87/99
2018-08-19 09:20:52,944:INFO: ----------
2018-08-19 09:21:44,810:INFO: Train Loss: 0.0025 Acc: 1.0000
2018-08-19 09:22:19,330:INFO: Val Acc: 0.6230
2018-08-19 09:22:19,331:INFO: Epoch 88/99
2018-08-19 09:22:19,331:INFO: ----------
2018-08-19 09:23:05,328:INFO: Train Loss: 0.0023 Acc: 1.0000
2018-08-19 09:23:35,257:INFO: Val Acc: 0.6242
2018-08-19 09:23:35,258:INFO: Epoch 89/99
2018-08-19 09:23:35,258:INFO: ----------
2018-08-19 09:24:17,191:INFO: Train Loss: 0.0024 Acc: 1.0000
2018-08-19 09:24:44,445:INFO: Val Acc: 0.6227
2018-08-19 09:24:44,445:INFO: Epoch 90/99
2018-08-19 09:24:44,446:INFO: ----------
2018-08-19 09:25:29,054:INFO: Train Loss: 0.0024 Acc: 1.0000
2018-08-19 09:26:00,349:INFO: Val Acc: 0.6262
2018-08-19 09:26:00,350:INFO: Epoch 91/99
2018-08-19 09:26:00,350:INFO: ----------
2018-08-19 09:26:54,390:INFO: Train Loss: 0.0025 Acc: 1.0000
2018-08-19 09:27:25,687:INFO: Val Acc: 0.6254
2018-08-19 09:27:25,688:INFO: Epoch 92/99
2018-08-19 09:27:25,688:INFO: ----------
2018-08-19 09:28:19,630:INFO: Train Loss: 0.0024 Acc: 1.0000
2018-08-19 09:28:55,641:INFO: Val Acc: 0.6236
2018-08-19 09:28:55,641:INFO: Epoch 93/99
2018-08-19 09:28:55,646:INFO: ----------
2018-08-19 09:29:46,635:INFO: Train Loss: 0.0024 Acc: 1.0000
2018-08-19 09:30:18,227:INFO: Val Acc: 0.6254
2018-08-19 09:30:18,228:INFO: Epoch 94/99
2018-08-19 09:30:18,228:INFO: ----------
2018-08-19 09:31:05,031:INFO: Train Loss: 0.0025 Acc: 1.0000
2018-08-19 09:31:32,713:INFO: Val Acc: 0.6236
2018-08-19 09:31:32,714:INFO: Epoch 95/99
2018-08-19 09:31:32,715:INFO: ----------
2018-08-19 09:32:29,478:INFO: Train Loss: 0.0025 Acc: 1.0000
2018-08-19 09:32:58,012:INFO: Val Acc: 0.6242
2018-08-19 09:32:58,013:INFO: Epoch 96/99
2018-08-19 09:32:58,013:INFO: ----------
2018-08-19 09:33:47,304:INFO: Train Loss: 0.0024 Acc: 1.0000
2018-08-19 09:34:16,031:INFO: Val Acc: 0.6251
2018-08-19 09:34:16,032:INFO: Epoch 97/99
2018-08-19 09:34:16,032:INFO: ----------
2018-08-19 09:35:06,767:INFO: Train Loss: 0.0024 Acc: 1.0000
2018-08-19 09:35:34,824:INFO: Val Acc: 0.6251
2018-08-19 09:35:34,824:INFO: Epoch 98/99
2018-08-19 09:35:34,824:INFO: ----------
2018-08-19 09:36:28,614:INFO: Train Loss: 0.0024 Acc: 1.0000
2018-08-19 09:36:58,169:INFO: Val Acc: 0.6242
2018-08-19 09:36:58,170:INFO: Epoch 99/99
2018-08-19 09:36:58,170:INFO: ----------
2018-08-19 09:37:46,279:INFO: Train Loss: 0.0024 Acc: 1.0000
2018-08-19 09:38:22,352:INFO: Val Acc: 0.6239
2018-08-19 09:38:22,352:INFO: Training complete in 138m 4s
2018-08-19 09:38:22,353:INFO: Best val Acc: 0.627405
2018-08-19 09:38:50,905:INFO: Test Acc: 0.6743
