2018-08-18 06:43:32,515:INFO: Loading the datasets...
2018-08-18 06:43:32,600:INFO: - done.
2018-08-18 06:43:48,545:INFO: Starting training for 100 epoch(s)
2018-08-18 06:43:48,550:INFO: Epoch 0/99
2018-08-18 06:43:48,550:INFO: ----------
2018-08-18 06:44:38,979:INFO: Loading the datasets...
2018-08-18 06:44:39,111:INFO: - done.
2018-08-18 06:45:00,614:INFO: Starting training for 100 epoch(s)
2018-08-18 06:45:00,619:INFO: Epoch 0/99
2018-08-18 06:45:00,619:INFO: ----------
2018-08-18 06:45:55,080:INFO: Train Loss: 0.9281 Acc: 0.2928
2018-08-18 06:46:27,620:INFO: Val Acc: 0.2974
2018-08-18 06:46:27,621:INFO: Found new best accuracy
2018-08-18 06:46:27,630:INFO: Epoch 1/99
2018-08-18 06:46:27,630:INFO: ----------
2018-08-18 06:47:21,834:INFO: Train Loss: 0.8353 Acc: 0.3688
2018-08-18 06:47:41,084:INFO: Val Acc: 0.3184
2018-08-18 06:47:41,085:INFO: Found new best accuracy
2018-08-18 06:47:41,095:INFO: Epoch 2/99
2018-08-18 06:47:41,095:INFO: ----------
2018-08-18 06:48:35,397:INFO: Train Loss: 0.7904 Acc: 0.3956
2018-08-18 06:49:12,160:INFO: Val Acc: 0.3659
2018-08-18 06:49:12,160:INFO: Found new best accuracy
2018-08-18 06:49:12,167:INFO: Epoch 3/99
2018-08-18 06:49:12,167:INFO: ----------
2018-08-18 06:50:13,430:INFO: Train Loss: 0.7636 Acc: 0.4172
2018-08-18 06:50:40,206:INFO: Val Acc: 0.3901
2018-08-18 06:50:40,206:INFO: Found new best accuracy
2018-08-18 06:50:40,213:INFO: Epoch 4/99
2018-08-18 06:50:40,213:INFO: ----------
2018-08-18 06:51:45,572:INFO: Train Loss: 0.7302 Acc: 0.4445
2018-08-18 06:52:27,560:INFO: Val Acc: 0.3840
2018-08-18 06:52:27,561:INFO: Epoch 5/99
2018-08-18 06:52:27,561:INFO: ----------
2018-08-18 06:53:28,757:INFO: Train Loss: 0.7021 Acc: 0.4644
2018-08-18 06:54:03,451:INFO: Val Acc: 0.3548
2018-08-18 06:54:03,451:INFO: Epoch 6/99
2018-08-18 06:54:03,451:INFO: ----------
2018-08-18 06:55:07,683:INFO: Train Loss: 0.6802 Acc: 0.4811
2018-08-18 06:55:31,422:INFO: Val Acc: 0.4003
2018-08-18 06:55:31,422:INFO: Found new best accuracy
2018-08-18 06:55:31,430:INFO: Epoch 7/99
2018-08-18 06:55:31,430:INFO: ----------
2018-08-18 06:56:25,605:INFO: Train Loss: 0.6488 Acc: 0.5138
2018-08-18 06:56:50,613:INFO: Val Acc: 0.3872
2018-08-18 06:56:50,614:INFO: Epoch 8/99
2018-08-18 06:56:50,614:INFO: ----------
2018-08-18 06:57:44,579:INFO: Train Loss: 0.6265 Acc: 0.5288
2018-08-18 06:58:16,786:INFO: Val Acc: 0.3484
2018-08-18 06:58:16,787:INFO: Epoch 9/99
2018-08-18 06:58:16,787:INFO: ----------
2018-08-18 06:59:11,592:INFO: Train Loss: 0.5842 Acc: 0.5559
2018-08-18 06:59:43,064:INFO: Val Acc: 0.3283
2018-08-18 06:59:43,065:INFO: Epoch 10/99
2018-08-18 06:59:43,065:INFO: ----------
2018-08-18 07:00:45,277:INFO: Train Loss: 0.5699 Acc: 0.5665
2018-08-18 07:01:08,744:INFO: Val Acc: 0.2615
2018-08-18 07:01:08,745:INFO: Epoch 11/99
2018-08-18 07:01:08,745:INFO: ----------
2018-08-18 07:02:03,704:INFO: Train Loss: 0.5344 Acc: 0.5918
2018-08-18 07:02:31,662:INFO: Val Acc: 0.3292
2018-08-18 07:02:31,663:INFO: Epoch 12/99
2018-08-18 07:02:31,664:INFO: ----------
2018-08-18 07:03:27,973:INFO: Train Loss: 0.5107 Acc: 0.6117
2018-08-18 07:03:47,298:INFO: Val Acc: 0.4350
2018-08-18 07:03:47,298:INFO: Found new best accuracy
2018-08-18 07:03:47,304:INFO: Epoch 13/99
2018-08-18 07:03:47,304:INFO: ----------
2018-08-18 07:04:42,883:INFO: Train Loss: 0.5003 Acc: 0.6208
2018-08-18 07:05:06,200:INFO: Val Acc: 0.5099
2018-08-18 07:05:06,201:INFO: Found new best accuracy
2018-08-18 07:05:06,218:INFO: Epoch 14/99
2018-08-18 07:05:06,219:INFO: ----------
2018-08-18 07:06:12,989:INFO: Train Loss: 0.4780 Acc: 0.6406
2018-08-18 07:06:46,765:INFO: Val Acc: 0.4574
2018-08-18 07:06:46,765:INFO: Epoch 15/99
2018-08-18 07:06:46,766:INFO: ----------
2018-08-18 07:07:59,503:INFO: Train Loss: 0.4631 Acc: 0.6512
2018-08-18 07:08:36,302:INFO: Val Acc: 0.4222
2018-08-18 07:08:36,303:INFO: Epoch 16/99
2018-08-18 07:08:36,303:INFO: ----------
2018-08-18 07:09:42,842:INFO: Train Loss: 0.4634 Acc: 0.6541
2018-08-18 07:10:25,984:INFO: Val Acc: 0.3988
2018-08-18 07:10:25,985:INFO: Epoch 17/99
2018-08-18 07:10:25,985:INFO: ----------
2018-08-18 07:11:31,802:INFO: Train Loss: 0.4508 Acc: 0.6592
2018-08-18 07:12:13,992:INFO: Val Acc: 0.4927
2018-08-18 07:12:13,992:INFO: Epoch 18/99
2018-08-18 07:12:13,992:INFO: ----------
2018-08-18 07:13:23,314:INFO: Train Loss: 0.4428 Acc: 0.6668
2018-08-18 07:13:58,810:INFO: Val Acc: 0.5274
2018-08-18 07:13:58,815:INFO: Found new best accuracy
2018-08-18 07:13:58,841:INFO: Epoch 19/99
2018-08-18 07:13:58,842:INFO: ----------
2018-08-18 07:14:55,828:INFO: Train Loss: 0.4315 Acc: 0.6741
2018-08-18 07:15:32,520:INFO: Val Acc: 0.3216
2018-08-18 07:15:32,524:INFO: Epoch 20/99
2018-08-18 07:15:32,524:INFO: ----------
2018-08-18 07:16:31,609:INFO: Train Loss: 0.4343 Acc: 0.6718
2018-08-18 07:17:05,860:INFO: Val Acc: 0.6035
2018-08-18 07:17:05,861:INFO: Found new best accuracy
2018-08-18 07:17:05,871:INFO: Epoch 21/99
2018-08-18 07:17:05,871:INFO: ----------
2018-08-18 07:18:11,846:INFO: Train Loss: 0.4127 Acc: 0.6870
2018-08-18 07:18:42,933:INFO: Val Acc: 0.5682
2018-08-18 07:18:42,933:INFO: Epoch 22/99
2018-08-18 07:18:42,933:INFO: ----------
2018-08-18 07:19:38,786:INFO: Train Loss: 0.4068 Acc: 0.6913
2018-08-18 07:19:58,524:INFO: Val Acc: 0.4790
2018-08-18 07:19:58,524:INFO: Epoch 23/99
2018-08-18 07:19:58,524:INFO: ----------
2018-08-18 07:20:54,832:INFO: Train Loss: 0.3950 Acc: 0.7006
2018-08-18 07:21:20,453:INFO: Val Acc: 0.5029
2018-08-18 07:21:20,454:INFO: Epoch 24/99
2018-08-18 07:21:20,455:INFO: ----------
2018-08-18 07:22:22,032:INFO: Train Loss: 0.3942 Acc: 0.7005
2018-08-18 07:22:59,393:INFO: Val Acc: 0.5023
2018-08-18 07:22:59,393:INFO: Epoch 25/99
2018-08-18 07:22:59,393:INFO: ----------
2018-08-18 07:24:07,277:INFO: Train Loss: 0.3832 Acc: 0.7100
2018-08-18 07:24:51,391:INFO: Val Acc: 0.2539
2018-08-18 07:24:51,392:INFO: Epoch 26/99
2018-08-18 07:24:51,392:INFO: ----------
2018-08-18 07:25:47,212:INFO: Train Loss: 0.3757 Acc: 0.7150
2018-08-18 07:26:31,216:INFO: Val Acc: 0.4280
2018-08-18 07:26:31,216:INFO: Epoch 27/99
2018-08-18 07:26:31,217:INFO: ----------
2018-08-18 07:27:43,112:INFO: Train Loss: 0.3834 Acc: 0.7092
2018-08-18 07:28:17,248:INFO: Val Acc: 0.5778
2018-08-18 07:28:17,248:INFO: Epoch 28/99
2018-08-18 07:28:17,249:INFO: ----------
2018-08-18 07:29:12,883:INFO: Train Loss: 0.3678 Acc: 0.7232
2018-08-18 07:30:00,132:INFO: Val Acc: 0.3662
2018-08-18 07:30:00,133:INFO: Epoch 29/99
2018-08-18 07:30:00,133:INFO: ----------
2018-08-18 07:31:06,754:INFO: Train Loss: 0.3642 Acc: 0.7323
2018-08-18 07:31:48,484:INFO: Val Acc: 0.4169
2018-08-18 07:31:48,485:INFO: Epoch 30/99
2018-08-18 07:31:48,485:INFO: ----------
2018-08-18 07:32:53,822:INFO: Train Loss: 0.2726 Acc: 0.7994
2018-08-18 07:33:35,081:INFO: Val Acc: 0.7624
2018-08-18 07:33:35,082:INFO: Found new best accuracy
2018-08-18 07:33:35,087:INFO: Epoch 31/99
2018-08-18 07:33:35,087:INFO: ----------
2018-08-18 07:34:48,329:INFO: Train Loss: 0.2396 Acc: 0.8271
2018-08-18 07:35:07,967:INFO: Val Acc: 0.7659
2018-08-18 07:35:07,967:INFO: Found new best accuracy
2018-08-18 07:35:07,973:INFO: Epoch 32/99
2018-08-18 07:35:07,973:INFO: ----------
2018-08-18 07:36:02,844:INFO: Train Loss: 0.2265 Acc: 0.8359
2018-08-18 07:36:22,121:INFO: Val Acc: 0.7595
2018-08-18 07:36:22,122:INFO: Epoch 33/99
2018-08-18 07:36:22,122:INFO: ----------
2018-08-18 07:37:19,049:INFO: Train Loss: 0.2189 Acc: 0.8419
2018-08-18 07:37:37,799:INFO: Val Acc: 0.7636
2018-08-18 07:37:37,800:INFO: Epoch 34/99
2018-08-18 07:37:37,800:INFO: ----------
2018-08-18 07:38:50,257:INFO: Train Loss: 0.2070 Acc: 0.8542
2018-08-18 07:39:29,803:INFO: Val Acc: 0.7711
2018-08-18 07:39:29,804:INFO: Found new best accuracy
2018-08-18 07:39:29,815:INFO: Epoch 35/99
2018-08-18 07:39:29,815:INFO: ----------
2018-08-18 07:40:41,207:INFO: Train Loss: 0.2035 Acc: 0.8557
2018-08-18 07:41:00,918:INFO: Val Acc: 0.7746
2018-08-18 07:41:00,918:INFO: Found new best accuracy
2018-08-18 07:41:00,924:INFO: Epoch 36/99
2018-08-18 07:41:00,924:INFO: ----------
2018-08-18 07:41:55,750:INFO: Train Loss: 0.1957 Acc: 0.8632
2018-08-18 07:42:19,219:INFO: Val Acc: 0.7703
2018-08-18 07:42:19,219:INFO: Epoch 37/99
2018-08-18 07:42:19,219:INFO: ----------
2018-08-18 07:43:15,632:INFO: Train Loss: 0.1905 Acc: 0.8672
2018-08-18 07:43:36,716:INFO: Val Acc: 0.7577
2018-08-18 07:43:36,717:INFO: Epoch 38/99
2018-08-18 07:43:36,717:INFO: ----------
2018-08-18 07:44:33,284:INFO: Train Loss: 0.1847 Acc: 0.8746
2018-08-18 07:44:57,878:INFO: Val Acc: 0.7376
2018-08-18 07:44:57,879:INFO: Epoch 39/99
2018-08-18 07:44:57,879:INFO: ----------
2018-08-18 07:45:53,999:INFO: Train Loss: 0.1787 Acc: 0.8792
2018-08-18 07:46:17,444:INFO: Val Acc: 0.7274
2018-08-18 07:46:17,444:INFO: Epoch 40/99
2018-08-18 07:46:17,444:INFO: ----------
2018-08-18 07:47:12,170:INFO: Train Loss: 0.1711 Acc: 0.8836
2018-08-18 07:47:31,179:INFO: Val Acc: 0.7752
2018-08-18 07:47:31,180:INFO: Found new best accuracy
2018-08-18 07:47:31,187:INFO: Epoch 41/99
2018-08-18 07:47:31,187:INFO: ----------
2018-08-18 07:48:25,961:INFO: Train Loss: 0.1654 Acc: 0.8905
2018-08-18 07:48:48,965:INFO: Val Acc: 0.7303
2018-08-18 07:48:48,966:INFO: Epoch 42/99
2018-08-18 07:48:48,966:INFO: ----------
2018-08-18 07:49:53,282:INFO: Train Loss: 0.1594 Acc: 0.8975
2018-08-18 07:50:12,181:INFO: Val Acc: 0.7776
2018-08-18 07:50:12,181:INFO: Found new best accuracy
2018-08-18 07:50:12,189:INFO: Epoch 43/99
2018-08-18 07:50:12,189:INFO: ----------
2018-08-18 07:51:12,537:INFO: Train Loss: 0.1521 Acc: 0.9024
2018-08-18 07:51:30,998:INFO: Val Acc: 0.7551
2018-08-18 07:51:30,999:INFO: Epoch 44/99
2018-08-18 07:51:30,999:INFO: ----------
2018-08-18 07:52:26,731:INFO: Train Loss: 0.1493 Acc: 0.9062
2018-08-18 07:52:45,392:INFO: Val Acc: 0.7566
2018-08-18 07:52:45,392:INFO: Epoch 45/99
2018-08-18 07:52:45,392:INFO: ----------
2018-08-18 07:53:48,144:INFO: Train Loss: 0.1427 Acc: 0.9123
2018-08-18 07:54:29,756:INFO: Val Acc: 0.7647
2018-08-18 07:54:29,757:INFO: Epoch 46/99
2018-08-18 07:54:29,758:INFO: ----------
2018-08-18 07:55:25,462:INFO: Train Loss: 0.1303 Acc: 0.9258
2018-08-18 07:55:46,584:INFO: Val Acc: 0.7676
2018-08-18 07:55:46,585:INFO: Epoch 47/99
2018-08-18 07:55:46,585:INFO: ----------
2018-08-18 07:56:41,426:INFO: Train Loss: 0.1261 Acc: 0.9304
2018-08-18 07:57:10,291:INFO: Val Acc: 0.7551
2018-08-18 07:57:10,292:INFO: Epoch 48/99
2018-08-18 07:57:10,292:INFO: ----------
2018-08-18 07:58:06,213:INFO: Train Loss: 0.1202 Acc: 0.9364
2018-08-18 07:58:25,383:INFO: Val Acc: 0.7280
2018-08-18 07:58:25,383:INFO: Epoch 49/99
2018-08-18 07:58:25,384:INFO: ----------
2018-08-18 07:59:21,115:INFO: Train Loss: 0.1147 Acc: 0.9396
2018-08-18 07:59:42,006:INFO: Val Acc: 0.7230
2018-08-18 07:59:42,007:INFO: Epoch 50/99
2018-08-18 07:59:42,007:INFO: ----------
2018-08-18 08:00:36,244:INFO: Train Loss: 0.1090 Acc: 0.9477
2018-08-18 08:00:54,550:INFO: Val Acc: 0.7484
2018-08-18 08:00:54,550:INFO: Epoch 51/99
2018-08-18 08:00:54,550:INFO: ----------
2018-08-18 08:01:48,779:INFO: Train Loss: 0.1069 Acc: 0.9476
2018-08-18 08:02:11,522:INFO: Val Acc: 0.7280
2018-08-18 08:02:11,522:INFO: Epoch 52/99
2018-08-18 08:02:11,523:INFO: ----------
2018-08-18 08:03:12,017:INFO: Train Loss: 0.0966 Acc: 0.9594
2018-08-18 08:03:58,138:INFO: Val Acc: 0.7545
2018-08-18 08:03:58,139:INFO: Epoch 53/99
2018-08-18 08:03:58,139:INFO: ----------
2018-08-18 08:04:52,282:INFO: Train Loss: 0.0931 Acc: 0.9629
2018-08-18 08:05:32,062:INFO: Val Acc: 0.7671
2018-08-18 08:05:32,063:INFO: Epoch 54/99
2018-08-18 08:05:32,064:INFO: ----------
2018-08-18 08:06:42,306:INFO: Train Loss: 0.0882 Acc: 0.9700
2018-08-18 08:07:07,295:INFO: Val Acc: 0.7595
2018-08-18 08:07:07,296:INFO: Epoch 55/99
2018-08-18 08:07:07,296:INFO: ----------
2018-08-18 08:08:02,803:INFO: Train Loss: 0.0828 Acc: 0.9722
2018-08-18 08:08:22,061:INFO: Val Acc: 0.7187
2018-08-18 08:08:22,062:INFO: Epoch 56/99
2018-08-18 08:08:22,062:INFO: ----------
2018-08-18 08:09:17,644:INFO: Train Loss: 0.0792 Acc: 0.9760
2018-08-18 08:09:48,334:INFO: Val Acc: 0.7359
2018-08-18 08:09:48,335:INFO: Epoch 57/99
2018-08-18 08:09:48,335:INFO: ----------
2018-08-18 08:10:51,564:INFO: Train Loss: 0.0722 Acc: 0.9821
2018-08-18 08:11:29,197:INFO: Val Acc: 0.6073
2018-08-18 08:11:29,198:INFO: Epoch 58/99
2018-08-18 08:11:29,199:INFO: ----------
2018-08-18 08:12:23,194:INFO: Train Loss: 0.0712 Acc: 0.9821
2018-08-18 08:12:44,962:INFO: Val Acc: 0.7773
2018-08-18 08:12:44,963:INFO: Epoch 59/99
2018-08-18 08:12:44,963:INFO: ----------
2018-08-18 08:13:45,917:INFO: Train Loss: 0.0642 Acc: 0.9882
2018-08-18 08:14:13,347:INFO: Val Acc: 0.7391
2018-08-18 08:14:13,347:INFO: Epoch 60/99
2018-08-18 08:14:13,348:INFO: ----------
2018-08-18 08:15:08,045:INFO: Train Loss: 0.0519 Acc: 0.9950
2018-08-18 08:15:27,300:INFO: Val Acc: 0.7913
2018-08-18 08:15:27,300:INFO: Found new best accuracy
2018-08-18 08:15:27,309:INFO: Epoch 61/99
2018-08-18 08:15:27,309:INFO: ----------
2018-08-18 08:16:28,729:INFO: Train Loss: 0.0494 Acc: 0.9960
2018-08-18 08:16:58,900:INFO: Val Acc: 0.7860
2018-08-18 08:16:58,901:INFO: Epoch 62/99
2018-08-18 08:16:58,901:INFO: ----------
2018-08-18 08:18:00,182:INFO: Train Loss: 0.0483 Acc: 0.9973
2018-08-18 08:18:33,603:INFO: Val Acc: 0.7808
2018-08-18 08:18:33,604:INFO: Epoch 63/99
2018-08-18 08:18:33,604:INFO: ----------
2018-08-18 08:19:37,316:INFO: Train Loss: 0.0475 Acc: 0.9976
2018-08-18 08:20:14,161:INFO: Val Acc: 0.7854
2018-08-18 08:20:14,163:INFO: Epoch 64/99
2018-08-18 08:20:14,163:INFO: ----------
2018-08-18 08:21:27,901:INFO: Train Loss: 0.0465 Acc: 0.9973
2018-08-18 08:21:47,964:INFO: Val Acc: 0.7840
2018-08-18 08:21:47,965:INFO: Epoch 65/99
2018-08-18 08:21:47,965:INFO: ----------
2018-08-18 08:22:41,869:INFO: Train Loss: 0.0472 Acc: 0.9975
2018-08-18 08:23:06,211:INFO: Val Acc: 0.7784
2018-08-18 08:23:06,213:INFO: Epoch 66/99
2018-08-18 08:23:06,213:INFO: ----------
2018-08-18 08:24:01,909:INFO: Train Loss: 0.0459 Acc: 0.9977
2018-08-18 08:24:21,517:INFO: Val Acc: 0.7813
2018-08-18 08:24:21,517:INFO: Epoch 67/99
2018-08-18 08:24:21,517:INFO: ----------
2018-08-18 08:25:15,811:INFO: Train Loss: 0.0453 Acc: 0.9983
2018-08-18 08:25:35,612:INFO: Val Acc: 0.7813
2018-08-18 08:25:35,613:INFO: Epoch 68/99
2018-08-18 08:25:35,613:INFO: ----------
2018-08-18 08:26:30,806:INFO: Train Loss: 0.0448 Acc: 0.9984
2018-08-18 08:26:50,960:INFO: Val Acc: 0.7787
2018-08-18 08:26:50,960:INFO: Epoch 69/99
2018-08-18 08:26:50,960:INFO: ----------
2018-08-18 08:27:45,020:INFO: Train Loss: 0.0454 Acc: 0.9983
2018-08-18 08:28:09,134:INFO: Val Acc: 0.7831
2018-08-18 08:28:09,135:INFO: Epoch 70/99
2018-08-18 08:28:09,135:INFO: ----------
2018-08-18 08:29:19,788:INFO: Train Loss: 0.0445 Acc: 0.9983
2018-08-18 08:29:58,235:INFO: Val Acc: 0.7819
2018-08-18 08:29:58,236:INFO: Epoch 71/99
2018-08-18 08:29:58,236:INFO: ----------
2018-08-18 08:31:06,449:INFO: Train Loss: 0.0446 Acc: 0.9981
2018-08-18 08:31:51,255:INFO: Val Acc: 0.7805
2018-08-18 08:31:51,256:INFO: Epoch 72/99
2018-08-18 08:31:51,256:INFO: ----------
2018-08-18 08:32:46,204:INFO: Train Loss: 0.0444 Acc: 0.9979
2018-08-18 08:33:05,263:INFO: Val Acc: 0.7799
2018-08-18 08:33:05,264:INFO: Epoch 73/99
2018-08-18 08:33:05,264:INFO: ----------
2018-08-18 08:34:01,685:INFO: Train Loss: 0.0445 Acc: 0.9985
2018-08-18 08:34:20,782:INFO: Val Acc: 0.7819
2018-08-18 08:34:20,783:INFO: Epoch 74/99
2018-08-18 08:34:20,785:INFO: ----------
2018-08-18 08:35:14,900:INFO: Train Loss: 0.0432 Acc: 0.9989
2018-08-18 08:35:34,488:INFO: Val Acc: 0.7799
2018-08-18 08:35:34,489:INFO: Epoch 75/99
2018-08-18 08:35:34,489:INFO: ----------
2018-08-18 08:36:28,370:INFO: Train Loss: 0.0448 Acc: 0.9980
2018-08-18 08:36:53,614:INFO: Val Acc: 0.7851
2018-08-18 08:36:53,615:INFO: Epoch 76/99
2018-08-18 08:36:53,615:INFO: ----------
2018-08-18 08:37:48,827:INFO: Train Loss: 0.0446 Acc: 0.9984
2018-08-18 08:38:08,796:INFO: Val Acc: 0.7805
2018-08-18 08:38:08,797:INFO: Epoch 77/99
2018-08-18 08:38:08,797:INFO: ----------
2018-08-18 08:39:02,917:INFO: Train Loss: 0.0432 Acc: 0.9987
2018-08-18 08:39:21,029:INFO: Val Acc: 0.7834
2018-08-18 08:39:21,031:INFO: Epoch 78/99
2018-08-18 08:39:21,031:INFO: ----------
2018-08-18 08:40:15,438:INFO: Train Loss: 0.0427 Acc: 0.9986
2018-08-18 08:40:38,445:INFO: Val Acc: 0.7828
2018-08-18 08:40:38,445:INFO: Epoch 79/99
2018-08-18 08:40:38,445:INFO: ----------
2018-08-18 08:41:34,041:INFO: Train Loss: 0.0421 Acc: 0.9992
2018-08-18 08:42:12,870:INFO: Val Acc: 0.7781
2018-08-18 08:42:12,871:INFO: Epoch 80/99
2018-08-18 08:42:12,871:INFO: ----------
2018-08-18 08:43:09,618:INFO: Train Loss: 0.0427 Acc: 0.9989
2018-08-18 08:43:30,423:INFO: Val Acc: 0.7758
2018-08-18 08:43:30,424:INFO: Epoch 81/99
2018-08-18 08:43:30,424:INFO: ----------
2018-08-18 08:44:28,024:INFO: Train Loss: 0.0432 Acc: 0.9983
2018-08-18 08:44:58,190:INFO: Val Acc: 0.7840
2018-08-18 08:44:58,191:INFO: Epoch 82/99
2018-08-18 08:44:58,192:INFO: ----------
2018-08-18 08:46:06,255:INFO: Train Loss: 0.0423 Acc: 0.9989
2018-08-18 08:46:41,983:INFO: Val Acc: 0.7787
2018-08-18 08:46:41,984:INFO: Epoch 83/99
2018-08-18 08:46:41,984:INFO: ----------
2018-08-18 08:47:44,361:INFO: Train Loss: 0.0423 Acc: 0.9992
2018-08-18 08:48:04,278:INFO: Val Acc: 0.7805
2018-08-18 08:48:04,279:INFO: Epoch 84/99
2018-08-18 08:48:04,279:INFO: ----------
2018-08-18 08:49:08,258:INFO: Train Loss: 0.0417 Acc: 0.9993
2018-08-18 08:49:57,679:INFO: Val Acc: 0.7822
2018-08-18 08:49:57,680:INFO: Epoch 85/99
2018-08-18 08:49:57,680:INFO: ----------
2018-08-18 08:51:03,312:INFO: Train Loss: 0.0421 Acc: 0.9994
2018-08-18 08:51:42,384:INFO: Val Acc: 0.7778
2018-08-18 08:51:42,384:INFO: Epoch 86/99
2018-08-18 08:51:42,384:INFO: ----------
2018-08-18 08:52:39,533:INFO: Train Loss: 0.0420 Acc: 0.9989
2018-08-18 08:53:00,091:INFO: Val Acc: 0.7790
2018-08-18 08:53:00,091:INFO: Epoch 87/99
2018-08-18 08:53:00,091:INFO: ----------
2018-08-18 08:53:54,823:INFO: Train Loss: 0.0419 Acc: 0.9992
2018-08-18 08:54:13,754:INFO: Val Acc: 0.7813
2018-08-18 08:54:13,755:INFO: Epoch 88/99
2018-08-18 08:54:13,755:INFO: ----------
2018-08-18 08:55:16,598:INFO: Train Loss: 0.0396 Acc: 0.9996
2018-08-18 08:55:50,394:INFO: Val Acc: 0.7793
2018-08-18 08:55:50,395:INFO: Epoch 89/99
2018-08-18 08:55:50,395:INFO: ----------
2018-08-18 08:56:46,224:INFO: Train Loss: 0.0406 Acc: 0.9992
2018-08-18 08:57:03,707:INFO: Val Acc: 0.7819
2018-08-18 08:57:03,708:INFO: Epoch 90/99
2018-08-18 08:57:03,708:INFO: ----------
2018-08-18 08:57:57,681:INFO: Train Loss: 0.0406 Acc: 0.9986
2018-08-18 08:58:22,958:INFO: Val Acc: 0.7781
2018-08-18 08:58:22,959:INFO: Epoch 91/99
2018-08-18 08:58:22,959:INFO: ----------
2018-08-18 08:59:24,652:INFO: Train Loss: 0.0399 Acc: 0.9990
2018-08-18 08:59:44,179:INFO: Val Acc: 0.7851
2018-08-18 08:59:44,180:INFO: Epoch 92/99
2018-08-18 08:59:44,180:INFO: ----------
2018-08-18 09:00:37,893:INFO: Train Loss: 0.0398 Acc: 0.9989
2018-08-18 09:00:56,531:INFO: Val Acc: 0.7813
2018-08-18 09:00:56,531:INFO: Epoch 93/99
2018-08-18 09:00:56,531:INFO: ----------
2018-08-18 09:01:50,849:INFO: Train Loss: 0.0394 Acc: 0.9993
2018-08-18 09:02:32,477:INFO: Val Acc: 0.7816
2018-08-18 09:02:32,478:INFO: Epoch 94/99
2018-08-18 09:02:32,479:INFO: ----------
2018-08-18 09:03:36,201:INFO: Train Loss: 0.0393 Acc: 0.9992
2018-08-18 09:04:04,830:INFO: Val Acc: 0.7787
2018-08-18 09:04:04,830:INFO: Epoch 95/99
2018-08-18 09:04:04,831:INFO: ----------
2018-08-18 09:04:58,468:INFO: Train Loss: 0.0395 Acc: 0.9993
2018-08-18 09:05:19,463:INFO: Val Acc: 0.7790
2018-08-18 09:05:19,464:INFO: Epoch 96/99
2018-08-18 09:05:19,464:INFO: ----------
2018-08-18 09:06:13,430:INFO: Train Loss: 0.0400 Acc: 0.9996
2018-08-18 09:06:33,100:INFO: Val Acc: 0.7822
2018-08-18 09:06:33,100:INFO: Epoch 97/99
2018-08-18 09:06:33,101:INFO: ----------
2018-08-18 09:07:28,097:INFO: Train Loss: 0.0403 Acc: 0.9989
2018-08-18 09:07:46,107:INFO: Val Acc: 0.7831
2018-08-18 09:07:46,108:INFO: Epoch 98/99
2018-08-18 09:07:46,108:INFO: ----------
2018-08-18 09:08:44,797:INFO: Train Loss: 0.0396 Acc: 0.9985
2018-08-18 09:09:07,032:INFO: Val Acc: 0.7840
2018-08-18 09:09:07,032:INFO: Epoch 99/99
2018-08-18 09:09:07,033:INFO: ----------
2018-08-18 09:10:00,933:INFO: Train Loss: 0.0397 Acc: 0.9987
2018-08-18 09:10:19,511:INFO: Val Acc: 0.7816
2018-08-18 09:10:19,512:INFO: Training complete in 145m 19s
2018-08-18 09:10:19,512:INFO: Best val Acc: 0.791254
2018-08-18 09:10:39,418:INFO: Test Acc: 0.8106
