2018-08-18 16:00:19,301:INFO: Loading the datasets...
2018-08-18 16:00:19,522:INFO: - done.
2018-08-18 16:00:51,926:INFO: Starting training for 100 epoch(s)
2018-08-18 16:00:51,934:INFO: Epoch 0/99
2018-08-18 16:00:51,935:INFO: ----------
2018-08-18 16:01:57,357:INFO: Train Loss: 0.5250 Acc: 0.3045
2018-08-18 16:02:21,540:INFO: Val Acc: 0.2945
2018-08-18 16:02:21,540:INFO: Found new best accuracy
2018-08-18 16:02:21,550:INFO: Epoch 1/99
2018-08-18 16:02:21,550:INFO: ----------
2018-08-18 16:03:27,075:INFO: Train Loss: 0.4690 Acc: 0.3741
2018-08-18 16:03:59,364:INFO: Val Acc: 0.3429
2018-08-18 16:03:59,365:INFO: Found new best accuracy
2018-08-18 16:03:59,378:INFO: Epoch 2/99
2018-08-18 16:03:59,378:INFO: ----------
2018-08-18 16:05:00,668:INFO: Train Loss: 0.4477 Acc: 0.3940
2018-08-18 16:05:38,815:INFO: Val Acc: 0.3845
2018-08-18 16:05:38,816:INFO: Found new best accuracy
2018-08-18 16:05:38,821:INFO: Epoch 3/99
2018-08-18 16:05:38,822:INFO: ----------
2018-08-18 16:06:51,587:INFO: Train Loss: 0.4331 Acc: 0.4150
2018-08-18 16:07:17,833:INFO: Val Acc: 0.3569
2018-08-18 16:07:17,834:INFO: Epoch 4/99
2018-08-18 16:07:17,834:INFO: ----------
2018-08-18 16:08:12,271:INFO: Train Loss: 0.4156 Acc: 0.4352
2018-08-18 16:08:30,370:INFO: Val Acc: 0.3983
2018-08-18 16:08:30,370:INFO: Found new best accuracy
2018-08-18 16:08:30,377:INFO: Epoch 5/99
2018-08-18 16:08:30,377:INFO: ----------
2018-08-18 16:09:24,746:INFO: Train Loss: 0.4015 Acc: 0.4530
2018-08-18 16:09:43,095:INFO: Val Acc: 0.3283
2018-08-18 16:09:43,096:INFO: Epoch 6/99
2018-08-18 16:09:43,096:INFO: ----------
2018-08-18 16:10:37,575:INFO: Train Loss: 0.3870 Acc: 0.4800
2018-08-18 16:11:02,538:INFO: Val Acc: 0.4391
2018-08-18 16:11:02,539:INFO: Found new best accuracy
2018-08-18 16:11:02,545:INFO: Epoch 7/99
2018-08-18 16:11:02,545:INFO: ----------
2018-08-18 16:12:02,347:INFO: Train Loss: 0.3702 Acc: 0.4991
2018-08-18 16:12:43,541:INFO: Val Acc: 0.4810
2018-08-18 16:12:43,541:INFO: Found new best accuracy
2018-08-18 16:12:43,551:INFO: Epoch 8/99
2018-08-18 16:12:43,551:INFO: ----------
2018-08-18 16:13:51,743:INFO: Train Loss: 0.3529 Acc: 0.5196
2018-08-18 16:14:29,949:INFO: Val Acc: 0.3895
2018-08-18 16:14:29,950:INFO: Epoch 9/99
2018-08-18 16:14:29,950:INFO: ----------
2018-08-18 16:15:34,027:INFO: Train Loss: 0.3325 Acc: 0.5415
2018-08-18 16:16:07,473:INFO: Val Acc: 0.3417
2018-08-18 16:16:07,474:INFO: Epoch 10/99
2018-08-18 16:16:07,474:INFO: ----------
2018-08-18 16:17:09,488:INFO: Train Loss: 0.3184 Acc: 0.5665
2018-08-18 16:17:31,381:INFO: Val Acc: 0.5213
2018-08-18 16:17:31,382:INFO: Found new best accuracy
2018-08-18 16:17:31,389:INFO: Epoch 11/99
2018-08-18 16:17:31,389:INFO: ----------
2018-08-18 16:18:35,037:INFO: Train Loss: 0.3002 Acc: 0.5805
2018-08-18 16:19:04,922:INFO: Val Acc: 0.3796
2018-08-18 16:19:04,923:INFO: Epoch 12/99
2018-08-18 16:19:04,923:INFO: ----------
2018-08-18 16:20:08,461:INFO: Train Loss: 0.2904 Acc: 0.5968
2018-08-18 16:20:44,370:INFO: Val Acc: 0.5277
2018-08-18 16:20:44,371:INFO: Found new best accuracy
2018-08-18 16:20:44,376:INFO: Epoch 13/99
2018-08-18 16:20:44,377:INFO: ----------
2018-08-18 16:21:50,963:INFO: Train Loss: 0.2710 Acc: 0.6228
2018-08-18 16:22:18,245:INFO: Val Acc: 0.2767
2018-08-18 16:22:18,246:INFO: Epoch 14/99
2018-08-18 16:22:18,246:INFO: ----------
2018-08-18 16:23:20,843:INFO: Train Loss: 0.2688 Acc: 0.6264
2018-08-18 16:23:51,384:INFO: Val Acc: 0.5230
2018-08-18 16:23:51,385:INFO: Epoch 15/99
2018-08-18 16:23:51,385:INFO: ----------
2018-08-18 16:24:45,858:INFO: Train Loss: 0.2549 Acc: 0.6437
2018-08-18 16:25:12,822:INFO: Val Acc: 0.2647
2018-08-18 16:25:12,823:INFO: Epoch 16/99
2018-08-18 16:25:12,823:INFO: ----------
2018-08-18 16:26:11,147:INFO: Train Loss: 0.2514 Acc: 0.6444
2018-08-18 16:26:32,701:INFO: Val Acc: 0.3694
2018-08-18 16:26:32,702:INFO: Epoch 17/99
2018-08-18 16:26:32,702:INFO: ----------
2018-08-18 16:27:26,949:INFO: Train Loss: 0.2416 Acc: 0.6620
2018-08-18 16:27:46,200:INFO: Val Acc: 0.5201
2018-08-18 16:27:46,201:INFO: Epoch 18/99
2018-08-18 16:27:46,204:INFO: ----------
2018-08-18 16:28:40,272:INFO: Train Loss: 0.2366 Acc: 0.6640
2018-08-18 16:29:02,346:INFO: Val Acc: 0.5420
2018-08-18 16:29:02,347:INFO: Found new best accuracy
2018-08-18 16:29:02,357:INFO: Epoch 19/99
2018-08-18 16:29:02,357:INFO: ----------
2018-08-18 16:29:56,453:INFO: Train Loss: 0.2332 Acc: 0.6690
2018-08-18 16:30:16,267:INFO: Val Acc: 0.3586
2018-08-18 16:30:16,267:INFO: Epoch 20/99
2018-08-18 16:30:16,267:INFO: ----------
2018-08-18 16:31:11,033:INFO: Train Loss: 0.2339 Acc: 0.6639
2018-08-18 16:31:46,965:INFO: Val Acc: 0.5449
2018-08-18 16:31:46,965:INFO: Found new best accuracy
2018-08-18 16:31:46,975:INFO: Epoch 21/99
2018-08-18 16:31:46,975:INFO: ----------
2018-08-18 16:32:49,515:INFO: Train Loss: 0.2221 Acc: 0.6816
2018-08-18 16:33:27,692:INFO: Val Acc: 0.5977
2018-08-18 16:33:27,692:INFO: Found new best accuracy
2018-08-18 16:33:27,702:INFO: Epoch 22/99
2018-08-18 16:33:27,702:INFO: ----------
2018-08-18 16:34:32,636:INFO: Train Loss: 0.2248 Acc: 0.6775
2018-08-18 16:34:56,154:INFO: Val Acc: 0.5382
2018-08-18 16:34:56,155:INFO: Epoch 23/99
2018-08-18 16:34:56,155:INFO: ----------
2018-08-18 16:36:05,124:INFO: Train Loss: 0.2089 Acc: 0.6994
2018-08-18 16:36:33,704:INFO: Val Acc: 0.4863
2018-08-18 16:36:33,706:INFO: Epoch 24/99
2018-08-18 16:36:33,706:INFO: ----------
2018-08-18 16:37:35,964:INFO: Train Loss: 0.2065 Acc: 0.6972
2018-08-18 16:37:56,070:INFO: Val Acc: 0.5041
2018-08-18 16:37:56,071:INFO: Epoch 25/99
2018-08-18 16:37:56,071:INFO: ----------
2018-08-18 16:38:57,342:INFO: Train Loss: 0.2066 Acc: 0.7059
2018-08-18 16:39:23,776:INFO: Val Acc: 0.4507
2018-08-18 16:39:23,777:INFO: Epoch 26/99
2018-08-18 16:39:23,778:INFO: ----------
2018-08-18 16:40:31,234:INFO: Train Loss: 0.2071 Acc: 0.7040
2018-08-18 16:41:08,959:INFO: Val Acc: 0.5423
2018-08-18 16:41:08,960:INFO: Epoch 27/99
2018-08-18 16:41:08,960:INFO: ----------
2018-08-18 16:42:07,859:INFO: Train Loss: 0.2041 Acc: 0.7086
2018-08-18 16:42:42,617:INFO: Val Acc: 0.4338
2018-08-18 16:42:42,618:INFO: Epoch 28/99
2018-08-18 16:42:42,618:INFO: ----------
2018-08-18 16:43:47,426:INFO: Train Loss: 0.1975 Acc: 0.7195
2018-08-18 16:44:34,150:INFO: Val Acc: 0.3618
2018-08-18 16:44:34,151:INFO: Epoch 29/99
2018-08-18 16:44:34,151:INFO: ----------
2018-08-18 16:45:34,034:INFO: Train Loss: 0.1936 Acc: 0.7244
2018-08-18 16:46:17,558:INFO: Val Acc: 0.4673
2018-08-18 16:46:17,559:INFO: Epoch 30/99
2018-08-18 16:46:17,559:INFO: ----------
2018-08-18 16:47:19,419:INFO: Train Loss: 0.1484 Acc: 0.7864
2018-08-18 16:47:55,606:INFO: Val Acc: 0.7706
2018-08-18 16:47:55,607:INFO: Found new best accuracy
2018-08-18 16:47:55,617:INFO: Epoch 31/99
2018-08-18 16:47:55,617:INFO: ----------
2018-08-18 16:49:10,987:INFO: Train Loss: 0.1341 Acc: 0.8044
2018-08-18 16:49:31,868:INFO: Val Acc: 0.7656
2018-08-18 16:49:31,869:INFO: Epoch 32/99
2018-08-18 16:49:31,869:INFO: ----------
2018-08-18 16:50:27,715:INFO: Train Loss: 0.1273 Acc: 0.8176
2018-08-18 16:50:46,574:INFO: Val Acc: 0.7580
2018-08-18 16:50:46,575:INFO: Epoch 33/99
2018-08-18 16:50:46,575:INFO: ----------
2018-08-18 16:51:42,358:INFO: Train Loss: 0.1239 Acc: 0.8217
2018-08-18 16:52:01,558:INFO: Val Acc: 0.7676
2018-08-18 16:52:01,559:INFO: Epoch 34/99
2018-08-18 16:52:01,559:INFO: ----------
2018-08-18 16:52:56,148:INFO: Train Loss: 0.1201 Acc: 0.8331
2018-08-18 16:53:35,263:INFO: Val Acc: 0.7784
2018-08-18 16:53:35,264:INFO: Found new best accuracy
2018-08-18 16:53:35,272:INFO: Epoch 35/99
2018-08-18 16:53:35,272:INFO: ----------
2018-08-18 16:54:34,281:INFO: Train Loss: 0.1186 Acc: 0.8301
2018-08-18 16:55:06,832:INFO: Val Acc: 0.7694
2018-08-18 16:55:06,833:INFO: Epoch 36/99
2018-08-18 16:55:06,834:INFO: ----------
2018-08-18 16:56:10,745:INFO: Train Loss: 0.1152 Acc: 0.8425
2018-08-18 16:56:33,725:INFO: Val Acc: 0.7781
2018-08-18 16:56:33,728:INFO: Epoch 37/99
2018-08-18 16:56:33,728:INFO: ----------
2018-08-18 16:57:33,400:INFO: Train Loss: 0.1128 Acc: 0.8420
2018-08-18 16:57:53,729:INFO: Val Acc: 0.7531
2018-08-18 16:57:53,729:INFO: Epoch 38/99
2018-08-18 16:57:53,730:INFO: ----------
2018-08-18 16:58:48,215:INFO: Train Loss: 0.1101 Acc: 0.8462
2018-08-18 16:59:21,779:INFO: Val Acc: 0.7638
2018-08-18 16:59:21,779:INFO: Epoch 39/99
2018-08-18 16:59:21,780:INFO: ----------
2018-08-18 17:00:29,488:INFO: Train Loss: 0.1088 Acc: 0.8485
2018-08-18 17:01:00,649:INFO: Val Acc: 0.7697
2018-08-18 17:01:00,649:INFO: Epoch 40/99
2018-08-18 17:01:00,649:INFO: ----------
2018-08-18 17:02:04,491:INFO: Train Loss: 0.1050 Acc: 0.8561
2018-08-18 17:02:40,748:INFO: Val Acc: 0.7802
2018-08-18 17:02:40,748:INFO: Found new best accuracy
2018-08-18 17:02:40,756:INFO: Epoch 41/99
2018-08-18 17:02:40,756:INFO: ----------
2018-08-18 17:03:38,014:INFO: Train Loss: 0.1036 Acc: 0.8584
2018-08-18 17:03:59,723:INFO: Val Acc: 0.7796
2018-08-18 17:03:59,724:INFO: Epoch 42/99
2018-08-18 17:03:59,724:INFO: ----------
2018-08-18 17:05:00,483:INFO: Train Loss: 0.1010 Acc: 0.8648
2018-08-18 17:05:29,377:INFO: Val Acc: 0.7796
2018-08-18 17:05:29,378:INFO: Epoch 43/99
2018-08-18 17:05:29,378:INFO: ----------
2018-08-18 17:06:32,282:INFO: Train Loss: 0.0988 Acc: 0.8687
2018-08-18 17:07:01,236:INFO: Val Acc: 0.7802
2018-08-18 17:07:01,237:INFO: Epoch 44/99
2018-08-18 17:07:01,237:INFO: ----------
2018-08-18 17:08:03,203:INFO: Train Loss: 0.0969 Acc: 0.8713
2018-08-18 17:08:35,079:INFO: Val Acc: 0.7429
2018-08-18 17:08:35,080:INFO: Epoch 45/99
2018-08-18 17:08:35,080:INFO: ----------
2018-08-18 17:09:30,558:INFO: Train Loss: 0.0959 Acc: 0.8707
2018-08-18 17:09:51,464:INFO: Val Acc: 0.7808
2018-08-18 17:09:51,464:INFO: Found new best accuracy
2018-08-18 17:09:51,471:INFO: Epoch 46/99
2018-08-18 17:09:51,471:INFO: ----------
2018-08-18 17:10:55,064:INFO: Train Loss: 0.0908 Acc: 0.8795
2018-08-18 17:11:15,241:INFO: Val Acc: 0.7761
2018-08-18 17:11:15,242:INFO: Epoch 47/99
2018-08-18 17:11:15,242:INFO: ----------
2018-08-18 17:12:20,359:INFO: Train Loss: 0.0898 Acc: 0.8805
2018-08-18 17:12:53,854:INFO: Val Acc: 0.7662
2018-08-18 17:12:53,855:INFO: Epoch 48/99
2018-08-18 17:12:53,855:INFO: ----------
2018-08-18 17:13:53,430:INFO: Train Loss: 0.0870 Acc: 0.8920
2018-08-18 17:14:14,931:INFO: Val Acc: 0.7802
2018-08-18 17:14:14,931:INFO: Epoch 49/99
2018-08-18 17:14:14,932:INFO: ----------
2018-08-18 17:15:10,545:INFO: Train Loss: 0.0863 Acc: 0.8926
2018-08-18 17:15:30,656:INFO: Val Acc: 0.7755
2018-08-18 17:15:30,656:INFO: Epoch 50/99
2018-08-18 17:15:30,657:INFO: ----------
2018-08-18 17:16:24,513:INFO: Train Loss: 0.0837 Acc: 0.8955
2018-08-18 17:16:44,675:INFO: Val Acc: 0.7752
2018-08-18 17:16:44,675:INFO: Epoch 51/99
2018-08-18 17:16:44,675:INFO: ----------
2018-08-18 17:17:40,077:INFO: Train Loss: 0.0819 Acc: 0.9027
2018-08-18 17:18:09,166:INFO: Val Acc: 0.7621
2018-08-18 17:18:09,167:INFO: Epoch 52/99
2018-08-18 17:18:09,167:INFO: ----------
2018-08-18 17:19:02,991:INFO: Train Loss: 0.0788 Acc: 0.9042
2018-08-18 17:19:25,853:INFO: Val Acc: 0.7592
2018-08-18 17:19:25,853:INFO: Epoch 53/99
2018-08-18 17:19:25,853:INFO: ----------
2018-08-18 17:20:20,441:INFO: Train Loss: 0.0784 Acc: 0.9041
2018-08-18 17:20:46,615:INFO: Val Acc: 0.7493
2018-08-18 17:20:46,616:INFO: Epoch 54/99
2018-08-18 17:20:46,616:INFO: ----------
2018-08-18 17:21:40,821:INFO: Train Loss: 0.0762 Acc: 0.9132
2018-08-18 17:21:59,556:INFO: Val Acc: 0.7362
2018-08-18 17:21:59,557:INFO: Epoch 55/99
2018-08-18 17:21:59,557:INFO: ----------
2018-08-18 17:22:56,251:INFO: Train Loss: 0.0739 Acc: 0.9166
2018-08-18 17:23:27,376:INFO: Val Acc: 0.6615
2018-08-18 17:23:27,377:INFO: Epoch 56/99
2018-08-18 17:23:27,377:INFO: ----------
2018-08-18 17:24:21,074:INFO: Train Loss: 0.0723 Acc: 0.9155
2018-08-18 17:24:40,585:INFO: Val Acc: 0.7694
2018-08-18 17:24:40,586:INFO: Epoch 57/99
2018-08-18 17:24:40,586:INFO: ----------
2018-08-18 17:25:36,126:INFO: Train Loss: 0.0691 Acc: 0.9243
2018-08-18 17:26:04,867:INFO: Val Acc: 0.6883
2018-08-18 17:26:04,868:INFO: Epoch 58/99
2018-08-18 17:26:04,868:INFO: ----------
2018-08-18 17:27:11,881:INFO: Train Loss: 0.0682 Acc: 0.9254
2018-08-18 17:27:49,304:INFO: Val Acc: 0.7557
2018-08-18 17:27:49,305:INFO: Epoch 59/99
2018-08-18 17:27:49,305:INFO: ----------
2018-08-18 17:28:52,234:INFO: Train Loss: 0.0661 Acc: 0.9288
2018-08-18 17:29:35,057:INFO: Val Acc: 0.7749
2018-08-18 17:29:35,058:INFO: Epoch 60/99
2018-08-18 17:29:35,059:INFO: ----------
2018-08-18 17:30:30,965:INFO: Train Loss: 0.0543 Acc: 0.9526
2018-08-18 17:30:49,511:INFO: Val Acc: 0.7985
2018-08-18 17:30:49,512:INFO: Found new best accuracy
2018-08-18 17:30:49,518:INFO: Epoch 61/99
2018-08-18 17:30:49,518:INFO: ----------
2018-08-18 17:31:49,675:INFO: Train Loss: 0.0525 Acc: 0.9552
2018-08-18 17:32:20,966:INFO: Val Acc: 0.8012
2018-08-18 17:32:20,966:INFO: Found new best accuracy
2018-08-18 17:32:20,974:INFO: Epoch 62/99
2018-08-18 17:32:20,974:INFO: ----------
2018-08-18 17:33:27,704:INFO: Train Loss: 0.0511 Acc: 0.9575
2018-08-18 17:33:52,264:INFO: Val Acc: 0.8044
2018-08-18 17:33:52,265:INFO: Found new best accuracy
2018-08-18 17:33:52,284:INFO: Epoch 63/99
2018-08-18 17:33:52,284:INFO: ----------
2018-08-18 17:34:59,295:INFO: Train Loss: 0.0505 Acc: 0.9579
2018-08-18 17:35:36,229:INFO: Val Acc: 0.8067
2018-08-18 17:35:36,230:INFO: Found new best accuracy
2018-08-18 17:35:36,243:INFO: Epoch 64/99
2018-08-18 17:35:36,243:INFO: ----------
2018-08-18 17:36:31,423:INFO: Train Loss: 0.0496 Acc: 0.9598
2018-08-18 17:36:50,749:INFO: Val Acc: 0.7991
2018-08-18 17:36:50,749:INFO: Epoch 65/99
2018-08-18 17:36:50,750:INFO: ----------
2018-08-18 17:37:44,368:INFO: Train Loss: 0.0501 Acc: 0.9606
2018-08-18 17:38:01,622:INFO: Val Acc: 0.7965
2018-08-18 17:38:01,623:INFO: Epoch 66/99
2018-08-18 17:38:01,623:INFO: ----------
2018-08-18 17:38:55,181:INFO: Train Loss: 0.0489 Acc: 0.9601
2018-08-18 17:39:14,837:INFO: Val Acc: 0.8015
2018-08-18 17:39:14,838:INFO: Epoch 67/99
2018-08-18 17:39:14,838:INFO: ----------
2018-08-18 17:40:11,650:INFO: Train Loss: 0.0491 Acc: 0.9612
2018-08-18 17:40:30,371:INFO: Val Acc: 0.7959
2018-08-18 17:40:30,371:INFO: Epoch 68/99
2018-08-18 17:40:30,372:INFO: ----------
2018-08-18 17:41:24,772:INFO: Train Loss: 0.0483 Acc: 0.9613
2018-08-18 17:41:51,128:INFO: Val Acc: 0.7950
2018-08-18 17:41:51,129:INFO: Epoch 69/99
2018-08-18 17:41:51,129:INFO: ----------
2018-08-18 17:42:54,793:INFO: Train Loss: 0.0487 Acc: 0.9643
2018-08-18 17:43:31,411:INFO: Val Acc: 0.7994
2018-08-18 17:43:31,411:INFO: Epoch 70/99
2018-08-18 17:43:31,412:INFO: ----------
2018-08-18 17:44:33,065:INFO: Train Loss: 0.0476 Acc: 0.9650
2018-08-18 17:45:03,528:INFO: Val Acc: 0.8015
2018-08-18 17:45:03,528:INFO: Epoch 71/99
2018-08-18 17:45:03,529:INFO: ----------
2018-08-18 17:46:06,559:INFO: Train Loss: 0.0485 Acc: 0.9616
2018-08-18 17:46:48,023:INFO: Val Acc: 0.7968
2018-08-18 17:46:48,024:INFO: Epoch 72/99
2018-08-18 17:46:48,024:INFO: ----------
2018-08-18 17:47:48,018:INFO: Train Loss: 0.0478 Acc: 0.9627
2018-08-18 17:48:28,077:INFO: Val Acc: 0.7948
2018-08-18 17:48:28,078:INFO: Epoch 73/99
2018-08-18 17:48:28,078:INFO: ----------
2018-08-18 17:49:36,949:INFO: Train Loss: 0.0476 Acc: 0.9636
2018-08-18 17:50:17,652:INFO: Val Acc: 0.7974
2018-08-18 17:50:17,653:INFO: Epoch 74/99
2018-08-18 17:50:17,653:INFO: ----------
2018-08-18 17:51:24,222:INFO: Train Loss: 0.0463 Acc: 0.9666
2018-08-18 17:51:53,286:INFO: Val Acc: 0.8038
2018-08-18 17:51:53,287:INFO: Epoch 75/99
2018-08-18 17:51:53,287:INFO: ----------
2018-08-18 17:52:59,182:INFO: Train Loss: 0.0476 Acc: 0.9668
2018-08-18 17:53:29,325:INFO: Val Acc: 0.8017
2018-08-18 17:53:29,325:INFO: Epoch 76/99
2018-08-18 17:53:29,325:INFO: ----------
2018-08-18 17:54:33,910:INFO: Train Loss: 0.0476 Acc: 0.9634
2018-08-18 17:55:11,723:INFO: Val Acc: 0.7924
2018-08-18 17:55:11,724:INFO: Epoch 77/99
2018-08-18 17:55:11,724:INFO: ----------
2018-08-18 17:56:19,024:INFO: Train Loss: 0.0464 Acc: 0.9647
2018-08-18 17:56:52,984:INFO: Val Acc: 0.7924
2018-08-18 17:56:52,984:INFO: Epoch 78/99
2018-08-18 17:56:52,985:INFO: ----------
2018-08-18 17:57:56,553:INFO: Train Loss: 0.0458 Acc: 0.9673
2018-08-18 17:58:24,629:INFO: Val Acc: 0.7991
2018-08-18 17:58:24,630:INFO: Epoch 79/99
2018-08-18 17:58:24,630:INFO: ----------
2018-08-18 17:59:21,421:INFO: Train Loss: 0.0456 Acc: 0.9672
2018-08-18 17:59:42,711:INFO: Val Acc: 0.7988
2018-08-18 17:59:42,711:INFO: Epoch 80/99
2018-08-18 17:59:42,711:INFO: ----------
2018-08-18 18:00:38,868:INFO: Train Loss: 0.0459 Acc: 0.9671
2018-08-18 18:00:58,459:INFO: Val Acc: 0.7974
2018-08-18 18:00:58,460:INFO: Epoch 81/99
2018-08-18 18:00:58,460:INFO: ----------
2018-08-18 18:02:00,547:INFO: Train Loss: 0.0454 Acc: 0.9701
2018-08-18 18:02:27,996:INFO: Val Acc: 0.8003
2018-08-18 18:02:27,997:INFO: Epoch 82/99
2018-08-18 18:02:27,997:INFO: ----------
2018-08-18 18:03:28,518:INFO: Train Loss: 0.0450 Acc: 0.9697
2018-08-18 18:03:59,976:INFO: Val Acc: 0.7956
2018-08-18 18:03:59,976:INFO: Epoch 83/99
2018-08-18 18:03:59,976:INFO: ----------
2018-08-18 18:05:00,770:INFO: Train Loss: 0.0452 Acc: 0.9688
2018-08-18 18:05:28,263:INFO: Val Acc: 0.7994
2018-08-18 18:05:28,263:INFO: Epoch 84/99
2018-08-18 18:05:28,263:INFO: ----------
2018-08-18 18:06:26,148:INFO: Train Loss: 0.0442 Acc: 0.9702
2018-08-18 18:07:01,292:INFO: Val Acc: 0.7994
2018-08-18 18:07:01,292:INFO: Epoch 85/99
2018-08-18 18:07:01,293:INFO: ----------
2018-08-18 18:07:56,210:INFO: Train Loss: 0.0449 Acc: 0.9672
2018-08-18 18:08:14,326:INFO: Val Acc: 0.7959
2018-08-18 18:08:14,327:INFO: Epoch 86/99
2018-08-18 18:08:14,327:INFO: ----------
2018-08-18 18:09:08,504:INFO: Train Loss: 0.0447 Acc: 0.9698
2018-08-18 18:09:30,898:INFO: Val Acc: 0.8026
2018-08-18 18:09:30,899:INFO: Epoch 87/99
2018-08-18 18:09:30,899:INFO: ----------
2018-08-18 18:10:24,404:INFO: Train Loss: 0.0446 Acc: 0.9698
2018-08-18 18:10:43,241:INFO: Val Acc: 0.8023
2018-08-18 18:10:43,241:INFO: Epoch 88/99
2018-08-18 18:10:43,241:INFO: ----------
2018-08-18 18:11:36,994:INFO: Train Loss: 0.0426 Acc: 0.9729
2018-08-18 18:11:56,585:INFO: Val Acc: 0.7988
2018-08-18 18:11:56,586:INFO: Epoch 89/99
2018-08-18 18:11:56,586:INFO: ----------
2018-08-18 18:12:52,240:INFO: Train Loss: 0.0432 Acc: 0.9712
2018-08-18 18:13:09,609:INFO: Val Acc: 0.8015
2018-08-18 18:13:09,610:INFO: Epoch 90/99
2018-08-18 18:13:09,610:INFO: ----------
2018-08-18 18:14:06,377:INFO: Train Loss: 0.0427 Acc: 0.9720
2018-08-18 18:14:30,853:INFO: Val Acc: 0.7985
2018-08-18 18:14:30,854:INFO: Epoch 91/99
2018-08-18 18:14:30,854:INFO: ----------
2018-08-18 18:15:31,520:INFO: Train Loss: 0.0422 Acc: 0.9742
2018-08-18 18:16:05,971:INFO: Val Acc: 0.7953
2018-08-18 18:16:05,972:INFO: Epoch 92/99
2018-08-18 18:16:05,972:INFO: ----------
2018-08-18 18:17:07,015:INFO: Train Loss: 0.0419 Acc: 0.9719
2018-08-18 18:17:42,961:INFO: Val Acc: 0.7983
2018-08-18 18:17:42,962:INFO: Epoch 93/99
2018-08-18 18:17:42,963:INFO: ----------
2018-08-18 18:18:44,139:INFO: Train Loss: 0.0420 Acc: 0.9735
2018-08-18 18:19:18,780:INFO: Val Acc: 0.7997
2018-08-18 18:19:18,780:INFO: Epoch 94/99
2018-08-18 18:19:18,781:INFO: ----------
2018-08-18 18:20:17,006:INFO: Train Loss: 0.0416 Acc: 0.9756
2018-08-18 18:20:47,841:INFO: Val Acc: 0.8038
2018-08-18 18:20:47,842:INFO: Epoch 95/99
2018-08-18 18:20:47,843:INFO: ----------
2018-08-18 18:21:45,908:INFO: Train Loss: 0.0419 Acc: 0.9740
2018-08-18 18:22:08,184:INFO: Val Acc: 0.8006
2018-08-18 18:22:08,184:INFO: Epoch 96/99
2018-08-18 18:22:08,184:INFO: ----------
2018-08-18 18:23:05,843:INFO: Train Loss: 0.0422 Acc: 0.9724
2018-08-18 18:23:29,514:INFO: Val Acc: 0.8003
2018-08-18 18:23:29,515:INFO: Epoch 97/99
2018-08-18 18:23:29,515:INFO: ----------
2018-08-18 18:24:23,844:INFO: Train Loss: 0.0422 Acc: 0.9726
2018-08-18 18:24:41,587:INFO: Val Acc: 0.7977
2018-08-18 18:24:41,587:INFO: Epoch 98/99
2018-08-18 18:24:41,587:INFO: ----------
2018-08-18 18:25:35,020:INFO: Train Loss: 0.0412 Acc: 0.9728
2018-08-18 18:25:55,350:INFO: Val Acc: 0.8035
2018-08-18 18:25:55,351:INFO: Epoch 99/99
2018-08-18 18:25:55,351:INFO: ----------
2018-08-18 18:26:51,509:INFO: Train Loss: 0.0418 Acc: 0.9731
2018-08-18 18:27:23,310:INFO: Val Acc: 0.7965
2018-08-18 18:27:23,312:INFO: Training complete in 146m 31s
2018-08-18 18:27:23,312:INFO: Best val Acc: 0.806706
2018-08-18 18:27:49,829:INFO: Test Acc: 0.8285
