2018-08-17 05:06:49,401:INFO: Loading the datasets...
2018-08-17 05:06:49,499:INFO: - done.
2018-08-17 05:07:31,305:INFO: Starting training for 100 epoch(s)
2018-08-17 05:07:31,308:INFO: Epoch 0/99
2018-08-17 05:07:31,308:INFO: ----------
2018-08-17 05:09:07,727:INFO: Train Loss: 2.0959 Acc: 0.2497
2018-08-17 05:10:09,191:INFO: Val Acc: 0.2385
2018-08-17 05:10:09,192:INFO: Found new best accuracy
2018-08-17 05:10:09,195:INFO: Epoch 1/99
2018-08-17 05:10:09,195:INFO: ----------
2018-08-17 05:11:43,698:INFO: Train Loss: 1.9146 Acc: 0.3200
2018-08-17 05:12:41,386:INFO: Val Acc: 0.3312
2018-08-17 05:12:41,387:INFO: Found new best accuracy
2018-08-17 05:12:41,391:INFO: Epoch 2/99
2018-08-17 05:12:41,391:INFO: ----------
2018-08-17 05:14:15,966:INFO: Train Loss: 1.8324 Acc: 0.3578
2018-08-17 05:15:03,171:INFO: Val Acc: 0.3157
2018-08-17 05:15:03,172:INFO: Epoch 3/99
2018-08-17 05:15:03,172:INFO: ----------
2018-08-17 05:16:40,761:INFO: Train Loss: 1.7570 Acc: 0.3860
2018-08-17 05:17:40,761:INFO: Val Acc: 0.3720
2018-08-17 05:17:40,762:INFO: Found new best accuracy
2018-08-17 05:17:40,764:INFO: Epoch 4/99
2018-08-17 05:17:40,764:INFO: ----------
2018-08-17 05:19:16,429:INFO: Train Loss: 1.6828 Acc: 0.4188
2018-08-17 05:20:16,502:INFO: Val Acc: 0.3708
2018-08-17 05:20:16,503:INFO: Epoch 5/99
2018-08-17 05:20:16,503:INFO: ----------
2018-08-17 05:21:50,262:INFO: Train Loss: 1.6519 Acc: 0.4301
2018-08-17 05:22:54,410:INFO: Val Acc: 0.3254
2018-08-17 05:22:54,411:INFO: Epoch 6/99
2018-08-17 05:22:54,411:INFO: ----------
2018-08-17 05:24:25,628:INFO: Train Loss: 1.6263 Acc: 0.4398
2018-08-17 05:25:14,535:INFO: Val Acc: 0.3321
2018-08-17 05:25:14,536:INFO: Epoch 7/99
2018-08-17 05:25:14,536:INFO: ----------
2018-08-17 05:26:48,425:INFO: Train Loss: 1.5966 Acc: 0.4525
2018-08-17 05:27:43,116:INFO: Val Acc: 0.3834
2018-08-17 05:27:43,117:INFO: Found new best accuracy
2018-08-17 05:27:43,120:INFO: Epoch 8/99
2018-08-17 05:27:43,120:INFO: ----------
2018-08-17 05:29:16,801:INFO: Train Loss: 1.5574 Acc: 0.4708
2018-08-17 05:30:12,083:INFO: Val Acc: 0.4023
2018-08-17 05:30:12,084:INFO: Found new best accuracy
2018-08-17 05:30:12,089:INFO: Epoch 9/99
2018-08-17 05:30:12,089:INFO: ----------
2018-08-17 05:31:41,859:INFO: Train Loss: 1.5310 Acc: 0.4736
2018-08-17 05:32:38,688:INFO: Val Acc: 0.4242
2018-08-17 05:32:38,689:INFO: Found new best accuracy
2018-08-17 05:32:38,692:INFO: Epoch 10/99
2018-08-17 05:32:38,693:INFO: ----------
2018-08-17 05:34:17,143:INFO: Train Loss: 1.5054 Acc: 0.4860
2018-08-17 05:35:16,891:INFO: Val Acc: 0.3612
2018-08-17 05:35:16,892:INFO: Epoch 11/99
2018-08-17 05:35:16,893:INFO: ----------
2018-08-17 05:36:56,175:INFO: Train Loss: 1.4464 Acc: 0.5063
2018-08-17 05:38:01,300:INFO: Val Acc: 0.3598
2018-08-17 05:38:01,301:INFO: Epoch 12/99
2018-08-17 05:38:01,301:INFO: ----------
2018-08-17 05:39:44,439:INFO: Train Loss: 1.4061 Acc: 0.5219
2018-08-17 05:40:45,652:INFO: Val Acc: 0.4344
2018-08-17 05:40:45,653:INFO: Found new best accuracy
2018-08-17 05:40:45,657:INFO: Epoch 13/99
2018-08-17 05:40:45,657:INFO: ----------
2018-08-17 05:42:22,499:INFO: Train Loss: 1.3708 Acc: 0.5373
2018-08-17 05:43:19,462:INFO: Val Acc: 0.3461
2018-08-17 05:43:19,463:INFO: Epoch 14/99
2018-08-17 05:43:19,463:INFO: ----------
2018-08-17 05:44:51,855:INFO: Train Loss: 1.3313 Acc: 0.5482
2018-08-17 05:45:52,382:INFO: Val Acc: 0.2717
2018-08-17 05:45:52,382:INFO: Epoch 15/99
2018-08-17 05:45:52,383:INFO: ----------
2018-08-17 05:47:27,283:INFO: Train Loss: 1.2855 Acc: 0.5632
2018-08-17 05:48:14,277:INFO: Val Acc: 0.3475
2018-08-17 05:48:14,278:INFO: Epoch 16/99
2018-08-17 05:48:14,278:INFO: ----------
2018-08-17 05:49:53,837:INFO: Train Loss: 1.2682 Acc: 0.5711
2018-08-17 05:50:45,212:INFO: Val Acc: 0.2615
2018-08-17 05:50:45,213:INFO: Epoch 17/99
2018-08-17 05:50:45,214:INFO: ----------
2018-08-17 05:52:22,937:INFO: Train Loss: 1.2260 Acc: 0.5903
2018-08-17 05:53:15,097:INFO: Val Acc: 0.4671
2018-08-17 05:53:15,098:INFO: Found new best accuracy
2018-08-17 05:53:15,102:INFO: Epoch 18/99
2018-08-17 05:53:15,102:INFO: ----------
2018-08-17 05:55:01,393:INFO: Train Loss: 1.2227 Acc: 0.5871
2018-08-17 05:55:55,516:INFO: Val Acc: 0.3090
2018-08-17 05:55:55,516:INFO: Epoch 19/99
2018-08-17 05:55:55,516:INFO: ----------
2018-08-17 05:57:36,720:INFO: Train Loss: 1.1736 Acc: 0.6036
2018-08-17 05:58:39,590:INFO: Val Acc: 0.3749
2018-08-17 05:58:39,590:INFO: Epoch 20/99
2018-08-17 05:58:39,590:INFO: ----------
2018-08-17 06:00:15,378:INFO: Train Loss: 1.1449 Acc: 0.6108
2018-08-17 06:01:20,298:INFO: Val Acc: 0.4052
2018-08-17 06:01:20,299:INFO: Epoch 21/99
2018-08-17 06:01:20,299:INFO: ----------
2018-08-17 06:02:53,720:INFO: Train Loss: 1.0895 Acc: 0.6374
2018-08-17 06:03:53,185:INFO: Val Acc: 0.4341
2018-08-17 06:03:53,185:INFO: Epoch 22/99
2018-08-17 06:03:53,185:INFO: ----------
2018-08-17 06:05:20,409:INFO: Train Loss: 1.1454 Acc: 0.6140
2018-08-17 06:06:18,222:INFO: Val Acc: 0.2799
2018-08-17 06:06:18,223:INFO: Epoch 23/99
2018-08-17 06:06:18,223:INFO: ----------
2018-08-17 06:07:50,534:INFO: Train Loss: 1.1496 Acc: 0.6104
2018-08-17 06:08:41,314:INFO: Val Acc: 0.4198
2018-08-17 06:08:41,314:INFO: Epoch 24/99
2018-08-17 06:08:41,314:INFO: ----------
2018-08-17 06:10:19,731:INFO: Train Loss: 1.0726 Acc: 0.6474
2018-08-17 06:11:11,142:INFO: Val Acc: 0.5076
2018-08-17 06:11:11,142:INFO: Found new best accuracy
2018-08-17 06:11:11,145:INFO: Epoch 25/99
2018-08-17 06:11:11,145:INFO: ----------
2018-08-17 06:12:38,353:INFO: Train Loss: 1.0523 Acc: 0.6470
2018-08-17 06:13:31,489:INFO: Val Acc: 0.4860
2018-08-17 06:13:31,490:INFO: Epoch 26/99
2018-08-17 06:13:31,490:INFO: ----------
2018-08-17 06:15:12,457:INFO: Train Loss: 1.0841 Acc: 0.6401
2018-08-17 06:16:05,897:INFO: Val Acc: 0.4586
2018-08-17 06:16:05,897:INFO: Epoch 27/99
2018-08-17 06:16:05,898:INFO: ----------
2018-08-17 06:17:32,922:INFO: Train Loss: 1.0180 Acc: 0.6638
2018-08-17 06:18:21,912:INFO: Val Acc: 0.4714
2018-08-17 06:18:21,912:INFO: Epoch 28/99
2018-08-17 06:18:21,912:INFO: ----------
2018-08-17 06:19:51,574:INFO: Train Loss: 0.9964 Acc: 0.6640
2018-08-17 06:20:41,577:INFO: Val Acc: 0.4784
2018-08-17 06:20:41,578:INFO: Epoch 29/99
2018-08-17 06:20:41,578:INFO: ----------
2018-08-17 06:22:10,834:INFO: Train Loss: 1.0421 Acc: 0.6505
2018-08-17 06:23:12,514:INFO: Val Acc: 0.4924
2018-08-17 06:23:12,514:INFO: Epoch 30/99
2018-08-17 06:23:12,514:INFO: ----------
2018-08-17 06:24:54,883:INFO: Train Loss: 0.8696 Acc: 0.7117
2018-08-17 06:25:47,909:INFO: Val Acc: 0.6910
2018-08-17 06:25:47,910:INFO: Found new best accuracy
2018-08-17 06:25:47,913:INFO: Epoch 31/99
2018-08-17 06:25:47,913:INFO: ----------
2018-08-17 06:27:16,183:INFO: Train Loss: 0.8057 Acc: 0.7373
2018-08-17 06:28:07,473:INFO: Val Acc: 0.6930
2018-08-17 06:28:07,473:INFO: Found new best accuracy
2018-08-17 06:28:07,476:INFO: Epoch 32/99
2018-08-17 06:28:07,476:INFO: ----------
2018-08-17 06:29:40,443:INFO: Train Loss: 0.7911 Acc: 0.7435
2018-08-17 06:30:33,169:INFO: Val Acc: 0.6927
2018-08-17 06:30:33,170:INFO: Epoch 33/99
2018-08-17 06:30:33,170:INFO: ----------
2018-08-17 06:32:27,062:INFO: Train Loss: 0.7790 Acc: 0.7466
2018-08-17 06:33:14,294:INFO: Val Acc: 0.7017
2018-08-17 06:33:14,294:INFO: Found new best accuracy
2018-08-17 06:33:14,297:INFO: Epoch 34/99
2018-08-17 06:33:14,298:INFO: ----------
2018-08-17 06:34:48,236:INFO: Train Loss: 0.7634 Acc: 0.7532
2018-08-17 06:35:36,154:INFO: Val Acc: 0.6977
2018-08-17 06:35:36,155:INFO: Epoch 35/99
2018-08-17 06:35:36,155:INFO: ----------
2018-08-17 06:37:02,421:INFO: Train Loss: 0.7591 Acc: 0.7545
2018-08-17 06:37:57,037:INFO: Val Acc: 0.6875
2018-08-17 06:37:57,038:INFO: Epoch 36/99
2018-08-17 06:37:57,038:INFO: ----------
2018-08-17 06:39:34,848:INFO: Train Loss: 0.7450 Acc: 0.7559
2018-08-17 06:40:31,174:INFO: Val Acc: 0.6606
2018-08-17 06:40:31,174:INFO: Epoch 37/99
2018-08-17 06:40:31,175:INFO: ----------
2018-08-17 06:42:08,854:INFO: Train Loss: 0.7381 Acc: 0.7622
2018-08-17 06:43:08,393:INFO: Val Acc: 0.7003
2018-08-17 06:43:08,393:INFO: Epoch 38/99
2018-08-17 06:43:08,393:INFO: ----------
2018-08-17 06:44:49,379:INFO: Train Loss: 0.7303 Acc: 0.7607
2018-08-17 06:45:47,155:INFO: Val Acc: 0.6991
2018-08-17 06:45:47,156:INFO: Epoch 39/99
2018-08-17 06:45:47,156:INFO: ----------
2018-08-17 06:47:15,499:INFO: Train Loss: 0.7195 Acc: 0.7692
2018-08-17 06:48:10,075:INFO: Val Acc: 0.6980
2018-08-17 06:48:10,076:INFO: Epoch 40/99
2018-08-17 06:48:10,076:INFO: ----------
2018-08-17 06:49:43,533:INFO: Train Loss: 0.7167 Acc: 0.7670
2018-08-17 06:50:41,804:INFO: Val Acc: 0.7114
2018-08-17 06:50:41,804:INFO: Found new best accuracy
2018-08-17 06:50:41,808:INFO: Epoch 41/99
2018-08-17 06:50:41,809:INFO: ----------
2018-08-17 06:52:10,545:INFO: Train Loss: 0.7084 Acc: 0.7667
2018-08-17 06:53:12,485:INFO: Val Acc: 0.7134
2018-08-17 06:53:12,485:INFO: Found new best accuracy
2018-08-17 06:53:12,489:INFO: Epoch 42/99
2018-08-17 06:53:12,489:INFO: ----------
2018-08-17 06:54:42,520:INFO: Train Loss: 0.6967 Acc: 0.7773
2018-08-17 06:55:45,362:INFO: Val Acc: 0.7038
2018-08-17 06:55:45,363:INFO: Epoch 43/99
2018-08-17 06:55:45,363:INFO: ----------
2018-08-17 06:57:16,524:INFO: Train Loss: 0.6962 Acc: 0.7767
2018-08-17 06:58:03,907:INFO: Val Acc: 0.6959
2018-08-17 06:58:03,907:INFO: Epoch 44/99
2018-08-17 06:58:03,908:INFO: ----------
2018-08-17 06:59:36,519:INFO: Train Loss: 0.6927 Acc: 0.7737
2018-08-17 07:00:27,875:INFO: Val Acc: 0.7090
2018-08-17 07:00:27,875:INFO: Epoch 45/99
2018-08-17 07:00:27,875:INFO: ----------
2018-08-17 07:01:55,742:INFO: Train Loss: 0.6816 Acc: 0.7790
2018-08-17 07:02:47,291:INFO: Val Acc: 0.6985
2018-08-17 07:02:47,291:INFO: Epoch 46/99
2018-08-17 07:02:47,292:INFO: ----------
2018-08-17 07:04:21,816:INFO: Train Loss: 0.6791 Acc: 0.7785
2018-08-17 07:05:11,758:INFO: Val Acc: 0.6901
2018-08-17 07:05:11,758:INFO: Epoch 47/99
2018-08-17 07:05:11,758:INFO: ----------
2018-08-17 07:06:46,319:INFO: Train Loss: 0.6739 Acc: 0.7824
2018-08-17 07:07:30,941:INFO: Val Acc: 0.6023
2018-08-17 07:07:30,942:INFO: Epoch 48/99
2018-08-17 07:07:30,942:INFO: ----------
2018-08-17 07:09:06,905:INFO: Train Loss: 0.6718 Acc: 0.7830
2018-08-17 07:09:58,752:INFO: Val Acc: 0.6848
2018-08-17 07:09:58,752:INFO: Epoch 49/99
2018-08-17 07:09:58,752:INFO: ----------
2018-08-17 07:11:27,887:INFO: Train Loss: 0.6631 Acc: 0.7844
2018-08-17 07:12:18,855:INFO: Val Acc: 0.7073
2018-08-17 07:12:18,855:INFO: Epoch 50/99
2018-08-17 07:12:18,856:INFO: ----------
2018-08-17 07:14:06,972:INFO: Train Loss: 0.6641 Acc: 0.7879
2018-08-17 07:15:00,996:INFO: Val Acc: 0.6706
2018-08-17 07:15:00,996:INFO: Epoch 51/99
2018-08-17 07:15:00,997:INFO: ----------
2018-08-17 07:16:31,755:INFO: Train Loss: 0.6500 Acc: 0.7937
2018-08-17 07:17:24,737:INFO: Val Acc: 0.7023
2018-08-17 07:17:24,738:INFO: Epoch 52/99
2018-08-17 07:17:24,738:INFO: ----------
2018-08-17 07:18:45,192:INFO: Train Loss: 0.6453 Acc: 0.7925
2018-08-17 07:19:44,118:INFO: Val Acc: 0.6980
2018-08-17 07:19:44,118:INFO: Epoch 53/99
2018-08-17 07:19:44,118:INFO: ----------
2018-08-17 07:21:11,860:INFO: Train Loss: 0.6393 Acc: 0.7992
2018-08-17 07:22:11,982:INFO: Val Acc: 0.7195
2018-08-17 07:22:11,983:INFO: Found new best accuracy
2018-08-17 07:22:11,985:INFO: Epoch 54/99
2018-08-17 07:22:11,985:INFO: ----------
2018-08-17 07:23:42,762:INFO: Train Loss: 0.6331 Acc: 0.7982
2018-08-17 07:24:37,370:INFO: Val Acc: 0.6904
2018-08-17 07:24:37,371:INFO: Epoch 55/99
2018-08-17 07:24:37,371:INFO: ----------
2018-08-17 07:26:05,322:INFO: Train Loss: 0.6376 Acc: 0.7957
2018-08-17 07:26:58,304:INFO: Val Acc: 0.6140
2018-08-17 07:26:58,305:INFO: Epoch 56/99
2018-08-17 07:26:58,305:INFO: ----------
2018-08-17 07:28:39,888:INFO: Train Loss: 0.6255 Acc: 0.7973
2018-08-17 07:29:43,272:INFO: Val Acc: 0.6638
2018-08-17 07:29:43,273:INFO: Epoch 57/99
2018-08-17 07:29:43,273:INFO: ----------
2018-08-17 07:31:16,747:INFO: Train Loss: 0.6072 Acc: 0.8037
2018-08-17 07:32:18,191:INFO: Val Acc: 0.7190
2018-08-17 07:32:18,192:INFO: Epoch 58/99
2018-08-17 07:32:18,192:INFO: ----------
2018-08-17 07:33:49,726:INFO: Train Loss: 0.6088 Acc: 0.8044
2018-08-17 07:34:53,955:INFO: Val Acc: 0.7105
2018-08-17 07:34:53,956:INFO: Epoch 59/99
2018-08-17 07:34:53,957:INFO: ----------
2018-08-17 07:36:31,416:INFO: Train Loss: 0.6000 Acc: 0.8098
2018-08-17 07:37:36,019:INFO: Val Acc: 0.6481
2018-08-17 07:37:36,019:INFO: Epoch 60/99
2018-08-17 07:37:36,020:INFO: ----------
2018-08-17 07:39:06,713:INFO: Train Loss: 0.5550 Acc: 0.8276
2018-08-17 07:39:57,452:INFO: Val Acc: 0.7332
2018-08-17 07:39:57,453:INFO: Found new best accuracy
2018-08-17 07:39:57,456:INFO: Epoch 61/99
2018-08-17 07:39:57,456:INFO: ----------
2018-08-17 07:41:26,004:INFO: Train Loss: 0.5425 Acc: 0.8338
2018-08-17 07:42:22,322:INFO: Val Acc: 0.7402
2018-08-17 07:42:22,322:INFO: Found new best accuracy
2018-08-17 07:42:22,325:INFO: Epoch 62/99
2018-08-17 07:42:22,325:INFO: ----------
2018-08-17 07:43:54,728:INFO: Train Loss: 0.5434 Acc: 0.8338
2018-08-17 07:44:44,895:INFO: Val Acc: 0.7347
2018-08-17 07:44:44,895:INFO: Epoch 63/99
2018-08-17 07:44:44,895:INFO: ----------
2018-08-17 07:46:01,058:INFO: Train Loss: 0.5371 Acc: 0.8338
2018-08-17 07:46:43,663:INFO: Val Acc: 0.7373
2018-08-17 07:46:43,664:INFO: Epoch 64/99
2018-08-17 07:46:43,664:INFO: ----------
2018-08-17 07:48:07,012:INFO: Train Loss: 0.5346 Acc: 0.8378
2018-08-17 07:48:41,456:INFO: Val Acc: 0.7292
2018-08-17 07:48:41,457:INFO: Epoch 65/99
2018-08-17 07:48:41,457:INFO: ----------
2018-08-17 07:50:13,535:INFO: Train Loss: 0.5351 Acc: 0.8370
2018-08-17 07:50:47,175:INFO: Val Acc: 0.7367
2018-08-17 07:50:47,175:INFO: Epoch 66/99
2018-08-17 07:50:47,175:INFO: ----------
2018-08-17 07:52:06,129:INFO: Train Loss: 0.5327 Acc: 0.8415
2018-08-17 07:52:46,992:INFO: Val Acc: 0.7359
2018-08-17 07:52:46,992:INFO: Epoch 67/99
2018-08-17 07:52:46,992:INFO: ----------
2018-08-17 07:54:06,338:INFO: Train Loss: 0.5351 Acc: 0.8375
2018-08-17 07:54:41,323:INFO: Val Acc: 0.7332
2018-08-17 07:54:41,323:INFO: Epoch 68/99
2018-08-17 07:54:41,324:INFO: ----------
2018-08-17 07:56:00,523:INFO: Train Loss: 0.5336 Acc: 0.8393
2018-08-17 07:56:32,696:INFO: Val Acc: 0.7388
2018-08-17 07:56:32,696:INFO: Epoch 69/99
2018-08-17 07:56:32,696:INFO: ----------
2018-08-17 07:57:53,296:INFO: Train Loss: 0.5282 Acc: 0.8408
2018-08-17 07:58:45,111:INFO: Val Acc: 0.7431
2018-08-17 07:58:45,112:INFO: Found new best accuracy
2018-08-17 07:58:45,115:INFO: Epoch 70/99
2018-08-17 07:58:45,116:INFO: ----------
2018-08-17 08:00:22,777:INFO: Train Loss: 0.5307 Acc: 0.8384
2018-08-17 08:01:18,286:INFO: Val Acc: 0.7382
2018-08-17 08:01:18,286:INFO: Epoch 71/99
2018-08-17 08:01:18,286:INFO: ----------
2018-08-17 08:02:47,763:INFO: Train Loss: 0.5288 Acc: 0.8400
2018-08-17 08:03:25,674:INFO: Val Acc: 0.7318
2018-08-17 08:03:25,675:INFO: Epoch 72/99
2018-08-17 08:03:25,675:INFO: ----------
2018-08-17 08:04:54,049:INFO: Train Loss: 0.5253 Acc: 0.8416
2018-08-17 08:05:45,657:INFO: Val Acc: 0.7341
2018-08-17 08:05:45,657:INFO: Epoch 73/99
2018-08-17 08:05:45,657:INFO: ----------
2018-08-17 08:07:13,808:INFO: Train Loss: 0.5268 Acc: 0.8398
2018-08-17 08:08:03,874:INFO: Val Acc: 0.7388
2018-08-17 08:08:03,875:INFO: Epoch 74/99
2018-08-17 08:08:03,875:INFO: ----------
2018-08-17 08:09:28,543:INFO: Train Loss: 0.5228 Acc: 0.8428
2018-08-17 08:10:26,968:INFO: Val Acc: 0.7370
2018-08-17 08:10:26,968:INFO: Epoch 75/99
2018-08-17 08:10:26,969:INFO: ----------
2018-08-17 08:11:53,312:INFO: Train Loss: 0.5231 Acc: 0.8402
2018-08-17 08:12:53,746:INFO: Val Acc: 0.7411
2018-08-17 08:12:53,748:INFO: Epoch 76/99
2018-08-17 08:12:53,748:INFO: ----------
2018-08-17 08:14:19,844:INFO: Train Loss: 0.5264 Acc: 0.8398
2018-08-17 08:15:16,450:INFO: Val Acc: 0.7341
2018-08-17 08:15:16,450:INFO: Epoch 77/99
2018-08-17 08:15:16,450:INFO: ----------
2018-08-17 08:16:40,179:INFO: Train Loss: 0.5186 Acc: 0.8445
2018-08-17 08:17:15,816:INFO: Val Acc: 0.7385
2018-08-17 08:17:15,817:INFO: Epoch 78/99
2018-08-17 08:17:15,817:INFO: ----------
2018-08-17 08:18:36,623:INFO: Train Loss: 0.5206 Acc: 0.8408
2018-08-17 08:19:08,915:INFO: Val Acc: 0.7338
2018-08-17 08:19:08,916:INFO: Epoch 79/99
2018-08-17 08:19:08,916:INFO: ----------
2018-08-17 08:20:31,458:INFO: Train Loss: 0.5185 Acc: 0.8448
2018-08-17 08:21:04,252:INFO: Val Acc: 0.7324
2018-08-17 08:21:04,252:INFO: Epoch 80/99
2018-08-17 08:21:04,252:INFO: ----------
2018-08-17 08:22:26,668:INFO: Train Loss: 0.5173 Acc: 0.8452
2018-08-17 08:22:59,439:INFO: Val Acc: 0.7362
2018-08-17 08:22:59,440:INFO: Epoch 81/99
2018-08-17 08:22:59,440:INFO: ----------
2018-08-17 08:24:15,969:INFO: Train Loss: 0.5189 Acc: 0.8446
2018-08-17 08:24:47,943:INFO: Val Acc: 0.7385
2018-08-17 08:24:47,944:INFO: Epoch 82/99
2018-08-17 08:24:47,944:INFO: ----------
2018-08-17 08:26:06,837:INFO: Train Loss: 0.5163 Acc: 0.8462
2018-08-17 08:26:38,706:INFO: Val Acc: 0.7397
2018-08-17 08:26:38,706:INFO: Epoch 83/99
2018-08-17 08:26:38,706:INFO: ----------
2018-08-17 08:28:02,667:INFO: Train Loss: 0.5115 Acc: 0.8459
2018-08-17 08:28:35,053:INFO: Val Acc: 0.7411
2018-08-17 08:28:35,054:INFO: Epoch 84/99
2018-08-17 08:28:35,054:INFO: ----------
2018-08-17 08:29:52,971:INFO: Train Loss: 0.5143 Acc: 0.8418
2018-08-17 08:30:28,055:INFO: Val Acc: 0.7399
2018-08-17 08:30:28,055:INFO: Epoch 85/99
2018-08-17 08:30:28,056:INFO: ----------
2018-08-17 08:31:44,900:INFO: Train Loss: 0.5147 Acc: 0.8456
2018-08-17 08:32:18,788:INFO: Val Acc: 0.7373
2018-08-17 08:32:18,789:INFO: Epoch 86/99
2018-08-17 08:32:18,789:INFO: ----------
2018-08-17 08:33:38,918:INFO: Train Loss: 0.5105 Acc: 0.8463
2018-08-17 08:34:12,245:INFO: Val Acc: 0.7385
2018-08-17 08:34:12,245:INFO: Epoch 87/99
2018-08-17 08:34:12,245:INFO: ----------
2018-08-17 08:35:28,600:INFO: Train Loss: 0.5128 Acc: 0.8455
2018-08-17 08:36:01,978:INFO: Val Acc: 0.7414
2018-08-17 08:36:01,979:INFO: Epoch 88/99
2018-08-17 08:36:01,979:INFO: ----------
2018-08-17 08:37:23,167:INFO: Train Loss: 0.5102 Acc: 0.8440
2018-08-17 08:37:56,069:INFO: Val Acc: 0.7373
2018-08-17 08:37:56,070:INFO: Epoch 89/99
2018-08-17 08:37:56,070:INFO: ----------
2018-08-17 08:39:15,955:INFO: Train Loss: 0.5062 Acc: 0.8497
2018-08-17 08:39:49,977:INFO: Val Acc: 0.7300
2018-08-17 08:39:49,978:INFO: Epoch 90/99
2018-08-17 08:39:49,978:INFO: ----------
2018-08-17 08:41:06,387:INFO: Train Loss: 0.5032 Acc: 0.8489
2018-08-17 08:41:39,594:INFO: Val Acc: 0.7405
2018-08-17 08:41:39,595:INFO: Epoch 91/99
2018-08-17 08:41:39,595:INFO: ----------
2018-08-17 08:42:55,096:INFO: Train Loss: 0.5000 Acc: 0.8523
2018-08-17 08:43:29,302:INFO: Val Acc: 0.7370
2018-08-17 08:43:29,302:INFO: Epoch 92/99
2018-08-17 08:43:29,302:INFO: ----------
2018-08-17 08:44:50,696:INFO: Train Loss: 0.5001 Acc: 0.8493
2018-08-17 08:45:22,526:INFO: Val Acc: 0.7397
2018-08-17 08:45:22,526:INFO: Epoch 93/99
2018-08-17 08:45:22,526:INFO: ----------
2018-08-17 08:46:37,563:INFO: Train Loss: 0.4972 Acc: 0.8529
2018-08-17 08:47:11,543:INFO: Val Acc: 0.7420
2018-08-17 08:47:11,543:INFO: Epoch 94/99
2018-08-17 08:47:11,544:INFO: ----------
2018-08-17 08:48:32,128:INFO: Train Loss: 0.4986 Acc: 0.8508
2018-08-17 08:49:04,858:INFO: Val Acc: 0.7411
2018-08-17 08:49:04,858:INFO: Epoch 95/99
2018-08-17 08:49:04,858:INFO: ----------
2018-08-17 08:50:20,794:INFO: Train Loss: 0.4971 Acc: 0.8518
2018-08-17 08:50:54,341:INFO: Val Acc: 0.7414
2018-08-17 08:50:54,341:INFO: Epoch 96/99
2018-08-17 08:50:54,341:INFO: ----------
2018-08-17 08:52:14,832:INFO: Train Loss: 0.4972 Acc: 0.8520
2018-08-17 08:52:49,820:INFO: Val Acc: 0.7397
2018-08-17 08:52:49,820:INFO: Epoch 97/99
2018-08-17 08:52:49,821:INFO: ----------
2018-08-17 08:54:13,616:INFO: Train Loss: 0.5020 Acc: 0.8496
2018-08-17 08:54:47,753:INFO: Val Acc: 0.7388
2018-08-17 08:54:47,753:INFO: Epoch 98/99
2018-08-17 08:54:47,753:INFO: ----------
2018-08-17 08:56:04,415:INFO: Train Loss: 0.4999 Acc: 0.8507
2018-08-17 08:56:36,369:INFO: Val Acc: 0.7426
2018-08-17 08:56:36,370:INFO: Epoch 99/99
2018-08-17 08:56:36,370:INFO: ----------
2018-08-17 08:57:53,645:INFO: Train Loss: 0.4990 Acc: 0.8526
2018-08-17 08:58:27,168:INFO: Val Acc: 0.7388
2018-08-17 08:58:27,168:INFO: Training complete in 230m 56s
2018-08-17 08:58:27,169:INFO: Best val Acc: 0.743149
2018-08-17 08:58:58,503:INFO: Test Acc: 0.7676
