2018-08-19 04:03:22,787:INFO: Loading the datasets...
2018-08-19 04:03:22,937:INFO: - done.
2018-08-19 04:03:55,638:INFO: Starting training for 100 epoch(s)
2018-08-19 04:03:55,643:INFO: Epoch 0/99
2018-08-19 04:03:55,643:INFO: ----------
2018-08-19 04:05:00,548:INFO: Train Loss: 0.7661 Acc: 0.2932
2018-08-19 04:05:41,119:INFO: Val Acc: 0.2880
2018-08-19 04:05:41,119:INFO: Found new best accuracy
2018-08-19 04:05:41,127:INFO: Epoch 1/99
2018-08-19 04:05:41,127:INFO: ----------
2018-08-19 04:06:52,953:INFO: Train Loss: 0.6847 Acc: 0.3743
2018-08-19 04:07:42,060:INFO: Val Acc: 0.3671
2018-08-19 04:07:42,061:INFO: Found new best accuracy
2018-08-19 04:07:42,070:INFO: Epoch 2/99
2018-08-19 04:07:42,071:INFO: ----------
2018-08-19 04:08:51,714:INFO: Train Loss: 0.6476 Acc: 0.4005
2018-08-19 04:09:41,832:INFO: Val Acc: 0.4239
2018-08-19 04:09:41,833:INFO: Found new best accuracy
2018-08-19 04:09:41,846:INFO: Epoch 3/99
2018-08-19 04:09:41,846:INFO: ----------
2018-08-19 04:11:05,933:INFO: Train Loss: 0.6231 Acc: 0.4267
2018-08-19 04:11:56,080:INFO: Val Acc: 0.4082
2018-08-19 04:11:56,081:INFO: Epoch 4/99
2018-08-19 04:11:56,081:INFO: ----------
2018-08-19 04:13:06,369:INFO: Train Loss: 0.5908 Acc: 0.4551
2018-08-19 04:13:47,437:INFO: Val Acc: 0.3997
2018-08-19 04:13:47,438:INFO: Epoch 5/99
2018-08-19 04:13:47,438:INFO: ----------
2018-08-19 04:14:59,806:INFO: Train Loss: 0.5669 Acc: 0.4793
2018-08-19 04:15:47,318:INFO: Val Acc: 0.2399
2018-08-19 04:15:47,318:INFO: Epoch 6/99
2018-08-19 04:15:47,318:INFO: ----------
2018-08-19 04:16:52,170:INFO: Train Loss: 0.5508 Acc: 0.4926
2018-08-19 04:17:29,156:INFO: Val Acc: 0.4227
2018-08-19 04:17:29,157:INFO: Epoch 7/99
2018-08-19 04:17:29,157:INFO: ----------
2018-08-19 04:18:34,559:INFO: Train Loss: 0.5214 Acc: 0.5209
2018-08-19 04:19:15,490:INFO: Val Acc: 0.3907
2018-08-19 04:19:15,490:INFO: Epoch 8/99
2018-08-19 04:19:15,491:INFO: ----------
2018-08-19 04:20:25,446:INFO: Train Loss: 0.4989 Acc: 0.5425
2018-08-19 04:21:09,111:INFO: Val Acc: 0.2688
2018-08-19 04:21:09,112:INFO: Epoch 9/99
2018-08-19 04:21:09,112:INFO: ----------
2018-08-19 04:22:18,736:INFO: Train Loss: 0.4712 Acc: 0.5719
2018-08-19 04:22:55,385:INFO: Val Acc: 0.4391
2018-08-19 04:22:55,386:INFO: Found new best accuracy
2018-08-19 04:22:55,395:INFO: Epoch 10/99
2018-08-19 04:22:55,395:INFO: ----------
2018-08-19 04:24:03,648:INFO: Train Loss: 0.4685 Acc: 0.5703
2018-08-19 04:24:44,154:INFO: Val Acc: 0.2930
2018-08-19 04:24:44,155:INFO: Epoch 11/99
2018-08-19 04:24:44,155:INFO: ----------
2018-08-19 04:25:51,685:INFO: Train Loss: 0.4303 Acc: 0.5956
2018-08-19 04:26:30,034:INFO: Val Acc: 0.3472
2018-08-19 04:26:30,035:INFO: Epoch 12/99
2018-08-19 04:26:30,035:INFO: ----------
2018-08-19 04:27:40,073:INFO: Train Loss: 0.4223 Acc: 0.6114
2018-08-19 04:28:25,926:INFO: Val Acc: 0.4883
2018-08-19 04:28:25,926:INFO: Found new best accuracy
2018-08-19 04:28:25,933:INFO: Epoch 13/99
2018-08-19 04:28:25,933:INFO: ----------
2018-08-19 04:29:32,264:INFO: Train Loss: 0.4031 Acc: 0.6250
2018-08-19 04:30:25,236:INFO: Val Acc: 0.3851
2018-08-19 04:30:25,236:INFO: Epoch 14/99
2018-08-19 04:30:25,236:INFO: ----------
2018-08-19 04:31:38,527:INFO: Train Loss: 0.3954 Acc: 0.6337
2018-08-19 04:32:23,615:INFO: Val Acc: 0.4612
2018-08-19 04:32:23,616:INFO: Epoch 15/99
2018-08-19 04:32:23,616:INFO: ----------
2018-08-19 04:33:17,977:INFO: Train Loss: 0.3762 Acc: 0.6461
2018-08-19 04:33:40,781:INFO: Val Acc: 0.2274
2018-08-19 04:33:40,781:INFO: Epoch 16/99
2018-08-19 04:33:40,781:INFO: ----------
2018-08-19 04:34:35,777:INFO: Train Loss: 0.3705 Acc: 0.6568
2018-08-19 04:35:22,384:INFO: Val Acc: 0.4216
2018-08-19 04:35:22,385:INFO: Epoch 17/99
2018-08-19 04:35:22,385:INFO: ----------
2018-08-19 04:36:29,979:INFO: Train Loss: 0.3584 Acc: 0.6677
2018-08-19 04:37:10,874:INFO: Val Acc: 0.4665
2018-08-19 04:37:10,878:INFO: Epoch 18/99
2018-08-19 04:37:10,878:INFO: ----------
2018-08-19 04:38:20,656:INFO: Train Loss: 0.3568 Acc: 0.6685
2018-08-19 04:39:03,745:INFO: Val Acc: 0.5102
2018-08-19 04:39:03,746:INFO: Found new best accuracy
2018-08-19 04:39:03,753:INFO: Epoch 19/99
2018-08-19 04:39:03,753:INFO: ----------
2018-08-19 04:40:18,333:INFO: Train Loss: 0.3542 Acc: 0.6714
2018-08-19 04:40:58,820:INFO: Val Acc: 0.4087
2018-08-19 04:40:58,821:INFO: Epoch 20/99
2018-08-19 04:40:58,821:INFO: ----------
2018-08-19 04:42:08,086:INFO: Train Loss: 0.3528 Acc: 0.6726
2018-08-19 04:42:45,276:INFO: Val Acc: 0.5009
2018-08-19 04:42:45,277:INFO: Epoch 21/99
2018-08-19 04:42:45,277:INFO: ----------
2018-08-19 04:43:55,100:INFO: Train Loss: 0.3416 Acc: 0.6814
2018-08-19 04:44:35,178:INFO: Val Acc: 0.5965
2018-08-19 04:44:35,179:INFO: Found new best accuracy
2018-08-19 04:44:35,185:INFO: Epoch 22/99
2018-08-19 04:44:35,185:INFO: ----------
2018-08-19 04:45:43,477:INFO: Train Loss: 0.3320 Acc: 0.6914
2018-08-19 04:46:22,325:INFO: Val Acc: 0.4484
2018-08-19 04:46:22,326:INFO: Epoch 23/99
2018-08-19 04:46:22,326:INFO: ----------
2018-08-19 04:47:28,114:INFO: Train Loss: 0.3210 Acc: 0.7029
2018-08-19 04:48:06,340:INFO: Val Acc: 0.2181
2018-08-19 04:48:06,341:INFO: Epoch 24/99
2018-08-19 04:48:06,341:INFO: ----------
2018-08-19 04:49:14,310:INFO: Train Loss: 0.3216 Acc: 0.7018
2018-08-19 04:49:53,568:INFO: Val Acc: 0.2953
2018-08-19 04:49:53,568:INFO: Epoch 25/99
2018-08-19 04:49:53,568:INFO: ----------
2018-08-19 04:51:07,339:INFO: Train Loss: 0.3110 Acc: 0.7135
2018-08-19 04:51:53,533:INFO: Val Acc: 0.2685
2018-08-19 04:51:53,534:INFO: Epoch 26/99
2018-08-19 04:51:53,534:INFO: ----------
2018-08-19 04:52:59,388:INFO: Train Loss: 0.3062 Acc: 0.7105
2018-08-19 04:53:46,569:INFO: Val Acc: 0.4825
2018-08-19 04:53:46,576:INFO: Epoch 27/99
2018-08-19 04:53:46,576:INFO: ----------
2018-08-19 04:54:59,726:INFO: Train Loss: 0.3112 Acc: 0.7094
2018-08-19 04:55:34,349:INFO: Val Acc: 0.5397
2018-08-19 04:55:34,349:INFO: Epoch 28/99
2018-08-19 04:55:34,349:INFO: ----------
2018-08-19 04:56:47,583:INFO: Train Loss: 0.3037 Acc: 0.7189
2018-08-19 04:57:31,862:INFO: Val Acc: 0.4195
2018-08-19 04:57:31,862:INFO: Epoch 29/99
2018-08-19 04:57:31,862:INFO: ----------
2018-08-19 04:58:42,431:INFO: Train Loss: 0.2985 Acc: 0.7263
2018-08-19 04:59:29,160:INFO: Val Acc: 0.3557
2018-08-19 04:59:29,161:INFO: Epoch 30/99
2018-08-19 04:59:29,161:INFO: ----------
2018-08-19 05:00:31,786:INFO: Train Loss: 0.2255 Acc: 0.7942
2018-08-19 05:01:09,812:INFO: Val Acc: 0.7636
2018-08-19 05:01:09,812:INFO: Found new best accuracy
2018-08-19 05:01:09,820:INFO: Epoch 31/99
2018-08-19 05:01:09,820:INFO: ----------
2018-08-19 05:02:26,768:INFO: Train Loss: 0.2010 Acc: 0.8167
2018-08-19 05:03:12,462:INFO: Val Acc: 0.7706
2018-08-19 05:03:12,463:INFO: Found new best accuracy
2018-08-19 05:03:12,470:INFO: Epoch 32/99
2018-08-19 05:03:12,471:INFO: ----------
2018-08-19 05:04:24,122:INFO: Train Loss: 0.1890 Acc: 0.8319
2018-08-19 05:05:04,586:INFO: Val Acc: 0.7706
2018-08-19 05:05:04,587:INFO: Epoch 33/99
2018-08-19 05:05:04,587:INFO: ----------
2018-08-19 05:06:14,871:INFO: Train Loss: 0.1826 Acc: 0.8373
2018-08-19 05:06:50,813:INFO: Val Acc: 0.7665
2018-08-19 05:06:50,814:INFO: Epoch 34/99
2018-08-19 05:06:50,815:INFO: ----------
2018-08-19 05:08:04,940:INFO: Train Loss: 0.1758 Acc: 0.8449
2018-08-19 05:08:46,925:INFO: Val Acc: 0.7746
2018-08-19 05:08:46,926:INFO: Found new best accuracy
2018-08-19 05:08:46,931:INFO: Epoch 35/99
2018-08-19 05:08:46,932:INFO: ----------
2018-08-19 05:10:04,608:INFO: Train Loss: 0.1709 Acc: 0.8477
2018-08-19 05:10:51,688:INFO: Val Acc: 0.7717
2018-08-19 05:10:51,688:INFO: Epoch 36/99
2018-08-19 05:10:51,689:INFO: ----------
2018-08-19 05:12:01,405:INFO: Train Loss: 0.1658 Acc: 0.8570
2018-08-19 05:12:38,001:INFO: Val Acc: 0.7685
2018-08-19 05:12:38,003:INFO: Epoch 37/99
2018-08-19 05:12:38,004:INFO: ----------
2018-08-19 05:13:46,949:INFO: Train Loss: 0.1618 Acc: 0.8599
2018-08-19 05:14:25,426:INFO: Val Acc: 0.7569
2018-08-19 05:14:25,427:INFO: Epoch 38/99
2018-08-19 05:14:25,427:INFO: ----------
2018-08-19 05:15:35,584:INFO: Train Loss: 0.1579 Acc: 0.8626
2018-08-19 05:16:18,525:INFO: Val Acc: 0.7644
2018-08-19 05:16:18,525:INFO: Epoch 39/99
2018-08-19 05:16:18,526:INFO: ----------
2018-08-19 05:17:33,624:INFO: Train Loss: 0.1521 Acc: 0.8731
2018-08-19 05:18:20,151:INFO: Val Acc: 0.7496
2018-08-19 05:18:20,152:INFO: Epoch 40/99
2018-08-19 05:18:20,152:INFO: ----------
2018-08-19 05:19:28,053:INFO: Train Loss: 0.1474 Acc: 0.8758
2018-08-19 05:20:12,884:INFO: Val Acc: 0.7548
2018-08-19 05:20:12,887:INFO: Epoch 41/99
2018-08-19 05:20:12,888:INFO: ----------
2018-08-19 05:21:18,794:INFO: Train Loss: 0.1430 Acc: 0.8779
2018-08-19 05:22:11,261:INFO: Val Acc: 0.7694
2018-08-19 05:22:11,263:INFO: Epoch 42/99
2018-08-19 05:22:11,263:INFO: ----------
2018-08-19 05:23:25,043:INFO: Train Loss: 0.1384 Acc: 0.8884
2018-08-19 05:24:02,899:INFO: Val Acc: 0.7717
2018-08-19 05:24:02,900:INFO: Epoch 43/99
2018-08-19 05:24:02,900:INFO: ----------
2018-08-19 05:25:10,629:INFO: Train Loss: 0.1341 Acc: 0.8925
2018-08-19 05:25:43,846:INFO: Val Acc: 0.7545
2018-08-19 05:25:43,846:INFO: Epoch 44/99
2018-08-19 05:25:43,846:INFO: ----------
2018-08-19 05:26:54,229:INFO: Train Loss: 0.1299 Acc: 0.8951
2018-08-19 05:27:28,698:INFO: Val Acc: 0.7449
2018-08-19 05:27:28,699:INFO: Epoch 45/99
2018-08-19 05:27:28,699:INFO: ----------
2018-08-19 05:28:32,477:INFO: Train Loss: 0.1238 Acc: 0.9046
2018-08-19 05:29:17,713:INFO: Val Acc: 0.7749
2018-08-19 05:29:17,713:INFO: Found new best accuracy
2018-08-19 05:29:17,719:INFO: Epoch 46/99
2018-08-19 05:29:17,719:INFO: ----------
2018-08-19 05:30:35,941:INFO: Train Loss: 0.1172 Acc: 0.9140
2018-08-19 05:31:14,838:INFO: Val Acc: 0.7671
2018-08-19 05:31:14,843:INFO: Epoch 47/99
2018-08-19 05:31:14,843:INFO: ----------
2018-08-19 05:32:20,978:INFO: Train Loss: 0.1140 Acc: 0.9164
2018-08-19 05:33:04,484:INFO: Val Acc: 0.7781
2018-08-19 05:33:04,485:INFO: Found new best accuracy
2018-08-19 05:33:04,507:INFO: Epoch 48/99
2018-08-19 05:33:04,508:INFO: ----------
2018-08-19 05:34:18,054:INFO: Train Loss: 0.1076 Acc: 0.9239
2018-08-19 05:34:59,541:INFO: Val Acc: 0.7612
2018-08-19 05:34:59,543:INFO: Epoch 49/99
2018-08-19 05:34:59,543:INFO: ----------
2018-08-19 05:36:09,911:INFO: Train Loss: 0.1056 Acc: 0.9300
2018-08-19 05:36:52,736:INFO: Val Acc: 0.7195
2018-08-19 05:36:52,737:INFO: Epoch 50/99
2018-08-19 05:36:52,737:INFO: ----------
2018-08-19 05:37:56,031:INFO: Train Loss: 0.0995 Acc: 0.9384
2018-08-19 05:38:33,752:INFO: Val Acc: 0.7566
2018-08-19 05:38:33,754:INFO: Epoch 51/99
2018-08-19 05:38:33,755:INFO: ----------
2018-08-19 05:39:41,993:INFO: Train Loss: 0.0973 Acc: 0.9378
2018-08-19 05:40:18,959:INFO: Val Acc: 0.7388
2018-08-19 05:40:18,959:INFO: Epoch 52/99
2018-08-19 05:40:18,960:INFO: ----------
2018-08-19 05:41:25,850:INFO: Train Loss: 0.0932 Acc: 0.9454
2018-08-19 05:42:11,012:INFO: Val Acc: 0.7324
2018-08-19 05:42:11,013:INFO: Epoch 53/99
2018-08-19 05:42:11,013:INFO: ----------
2018-08-19 05:43:21,441:INFO: Train Loss: 0.0886 Acc: 0.9530
2018-08-19 05:44:15,697:INFO: Val Acc: 0.7641
2018-08-19 05:44:15,698:INFO: Epoch 54/99
2018-08-19 05:44:15,698:INFO: ----------
2018-08-19 05:45:26,798:INFO: Train Loss: 0.0837 Acc: 0.9587
2018-08-19 05:46:08,133:INFO: Val Acc: 0.7563
2018-08-19 05:46:08,134:INFO: Epoch 55/99
2018-08-19 05:46:08,134:INFO: ----------
2018-08-19 05:47:16,888:INFO: Train Loss: 0.0814 Acc: 0.9610
2018-08-19 05:47:53,979:INFO: Val Acc: 0.6647
2018-08-19 05:47:53,980:INFO: Epoch 56/99
2018-08-19 05:47:53,980:INFO: ----------
2018-08-19 05:49:01,627:INFO: Train Loss: 0.0790 Acc: 0.9632
2018-08-19 05:49:44,020:INFO: Val Acc: 0.7688
2018-08-19 05:49:44,021:INFO: Epoch 57/99
2018-08-19 05:49:44,021:INFO: ----------
2018-08-19 05:50:54,533:INFO: Train Loss: 0.0715 Acc: 0.9713
2018-08-19 05:51:37,576:INFO: Val Acc: 0.6595
2018-08-19 05:51:37,577:INFO: Epoch 58/99
2018-08-19 05:51:37,577:INFO: ----------
2018-08-19 05:52:52,527:INFO: Train Loss: 0.0713 Acc: 0.9726
2018-08-19 05:53:42,210:INFO: Val Acc: 0.7630
2018-08-19 05:53:42,211:INFO: Epoch 59/99
2018-08-19 05:53:42,211:INFO: ----------
2018-08-19 05:54:56,328:INFO: Train Loss: 0.0666 Acc: 0.9777
2018-08-19 05:55:38,196:INFO: Val Acc: 0.7469
2018-08-19 05:55:38,197:INFO: Epoch 60/99
2018-08-19 05:55:38,198:INFO: ----------
2018-08-19 05:56:42,485:INFO: Train Loss: 0.0531 Acc: 0.9906
2018-08-19 05:57:22,585:INFO: Val Acc: 0.7924
2018-08-19 05:57:22,585:INFO: Found new best accuracy
2018-08-19 05:57:22,598:INFO: Epoch 61/99
2018-08-19 05:57:22,598:INFO: ----------
2018-08-19 05:58:38,504:INFO: Train Loss: 0.0507 Acc: 0.9928
2018-08-19 05:59:08,408:INFO: Val Acc: 0.7921
2018-08-19 05:59:08,409:INFO: Epoch 62/99
2018-08-19 05:59:08,409:INFO: ----------
2018-08-19 06:00:19,658:INFO: Train Loss: 0.0492 Acc: 0.9938
2018-08-19 06:01:04,300:INFO: Val Acc: 0.7962
2018-08-19 06:01:04,301:INFO: Found new best accuracy
2018-08-19 06:01:04,311:INFO: Epoch 63/99
2018-08-19 06:01:04,315:INFO: ----------
2018-08-19 06:02:17,902:INFO: Train Loss: 0.0484 Acc: 0.9941
2018-08-19 06:02:57,586:INFO: Val Acc: 0.7983
2018-08-19 06:02:57,586:INFO: Found new best accuracy
2018-08-19 06:02:57,592:INFO: Epoch 64/99
2018-08-19 06:02:57,592:INFO: ----------
2018-08-19 06:04:08,218:INFO: Train Loss: 0.0479 Acc: 0.9943
2018-08-19 06:04:42,751:INFO: Val Acc: 0.7866
2018-08-19 06:04:42,752:INFO: Epoch 65/99
2018-08-19 06:04:42,752:INFO: ----------
2018-08-19 06:05:51,859:INFO: Train Loss: 0.0483 Acc: 0.9941
2018-08-19 06:06:33,042:INFO: Val Acc: 0.7892
2018-08-19 06:06:33,043:INFO: Epoch 66/99
2018-08-19 06:06:33,044:INFO: ----------
2018-08-19 06:07:41,849:INFO: Train Loss: 0.0469 Acc: 0.9939
2018-08-19 06:08:25,759:INFO: Val Acc: 0.7907
2018-08-19 06:08:25,760:INFO: Epoch 67/99
2018-08-19 06:08:25,760:INFO: ----------
2018-08-19 06:09:33,059:INFO: Train Loss: 0.0464 Acc: 0.9952
2018-08-19 06:10:09,755:INFO: Val Acc: 0.7930
2018-08-19 06:10:09,756:INFO: Epoch 68/99
2018-08-19 06:10:09,756:INFO: ----------
2018-08-19 06:11:19,081:INFO: Train Loss: 0.0460 Acc: 0.9958
2018-08-19 06:11:53,595:INFO: Val Acc: 0.7913
2018-08-19 06:11:53,596:INFO: Epoch 69/99
2018-08-19 06:11:53,596:INFO: ----------
2018-08-19 06:13:04,594:INFO: Train Loss: 0.0465 Acc: 0.9951
2018-08-19 06:13:48,936:INFO: Val Acc: 0.7857
2018-08-19 06:13:48,936:INFO: Epoch 70/99
2018-08-19 06:13:48,937:INFO: ----------
2018-08-19 06:15:01,996:INFO: Train Loss: 0.0453 Acc: 0.9953
2018-08-19 06:15:36,885:INFO: Val Acc: 0.7889
2018-08-19 06:15:36,885:INFO: Epoch 71/99
2018-08-19 06:15:36,886:INFO: ----------
2018-08-19 06:16:46,977:INFO: Train Loss: 0.0455 Acc: 0.9961
2018-08-19 06:17:27,367:INFO: Val Acc: 0.7915
2018-08-19 06:17:27,368:INFO: Epoch 72/99
2018-08-19 06:17:27,368:INFO: ----------
2018-08-19 06:18:33,906:INFO: Train Loss: 0.0452 Acc: 0.9956
2018-08-19 06:19:23,236:INFO: Val Acc: 0.7889
2018-08-19 06:19:23,237:INFO: Epoch 73/99
2018-08-19 06:19:23,237:INFO: ----------
2018-08-19 06:20:36,997:INFO: Train Loss: 0.0455 Acc: 0.9952
2018-08-19 06:21:13,130:INFO: Val Acc: 0.7936
2018-08-19 06:21:13,130:INFO: Epoch 74/99
2018-08-19 06:21:13,130:INFO: ----------
2018-08-19 06:22:19,450:INFO: Train Loss: 0.0440 Acc: 0.9964
2018-08-19 06:22:56,140:INFO: Val Acc: 0.7883
2018-08-19 06:22:56,141:INFO: Epoch 75/99
2018-08-19 06:22:56,141:INFO: ----------
2018-08-19 06:24:01,181:INFO: Train Loss: 0.0453 Acc: 0.9961
2018-08-19 06:24:35,674:INFO: Val Acc: 0.7918
2018-08-19 06:24:35,674:INFO: Epoch 76/99
2018-08-19 06:24:35,675:INFO: ----------
2018-08-19 06:25:43,320:INFO: Train Loss: 0.0453 Acc: 0.9961
2018-08-19 06:26:19,860:INFO: Val Acc: 0.7860
2018-08-19 06:26:19,861:INFO: Epoch 77/99
2018-08-19 06:26:19,861:INFO: ----------
2018-08-19 06:27:31,256:INFO: Train Loss: 0.0441 Acc: 0.9969
2018-08-19 06:28:06,391:INFO: Val Acc: 0.7901
2018-08-19 06:28:06,392:INFO: Epoch 78/99
2018-08-19 06:28:06,392:INFO: ----------
2018-08-19 06:29:15,912:INFO: Train Loss: 0.0437 Acc: 0.9964
2018-08-19 06:29:56,528:INFO: Val Acc: 0.7918
2018-08-19 06:29:56,528:INFO: Epoch 79/99
2018-08-19 06:29:56,529:INFO: ----------
2018-08-19 06:31:02,652:INFO: Train Loss: 0.0429 Acc: 0.9968
2018-08-19 06:31:43,192:INFO: Val Acc: 0.7843
2018-08-19 06:31:43,192:INFO: Epoch 80/99
2018-08-19 06:31:43,193:INFO: ----------
2018-08-19 06:32:55,406:INFO: Train Loss: 0.0434 Acc: 0.9970
2018-08-19 06:33:28,825:INFO: Val Acc: 0.7878
2018-08-19 06:33:28,826:INFO: Epoch 81/99
2018-08-19 06:33:28,826:INFO: ----------
2018-08-19 06:34:30,790:INFO: Train Loss: 0.0432 Acc: 0.9969
2018-08-19 06:35:02,953:INFO: Val Acc: 0.7910
2018-08-19 06:35:02,953:INFO: Epoch 82/99
2018-08-19 06:35:02,953:INFO: ----------
2018-08-19 06:36:11,108:INFO: Train Loss: 0.0429 Acc: 0.9967
2018-08-19 06:36:51,642:INFO: Val Acc: 0.7854
2018-08-19 06:36:51,643:INFO: Epoch 83/99
2018-08-19 06:36:51,643:INFO: ----------
2018-08-19 06:37:53,081:INFO: Train Loss: 0.0432 Acc: 0.9965
2018-08-19 06:38:27,830:INFO: Val Acc: 0.7927
2018-08-19 06:38:27,831:INFO: Epoch 84/99
2018-08-19 06:38:27,832:INFO: ----------
2018-08-19 06:39:28,601:INFO: Train Loss: 0.0419 Acc: 0.9971
2018-08-19 06:40:08,800:INFO: Val Acc: 0.7901
2018-08-19 06:40:08,801:INFO: Epoch 85/99
2018-08-19 06:40:08,801:INFO: ----------
2018-08-19 06:41:08,920:INFO: Train Loss: 0.0430 Acc: 0.9971
2018-08-19 06:41:51,310:INFO: Val Acc: 0.7895
2018-08-19 06:41:51,311:INFO: Epoch 86/99
2018-08-19 06:41:51,312:INFO: ----------
2018-08-19 06:42:57,277:INFO: Train Loss: 0.0427 Acc: 0.9970
2018-08-19 06:43:34,095:INFO: Val Acc: 0.7889
2018-08-19 06:43:34,096:INFO: Epoch 87/99
2018-08-19 06:43:34,097:INFO: ----------
2018-08-19 06:44:45,239:INFO: Train Loss: 0.0426 Acc: 0.9969
2018-08-19 06:45:22,106:INFO: Val Acc: 0.7913
2018-08-19 06:45:22,106:INFO: Epoch 88/99
2018-08-19 06:45:22,107:INFO: ----------
2018-08-19 06:46:24,861:INFO: Train Loss: 0.0405 Acc: 0.9974
2018-08-19 06:46:56,304:INFO: Val Acc: 0.7880
2018-08-19 06:46:56,305:INFO: Epoch 89/99
2018-08-19 06:46:56,305:INFO: ----------
2018-08-19 06:48:07,266:INFO: Train Loss: 0.0412 Acc: 0.9971
2018-08-19 06:48:41,411:INFO: Val Acc: 0.7901
2018-08-19 06:48:41,412:INFO: Epoch 90/99
2018-08-19 06:48:41,412:INFO: ----------
2018-08-19 06:49:45,644:INFO: Train Loss: 0.0410 Acc: 0.9970
2018-08-19 06:50:23,603:INFO: Val Acc: 0.7880
2018-08-19 06:50:23,604:INFO: Epoch 91/99
2018-08-19 06:50:23,604:INFO: ----------
2018-08-19 06:51:29,095:INFO: Train Loss: 0.0400 Acc: 0.9975
2018-08-19 06:52:06,881:INFO: Val Acc: 0.7901
2018-08-19 06:52:06,881:INFO: Epoch 92/99
2018-08-19 06:52:06,881:INFO: ----------
2018-08-19 06:53:12,793:INFO: Train Loss: 0.0399 Acc: 0.9973
2018-08-19 06:53:54,888:INFO: Val Acc: 0.7901
2018-08-19 06:53:54,889:INFO: Epoch 93/99
2018-08-19 06:53:54,889:INFO: ----------
2018-08-19 06:54:57,748:INFO: Train Loss: 0.0397 Acc: 0.9978
2018-08-19 06:55:45,892:INFO: Val Acc: 0.7904
2018-08-19 06:55:45,893:INFO: Epoch 94/99
2018-08-19 06:55:45,893:INFO: ----------
2018-08-19 06:56:49,555:INFO: Train Loss: 0.0400 Acc: 0.9982
2018-08-19 06:57:28,052:INFO: Val Acc: 0.7886
2018-08-19 06:57:28,052:INFO: Epoch 95/99
2018-08-19 06:57:28,052:INFO: ----------
2018-08-19 06:58:32,128:INFO: Train Loss: 0.0400 Acc: 0.9979
2018-08-19 06:59:16,665:INFO: Val Acc: 0.7883
2018-08-19 06:59:16,665:INFO: Epoch 96/99
2018-08-19 06:59:16,665:INFO: ----------
2018-08-19 07:00:21,607:INFO: Train Loss: 0.0405 Acc: 0.9976
2018-08-19 07:01:11,263:INFO: Val Acc: 0.7918
2018-08-19 07:01:11,264:INFO: Epoch 97/99
2018-08-19 07:01:11,264:INFO: ----------
2018-08-19 07:02:13,377:INFO: Train Loss: 0.0407 Acc: 0.9981
2018-08-19 07:02:54,059:INFO: Val Acc: 0.7880
2018-08-19 07:02:54,059:INFO: Epoch 98/99
2018-08-19 07:02:54,059:INFO: ----------
2018-08-19 07:03:56,943:INFO: Train Loss: 0.0395 Acc: 0.9979
2018-08-19 07:04:41,061:INFO: Val Acc: 0.7939
2018-08-19 07:04:41,062:INFO: Epoch 99/99
2018-08-19 07:04:41,063:INFO: ----------
2018-08-19 07:05:45,145:INFO: Train Loss: 0.0402 Acc: 0.9966
2018-08-19 07:06:32,412:INFO: Val Acc: 0.7904
2018-08-19 07:06:32,413:INFO: Training complete in 182m 37s
2018-08-19 07:06:32,413:INFO: Best val Acc: 0.798251
2018-08-19 07:06:59,394:INFO: Test Acc: 0.8183
