2018-08-18 03:58:05,853:INFO: Loading the datasets...
2018-08-18 03:58:05,959:INFO: - done.
2018-08-18 03:58:29,947:INFO: Starting training for 100 epoch(s)
2018-08-18 03:58:29,951:INFO: Epoch 0/99
2018-08-18 03:58:29,951:INFO: ----------
2018-08-18 03:59:22,570:INFO: Train Loss: 0.9491 Acc: 0.2699
2018-08-18 03:59:54,246:INFO: Val Acc: 0.2534
2018-08-18 03:59:54,247:INFO: Found new best accuracy
2018-08-18 03:59:54,251:INFO: Epoch 1/99
2018-08-18 03:59:54,251:INFO: ----------
2018-08-18 04:00:43,307:INFO: Train Loss: 0.8488 Acc: 0.3485
2018-08-18 04:01:26,589:INFO: Val Acc: 0.2843
2018-08-18 04:01:26,590:INFO: Found new best accuracy
2018-08-18 04:01:26,596:INFO: Epoch 2/99
2018-08-18 04:01:26,596:INFO: ----------
2018-08-18 04:02:22,287:INFO: Train Loss: 0.8010 Acc: 0.3912
2018-08-18 04:03:01,064:INFO: Val Acc: 0.3706
2018-08-18 04:03:01,065:INFO: Found new best accuracy
2018-08-18 04:03:01,074:INFO: Epoch 3/99
2018-08-18 04:03:01,075:INFO: ----------
2018-08-18 04:03:55,593:INFO: Train Loss: 0.7798 Acc: 0.4113
2018-08-18 04:04:33,204:INFO: Val Acc: 0.3335
2018-08-18 04:04:33,204:INFO: Epoch 4/99
2018-08-18 04:04:33,204:INFO: ----------
2018-08-18 04:05:35,443:INFO: Train Loss: 0.7593 Acc: 0.4260
2018-08-18 04:06:08,963:INFO: Val Acc: 0.3219
2018-08-18 04:06:08,964:INFO: Epoch 5/99
2018-08-18 04:06:08,964:INFO: ----------
2018-08-18 04:07:03,029:INFO: Train Loss: 0.7347 Acc: 0.4465
2018-08-18 04:07:41,024:INFO: Val Acc: 0.3939
2018-08-18 04:07:41,024:INFO: Found new best accuracy
2018-08-18 04:07:41,030:INFO: Epoch 6/99
2018-08-18 04:07:41,030:INFO: ----------
2018-08-18 04:08:37,840:INFO: Train Loss: 0.7244 Acc: 0.4497
2018-08-18 04:09:16,634:INFO: Val Acc: 0.4035
2018-08-18 04:09:16,635:INFO: Found new best accuracy
2018-08-18 04:09:16,647:INFO: Epoch 7/99
2018-08-18 04:09:16,647:INFO: ----------
2018-08-18 04:10:12,155:INFO: Train Loss: 0.6999 Acc: 0.4710
2018-08-18 04:10:50,432:INFO: Val Acc: 0.4356
2018-08-18 04:10:50,433:INFO: Found new best accuracy
2018-08-18 04:10:50,437:INFO: Epoch 8/99
2018-08-18 04:10:50,437:INFO: ----------
2018-08-18 04:11:45,332:INFO: Train Loss: 0.6749 Acc: 0.4968
2018-08-18 04:12:17,783:INFO: Val Acc: 0.3093
2018-08-18 04:12:17,784:INFO: Epoch 9/99
2018-08-18 04:12:17,784:INFO: ----------
2018-08-18 04:13:09,727:INFO: Train Loss: 0.6641 Acc: 0.4965
2018-08-18 04:13:39,253:INFO: Val Acc: 0.3274
2018-08-18 04:13:39,254:INFO: Epoch 10/99
2018-08-18 04:13:39,254:INFO: ----------
2018-08-18 04:14:32,769:INFO: Train Loss: 0.6486 Acc: 0.5122
2018-08-18 04:15:04,434:INFO: Val Acc: 0.3603
2018-08-18 04:15:04,435:INFO: Epoch 11/99
2018-08-18 04:15:04,436:INFO: ----------
2018-08-18 04:16:00,738:INFO: Train Loss: 0.6085 Acc: 0.5425
2018-08-18 04:16:36,272:INFO: Val Acc: 0.3388
2018-08-18 04:16:36,272:INFO: Epoch 12/99
2018-08-18 04:16:36,273:INFO: ----------
2018-08-18 04:17:35,863:INFO: Train Loss: 0.5942 Acc: 0.5533
2018-08-18 04:18:18,197:INFO: Val Acc: 0.3915
2018-08-18 04:18:18,198:INFO: Epoch 13/99
2018-08-18 04:18:18,198:INFO: ----------
2018-08-18 04:19:24,490:INFO: Train Loss: 0.5848 Acc: 0.5640
2018-08-18 04:20:02,795:INFO: Val Acc: 0.3732
2018-08-18 04:20:02,795:INFO: Epoch 14/99
2018-08-18 04:20:02,800:INFO: ----------
2018-08-18 04:21:04,791:INFO: Train Loss: 0.5451 Acc: 0.5944
2018-08-18 04:21:38,151:INFO: Val Acc: 0.3968
2018-08-18 04:21:38,152:INFO: Epoch 15/99
2018-08-18 04:21:38,152:INFO: ----------
2018-08-18 04:22:35,354:INFO: Train Loss: 0.5499 Acc: 0.5839
2018-08-18 04:23:07,238:INFO: Val Acc: 0.4405
2018-08-18 04:23:07,239:INFO: Found new best accuracy
2018-08-18 04:23:07,243:INFO: Epoch 16/99
2018-08-18 04:23:07,243:INFO: ----------
2018-08-18 04:23:59,902:INFO: Train Loss: 0.5162 Acc: 0.6112
2018-08-18 04:24:39,826:INFO: Val Acc: 0.3983
2018-08-18 04:24:39,826:INFO: Epoch 17/99
2018-08-18 04:24:39,826:INFO: ----------
2018-08-18 04:25:39,726:INFO: Train Loss: 0.5055 Acc: 0.6155
2018-08-18 04:26:15,807:INFO: Val Acc: 0.4242
2018-08-18 04:26:15,808:INFO: Epoch 18/99
2018-08-18 04:26:15,808:INFO: ----------
2018-08-18 04:27:15,595:INFO: Train Loss: 0.4828 Acc: 0.6296
2018-08-18 04:27:53,052:INFO: Val Acc: 0.4790
2018-08-18 04:27:53,053:INFO: Found new best accuracy
2018-08-18 04:27:53,060:INFO: Epoch 19/99
2018-08-18 04:27:53,060:INFO: ----------
2018-08-18 04:28:51,282:INFO: Train Loss: 0.4607 Acc: 0.6521
2018-08-18 04:29:25,477:INFO: Val Acc: 0.4262
2018-08-18 04:29:25,478:INFO: Epoch 20/99
2018-08-18 04:29:25,478:INFO: ----------
2018-08-18 04:30:19,523:INFO: Train Loss: 0.4632 Acc: 0.6524
2018-08-18 04:31:08,387:INFO: Val Acc: 0.3936
2018-08-18 04:31:08,388:INFO: Epoch 21/99
2018-08-18 04:31:08,388:INFO: ----------
2018-08-18 04:32:14,168:INFO: Train Loss: 0.4388 Acc: 0.6658
2018-08-18 04:32:49,677:INFO: Val Acc: 0.3962
2018-08-18 04:32:49,677:INFO: Epoch 22/99
2018-08-18 04:32:49,678:INFO: ----------
2018-08-18 04:33:47,212:INFO: Train Loss: 0.4415 Acc: 0.6673
2018-08-18 04:34:22,893:INFO: Val Acc: 0.4673
2018-08-18 04:34:22,894:INFO: Epoch 23/99
2018-08-18 04:34:22,894:INFO: ----------
2018-08-18 04:35:20,296:INFO: Train Loss: 0.4175 Acc: 0.6802
2018-08-18 04:35:49,651:INFO: Val Acc: 0.4921
2018-08-18 04:35:49,652:INFO: Found new best accuracy
2018-08-18 04:35:49,656:INFO: Epoch 24/99
2018-08-18 04:35:49,656:INFO: ----------
2018-08-18 04:36:42,327:INFO: Train Loss: 0.4170 Acc: 0.6879
2018-08-18 04:37:13,655:INFO: Val Acc: 0.5230
2018-08-18 04:37:13,656:INFO: Found new best accuracy
2018-08-18 04:37:13,660:INFO: Epoch 25/99
2018-08-18 04:37:13,660:INFO: ----------
2018-08-18 04:38:10,827:INFO: Train Loss: 0.4167 Acc: 0.6869
2018-08-18 04:39:00,052:INFO: Val Acc: 0.3388
2018-08-18 04:39:00,053:INFO: Epoch 26/99
2018-08-18 04:39:00,054:INFO: ----------
2018-08-18 04:40:02,336:INFO: Train Loss: 0.4057 Acc: 0.6966
2018-08-18 04:40:37,775:INFO: Val Acc: 0.5434
2018-08-18 04:40:37,779:INFO: Found new best accuracy
2018-08-18 04:40:37,792:INFO: Epoch 27/99
2018-08-18 04:40:37,792:INFO: ----------
2018-08-18 04:41:43,758:INFO: Train Loss: 0.3985 Acc: 0.6994
2018-08-18 04:42:24,164:INFO: Val Acc: 0.3563
2018-08-18 04:42:24,165:INFO: Epoch 28/99
2018-08-18 04:42:24,165:INFO: ----------
2018-08-18 04:43:22,679:INFO: Train Loss: 0.3868 Acc: 0.7074
2018-08-18 04:43:52,673:INFO: Val Acc: 0.4746
2018-08-18 04:43:52,674:INFO: Epoch 29/99
2018-08-18 04:43:52,674:INFO: ----------
2018-08-18 04:44:47,366:INFO: Train Loss: 0.3731 Acc: 0.7165
2018-08-18 04:45:26,805:INFO: Val Acc: 0.4192
2018-08-18 04:45:26,806:INFO: Epoch 30/99
2018-08-18 04:45:26,806:INFO: ----------
2018-08-18 04:46:24,019:INFO: Train Loss: 0.3073 Acc: 0.7701
2018-08-18 04:47:04,260:INFO: Val Acc: 0.7411
2018-08-18 04:47:04,260:INFO: Found new best accuracy
2018-08-18 04:47:04,265:INFO: Epoch 31/99
2018-08-18 04:47:04,265:INFO: ----------
2018-08-18 04:48:05,826:INFO: Train Loss: 0.2794 Acc: 0.7976
2018-08-18 04:48:56,787:INFO: Val Acc: 0.7446
2018-08-18 04:48:56,787:INFO: Found new best accuracy
2018-08-18 04:48:56,801:INFO: Epoch 32/99
2018-08-18 04:48:56,801:INFO: ----------
2018-08-18 04:49:57,713:INFO: Train Loss: 0.2713 Acc: 0.8024
2018-08-18 04:50:33,287:INFO: Val Acc: 0.7484
2018-08-18 04:50:33,288:INFO: Found new best accuracy
2018-08-18 04:50:33,292:INFO: Epoch 33/99
2018-08-18 04:50:33,292:INFO: ----------
2018-08-18 04:51:28,796:INFO: Train Loss: 0.2644 Acc: 0.8069
2018-08-18 04:52:13,393:INFO: Val Acc: 0.7531
2018-08-18 04:52:13,393:INFO: Found new best accuracy
2018-08-18 04:52:13,401:INFO: Epoch 34/99
2018-08-18 04:52:13,401:INFO: ----------
2018-08-18 04:53:14,830:INFO: Train Loss: 0.2613 Acc: 0.8136
2018-08-18 04:53:48,538:INFO: Val Acc: 0.7507
2018-08-18 04:53:48,538:INFO: Epoch 35/99
2018-08-18 04:53:48,538:INFO: ----------
2018-08-18 04:54:45,817:INFO: Train Loss: 0.2572 Acc: 0.8121
2018-08-18 04:55:16,287:INFO: Val Acc: 0.7554
2018-08-18 04:55:16,288:INFO: Found new best accuracy
2018-08-18 04:55:16,310:INFO: Epoch 36/99
2018-08-18 04:55:16,311:INFO: ----------
2018-08-18 04:56:09,794:INFO: Train Loss: 0.2541 Acc: 0.8156
2018-08-18 04:56:39,490:INFO: Val Acc: 0.7595
2018-08-18 04:56:39,491:INFO: Found new best accuracy
2018-08-18 04:56:39,504:INFO: Epoch 37/99
2018-08-18 04:56:39,504:INFO: ----------
2018-08-18 04:57:33,498:INFO: Train Loss: 0.2492 Acc: 0.8189
2018-08-18 04:58:02,351:INFO: Val Acc: 0.7455
2018-08-18 04:58:02,351:INFO: Epoch 38/99
2018-08-18 04:58:02,351:INFO: ----------
2018-08-18 04:58:53,475:INFO: Train Loss: 0.2433 Acc: 0.8228
2018-08-18 04:59:25,577:INFO: Val Acc: 0.7583
2018-08-18 04:59:25,577:INFO: Epoch 39/99
2018-08-18 04:59:25,577:INFO: ----------
2018-08-18 05:00:18,216:INFO: Train Loss: 0.2424 Acc: 0.8202
2018-08-18 05:00:55,884:INFO: Val Acc: 0.7516
2018-08-18 05:00:55,885:INFO: Epoch 40/99
2018-08-18 05:00:55,885:INFO: ----------
2018-08-18 05:01:50,234:INFO: Train Loss: 0.2391 Acc: 0.8263
2018-08-18 05:02:31,421:INFO: Val Acc: 0.7504
2018-08-18 05:02:31,422:INFO: Epoch 41/99
2018-08-18 05:02:31,422:INFO: ----------
2018-08-18 05:03:21,076:INFO: Train Loss: 0.2352 Acc: 0.8349
2018-08-18 05:03:57,789:INFO: Val Acc: 0.7458
2018-08-18 05:03:57,790:INFO: Epoch 42/99
2018-08-18 05:03:57,790:INFO: ----------
2018-08-18 05:04:50,598:INFO: Train Loss: 0.2349 Acc: 0.8295
2018-08-18 05:05:22,703:INFO: Val Acc: 0.7636
2018-08-18 05:05:22,704:INFO: Found new best accuracy
2018-08-18 05:05:22,710:INFO: Epoch 43/99
2018-08-18 05:05:22,710:INFO: ----------
2018-08-18 05:06:16,689:INFO: Train Loss: 0.2301 Acc: 0.8347
2018-08-18 05:06:53,875:INFO: Val Acc: 0.7551
2018-08-18 05:06:53,876:INFO: Epoch 44/99
2018-08-18 05:06:53,876:INFO: ----------
2018-08-18 05:07:42,804:INFO: Train Loss: 0.2292 Acc: 0.8366
2018-08-18 05:08:12,292:INFO: Val Acc: 0.7548
2018-08-18 05:08:12,292:INFO: Epoch 45/99
2018-08-18 05:08:12,293:INFO: ----------
2018-08-18 05:09:12,601:INFO: Train Loss: 0.2259 Acc: 0.8390
2018-08-18 05:09:42,429:INFO: Val Acc: 0.7708
2018-08-18 05:09:42,430:INFO: Found new best accuracy
2018-08-18 05:09:42,435:INFO: Epoch 46/99
2018-08-18 05:09:42,435:INFO: ----------
2018-08-18 05:10:36,332:INFO: Train Loss: 0.2217 Acc: 0.8418
2018-08-18 05:11:07,961:INFO: Val Acc: 0.7490
2018-08-18 05:11:07,966:INFO: Epoch 47/99
2018-08-18 05:11:07,966:INFO: ----------
2018-08-18 05:12:00,151:INFO: Train Loss: 0.2176 Acc: 0.8468
2018-08-18 05:12:40,379:INFO: Val Acc: 0.6950
2018-08-18 05:12:40,380:INFO: Epoch 48/99
2018-08-18 05:12:40,380:INFO: ----------
2018-08-18 05:13:29,811:INFO: Train Loss: 0.2177 Acc: 0.8477
2018-08-18 05:14:00,180:INFO: Val Acc: 0.7583
2018-08-18 05:14:00,180:INFO: Epoch 49/99
2018-08-18 05:14:00,181:INFO: ----------
2018-08-18 05:14:51,173:INFO: Train Loss: 0.2139 Acc: 0.8458
2018-08-18 05:15:19,668:INFO: Val Acc: 0.7513
2018-08-18 05:15:19,669:INFO: Epoch 50/99
2018-08-18 05:15:19,670:INFO: ----------
2018-08-18 05:16:09,860:INFO: Train Loss: 0.2104 Acc: 0.8516
2018-08-18 05:16:44,738:INFO: Val Acc: 0.7510
2018-08-18 05:16:44,739:INFO: Epoch 51/99
2018-08-18 05:16:44,739:INFO: ----------
2018-08-18 05:17:40,211:INFO: Train Loss: 0.2072 Acc: 0.8564
2018-08-18 05:18:14,020:INFO: Val Acc: 0.7411
2018-08-18 05:18:14,021:INFO: Epoch 52/99
2018-08-18 05:18:14,021:INFO: ----------
2018-08-18 05:18:59,901:INFO: Train Loss: 0.2040 Acc: 0.8594
2018-08-18 05:19:37,527:INFO: Val Acc: 0.7598
2018-08-18 05:19:37,528:INFO: Epoch 53/99
2018-08-18 05:19:37,528:INFO: ----------
2018-08-18 05:20:28,999:INFO: Train Loss: 0.1998 Acc: 0.8650
2018-08-18 05:21:03,094:INFO: Val Acc: 0.7601
2018-08-18 05:21:03,095:INFO: Epoch 54/99
2018-08-18 05:21:03,095:INFO: ----------
2018-08-18 05:21:54,773:INFO: Train Loss: 0.1988 Acc: 0.8644
2018-08-18 05:22:26,761:INFO: Val Acc: 0.7394
2018-08-18 05:22:26,762:INFO: Epoch 55/99
2018-08-18 05:22:26,762:INFO: ----------
2018-08-18 05:23:19,502:INFO: Train Loss: 0.1959 Acc: 0.8655
2018-08-18 05:23:46,513:INFO: Val Acc: 0.7376
2018-08-18 05:23:46,513:INFO: Epoch 56/99
2018-08-18 05:23:46,513:INFO: ----------
2018-08-18 05:24:45,574:INFO: Train Loss: 0.1920 Acc: 0.8684
2018-08-18 05:25:22,494:INFO: Val Acc: 0.7429
2018-08-18 05:25:22,495:INFO: Epoch 57/99
2018-08-18 05:25:22,495:INFO: ----------
2018-08-18 05:26:17,774:INFO: Train Loss: 0.1950 Acc: 0.8646
2018-08-18 05:26:54,396:INFO: Val Acc: 0.7641
2018-08-18 05:26:54,397:INFO: Epoch 58/99
2018-08-18 05:26:54,397:INFO: ----------
2018-08-18 05:27:52,928:INFO: Train Loss: 0.1944 Acc: 0.8639
2018-08-18 05:28:29,594:INFO: Val Acc: 0.7545
2018-08-18 05:28:29,595:INFO: Epoch 59/99
2018-08-18 05:28:29,595:INFO: ----------
2018-08-18 05:29:23,803:INFO: Train Loss: 0.1836 Acc: 0.8767
2018-08-18 05:29:53,178:INFO: Val Acc: 0.7417
2018-08-18 05:29:53,179:INFO: Epoch 60/99
2018-08-18 05:29:53,179:INFO: ----------
2018-08-18 05:30:50,795:INFO: Train Loss: 0.1670 Acc: 0.8917
2018-08-18 05:31:21,912:INFO: Val Acc: 0.7822
2018-08-18 05:31:21,912:INFO: Found new best accuracy
2018-08-18 05:31:21,922:INFO: Epoch 61/99
2018-08-18 05:31:21,922:INFO: ----------
2018-08-18 05:32:13,973:INFO: Train Loss: 0.1609 Acc: 0.8987
2018-08-18 05:32:45,030:INFO: Val Acc: 0.7825
2018-08-18 05:32:45,031:INFO: Found new best accuracy
2018-08-18 05:32:45,049:INFO: Epoch 62/99
2018-08-18 05:32:45,049:INFO: ----------
2018-08-18 05:33:35,455:INFO: Train Loss: 0.1575 Acc: 0.9048
2018-08-18 05:34:13,601:INFO: Val Acc: 0.7787
2018-08-18 05:34:13,602:INFO: Epoch 63/99
2018-08-18 05:34:13,602:INFO: ----------
2018-08-18 05:35:05,950:INFO: Train Loss: 0.1577 Acc: 0.9041
2018-08-18 05:35:35,840:INFO: Val Acc: 0.7808
2018-08-18 05:35:35,841:INFO: Epoch 64/99
2018-08-18 05:35:35,841:INFO: ----------
2018-08-18 05:36:30,587:INFO: Train Loss: 0.1571 Acc: 0.9043
2018-08-18 05:37:02,285:INFO: Val Acc: 0.7796
2018-08-18 05:37:02,286:INFO: Epoch 65/99
2018-08-18 05:37:02,286:INFO: ----------
2018-08-18 05:37:54,649:INFO: Train Loss: 0.1578 Acc: 0.9030
2018-08-18 05:38:29,259:INFO: Val Acc: 0.7831
2018-08-18 05:38:29,260:INFO: Found new best accuracy
2018-08-18 05:38:29,266:INFO: Epoch 66/99
2018-08-18 05:38:29,267:INFO: ----------
2018-08-18 05:39:18,693:INFO: Train Loss: 0.1566 Acc: 0.9062
2018-08-18 05:39:45,569:INFO: Val Acc: 0.7816
2018-08-18 05:39:45,570:INFO: Epoch 67/99
2018-08-18 05:39:45,571:INFO: ----------
2018-08-18 05:40:40,800:INFO: Train Loss: 0.1565 Acc: 0.9062
2018-08-18 05:41:10,268:INFO: Val Acc: 0.7778
2018-08-18 05:41:10,269:INFO: Epoch 68/99
2018-08-18 05:41:10,269:INFO: ----------
2018-08-18 05:42:05,370:INFO: Train Loss: 0.1564 Acc: 0.9066
2018-08-18 05:42:32,828:INFO: Val Acc: 0.7805
2018-08-18 05:42:32,828:INFO: Epoch 69/99
2018-08-18 05:42:32,828:INFO: ----------
2018-08-18 05:43:24,159:INFO: Train Loss: 0.1545 Acc: 0.9080
2018-08-18 05:43:51,691:INFO: Val Acc: 0.7822
2018-08-18 05:43:51,691:INFO: Epoch 70/99
2018-08-18 05:43:51,692:INFO: ----------
2018-08-18 05:44:40,544:INFO: Train Loss: 0.1541 Acc: 0.9079
2018-08-18 05:45:13,528:INFO: Val Acc: 0.7831
2018-08-18 05:45:13,529:INFO: Epoch 71/99
2018-08-18 05:45:13,529:INFO: ----------
2018-08-18 05:46:00,247:INFO: Train Loss: 0.1538 Acc: 0.9087
2018-08-18 05:46:31,018:INFO: Val Acc: 0.7808
2018-08-18 05:46:31,018:INFO: Epoch 72/99
2018-08-18 05:46:31,018:INFO: ----------
2018-08-18 05:47:19,022:INFO: Train Loss: 0.1536 Acc: 0.9092
2018-08-18 05:47:44,736:INFO: Val Acc: 0.7831
2018-08-18 05:47:44,737:INFO: Epoch 73/99
2018-08-18 05:47:44,737:INFO: ----------
2018-08-18 05:48:37,398:INFO: Train Loss: 0.1515 Acc: 0.9126
2018-08-18 05:49:10,364:INFO: Val Acc: 0.7805
2018-08-18 05:49:10,364:INFO: Epoch 74/99
2018-08-18 05:49:10,365:INFO: ----------
2018-08-18 05:50:02,296:INFO: Train Loss: 0.1529 Acc: 0.9100
2018-08-18 05:50:30,357:INFO: Val Acc: 0.7793
2018-08-18 05:50:30,358:INFO: Epoch 75/99
2018-08-18 05:50:30,358:INFO: ----------
2018-08-18 05:51:20,808:INFO: Train Loss: 0.1517 Acc: 0.9113
2018-08-18 05:51:48,493:INFO: Val Acc: 0.7793
2018-08-18 05:51:48,494:INFO: Epoch 76/99
2018-08-18 05:51:48,494:INFO: ----------
2018-08-18 05:52:36,259:INFO: Train Loss: 0.1513 Acc: 0.9117
2018-08-18 05:53:07,272:INFO: Val Acc: 0.7822
2018-08-18 05:53:07,272:INFO: Epoch 77/99
2018-08-18 05:53:07,273:INFO: ----------
2018-08-18 05:53:53,514:INFO: Train Loss: 0.1513 Acc: 0.9105
2018-08-18 05:54:22,456:INFO: Val Acc: 0.7802
2018-08-18 05:54:22,457:INFO: Epoch 78/99
2018-08-18 05:54:22,457:INFO: ----------
2018-08-18 05:55:10,477:INFO: Train Loss: 0.1502 Acc: 0.9128
2018-08-18 05:55:35,465:INFO: Val Acc: 0.7787
2018-08-18 05:55:35,465:INFO: Epoch 79/99
2018-08-18 05:55:35,465:INFO: ----------
2018-08-18 05:56:23,237:INFO: Train Loss: 0.1503 Acc: 0.9141
2018-08-18 05:56:54,841:INFO: Val Acc: 0.7828
2018-08-18 05:56:54,842:INFO: Epoch 80/99
2018-08-18 05:56:54,842:INFO: ----------
2018-08-18 05:57:40,991:INFO: Train Loss: 0.1495 Acc: 0.9120
2018-08-18 05:58:08,040:INFO: Val Acc: 0.7816
2018-08-18 05:58:08,041:INFO: Epoch 81/99
2018-08-18 05:58:08,041:INFO: ----------
2018-08-18 05:58:57,014:INFO: Train Loss: 0.1495 Acc: 0.9132
2018-08-18 05:59:26,895:INFO: Val Acc: 0.7796
2018-08-18 05:59:26,896:INFO: Epoch 82/99
2018-08-18 05:59:26,897:INFO: ----------
2018-08-18 06:00:16,041:INFO: Train Loss: 0.1495 Acc: 0.9132
2018-08-18 06:00:45,656:INFO: Val Acc: 0.7784
2018-08-18 06:00:45,657:INFO: Epoch 83/99
2018-08-18 06:00:45,657:INFO: ----------
2018-08-18 06:01:39,271:INFO: Train Loss: 0.1480 Acc: 0.9174
2018-08-18 06:02:15,350:INFO: Val Acc: 0.7810
2018-08-18 06:02:15,351:INFO: Epoch 84/99
2018-08-18 06:02:15,351:INFO: ----------
2018-08-18 06:03:08,006:INFO: Train Loss: 0.1466 Acc: 0.9148
2018-08-18 06:03:37,368:INFO: Val Acc: 0.7816
2018-08-18 06:03:37,369:INFO: Epoch 85/99
2018-08-18 06:03:37,369:INFO: ----------
2018-08-18 06:04:29,559:INFO: Train Loss: 0.1459 Acc: 0.9172
2018-08-18 06:04:59,533:INFO: Val Acc: 0.7822
2018-08-18 06:04:59,533:INFO: Epoch 86/99
2018-08-18 06:04:59,534:INFO: ----------
2018-08-18 06:05:59,511:INFO: Train Loss: 0.1467 Acc: 0.9144
2018-08-18 06:06:24,921:INFO: Val Acc: 0.7869
2018-08-18 06:06:24,922:INFO: Found new best accuracy
2018-08-18 06:06:24,930:INFO: Epoch 87/99
2018-08-18 06:06:24,930:INFO: ----------
2018-08-18 06:07:15,516:INFO: Train Loss: 0.1461 Acc: 0.9160
2018-08-18 06:07:43,590:INFO: Val Acc: 0.7866
2018-08-18 06:07:43,590:INFO: Epoch 88/99
2018-08-18 06:07:43,590:INFO: ----------
2018-08-18 06:08:38,085:INFO: Train Loss: 0.1456 Acc: 0.9195
2018-08-18 06:09:11,559:INFO: Val Acc: 0.7840
2018-08-18 06:09:11,559:INFO: Epoch 89/99
2018-08-18 06:09:11,560:INFO: ----------
2018-08-18 06:10:00,516:INFO: Train Loss: 0.1464 Acc: 0.9146
2018-08-18 06:10:33,835:INFO: Val Acc: 0.7810
2018-08-18 06:10:33,835:INFO: Epoch 90/99
2018-08-18 06:10:33,836:INFO: ----------
2018-08-18 06:11:27,929:INFO: Train Loss: 0.1428 Acc: 0.9225
2018-08-18 06:11:54,546:INFO: Val Acc: 0.7834
2018-08-18 06:11:54,546:INFO: Epoch 91/99
2018-08-18 06:11:54,547:INFO: ----------
2018-08-18 06:12:48,798:INFO: Train Loss: 0.1429 Acc: 0.9203
2018-08-18 06:13:18,385:INFO: Val Acc: 0.7816
2018-08-18 06:13:18,385:INFO: Epoch 92/99
2018-08-18 06:13:18,385:INFO: ----------
2018-08-18 06:14:10,851:INFO: Train Loss: 0.1419 Acc: 0.9204
2018-08-18 06:14:37,786:INFO: Val Acc: 0.7822
2018-08-18 06:14:37,787:INFO: Epoch 93/99
2018-08-18 06:14:37,787:INFO: ----------
2018-08-18 06:15:24,952:INFO: Train Loss: 0.1418 Acc: 0.9217
2018-08-18 06:15:59,628:INFO: Val Acc: 0.7840
2018-08-18 06:15:59,628:INFO: Epoch 94/99
2018-08-18 06:15:59,628:INFO: ----------
2018-08-18 06:16:51,840:INFO: Train Loss: 0.1420 Acc: 0.9215
2018-08-18 06:17:24,005:INFO: Val Acc: 0.7805
2018-08-18 06:17:24,005:INFO: Epoch 95/99
2018-08-18 06:17:24,006:INFO: ----------
2018-08-18 06:18:16,607:INFO: Train Loss: 0.1419 Acc: 0.9198
2018-08-18 06:18:45,231:INFO: Val Acc: 0.7810
2018-08-18 06:18:45,232:INFO: Epoch 96/99
2018-08-18 06:18:45,232:INFO: ----------
2018-08-18 06:19:36,697:INFO: Train Loss: 0.1421 Acc: 0.9221
2018-08-18 06:20:09,511:INFO: Val Acc: 0.7810
2018-08-18 06:20:09,511:INFO: Epoch 97/99
2018-08-18 06:20:09,512:INFO: ----------
2018-08-18 06:21:06,162:INFO: Train Loss: 0.1424 Acc: 0.9215
2018-08-18 06:21:36,572:INFO: Val Acc: 0.7805
2018-08-18 06:21:36,573:INFO: Epoch 98/99
2018-08-18 06:21:36,573:INFO: ----------
2018-08-18 06:22:26,848:INFO: Train Loss: 0.1427 Acc: 0.9234
2018-08-18 06:22:59,957:INFO: Val Acc: 0.7828
2018-08-18 06:22:59,957:INFO: Epoch 99/99
2018-08-18 06:22:59,957:INFO: ----------
2018-08-18 06:23:49,938:INFO: Train Loss: 0.1421 Acc: 0.9222
2018-08-18 06:24:23,445:INFO: Val Acc: 0.7851
2018-08-18 06:24:23,447:INFO: Training complete in 145m 53s
2018-08-18 06:24:23,447:INFO: Best val Acc: 0.786880
2018-08-18 06:25:01,183:INFO: Test Acc: 0.8064
