2018-08-17 06:09:18,621:INFO: Loading the datasets...
2018-08-17 06:09:18,769:INFO: - done.
2018-08-17 06:09:46,576:INFO: Starting training for 40 epoch(s)
2018-08-17 06:09:46,584:INFO: Epoch 0/39
2018-08-17 06:09:46,584:INFO: ----------
2018-08-17 06:10:36,411:INFO: Train Loss: 2.1471 Acc: 0.2705
2018-08-17 06:11:17,872:INFO: Val Acc: 0.4169
2018-08-17 06:11:17,873:INFO: Found new best accuracy
2018-08-17 06:11:17,883:INFO: Epoch 1/39
2018-08-17 06:11:17,883:INFO: ----------
2018-08-17 06:12:06,215:INFO: Train Loss: 1.5996 Acc: 0.5145
2018-08-17 06:12:36,002:INFO: Val Acc: 0.5697
2018-08-17 06:12:36,002:INFO: Found new best accuracy
2018-08-17 06:12:36,010:INFO: Epoch 2/39
2018-08-17 06:12:36,010:INFO: ----------
2018-08-17 06:13:24,732:INFO: Train Loss: 1.3249 Acc: 0.6252
2018-08-17 06:14:07,910:INFO: Val Acc: 0.6385
2018-08-17 06:14:07,910:INFO: Found new best accuracy
2018-08-17 06:14:07,918:INFO: Epoch 3/39
2018-08-17 06:14:07,918:INFO: ----------
2018-08-17 06:14:56,142:INFO: Train Loss: 1.1633 Acc: 0.6790
2018-08-17 06:15:26,194:INFO: Val Acc: 0.6764
2018-08-17 06:15:26,195:INFO: Found new best accuracy
2018-08-17 06:15:26,201:INFO: Epoch 4/39
2018-08-17 06:15:26,201:INFO: ----------
2018-08-17 06:16:16,167:INFO: Train Loss: 1.0571 Acc: 0.7083
2018-08-17 06:16:48,292:INFO: Val Acc: 0.6985
2018-08-17 06:16:48,293:INFO: Found new best accuracy
2018-08-17 06:16:48,303:INFO: Epoch 5/39
2018-08-17 06:16:48,303:INFO: ----------
2018-08-17 06:17:40,104:INFO: Train Loss: 0.9810 Acc: 0.7277
2018-08-17 06:18:17,659:INFO: Val Acc: 0.7093
2018-08-17 06:18:17,659:INFO: Found new best accuracy
2018-08-17 06:18:17,665:INFO: Epoch 6/39
2018-08-17 06:18:17,666:INFO: ----------
2018-08-17 06:19:05,352:INFO: Train Loss: 0.9260 Acc: 0.7397
2018-08-17 06:19:34,036:INFO: Val Acc: 0.7219
2018-08-17 06:19:34,037:INFO: Found new best accuracy
2018-08-17 06:19:34,043:INFO: Epoch 7/39
2018-08-17 06:19:34,044:INFO: ----------
2018-08-17 06:20:25,007:INFO: Train Loss: 0.8806 Acc: 0.7503
2018-08-17 06:20:52,334:INFO: Val Acc: 0.7312
2018-08-17 06:20:52,334:INFO: Found new best accuracy
2018-08-17 06:20:52,342:INFO: Epoch 8/39
2018-08-17 06:20:52,343:INFO: ----------
2018-08-17 06:21:42,724:INFO: Train Loss: 0.8468 Acc: 0.7592
2018-08-17 06:22:19,603:INFO: Val Acc: 0.7335
2018-08-17 06:22:19,603:INFO: Found new best accuracy
2018-08-17 06:22:19,613:INFO: Epoch 9/39
2018-08-17 06:22:19,614:INFO: ----------
2018-08-17 06:23:04,886:INFO: Train Loss: 0.8201 Acc: 0.7659
2018-08-17 06:23:32,501:INFO: Val Acc: 0.7391
2018-08-17 06:23:32,502:INFO: Found new best accuracy
2018-08-17 06:23:32,513:INFO: Epoch 10/39
2018-08-17 06:23:32,515:INFO: ----------
2018-08-17 06:24:26,892:INFO: Train Loss: 0.7926 Acc: 0.7723
2018-08-17 06:24:57,158:INFO: Val Acc: 0.7493
2018-08-17 06:24:57,159:INFO: Found new best accuracy
2018-08-17 06:24:57,166:INFO: Epoch 11/39
2018-08-17 06:24:57,166:INFO: ----------
2018-08-17 06:25:44,097:INFO: Train Loss: 0.7728 Acc: 0.7721
2018-08-17 06:26:26,106:INFO: Val Acc: 0.7571
2018-08-17 06:26:26,106:INFO: Found new best accuracy
2018-08-17 06:26:26,112:INFO: Epoch 12/39
2018-08-17 06:26:26,113:INFO: ----------
2018-08-17 06:27:12,732:INFO: Train Loss: 0.7516 Acc: 0.7828
2018-08-17 06:27:46,141:INFO: Val Acc: 0.7618
2018-08-17 06:27:46,142:INFO: Found new best accuracy
2018-08-17 06:27:46,150:INFO: Epoch 13/39
2018-08-17 06:27:46,150:INFO: ----------
2018-08-17 06:28:40,603:INFO: Train Loss: 0.7373 Acc: 0.7829
2018-08-17 06:29:12,508:INFO: Val Acc: 0.7601
2018-08-17 06:29:12,508:INFO: Epoch 14/39
2018-08-17 06:29:12,509:INFO: ----------
2018-08-17 06:29:59,546:INFO: Train Loss: 0.7205 Acc: 0.7894
2018-08-17 06:30:34,334:INFO: Val Acc: 0.7638
2018-08-17 06:30:34,335:INFO: Found new best accuracy
2018-08-17 06:30:34,345:INFO: Epoch 15/39
2018-08-17 06:30:34,345:INFO: ----------
2018-08-17 06:31:25,800:INFO: Train Loss: 0.7072 Acc: 0.7923
2018-08-17 06:31:57,496:INFO: Val Acc: 0.7688
2018-08-17 06:31:57,496:INFO: Found new best accuracy
2018-08-17 06:31:57,510:INFO: Epoch 16/39
2018-08-17 06:31:57,510:INFO: ----------
2018-08-17 06:32:56,416:INFO: Train Loss: 0.6952 Acc: 0.7965
2018-08-17 06:33:27,132:INFO: Val Acc: 0.7653
2018-08-17 06:33:27,133:INFO: Epoch 17/39
2018-08-17 06:33:27,133:INFO: ----------
2018-08-17 06:34:25,394:INFO: Train Loss: 0.6846 Acc: 0.7970
2018-08-17 06:34:58,331:INFO: Val Acc: 0.7741
2018-08-17 06:34:58,331:INFO: Found new best accuracy
2018-08-17 06:34:58,344:INFO: Epoch 18/39
2018-08-17 06:34:58,344:INFO: ----------
2018-08-17 06:35:46,996:INFO: Train Loss: 0.6748 Acc: 0.8020
2018-08-17 06:36:30,937:INFO: Val Acc: 0.7726
2018-08-17 06:36:30,938:INFO: Epoch 19/39
2018-08-17 06:36:30,938:INFO: ----------
2018-08-17 06:37:18,493:INFO: Train Loss: 0.6654 Acc: 0.8028
2018-08-17 06:37:54,198:INFO: Val Acc: 0.7738
2018-08-17 06:37:54,198:INFO: Epoch 20/39
2018-08-17 06:37:54,198:INFO: ----------
2018-08-17 06:38:45,190:INFO: Train Loss: 0.6604 Acc: 0.8011
2018-08-17 06:39:25,888:INFO: Val Acc: 0.7738
2018-08-17 06:39:25,888:INFO: Epoch 21/39
2018-08-17 06:39:25,888:INFO: ----------
2018-08-17 06:40:29,396:INFO: Train Loss: 0.6508 Acc: 0.8049
2018-08-17 06:41:03,698:INFO: Val Acc: 0.7752
2018-08-17 06:41:03,699:INFO: Found new best accuracy
2018-08-17 06:41:03,710:INFO: Epoch 22/39
2018-08-17 06:41:03,710:INFO: ----------
2018-08-17 06:41:55,429:INFO: Train Loss: 0.6437 Acc: 0.8078
2018-08-17 06:42:26,515:INFO: Val Acc: 0.7770
2018-08-17 06:42:26,516:INFO: Found new best accuracy
2018-08-17 06:42:26,532:INFO: Epoch 23/39
2018-08-17 06:42:26,533:INFO: ----------
2018-08-17 06:43:19,263:INFO: Train Loss: 0.6367 Acc: 0.8093
2018-08-17 06:43:43,675:INFO: Val Acc: 0.7813
2018-08-17 06:43:43,677:INFO: Found new best accuracy
2018-08-17 06:43:43,691:INFO: Epoch 24/39
2018-08-17 06:43:43,694:INFO: ----------
2018-08-17 06:44:36,372:INFO: Train Loss: 0.6307 Acc: 0.8103
2018-08-17 06:45:02,590:INFO: Val Acc: 0.7755
2018-08-17 06:45:02,591:INFO: Epoch 25/39
2018-08-17 06:45:02,591:INFO: ----------
2018-08-17 06:45:51,371:INFO: Train Loss: 0.6258 Acc: 0.8109
2018-08-17 06:46:40,932:INFO: Val Acc: 0.7813
2018-08-17 06:46:40,932:INFO: Epoch 26/39
2018-08-17 06:46:40,932:INFO: ----------
2018-08-17 06:47:34,150:INFO: Train Loss: 0.6193 Acc: 0.8157
2018-08-17 06:48:00,809:INFO: Val Acc: 0.7845
2018-08-17 06:48:00,809:INFO: Found new best accuracy
2018-08-17 06:48:00,820:INFO: Epoch 27/39
2018-08-17 06:48:00,820:INFO: ----------
2018-08-17 06:48:47,077:INFO: Train Loss: 0.6132 Acc: 0.8157
2018-08-17 06:49:40,396:INFO: Val Acc: 0.7840
2018-08-17 06:49:40,397:INFO: Epoch 28/39
2018-08-17 06:49:40,397:INFO: ----------
2018-08-17 06:50:31,809:INFO: Train Loss: 0.6079 Acc: 0.8185
2018-08-17 06:51:00,090:INFO: Val Acc: 0.7822
2018-08-17 06:51:00,091:INFO: Epoch 29/39
2018-08-17 06:51:00,091:INFO: ----------
2018-08-17 06:51:51,306:INFO: Train Loss: 0.6056 Acc: 0.8166
2018-08-17 06:52:25,025:INFO: Val Acc: 0.7860
2018-08-17 06:52:25,026:INFO: Found new best accuracy
2018-08-17 06:52:25,037:INFO: Epoch 30/39
2018-08-17 06:52:25,038:INFO: ----------
2018-08-17 06:53:11,245:INFO: Train Loss: 0.6011 Acc: 0.8171
2018-08-17 06:53:44,497:INFO: Val Acc: 0.7837
2018-08-17 06:53:44,498:INFO: Epoch 31/39
2018-08-17 06:53:44,498:INFO: ----------
2018-08-17 06:54:35,875:INFO: Train Loss: 0.5998 Acc: 0.8178
2018-08-17 06:55:03,185:INFO: Val Acc: 0.7845
2018-08-17 06:55:03,189:INFO: Epoch 32/39
2018-08-17 06:55:03,190:INFO: ----------
2018-08-17 06:55:53,953:INFO: Train Loss: 0.5987 Acc: 0.8175
2018-08-17 06:56:34,316:INFO: Val Acc: 0.7843
2018-08-17 06:56:34,317:INFO: Epoch 33/39
2018-08-17 06:56:34,317:INFO: ----------
2018-08-17 06:57:19,773:INFO: Train Loss: 0.5983 Acc: 0.8196
2018-08-17 06:57:51,456:INFO: Val Acc: 0.7857
2018-08-17 06:57:51,457:INFO: Epoch 34/39
2018-08-17 06:57:51,457:INFO: ----------
2018-08-17 06:58:40,221:INFO: Train Loss: 0.5983 Acc: 0.8192
2018-08-17 06:59:21,433:INFO: Val Acc: 0.7848
2018-08-17 06:59:21,434:INFO: Epoch 35/39
2018-08-17 06:59:21,434:INFO: ----------
2018-08-17 07:00:08,965:INFO: Train Loss: 0.5977 Acc: 0.8194
2018-08-17 07:00:36,062:INFO: Val Acc: 0.7854
2018-08-17 07:00:36,062:INFO: Epoch 36/39
2018-08-17 07:00:36,062:INFO: ----------
2018-08-17 07:01:23,138:INFO: Train Loss: 0.5969 Acc: 0.8181
2018-08-17 07:01:58,833:INFO: Val Acc: 0.7851
2018-08-17 07:01:58,834:INFO: Epoch 37/39
2018-08-17 07:01:58,834:INFO: ----------
2018-08-17 07:02:51,791:INFO: Train Loss: 0.5961 Acc: 0.8199
2018-08-17 07:03:24,587:INFO: Val Acc: 0.7869
2018-08-17 07:03:24,588:INFO: Found new best accuracy
2018-08-17 07:03:24,610:INFO: Epoch 38/39
2018-08-17 07:03:24,610:INFO: ----------
2018-08-17 07:04:17,504:INFO: Train Loss: 0.5971 Acc: 0.8201
2018-08-17 07:04:50,812:INFO: Val Acc: 0.7834
2018-08-17 07:04:50,812:INFO: Epoch 39/39
2018-08-17 07:04:50,813:INFO: ----------
2018-08-17 07:05:44,958:INFO: Train Loss: 0.5965 Acc: 0.8167
2018-08-17 07:06:20,421:INFO: Val Acc: 0.7857
2018-08-17 07:06:20,422:INFO: Training complete in 56m 34s
2018-08-17 07:06:20,423:INFO: Best val Acc: 0.786880
2018-08-17 07:06:54,070:INFO: Test Acc: 0.8145
