2018-08-18 06:34:47,251:INFO: Loading the datasets...
2018-08-18 06:34:47,365:INFO: - done.
2018-08-18 06:35:08,440:INFO: Starting training for 20 epoch(s)
2018-08-18 06:35:08,444:INFO: Epoch 0/19
2018-08-18 06:35:08,446:INFO: ----------
2018-08-18 06:35:54,600:INFO: Train Loss: 0.2503 Acc: 0.8377
2018-08-18 06:36:27,906:INFO: Val Acc: 0.7370
2018-08-18 06:36:27,906:INFO: Found new best accuracy
2018-08-18 06:36:27,911:INFO: Epoch 1/19
2018-08-18 06:36:27,911:INFO: ----------
2018-08-18 06:37:11,938:INFO: Train Loss: 0.2501 Acc: 0.8395
2018-08-18 06:37:35,366:INFO: Val Acc: 0.7370
2018-08-18 06:37:35,366:INFO: Epoch 2/19
2018-08-18 06:37:35,366:INFO: ----------
2018-08-18 06:38:26,804:INFO: Train Loss: 0.2477 Acc: 0.8399
2018-08-18 06:38:48,312:INFO: Val Acc: 0.7373
2018-08-18 06:38:48,312:INFO: Found new best accuracy
2018-08-18 06:38:48,317:INFO: Epoch 3/19
2018-08-18 06:38:48,317:INFO: ----------
2018-08-18 06:39:33,367:INFO: Train Loss: 0.2471 Acc: 0.8404
2018-08-18 06:39:52,790:INFO: Val Acc: 0.7344
2018-08-18 06:39:52,790:INFO: Epoch 4/19
2018-08-18 06:39:52,790:INFO: ----------
2018-08-18 06:40:41,194:INFO: Train Loss: 0.2478 Acc: 0.8357
2018-08-18 06:41:01,806:INFO: Val Acc: 0.7370
2018-08-18 06:41:01,807:INFO: Epoch 5/19
2018-08-18 06:41:01,807:INFO: ----------
2018-08-18 06:41:46,106:INFO: Train Loss: 0.2477 Acc: 0.8366
2018-08-18 06:42:08,776:INFO: Val Acc: 0.7350
2018-08-18 06:42:08,776:INFO: Epoch 6/19
2018-08-18 06:42:08,776:INFO: ----------
2018-08-18 06:43:01,383:INFO: Train Loss: 0.2469 Acc: 0.8368
2018-08-18 06:43:23,937:INFO: Val Acc: 0.7367
2018-08-18 06:43:23,938:INFO: Epoch 7/19
2018-08-18 06:43:23,938:INFO: ----------
2018-08-18 06:44:22,251:INFO: Train Loss: 0.2476 Acc: 0.8344
2018-08-18 06:44:47,498:INFO: Val Acc: 0.7350
2018-08-18 06:44:47,499:INFO: Epoch 8/19
2018-08-18 06:44:47,499:INFO: ----------
2018-08-18 06:45:52,542:INFO: Train Loss: 0.2473 Acc: 0.8377
2018-08-18 06:46:22,749:INFO: Val Acc: 0.7382
2018-08-18 06:46:22,750:INFO: Found new best accuracy
2018-08-18 06:46:22,753:INFO: Epoch 9/19
2018-08-18 06:46:22,753:INFO: ----------
2018-08-18 06:47:17,575:INFO: Train Loss: 0.2464 Acc: 0.8360
2018-08-18 06:47:41,568:INFO: Val Acc: 0.7376
2018-08-18 06:47:41,569:INFO: Epoch 10/19
2018-08-18 06:47:41,569:INFO: ----------
2018-08-18 06:48:30,721:INFO: Train Loss: 0.2476 Acc: 0.8368
2018-08-18 06:49:06,522:INFO: Val Acc: 0.7324
2018-08-18 06:49:06,523:INFO: Epoch 11/19
2018-08-18 06:49:06,523:INFO: ----------
2018-08-18 06:49:48,902:INFO: Train Loss: 0.2461 Acc: 0.8378
2018-08-18 06:50:22,789:INFO: Val Acc: 0.7367
2018-08-18 06:50:22,791:INFO: Epoch 12/19
2018-08-18 06:50:22,793:INFO: ----------
2018-08-18 06:51:12,671:INFO: Train Loss: 0.2464 Acc: 0.8381
2018-08-18 06:51:38,885:INFO: Val Acc: 0.7388
2018-08-18 06:51:38,886:INFO: Found new best accuracy
2018-08-18 06:51:38,889:INFO: Epoch 13/19
2018-08-18 06:51:38,889:INFO: ----------
2018-08-18 06:52:21,946:INFO: Train Loss: 0.2463 Acc: 0.8374
2018-08-18 06:52:52,800:INFO: Val Acc: 0.7367
2018-08-18 06:52:52,801:INFO: Epoch 14/19
2018-08-18 06:52:52,801:INFO: ----------
2018-08-18 06:53:42,539:INFO: Train Loss: 0.2450 Acc: 0.8378
2018-08-18 06:54:10,747:INFO: Val Acc: 0.7382
2018-08-18 06:54:10,747:INFO: Epoch 15/19
2018-08-18 06:54:10,748:INFO: ----------
2018-08-18 06:55:00,804:INFO: Train Loss: 0.2452 Acc: 0.8387
2018-08-18 06:55:30,819:INFO: Val Acc: 0.7376
2018-08-18 06:55:30,819:INFO: Epoch 16/19
2018-08-18 06:55:30,819:INFO: ----------
2018-08-18 06:56:19,329:INFO: Train Loss: 0.2457 Acc: 0.8384
2018-08-18 06:56:51,130:INFO: Val Acc: 0.7370
2018-08-18 06:56:51,131:INFO: Epoch 17/19
2018-08-18 06:56:51,131:INFO: ----------
2018-08-18 06:57:45,691:INFO: Train Loss: 0.2454 Acc: 0.8343
2018-08-18 06:58:06,749:INFO: Val Acc: 0.7356
2018-08-18 06:58:06,750:INFO: Epoch 18/19
2018-08-18 06:58:06,750:INFO: ----------
2018-08-18 06:59:01,499:INFO: Train Loss: 0.2452 Acc: 0.8385
2018-08-18 06:59:31,688:INFO: Val Acc: 0.7379
2018-08-18 06:59:31,688:INFO: Epoch 19/19
2018-08-18 06:59:31,688:INFO: ----------
2018-08-18 07:00:13,404:INFO: Train Loss: 0.2448 Acc: 0.8394
2018-08-18 07:00:31,446:INFO: Val Acc: 0.7385
2018-08-18 07:00:31,447:INFO: Training complete in 25m 23s
2018-08-18 07:00:31,447:INFO: Best val Acc: 0.738776
2018-08-18 07:00:49,304:INFO: Test Acc: 0.7682
