2018-08-17 09:17:15,168:INFO: Loading the datasets...
2018-08-17 09:17:15,269:INFO: - done.
2018-08-17 09:17:28,903:INFO: Starting training for 100 epoch(s)
2018-08-17 09:17:28,905:INFO: Epoch 0/99
2018-08-17 09:17:28,906:INFO: ----------
2018-08-17 09:18:19,424:INFO: Train Loss: 1.2770 Acc: 0.2528
2018-08-17 09:18:48,007:INFO: Val Acc: 0.2644
2018-08-17 09:18:48,008:INFO: Found new best accuracy
2018-08-17 09:18:48,011:INFO: Epoch 1/99
2018-08-17 09:18:48,011:INFO: ----------
2018-08-17 09:19:40,644:INFO: Train Loss: 1.1744 Acc: 0.3262
2018-08-17 09:20:15,182:INFO: Val Acc: 0.2647
2018-08-17 09:20:15,183:INFO: Found new best accuracy
2018-08-17 09:20:15,186:INFO: Epoch 2/99
2018-08-17 09:20:15,187:INFO: ----------
2018-08-17 09:21:08,641:INFO: Train Loss: 1.1204 Acc: 0.3634
2018-08-17 09:21:47,284:INFO: Val Acc: 0.3563
2018-08-17 09:21:47,284:INFO: Found new best accuracy
2018-08-17 09:21:47,289:INFO: Epoch 3/99
2018-08-17 09:21:47,289:INFO: ----------
2018-08-17 09:22:35,619:INFO: Train Loss: 1.0757 Acc: 0.3876
2018-08-17 09:23:03,743:INFO: Val Acc: 0.3790
2018-08-17 09:23:03,743:INFO: Found new best accuracy
2018-08-17 09:23:03,746:INFO: Epoch 4/99
2018-08-17 09:23:03,746:INFO: ----------
2018-08-17 09:24:19,407:INFO: Train Loss: 1.0386 Acc: 0.4192
2018-08-17 09:24:50,413:INFO: Val Acc: 0.3443
2018-08-17 09:24:50,413:INFO: Epoch 5/99
2018-08-17 09:24:50,413:INFO: ----------
2018-08-17 09:25:55,481:INFO: Train Loss: 1.0170 Acc: 0.4230
2018-08-17 09:26:26,746:INFO: Val Acc: 0.3157
2018-08-17 09:26:26,747:INFO: Epoch 6/99
2018-08-17 09:26:26,747:INFO: ----------
2018-08-17 09:27:26,781:INFO: Train Loss: 1.0143 Acc: 0.4256
2018-08-17 09:27:59,580:INFO: Val Acc: 0.3163
2018-08-17 09:27:59,580:INFO: Epoch 7/99
2018-08-17 09:27:59,581:INFO: ----------
2018-08-17 09:28:57,337:INFO: Train Loss: 0.9947 Acc: 0.4320
2018-08-17 09:29:34,937:INFO: Val Acc: 0.3878
2018-08-17 09:29:34,938:INFO: Found new best accuracy
2018-08-17 09:29:34,940:INFO: Epoch 8/99
2018-08-17 09:29:34,940:INFO: ----------
2018-08-17 09:30:39,849:INFO: Train Loss: 0.9574 Acc: 0.4631
2018-08-17 09:31:12,039:INFO: Val Acc: 0.2758
2018-08-17 09:31:12,039:INFO: Epoch 9/99
2018-08-17 09:31:12,040:INFO: ----------
2018-08-17 09:32:02,425:INFO: Train Loss: 0.9507 Acc: 0.4682
2018-08-17 09:32:33,149:INFO: Val Acc: 0.3994
2018-08-17 09:32:33,150:INFO: Found new best accuracy
2018-08-17 09:32:33,154:INFO: Epoch 10/99
2018-08-17 09:32:33,154:INFO: ----------
2018-08-17 09:33:18,427:INFO: Train Loss: 0.9387 Acc: 0.4756
2018-08-17 09:33:57,544:INFO: Val Acc: 0.3837
2018-08-17 09:33:57,545:INFO: Epoch 11/99
2018-08-17 09:33:57,545:INFO: ----------
2018-08-17 09:34:48,117:INFO: Train Loss: 0.9089 Acc: 0.4942
2018-08-17 09:35:20,764:INFO: Val Acc: 0.4055
2018-08-17 09:35:20,765:INFO: Found new best accuracy
2018-08-17 09:35:20,769:INFO: Epoch 12/99
2018-08-17 09:35:20,769:INFO: ----------
2018-08-17 09:36:11,471:INFO: Train Loss: 0.8696 Acc: 0.5167
2018-08-17 09:36:44,404:INFO: Val Acc: 0.4431
2018-08-17 09:36:44,405:INFO: Found new best accuracy
2018-08-17 09:36:44,413:INFO: Epoch 13/99
2018-08-17 09:36:44,413:INFO: ----------
2018-08-17 09:37:35,104:INFO: Train Loss: 0.8610 Acc: 0.5251
2018-08-17 09:38:05,943:INFO: Val Acc: 0.2953
2018-08-17 09:38:05,944:INFO: Epoch 14/99
2018-08-17 09:38:05,944:INFO: ----------
2018-08-17 09:38:54,646:INFO: Train Loss: 0.8248 Acc: 0.5439
2018-08-17 09:39:35,026:INFO: Val Acc: 0.3880
2018-08-17 09:39:35,027:INFO: Epoch 15/99
2018-08-17 09:39:35,027:INFO: ----------
2018-08-17 09:40:25,138:INFO: Train Loss: 0.7949 Acc: 0.5553
2018-08-17 09:40:55,496:INFO: Val Acc: 0.3796
2018-08-17 09:40:55,497:INFO: Epoch 16/99
2018-08-17 09:40:55,497:INFO: ----------
2018-08-17 09:41:44,072:INFO: Train Loss: 0.7848 Acc: 0.5596
2018-08-17 09:42:15,675:INFO: Val Acc: 0.3519
2018-08-17 09:42:15,675:INFO: Epoch 17/99
2018-08-17 09:42:15,676:INFO: ----------
2018-08-17 09:43:11,741:INFO: Train Loss: 0.7785 Acc: 0.5679
2018-08-17 09:43:40,900:INFO: Val Acc: 0.4948
2018-08-17 09:43:40,901:INFO: Found new best accuracy
2018-08-17 09:43:40,905:INFO: Epoch 18/99
2018-08-17 09:43:40,905:INFO: ----------
2018-08-17 09:44:36,224:INFO: Train Loss: 0.7427 Acc: 0.5856
2018-08-17 09:45:12,735:INFO: Val Acc: 0.4224
2018-08-17 09:45:12,735:INFO: Epoch 19/99
2018-08-17 09:45:12,735:INFO: ----------
2018-08-17 09:46:01,017:INFO: Train Loss: 0.7302 Acc: 0.6011
2018-08-17 09:46:34,363:INFO: Val Acc: 0.3338
2018-08-17 09:46:34,363:INFO: Epoch 20/99
2018-08-17 09:46:34,364:INFO: ----------
2018-08-17 09:47:42,882:INFO: Train Loss: 0.7470 Acc: 0.5851
2018-08-17 09:48:13,724:INFO: Val Acc: 0.4857
2018-08-17 09:48:13,725:INFO: Epoch 21/99
2018-08-17 09:48:13,725:INFO: ----------
2018-08-17 09:49:03,207:INFO: Train Loss: 0.7095 Acc: 0.6081
2018-08-17 09:49:35,899:INFO: Val Acc: 0.4606
2018-08-17 09:49:35,899:INFO: Epoch 22/99
2018-08-17 09:49:35,900:INFO: ----------
2018-08-17 09:50:29,927:INFO: Train Loss: 0.6878 Acc: 0.6220
2018-08-17 09:51:05,253:INFO: Val Acc: 0.3936
2018-08-17 09:51:05,254:INFO: Epoch 23/99
2018-08-17 09:51:05,254:INFO: ----------
2018-08-17 09:51:51,930:INFO: Train Loss: 0.6795 Acc: 0.6274
2018-08-17 09:52:27,384:INFO: Val Acc: 0.4038
2018-08-17 09:52:27,385:INFO: Epoch 24/99
2018-08-17 09:52:27,385:INFO: ----------
2018-08-17 09:53:16,301:INFO: Train Loss: 0.6672 Acc: 0.6261
2018-08-17 09:53:46,627:INFO: Val Acc: 0.3848
2018-08-17 09:53:46,628:INFO: Epoch 25/99
2018-08-17 09:53:46,628:INFO: ----------
2018-08-17 09:54:40,663:INFO: Train Loss: 0.6639 Acc: 0.6353
2018-08-17 09:55:14,900:INFO: Val Acc: 0.3484
2018-08-17 09:55:14,900:INFO: Epoch 26/99
2018-08-17 09:55:14,900:INFO: ----------
2018-08-17 09:56:05,512:INFO: Train Loss: 0.6336 Acc: 0.6491
2018-08-17 09:56:37,889:INFO: Val Acc: 0.3633
2018-08-17 09:56:37,889:INFO: Epoch 27/99
2018-08-17 09:56:37,890:INFO: ----------
2018-08-17 09:57:34,730:INFO: Train Loss: 0.6405 Acc: 0.6484
2018-08-17 09:58:09,018:INFO: Val Acc: 0.3055
2018-08-17 09:58:09,019:INFO: Epoch 28/99
2018-08-17 09:58:09,019:INFO: ----------
2018-08-17 09:59:00,804:INFO: Train Loss: 0.6432 Acc: 0.6414
2018-08-17 09:59:28,716:INFO: Val Acc: 0.4819
2018-08-17 09:59:28,717:INFO: Epoch 29/99
2018-08-17 09:59:28,717:INFO: ----------
2018-08-17 10:00:25,465:INFO: Train Loss: 0.6513 Acc: 0.6400
2018-08-17 10:00:58,082:INFO: Val Acc: 0.4487
2018-08-17 10:00:58,082:INFO: Epoch 30/99
2018-08-17 10:00:58,083:INFO: ----------
2018-08-17 10:01:46,619:INFO: Train Loss: 0.5409 Acc: 0.7034
2018-08-17 10:02:17,901:INFO: Val Acc: 0.6770
2018-08-17 10:02:17,901:INFO: Found new best accuracy
2018-08-17 10:02:17,906:INFO: Epoch 31/99
2018-08-17 10:02:17,906:INFO: ----------
2018-08-17 10:03:06,593:INFO: Train Loss: 0.5132 Acc: 0.7261
2018-08-17 10:03:40,770:INFO: Val Acc: 0.6875
2018-08-17 10:03:40,770:INFO: Found new best accuracy
2018-08-17 10:03:40,774:INFO: Epoch 32/99
2018-08-17 10:03:40,775:INFO: ----------
2018-08-17 10:04:31,700:INFO: Train Loss: 0.5057 Acc: 0.7286
2018-08-17 10:05:07,000:INFO: Val Acc: 0.6901
2018-08-17 10:05:07,000:INFO: Found new best accuracy
2018-08-17 10:05:07,003:INFO: Epoch 33/99
2018-08-17 10:05:07,003:INFO: ----------
2018-08-17 10:06:01,359:INFO: Train Loss: 0.4940 Acc: 0.7366
2018-08-17 10:06:31,026:INFO: Val Acc: 0.6822
2018-08-17 10:06:31,027:INFO: Epoch 34/99
2018-08-17 10:06:31,027:INFO: ----------
2018-08-17 10:07:17,400:INFO: Train Loss: 0.4899 Acc: 0.7376
2018-08-17 10:08:01,113:INFO: Val Acc: 0.6781
2018-08-17 10:08:01,113:INFO: Epoch 35/99
2018-08-17 10:08:01,113:INFO: ----------
2018-08-17 10:08:52,717:INFO: Train Loss: 0.4828 Acc: 0.7412
2018-08-17 10:09:19,734:INFO: Val Acc: 0.6895
2018-08-17 10:09:19,735:INFO: Epoch 36/99
2018-08-17 10:09:19,735:INFO: ----------
2018-08-17 10:10:06,827:INFO: Train Loss: 0.4772 Acc: 0.7446
2018-08-17 10:10:36,304:INFO: Val Acc: 0.6948
2018-08-17 10:10:36,304:INFO: Found new best accuracy
2018-08-17 10:10:36,307:INFO: Epoch 37/99
2018-08-17 10:10:36,307:INFO: ----------
2018-08-17 10:11:31,630:INFO: Train Loss: 0.4743 Acc: 0.7457
2018-08-17 10:11:57,239:INFO: Val Acc: 0.6825
2018-08-17 10:11:57,240:INFO: Epoch 38/99
2018-08-17 10:11:57,240:INFO: ----------
2018-08-17 10:12:47,794:INFO: Train Loss: 0.4669 Acc: 0.7537
2018-08-17 10:13:19,555:INFO: Val Acc: 0.6924
2018-08-17 10:13:19,556:INFO: Epoch 39/99
2018-08-17 10:13:19,556:INFO: ----------
2018-08-17 10:14:12,743:INFO: Train Loss: 0.4650 Acc: 0.7479
2018-08-17 10:14:43,283:INFO: Val Acc: 0.7052
2018-08-17 10:14:43,283:INFO: Found new best accuracy
2018-08-17 10:14:43,286:INFO: Epoch 40/99
2018-08-17 10:14:43,286:INFO: ----------
2018-08-17 10:15:39,732:INFO: Train Loss: 0.4608 Acc: 0.7546
2018-08-17 10:16:11,886:INFO: Val Acc: 0.6860
2018-08-17 10:16:11,886:INFO: Epoch 41/99
2018-08-17 10:16:11,887:INFO: ----------
2018-08-17 10:17:00,902:INFO: Train Loss: 0.4569 Acc: 0.7539
2018-08-17 10:17:33,022:INFO: Val Acc: 0.6962
2018-08-17 10:17:33,022:INFO: Epoch 42/99
2018-08-17 10:17:33,023:INFO: ----------
2018-08-17 10:18:24,645:INFO: Train Loss: 0.4535 Acc: 0.7610
2018-08-17 10:18:54,270:INFO: Val Acc: 0.7146
2018-08-17 10:18:54,270:INFO: Found new best accuracy
2018-08-17 10:18:54,273:INFO: Epoch 43/99
2018-08-17 10:18:54,273:INFO: ----------
2018-08-17 10:19:44,371:INFO: Train Loss: 0.4501 Acc: 0.7639
2018-08-17 10:20:18,525:INFO: Val Acc: 0.6848
2018-08-17 10:20:18,525:INFO: Epoch 44/99
2018-08-17 10:20:18,525:INFO: ----------
2018-08-17 10:21:09,248:INFO: Train Loss: 0.4458 Acc: 0.7618
2018-08-17 10:21:40,692:INFO: Val Acc: 0.7160
2018-08-17 10:21:40,693:INFO: Found new best accuracy
2018-08-17 10:21:40,700:INFO: Epoch 45/99
2018-08-17 10:21:40,700:INFO: ----------
2018-08-17 10:22:33,245:INFO: Train Loss: 0.4388 Acc: 0.7657
2018-08-17 10:23:01,790:INFO: Val Acc: 0.6659
2018-08-17 10:23:01,791:INFO: Epoch 46/99
2018-08-17 10:23:01,791:INFO: ----------
2018-08-17 10:24:00,041:INFO: Train Loss: 0.4374 Acc: 0.7683
2018-08-17 10:24:38,722:INFO: Val Acc: 0.6656
2018-08-17 10:24:38,723:INFO: Epoch 47/99
2018-08-17 10:24:38,723:INFO: ----------
2018-08-17 10:25:30,814:INFO: Train Loss: 0.4329 Acc: 0.7715
2018-08-17 10:26:07,376:INFO: Val Acc: 0.6793
2018-08-17 10:26:07,377:INFO: Epoch 48/99
2018-08-17 10:26:07,377:INFO: ----------
2018-08-17 10:27:00,988:INFO: Train Loss: 0.4305 Acc: 0.7725
2018-08-17 10:27:33,751:INFO: Val Acc: 0.7108
2018-08-17 10:27:33,752:INFO: Epoch 49/99
2018-08-17 10:27:33,752:INFO: ----------
2018-08-17 10:28:23,306:INFO: Train Loss: 0.4306 Acc: 0.7714
2018-08-17 10:28:53,686:INFO: Val Acc: 0.6991
2018-08-17 10:28:53,686:INFO: Epoch 50/99
2018-08-17 10:28:53,686:INFO: ----------
2018-08-17 10:29:41,892:INFO: Train Loss: 0.4245 Acc: 0.7744
2018-08-17 10:30:15,260:INFO: Val Acc: 0.6793
2018-08-17 10:30:15,261:INFO: Epoch 51/99
2018-08-17 10:30:15,261:INFO: ----------
2018-08-17 10:31:08,566:INFO: Train Loss: 0.4235 Acc: 0.7744
2018-08-17 10:31:46,421:INFO: Val Acc: 0.7061
2018-08-17 10:31:46,421:INFO: Epoch 52/99
2018-08-17 10:31:46,422:INFO: ----------
2018-08-17 10:32:39,262:INFO: Train Loss: 0.4242 Acc: 0.7715
2018-08-17 10:33:13,720:INFO: Val Acc: 0.6857
2018-08-17 10:33:13,721:INFO: Epoch 53/99
2018-08-17 10:33:13,721:INFO: ----------
2018-08-17 10:34:02,265:INFO: Train Loss: 0.4173 Acc: 0.7773
2018-08-17 10:34:26,983:INFO: Val Acc: 0.6991
2018-08-17 10:34:26,984:INFO: Epoch 54/99
2018-08-17 10:34:26,984:INFO: ----------
2018-08-17 10:35:14,017:INFO: Train Loss: 0.4115 Acc: 0.7852
2018-08-17 10:35:47,600:INFO: Val Acc: 0.6968
2018-08-17 10:35:47,600:INFO: Epoch 55/99
2018-08-17 10:35:47,601:INFO: ----------
2018-08-17 10:36:37,467:INFO: Train Loss: 0.4144 Acc: 0.7777
2018-08-17 10:37:08,541:INFO: Val Acc: 0.6971
2018-08-17 10:37:08,542:INFO: Epoch 56/99
2018-08-17 10:37:08,542:INFO: ----------
2018-08-17 10:37:58,901:INFO: Train Loss: 0.4152 Acc: 0.7813
2018-08-17 10:38:27,396:INFO: Val Acc: 0.7239
2018-08-17 10:38:27,396:INFO: Found new best accuracy
2018-08-17 10:38:27,401:INFO: Epoch 57/99
2018-08-17 10:38:27,401:INFO: ----------
2018-08-17 10:39:15,607:INFO: Train Loss: 0.4061 Acc: 0.7848
2018-08-17 10:39:54,271:INFO: Val Acc: 0.6921
2018-08-17 10:39:54,271:INFO: Epoch 58/99
2018-08-17 10:39:54,272:INFO: ----------
2018-08-17 10:40:50,003:INFO: Train Loss: 0.4019 Acc: 0.7930
2018-08-17 10:41:26,198:INFO: Val Acc: 0.6956
2018-08-17 10:41:26,199:INFO: Epoch 59/99
2018-08-17 10:41:26,199:INFO: ----------
2018-08-17 10:42:18,478:INFO: Train Loss: 0.3982 Acc: 0.7882
2018-08-17 10:42:58,144:INFO: Val Acc: 0.6971
2018-08-17 10:42:58,145:INFO: Epoch 60/99
2018-08-17 10:42:58,145:INFO: ----------
2018-08-17 10:43:53,591:INFO: Train Loss: 0.3770 Acc: 0.8041
2018-08-17 10:44:24,614:INFO: Val Acc: 0.7388
2018-08-17 10:44:24,615:INFO: Found new best accuracy
2018-08-17 10:44:24,618:INFO: Epoch 61/99
2018-08-17 10:44:24,618:INFO: ----------
2018-08-17 10:45:19,802:INFO: Train Loss: 0.3705 Acc: 0.8116
2018-08-17 10:45:46,710:INFO: Val Acc: 0.7449
2018-08-17 10:45:46,710:INFO: Found new best accuracy
2018-08-17 10:45:46,712:INFO: Epoch 62/99
2018-08-17 10:45:46,713:INFO: ----------
2018-08-17 10:46:37,926:INFO: Train Loss: 0.3695 Acc: 0.8122
2018-08-17 10:47:15,734:INFO: Val Acc: 0.7397
2018-08-17 10:47:15,735:INFO: Epoch 63/99
2018-08-17 10:47:15,735:INFO: ----------
2018-08-17 10:48:08,675:INFO: Train Loss: 0.3662 Acc: 0.8133
2018-08-17 10:48:43,094:INFO: Val Acc: 0.7379
2018-08-17 10:48:43,094:INFO: Epoch 64/99
2018-08-17 10:48:43,095:INFO: ----------
2018-08-17 10:49:32,919:INFO: Train Loss: 0.3664 Acc: 0.8144
2018-08-17 10:50:02,798:INFO: Val Acc: 0.7446
2018-08-17 10:50:02,798:INFO: Epoch 65/99
2018-08-17 10:50:02,798:INFO: ----------
2018-08-17 10:50:55,525:INFO: Train Loss: 0.3646 Acc: 0.8129
2018-08-17 10:51:24,692:INFO: Val Acc: 0.7402
2018-08-17 10:51:24,693:INFO: Epoch 66/99
2018-08-17 10:51:24,693:INFO: ----------
2018-08-17 10:52:17,001:INFO: Train Loss: 0.3623 Acc: 0.8151
2018-08-17 10:52:54,593:INFO: Val Acc: 0.7370
2018-08-17 10:52:54,593:INFO: Epoch 67/99
2018-08-17 10:52:54,593:INFO: ----------
2018-08-17 10:53:48,440:INFO: Train Loss: 0.3646 Acc: 0.8149
2018-08-17 10:54:23,271:INFO: Val Acc: 0.7394
2018-08-17 10:54:23,271:INFO: Epoch 68/99
2018-08-17 10:54:23,271:INFO: ----------
2018-08-17 10:55:10,064:INFO: Train Loss: 0.3611 Acc: 0.8146
2018-08-17 10:55:55,009:INFO: Val Acc: 0.7373
2018-08-17 10:55:55,010:INFO: Epoch 69/99
2018-08-17 10:55:55,010:INFO: ----------
2018-08-17 10:56:46,433:INFO: Train Loss: 0.3614 Acc: 0.8154
2018-08-17 10:57:19,518:INFO: Val Acc: 0.7397
2018-08-17 10:57:19,519:INFO: Epoch 70/99
2018-08-17 10:57:19,519:INFO: ----------
2018-08-17 10:58:15,885:INFO: Train Loss: 0.3617 Acc: 0.8149
2018-08-17 10:58:45,120:INFO: Val Acc: 0.7429
2018-08-17 10:58:45,121:INFO: Epoch 71/99
2018-08-17 10:58:45,121:INFO: ----------
2018-08-17 10:59:41,544:INFO: Train Loss: 0.3621 Acc: 0.8189
2018-08-17 11:00:14,760:INFO: Val Acc: 0.7443
2018-08-17 11:00:14,760:INFO: Epoch 72/99
2018-08-17 11:00:14,761:INFO: ----------
2018-08-17 11:01:07,052:INFO: Train Loss: 0.3594 Acc: 0.8174
2018-08-17 11:01:36,259:INFO: Val Acc: 0.7405
2018-08-17 11:01:36,259:INFO: Epoch 73/99
2018-08-17 11:01:36,259:INFO: ----------
2018-08-17 11:02:28,473:INFO: Train Loss: 0.3590 Acc: 0.8192
2018-08-17 11:03:10,226:INFO: Val Acc: 0.7437
2018-08-17 11:03:10,227:INFO: Epoch 74/99
2018-08-17 11:03:10,227:INFO: ----------
2018-08-17 11:04:00,228:INFO: Train Loss: 0.3587 Acc: 0.8209
2018-08-17 11:04:32,151:INFO: Val Acc: 0.7455
2018-08-17 11:04:32,151:INFO: Found new best accuracy
2018-08-17 11:04:32,154:INFO: Epoch 75/99
2018-08-17 11:04:32,155:INFO: ----------
2018-08-17 11:05:24,478:INFO: Train Loss: 0.3571 Acc: 0.8214
2018-08-17 11:06:01,012:INFO: Val Acc: 0.7420
2018-08-17 11:06:01,012:INFO: Epoch 76/99
2018-08-17 11:06:01,013:INFO: ----------
2018-08-17 11:06:51,445:INFO: Train Loss: 0.3585 Acc: 0.8182
2018-08-17 11:07:31,180:INFO: Val Acc: 0.7443
2018-08-17 11:07:31,180:INFO: Epoch 77/99
2018-08-17 11:07:31,181:INFO: ----------
2018-08-17 11:08:22,081:INFO: Train Loss: 0.3582 Acc: 0.8169
2018-08-17 11:09:05,424:INFO: Val Acc: 0.7455
2018-08-17 11:09:05,424:INFO: Epoch 78/99
2018-08-17 11:09:05,424:INFO: ----------
2018-08-17 11:10:01,415:INFO: Train Loss: 0.3574 Acc: 0.8208
2018-08-17 11:10:36,742:INFO: Val Acc: 0.7399
2018-08-17 11:10:36,742:INFO: Epoch 79/99
2018-08-17 11:10:36,742:INFO: ----------
2018-08-17 11:11:30,527:INFO: Train Loss: 0.3579 Acc: 0.8186
2018-08-17 11:12:01,478:INFO: Val Acc: 0.7478
2018-08-17 11:12:01,479:INFO: Found new best accuracy
2018-08-17 11:12:01,482:INFO: Epoch 80/99
2018-08-17 11:12:01,482:INFO: ----------
2018-08-17 11:12:53,703:INFO: Train Loss: 0.3560 Acc: 0.8191
2018-08-17 11:13:32,041:INFO: Val Acc: 0.7458
2018-08-17 11:13:32,042:INFO: Epoch 81/99
2018-08-17 11:13:32,042:INFO: ----------
2018-08-17 11:14:27,234:INFO: Train Loss: 0.3558 Acc: 0.8205
2018-08-17 11:15:02,421:INFO: Val Acc: 0.7399
2018-08-17 11:15:02,422:INFO: Epoch 82/99
2018-08-17 11:15:02,422:INFO: ----------
2018-08-17 11:15:57,089:INFO: Train Loss: 0.3552 Acc: 0.8205
2018-08-17 11:16:27,059:INFO: Val Acc: 0.7414
2018-08-17 11:16:27,059:INFO: Epoch 83/99
2018-08-17 11:16:27,060:INFO: ----------
2018-08-17 11:17:23,104:INFO: Train Loss: 0.3564 Acc: 0.8173
2018-08-17 11:17:53,545:INFO: Val Acc: 0.7449
2018-08-17 11:17:53,545:INFO: Epoch 84/99
2018-08-17 11:17:53,545:INFO: ----------
2018-08-17 11:18:47,929:INFO: Train Loss: 0.3533 Acc: 0.8196
2018-08-17 11:19:24,309:INFO: Val Acc: 0.7399
2018-08-17 11:19:24,310:INFO: Epoch 85/99
2018-08-17 11:19:24,310:INFO: ----------
2018-08-17 11:20:16,365:INFO: Train Loss: 0.3531 Acc: 0.8205
2018-08-17 11:20:45,431:INFO: Val Acc: 0.7452
2018-08-17 11:20:45,432:INFO: Epoch 86/99
2018-08-17 11:20:45,432:INFO: ----------
2018-08-17 11:21:36,075:INFO: Train Loss: 0.3537 Acc: 0.8196
2018-08-17 11:22:08,727:INFO: Val Acc: 0.7455
2018-08-17 11:22:08,728:INFO: Epoch 87/99
2018-08-17 11:22:08,728:INFO: ----------
2018-08-17 11:23:04,429:INFO: Train Loss: 0.3510 Acc: 0.8232
2018-08-17 11:23:44,498:INFO: Val Acc: 0.7464
2018-08-17 11:23:44,499:INFO: Epoch 88/99
2018-08-17 11:23:44,499:INFO: ----------
2018-08-17 11:24:40,210:INFO: Train Loss: 0.3522 Acc: 0.8225
2018-08-17 11:25:19,052:INFO: Val Acc: 0.7504
2018-08-17 11:25:19,052:INFO: Found new best accuracy
2018-08-17 11:25:19,056:INFO: Epoch 89/99
2018-08-17 11:25:19,056:INFO: ----------
2018-08-17 11:26:14,906:INFO: Train Loss: 0.3525 Acc: 0.8210
2018-08-17 11:26:49,059:INFO: Val Acc: 0.7414
2018-08-17 11:26:49,060:INFO: Epoch 90/99
2018-08-17 11:26:49,060:INFO: ----------
2018-08-17 11:27:37,934:INFO: Train Loss: 0.3489 Acc: 0.8235
2018-08-17 11:28:04,328:INFO: Val Acc: 0.7440
2018-08-17 11:28:04,329:INFO: Epoch 91/99
2018-08-17 11:28:04,329:INFO: ----------
2018-08-17 11:29:00,224:INFO: Train Loss: 0.3458 Acc: 0.8225
2018-08-17 11:29:35,745:INFO: Val Acc: 0.7423
2018-08-17 11:29:35,745:INFO: Epoch 92/99
2018-08-17 11:29:35,746:INFO: ----------
2018-08-17 11:30:25,495:INFO: Train Loss: 0.3469 Acc: 0.8253
2018-08-17 11:30:58,073:INFO: Val Acc: 0.7443
2018-08-17 11:30:58,073:INFO: Epoch 93/99
2018-08-17 11:30:58,073:INFO: ----------
2018-08-17 11:31:43,303:INFO: Train Loss: 0.3474 Acc: 0.8245
2018-08-17 11:32:23,544:INFO: Val Acc: 0.7431
2018-08-17 11:32:23,545:INFO: Epoch 94/99
2018-08-17 11:32:23,545:INFO: ----------
2018-08-17 11:33:12,434:INFO: Train Loss: 0.3478 Acc: 0.8282
2018-08-17 11:33:44,730:INFO: Val Acc: 0.7411
2018-08-17 11:33:44,731:INFO: Epoch 95/99
2018-08-17 11:33:44,731:INFO: ----------
2018-08-17 11:34:40,092:INFO: Train Loss: 0.3476 Acc: 0.8250
2018-08-17 11:35:09,920:INFO: Val Acc: 0.7478
2018-08-17 11:35:09,921:INFO: Epoch 96/99
2018-08-17 11:35:09,921:INFO: ----------
2018-08-17 11:35:57,415:INFO: Train Loss: 0.3462 Acc: 0.8256
2018-08-17 11:36:34,608:INFO: Val Acc: 0.7461
2018-08-17 11:36:34,609:INFO: Epoch 97/99
2018-08-17 11:36:34,609:INFO: ----------
2018-08-17 11:37:21,547:INFO: Train Loss: 0.3480 Acc: 0.8227
2018-08-17 11:38:04,778:INFO: Val Acc: 0.7475
2018-08-17 11:38:04,778:INFO: Epoch 98/99
2018-08-17 11:38:04,778:INFO: ----------
2018-08-17 11:38:54,836:INFO: Train Loss: 0.3465 Acc: 0.8267
2018-08-17 11:39:28,518:INFO: Val Acc: 0.7434
2018-08-17 11:39:28,519:INFO: Epoch 99/99
2018-08-17 11:39:28,519:INFO: ----------
2018-08-17 11:40:21,984:INFO: Train Loss: 0.3465 Acc: 0.8256
2018-08-17 11:40:47,083:INFO: Val Acc: 0.7478
2018-08-17 11:40:47,084:INFO: Training complete in 143m 18s
2018-08-17 11:40:47,084:INFO: Best val Acc: 0.750437
2018-08-17 11:41:12,033:INFO: Test Acc: 0.7693
