2018-08-18 04:49:20,425:INFO: Loading the datasets...
2018-08-18 04:49:20,529:INFO: - done.
2018-08-18 04:49:43,291:INFO: Starting training for 100 epoch(s)
2018-08-18 04:49:43,294:INFO: Epoch 0/99
2018-08-18 04:49:43,294:INFO: ----------
2018-08-18 04:50:36,068:INFO: Train Loss: 1.3712 Acc: 0.2502
2018-08-18 04:51:10,402:INFO: Val Acc: 0.2758
2018-08-18 04:51:10,403:INFO: Found new best accuracy
2018-08-18 04:51:10,406:INFO: Epoch 1/99
2018-08-18 04:51:10,407:INFO: ----------
2018-08-18 04:52:00,179:INFO: Train Loss: 1.2682 Acc: 0.3206
2018-08-18 04:52:38,731:INFO: Val Acc: 0.2988
2018-08-18 04:52:38,732:INFO: Found new best accuracy
2018-08-18 04:52:38,736:INFO: Epoch 2/99
2018-08-18 04:52:38,737:INFO: ----------
2018-08-18 04:53:29,591:INFO: Train Loss: 1.2051 Acc: 0.3622
2018-08-18 04:54:06,673:INFO: Val Acc: 0.3443
2018-08-18 04:54:06,673:INFO: Found new best accuracy
2018-08-18 04:54:06,676:INFO: Epoch 3/99
2018-08-18 04:54:06,676:INFO: ----------
2018-08-18 04:54:53,143:INFO: Train Loss: 1.1485 Acc: 0.3948
2018-08-18 04:55:24,847:INFO: Val Acc: 0.3732
2018-08-18 04:55:24,848:INFO: Found new best accuracy
2018-08-18 04:55:24,852:INFO: Epoch 4/99
2018-08-18 04:55:24,852:INFO: ----------
2018-08-18 04:56:17,778:INFO: Train Loss: 1.1160 Acc: 0.4215
2018-08-18 04:56:52,092:INFO: Val Acc: 0.3700
2018-08-18 04:56:52,092:INFO: Epoch 5/99
2018-08-18 04:56:52,092:INFO: ----------
2018-08-18 04:57:49,762:INFO: Train Loss: 1.0911 Acc: 0.4238
2018-08-18 04:58:21,994:INFO: Val Acc: 0.3813
2018-08-18 04:58:21,995:INFO: Found new best accuracy
2018-08-18 04:58:21,999:INFO: Epoch 6/99
2018-08-18 04:58:21,999:INFO: ----------
2018-08-18 04:59:16,913:INFO: Train Loss: 1.0882 Acc: 0.4344
2018-08-18 04:59:57,175:INFO: Val Acc: 0.4280
2018-08-18 04:59:57,176:INFO: Found new best accuracy
2018-08-18 04:59:57,179:INFO: Epoch 7/99
2018-08-18 04:59:57,180:INFO: ----------
2018-08-18 05:00:52,113:INFO: Train Loss: 1.0634 Acc: 0.4457
2018-08-18 05:01:29,316:INFO: Val Acc: 0.4370
2018-08-18 05:01:29,317:INFO: Found new best accuracy
2018-08-18 05:01:29,320:INFO: Epoch 8/99
2018-08-18 05:01:29,320:INFO: ----------
2018-08-18 05:02:31,532:INFO: Train Loss: 1.0314 Acc: 0.4606
2018-08-18 05:03:06,359:INFO: Val Acc: 0.3475
2018-08-18 05:03:06,360:INFO: Epoch 9/99
2018-08-18 05:03:06,360:INFO: ----------
2018-08-18 05:03:58,589:INFO: Train Loss: 1.0117 Acc: 0.4774
2018-08-18 05:04:29,391:INFO: Val Acc: 0.3703
2018-08-18 05:04:29,392:INFO: Epoch 10/99
2018-08-18 05:04:29,392:INFO: ----------
2018-08-18 05:05:17,521:INFO: Train Loss: 1.0044 Acc: 0.4855
2018-08-18 05:05:59,669:INFO: Val Acc: 0.2924
2018-08-18 05:05:59,670:INFO: Epoch 11/99
2018-08-18 05:05:59,671:INFO: ----------
2018-08-18 05:06:51,598:INFO: Train Loss: 0.9708 Acc: 0.4965
2018-08-18 05:07:21,109:INFO: Val Acc: 0.4277
2018-08-18 05:07:21,110:INFO: Epoch 12/99
2018-08-18 05:07:21,110:INFO: ----------
2018-08-18 05:08:13,992:INFO: Train Loss: 0.9233 Acc: 0.5259
2018-08-18 05:08:49,586:INFO: Val Acc: 0.4723
2018-08-18 05:08:49,587:INFO: Found new best accuracy
2018-08-18 05:08:49,591:INFO: Epoch 13/99
2018-08-18 05:08:49,591:INFO: ----------
2018-08-18 05:09:47,408:INFO: Train Loss: 0.9087 Acc: 0.5306
2018-08-18 05:10:19,445:INFO: Val Acc: 0.4259
2018-08-18 05:10:19,446:INFO: Epoch 14/99
2018-08-18 05:10:19,446:INFO: ----------
2018-08-18 05:11:14,482:INFO: Train Loss: 0.8907 Acc: 0.5428
2018-08-18 05:11:53,739:INFO: Val Acc: 0.4513
2018-08-18 05:11:53,740:INFO: Epoch 15/99
2018-08-18 05:11:53,740:INFO: ----------
2018-08-18 05:12:46,806:INFO: Train Loss: 0.8520 Acc: 0.5664
2018-08-18 05:13:19,622:INFO: Val Acc: 0.3980
2018-08-18 05:13:19,623:INFO: Epoch 16/99
2018-08-18 05:13:19,623:INFO: ----------
2018-08-18 05:14:07,720:INFO: Train Loss: 0.8407 Acc: 0.5759
2018-08-18 05:14:45,100:INFO: Val Acc: 0.4603
2018-08-18 05:14:45,101:INFO: Epoch 17/99
2018-08-18 05:14:45,101:INFO: ----------
2018-08-18 05:15:44,877:INFO: Train Loss: 0.8216 Acc: 0.5794
2018-08-18 05:16:16,903:INFO: Val Acc: 0.3510
2018-08-18 05:16:16,904:INFO: Epoch 18/99
2018-08-18 05:16:16,904:INFO: ----------
2018-08-18 05:17:15,187:INFO: Train Loss: 0.8127 Acc: 0.5770
2018-08-18 05:17:50,844:INFO: Val Acc: 0.3948
2018-08-18 05:17:50,845:INFO: Epoch 19/99
2018-08-18 05:17:50,845:INFO: ----------
2018-08-18 05:18:47,075:INFO: Train Loss: 0.7835 Acc: 0.6021
2018-08-18 05:19:23,137:INFO: Val Acc: 0.3510
2018-08-18 05:19:23,138:INFO: Epoch 20/99
2018-08-18 05:19:23,139:INFO: ----------
2018-08-18 05:20:20,613:INFO: Train Loss: 0.7836 Acc: 0.6017
2018-08-18 05:20:55,593:INFO: Val Acc: 0.5204
2018-08-18 05:20:55,593:INFO: Found new best accuracy
2018-08-18 05:20:55,596:INFO: Epoch 21/99
2018-08-18 05:20:55,596:INFO: ----------
2018-08-18 05:21:48,523:INFO: Train Loss: 0.7615 Acc: 0.6130
2018-08-18 05:22:26,309:INFO: Val Acc: 0.3720
2018-08-18 05:22:26,310:INFO: Epoch 22/99
2018-08-18 05:22:26,310:INFO: ----------
2018-08-18 05:23:26,350:INFO: Train Loss: 0.7433 Acc: 0.6145
2018-08-18 05:24:02,524:INFO: Val Acc: 0.4703
2018-08-18 05:24:02,525:INFO: Epoch 23/99
2018-08-18 05:24:02,525:INFO: ----------
2018-08-18 05:24:56,737:INFO: Train Loss: 0.7326 Acc: 0.6287
2018-08-18 05:25:30,226:INFO: Val Acc: 0.3140
2018-08-18 05:25:30,227:INFO: Epoch 24/99
2018-08-18 05:25:30,227:INFO: ----------
2018-08-18 05:26:23,095:INFO: Train Loss: 0.7221 Acc: 0.6286
2018-08-18 05:26:50,616:INFO: Val Acc: 0.2840
2018-08-18 05:26:50,617:INFO: Epoch 25/99
2018-08-18 05:26:50,618:INFO: ----------
2018-08-18 05:27:50,844:INFO: Train Loss: 0.7155 Acc: 0.6387
2018-08-18 05:28:27,332:INFO: Val Acc: 0.5020
2018-08-18 05:28:27,333:INFO: Epoch 26/99
2018-08-18 05:28:27,333:INFO: ----------
2018-08-18 05:29:15,532:INFO: Train Loss: 0.6840 Acc: 0.6540
2018-08-18 05:29:45,053:INFO: Val Acc: 0.3997
2018-08-18 05:29:45,054:INFO: Epoch 27/99
2018-08-18 05:29:45,054:INFO: ----------
2018-08-18 05:30:43,873:INFO: Train Loss: 0.6873 Acc: 0.6492
2018-08-18 05:31:12,750:INFO: Val Acc: 0.4918
2018-08-18 05:31:12,751:INFO: Epoch 28/99
2018-08-18 05:31:12,751:INFO: ----------
2018-08-18 05:32:08,162:INFO: Train Loss: 0.7157 Acc: 0.6397
2018-08-18 05:32:39,528:INFO: Val Acc: 0.2592
2018-08-18 05:32:39,529:INFO: Epoch 29/99
2018-08-18 05:32:39,529:INFO: ----------
2018-08-18 05:33:38,134:INFO: Train Loss: 0.6961 Acc: 0.6475
2018-08-18 05:34:09,649:INFO: Val Acc: 0.4560
2018-08-18 05:34:09,649:INFO: Epoch 30/99
2018-08-18 05:34:09,650:INFO: ----------
2018-08-18 05:34:56,331:INFO: Train Loss: 0.5895 Acc: 0.7030
2018-08-18 05:35:27,554:INFO: Val Acc: 0.6834
2018-08-18 05:35:27,555:INFO: Found new best accuracy
2018-08-18 05:35:27,560:INFO: Epoch 31/99
2018-08-18 05:35:27,561:INFO: ----------
2018-08-18 05:36:12,895:INFO: Train Loss: 0.5629 Acc: 0.7228
2018-08-18 05:36:47,703:INFO: Val Acc: 0.6810
2018-08-18 05:36:47,704:INFO: Epoch 32/99
2018-08-18 05:36:47,704:INFO: ----------
2018-08-18 05:37:34,972:INFO: Train Loss: 0.5542 Acc: 0.7288
2018-08-18 05:38:03,255:INFO: Val Acc: 0.6927
2018-08-18 05:38:03,255:INFO: Found new best accuracy
2018-08-18 05:38:03,260:INFO: Epoch 33/99
2018-08-18 05:38:03,260:INFO: ----------
2018-08-18 05:38:50,196:INFO: Train Loss: 0.5425 Acc: 0.7334
2018-08-18 05:39:18,246:INFO: Val Acc: 0.6872
2018-08-18 05:39:18,247:INFO: Epoch 34/99
2018-08-18 05:39:18,247:INFO: ----------
2018-08-18 05:40:07,273:INFO: Train Loss: 0.5378 Acc: 0.7362
2018-08-18 05:40:45,367:INFO: Val Acc: 0.6822
2018-08-18 05:40:45,368:INFO: Epoch 35/99
2018-08-18 05:40:45,369:INFO: ----------
2018-08-18 05:41:37,222:INFO: Train Loss: 0.5298 Acc: 0.7379
2018-08-18 05:42:00,038:INFO: Val Acc: 0.6974
2018-08-18 05:42:00,039:INFO: Found new best accuracy
2018-08-18 05:42:00,043:INFO: Epoch 36/99
2018-08-18 05:42:00,043:INFO: ----------
2018-08-18 05:42:44,574:INFO: Train Loss: 0.5258 Acc: 0.7415
2018-08-18 05:43:12,359:INFO: Val Acc: 0.7041
2018-08-18 05:43:12,360:INFO: Found new best accuracy
2018-08-18 05:43:12,364:INFO: Epoch 37/99
2018-08-18 05:43:12,364:INFO: ----------
2018-08-18 05:44:01,222:INFO: Train Loss: 0.5227 Acc: 0.7459
2018-08-18 05:44:37,485:INFO: Val Acc: 0.6904
2018-08-18 05:44:37,486:INFO: Epoch 38/99
2018-08-18 05:44:37,486:INFO: ----------
2018-08-18 05:45:21,598:INFO: Train Loss: 0.5164 Acc: 0.7466
2018-08-18 05:45:52,273:INFO: Val Acc: 0.6971
2018-08-18 05:45:52,274:INFO: Epoch 39/99
2018-08-18 05:45:52,274:INFO: ----------
2018-08-18 05:46:46,805:INFO: Train Loss: 0.5142 Acc: 0.7508
2018-08-18 05:47:13,667:INFO: Val Acc: 0.7087
2018-08-18 05:47:13,667:INFO: Found new best accuracy
2018-08-18 05:47:13,670:INFO: Epoch 40/99
2018-08-18 05:47:13,671:INFO: ----------
2018-08-18 05:48:03,837:INFO: Train Loss: 0.5068 Acc: 0.7548
2018-08-18 05:48:35,434:INFO: Val Acc: 0.6927
2018-08-18 05:48:35,435:INFO: Epoch 41/99
2018-08-18 05:48:35,435:INFO: ----------
2018-08-18 05:49:24,270:INFO: Train Loss: 0.5033 Acc: 0.7570
2018-08-18 05:49:52,498:INFO: Val Acc: 0.6974
2018-08-18 05:49:52,499:INFO: Epoch 42/99
2018-08-18 05:49:52,499:INFO: ----------
2018-08-18 05:50:41,252:INFO: Train Loss: 0.5014 Acc: 0.7532
2018-08-18 05:51:11,416:INFO: Val Acc: 0.6892
2018-08-18 05:51:11,417:INFO: Epoch 43/99
2018-08-18 05:51:11,417:INFO: ----------
2018-08-18 05:52:01,593:INFO: Train Loss: 0.4974 Acc: 0.7597
2018-08-18 05:52:33,350:INFO: Val Acc: 0.6770
2018-08-18 05:52:33,351:INFO: Epoch 44/99
2018-08-18 05:52:33,352:INFO: ----------
2018-08-18 05:53:21,090:INFO: Train Loss: 0.4929 Acc: 0.7586
2018-08-18 05:53:50,232:INFO: Val Acc: 0.7038
2018-08-18 05:53:50,233:INFO: Epoch 45/99
2018-08-18 05:53:50,233:INFO: ----------
2018-08-18 05:54:38,590:INFO: Train Loss: 0.4874 Acc: 0.7613
2018-08-18 05:55:06,225:INFO: Val Acc: 0.6924
2018-08-18 05:55:06,225:INFO: Epoch 46/99
2018-08-18 05:55:06,226:INFO: ----------
2018-08-18 05:55:52,773:INFO: Train Loss: 0.4842 Acc: 0.7670
2018-08-18 05:56:27,538:INFO: Val Acc: 0.6682
2018-08-18 05:56:27,538:INFO: Epoch 47/99
2018-08-18 05:56:27,538:INFO: ----------
2018-08-18 05:57:20,610:INFO: Train Loss: 0.4805 Acc: 0.7685
2018-08-18 05:57:50,409:INFO: Val Acc: 0.7152
2018-08-18 05:57:50,410:INFO: Found new best accuracy
2018-08-18 05:57:50,413:INFO: Epoch 48/99
2018-08-18 05:57:50,413:INFO: ----------
2018-08-18 05:58:39,314:INFO: Train Loss: 0.4776 Acc: 0.7728
2018-08-18 05:59:10,251:INFO: Val Acc: 0.7064
2018-08-18 05:59:10,251:INFO: Epoch 49/99
2018-08-18 05:59:10,252:INFO: ----------
2018-08-18 06:00:01,307:INFO: Train Loss: 0.4784 Acc: 0.7664
2018-08-18 06:00:32,606:INFO: Val Acc: 0.6933
2018-08-18 06:00:32,608:INFO: Epoch 50/99
2018-08-18 06:00:32,609:INFO: ----------
2018-08-18 06:01:24,141:INFO: Train Loss: 0.4719 Acc: 0.7718
2018-08-18 06:01:59,225:INFO: Val Acc: 0.6974
2018-08-18 06:01:59,226:INFO: Epoch 51/99
2018-08-18 06:01:59,226:INFO: ----------
2018-08-18 06:02:54,959:INFO: Train Loss: 0.4688 Acc: 0.7715
2018-08-18 06:03:23,970:INFO: Val Acc: 0.6793
2018-08-18 06:03:23,970:INFO: Epoch 52/99
2018-08-18 06:03:23,970:INFO: ----------
2018-08-18 06:04:12,474:INFO: Train Loss: 0.4732 Acc: 0.7683
2018-08-18 06:04:43,510:INFO: Val Acc: 0.6697
2018-08-18 06:04:43,511:INFO: Epoch 53/99
2018-08-18 06:04:43,511:INFO: ----------
2018-08-18 06:05:33,617:INFO: Train Loss: 0.4667 Acc: 0.7753
2018-08-18 06:05:57,002:INFO: Val Acc: 0.7000
2018-08-18 06:05:57,002:INFO: Epoch 54/99
2018-08-18 06:05:57,002:INFO: ----------
2018-08-18 06:06:46,729:INFO: Train Loss: 0.4599 Acc: 0.7819
2018-08-18 06:07:19,239:INFO: Val Acc: 0.6933
2018-08-18 06:07:19,240:INFO: Epoch 55/99
2018-08-18 06:07:19,240:INFO: ----------
2018-08-18 06:08:06,817:INFO: Train Loss: 0.4606 Acc: 0.7737
2018-08-18 06:08:36,658:INFO: Val Acc: 0.6636
2018-08-18 06:08:36,659:INFO: Epoch 56/99
2018-08-18 06:08:36,659:INFO: ----------
2018-08-18 06:09:29,706:INFO: Train Loss: 0.4596 Acc: 0.7818
2018-08-18 06:10:00,319:INFO: Val Acc: 0.7236
2018-08-18 06:10:00,320:INFO: Found new best accuracy
2018-08-18 06:10:00,325:INFO: Epoch 57/99
2018-08-18 06:10:00,325:INFO: ----------
2018-08-18 06:10:50,683:INFO: Train Loss: 0.4546 Acc: 0.7817
2018-08-18 06:11:31,151:INFO: Val Acc: 0.6773
2018-08-18 06:11:31,151:INFO: Epoch 58/99
2018-08-18 06:11:31,152:INFO: ----------
2018-08-18 06:12:26,605:INFO: Train Loss: 0.4513 Acc: 0.7808
2018-08-18 06:12:57,795:INFO: Val Acc: 0.6749
2018-08-18 06:12:57,796:INFO: Epoch 59/99
2018-08-18 06:12:57,796:INFO: ----------
2018-08-18 06:13:50,175:INFO: Train Loss: 0.4466 Acc: 0.7848
2018-08-18 06:14:24,748:INFO: Val Acc: 0.6924
2018-08-18 06:14:24,749:INFO: Epoch 60/99
2018-08-18 06:14:24,749:INFO: ----------
2018-08-18 06:15:20,599:INFO: Train Loss: 0.4250 Acc: 0.7998
2018-08-18 06:15:56,127:INFO: Val Acc: 0.7376
2018-08-18 06:15:56,127:INFO: Found new best accuracy
2018-08-18 06:15:56,130:INFO: Epoch 61/99
2018-08-18 06:15:56,131:INFO: ----------
2018-08-18 06:16:54,386:INFO: Train Loss: 0.4178 Acc: 0.8053
2018-08-18 06:17:18,727:INFO: Val Acc: 0.7426
2018-08-18 06:17:18,728:INFO: Found new best accuracy
2018-08-18 06:17:18,735:INFO: Epoch 62/99
2018-08-18 06:17:18,735:INFO: ----------
2018-08-18 06:18:13,027:INFO: Train Loss: 0.4174 Acc: 0.8035
2018-08-18 06:18:41,429:INFO: Val Acc: 0.7452
2018-08-18 06:18:41,430:INFO: Found new best accuracy
2018-08-18 06:18:41,435:INFO: Epoch 63/99
2018-08-18 06:18:41,435:INFO: ----------
2018-08-18 06:19:32,002:INFO: Train Loss: 0.4142 Acc: 0.8091
2018-08-18 06:19:59,651:INFO: Val Acc: 0.7344
2018-08-18 06:19:59,652:INFO: Epoch 64/99
2018-08-18 06:19:59,652:INFO: ----------
2018-08-18 06:20:49,319:INFO: Train Loss: 0.4150 Acc: 0.8091
2018-08-18 06:21:15,733:INFO: Val Acc: 0.7440
2018-08-18 06:21:15,733:INFO: Epoch 65/99
2018-08-18 06:21:15,733:INFO: ----------
2018-08-18 06:22:05,722:INFO: Train Loss: 0.4118 Acc: 0.8068
2018-08-18 06:22:33,126:INFO: Val Acc: 0.7399
2018-08-18 06:22:33,126:INFO: Epoch 66/99
2018-08-18 06:22:33,130:INFO: ----------
2018-08-18 06:23:20,846:INFO: Train Loss: 0.4104 Acc: 0.8081
2018-08-18 06:24:00,882:INFO: Val Acc: 0.7356
2018-08-18 06:24:00,882:INFO: Epoch 67/99
2018-08-18 06:24:00,882:INFO: ----------
2018-08-18 06:24:50,141:INFO: Train Loss: 0.4124 Acc: 0.8081
2018-08-18 06:25:19,851:INFO: Val Acc: 0.7414
2018-08-18 06:25:19,855:INFO: Epoch 68/99
2018-08-18 06:25:19,856:INFO: ----------
2018-08-18 06:26:07,511:INFO: Train Loss: 0.4098 Acc: 0.8088
2018-08-18 06:26:30,335:INFO: Val Acc: 0.7359
2018-08-18 06:26:30,336:INFO: Epoch 69/99
2018-08-18 06:26:30,336:INFO: ----------
2018-08-18 06:27:13,174:INFO: Train Loss: 0.4090 Acc: 0.8107
2018-08-18 06:27:32,546:INFO: Val Acc: 0.7370
2018-08-18 06:27:32,547:INFO: Epoch 70/99
2018-08-18 06:27:32,548:INFO: ----------
2018-08-18 06:28:22,654:INFO: Train Loss: 0.4110 Acc: 0.8059
2018-08-18 06:28:45,886:INFO: Val Acc: 0.7423
2018-08-18 06:28:45,886:INFO: Epoch 71/99
2018-08-18 06:28:45,886:INFO: ----------
2018-08-18 06:29:29,084:INFO: Train Loss: 0.4100 Acc: 0.8083
2018-08-18 06:29:47,459:INFO: Val Acc: 0.7499
2018-08-18 06:29:47,460:INFO: Found new best accuracy
2018-08-18 06:29:47,475:INFO: Epoch 72/99
2018-08-18 06:29:47,476:INFO: ----------
2018-08-18 06:30:38,363:INFO: Train Loss: 0.4083 Acc: 0.8069
2018-08-18 06:30:57,725:INFO: Val Acc: 0.7437
2018-08-18 06:30:57,726:INFO: Epoch 73/99
2018-08-18 06:30:57,726:INFO: ----------
2018-08-18 06:31:41,870:INFO: Train Loss: 0.4069 Acc: 0.8118
2018-08-18 06:32:02,689:INFO: Val Acc: 0.7478
2018-08-18 06:32:02,691:INFO: Epoch 74/99
2018-08-18 06:32:02,694:INFO: ----------
2018-08-18 06:32:52,008:INFO: Train Loss: 0.4073 Acc: 0.8113
2018-08-18 06:33:22,324:INFO: Val Acc: 0.7464
2018-08-18 06:33:22,325:INFO: Epoch 75/99
2018-08-18 06:33:22,326:INFO: ----------
2018-08-18 06:34:07,903:INFO: Train Loss: 0.4064 Acc: 0.8127
2018-08-18 06:34:29,388:INFO: Val Acc: 0.7475
2018-08-18 06:34:29,389:INFO: Epoch 76/99
2018-08-18 06:34:29,389:INFO: ----------
2018-08-18 06:35:11,008:INFO: Train Loss: 0.4062 Acc: 0.8113
2018-08-18 06:35:30,672:INFO: Val Acc: 0.7449
2018-08-18 06:35:30,672:INFO: Epoch 77/99
2018-08-18 06:35:30,672:INFO: ----------
2018-08-18 06:36:12,193:INFO: Train Loss: 0.4065 Acc: 0.8162
2018-08-18 06:36:33,553:INFO: Val Acc: 0.7440
2018-08-18 06:36:33,554:INFO: Epoch 78/99
2018-08-18 06:36:33,554:INFO: ----------
2018-08-18 06:37:23,200:INFO: Train Loss: 0.4052 Acc: 0.8135
2018-08-18 06:37:57,509:INFO: Val Acc: 0.7429
2018-08-18 06:37:57,510:INFO: Epoch 79/99
2018-08-18 06:37:57,510:INFO: ----------
2018-08-18 06:38:43,917:INFO: Train Loss: 0.4054 Acc: 0.8117
2018-08-18 06:39:15,744:INFO: Val Acc: 0.7466
2018-08-18 06:39:15,745:INFO: Epoch 80/99
2018-08-18 06:39:15,745:INFO: ----------
2018-08-18 06:40:11,811:INFO: Train Loss: 0.4052 Acc: 0.8129
2018-08-18 06:40:50,175:INFO: Val Acc: 0.7431
2018-08-18 06:40:50,176:INFO: Epoch 81/99
2018-08-18 06:40:50,177:INFO: ----------
2018-08-18 06:41:42,231:INFO: Train Loss: 0.4039 Acc: 0.8138
2018-08-18 06:42:03,994:INFO: Val Acc: 0.7362
2018-08-18 06:42:03,995:INFO: Epoch 82/99
2018-08-18 06:42:03,995:INFO: ----------
2018-08-18 06:42:55,476:INFO: Train Loss: 0.4039 Acc: 0.8138
2018-08-18 06:43:18,912:INFO: Val Acc: 0.7455
2018-08-18 06:43:18,913:INFO: Epoch 83/99
2018-08-18 06:43:18,913:INFO: ----------
2018-08-18 06:44:03,800:INFO: Train Loss: 0.4052 Acc: 0.8138
2018-08-18 06:44:24,317:INFO: Val Acc: 0.7481
2018-08-18 06:44:24,317:INFO: Epoch 84/99
2018-08-18 06:44:24,317:INFO: ----------
2018-08-18 06:45:08,947:INFO: Train Loss: 0.4019 Acc: 0.8124
2018-08-18 06:45:36,603:INFO: Val Acc: 0.7464
2018-08-18 06:45:36,604:INFO: Epoch 85/99
2018-08-18 06:45:36,604:INFO: ----------
2018-08-18 06:46:18,111:INFO: Train Loss: 0.4019 Acc: 0.8132
2018-08-18 06:46:37,593:INFO: Val Acc: 0.7440
2018-08-18 06:46:37,593:INFO: Epoch 86/99
2018-08-18 06:46:37,594:INFO: ----------
2018-08-18 06:47:24,783:INFO: Train Loss: 0.4011 Acc: 0.8127
2018-08-18 06:47:56,851:INFO: Val Acc: 0.7417
2018-08-18 06:47:56,852:INFO: Epoch 87/99
2018-08-18 06:47:56,852:INFO: ----------
2018-08-18 06:48:45,097:INFO: Train Loss: 0.4003 Acc: 0.8127
2018-08-18 06:49:18,063:INFO: Val Acc: 0.7481
2018-08-18 06:49:18,063:INFO: Epoch 88/99
2018-08-18 06:49:18,064:INFO: ----------
2018-08-18 06:50:08,329:INFO: Train Loss: 0.4003 Acc: 0.8148
2018-08-18 06:50:27,684:INFO: Val Acc: 0.7490
2018-08-18 06:50:27,684:INFO: Epoch 89/99
2018-08-18 06:50:27,684:INFO: ----------
2018-08-18 06:51:10,466:INFO: Train Loss: 0.3999 Acc: 0.8149
2018-08-18 06:51:32,032:INFO: Val Acc: 0.7449
2018-08-18 06:51:32,033:INFO: Epoch 90/99
2018-08-18 06:51:32,033:INFO: ----------
2018-08-18 06:52:19,670:INFO: Train Loss: 0.3970 Acc: 0.8155
2018-08-18 06:52:39,968:INFO: Val Acc: 0.7499
2018-08-18 06:52:39,968:INFO: Epoch 91/99
2018-08-18 06:52:39,968:INFO: ----------
2018-08-18 06:53:22,468:INFO: Train Loss: 0.3952 Acc: 0.8175
2018-08-18 06:53:41,288:INFO: Val Acc: 0.7452
2018-08-18 06:53:41,288:INFO: Epoch 92/99
2018-08-18 06:53:41,289:INFO: ----------
2018-08-18 06:54:22,200:INFO: Train Loss: 0.3954 Acc: 0.8173
2018-08-18 06:54:38,785:INFO: Val Acc: 0.7481
2018-08-18 06:54:38,786:INFO: Epoch 93/99
2018-08-18 06:54:38,786:INFO: ----------
2018-08-18 06:55:19,600:INFO: Train Loss: 0.3957 Acc: 0.8194
2018-08-18 06:55:38,337:INFO: Val Acc: 0.7478
2018-08-18 06:55:38,338:INFO: Epoch 94/99
2018-08-18 06:55:38,338:INFO: ----------
2018-08-18 06:56:19,647:INFO: Train Loss: 0.3963 Acc: 0.8185
2018-08-18 06:56:36,698:INFO: Val Acc: 0.7449
2018-08-18 06:56:36,699:INFO: Epoch 95/99
2018-08-18 06:56:36,699:INFO: ----------
2018-08-18 06:57:25,019:INFO: Train Loss: 0.3959 Acc: 0.8165
2018-08-18 06:57:51,051:INFO: Val Acc: 0.7516
2018-08-18 06:57:51,052:INFO: Found new best accuracy
2018-08-18 06:57:51,055:INFO: Epoch 96/99
2018-08-18 06:57:51,055:INFO: ----------
2018-08-18 06:58:35,007:INFO: Train Loss: 0.3940 Acc: 0.8191
2018-08-18 06:58:54,941:INFO: Val Acc: 0.7496
2018-08-18 06:58:54,941:INFO: Epoch 97/99
2018-08-18 06:58:54,942:INFO: ----------
2018-08-18 06:59:37,206:INFO: Train Loss: 0.3949 Acc: 0.8194
2018-08-18 06:59:57,163:INFO: Val Acc: 0.7507
2018-08-18 06:59:57,163:INFO: Epoch 98/99
2018-08-18 06:59:57,164:INFO: ----------
2018-08-18 07:00:40,206:INFO: Train Loss: 0.3952 Acc: 0.8180
2018-08-18 07:01:04,483:INFO: Val Acc: 0.7493
2018-08-18 07:01:04,483:INFO: Epoch 99/99
2018-08-18 07:01:04,483:INFO: ----------
2018-08-18 07:01:47,310:INFO: Train Loss: 0.3956 Acc: 0.8190
2018-08-18 07:02:12,232:INFO: Val Acc: 0.7490
2018-08-18 07:02:12,232:INFO: Training complete in 132m 29s
2018-08-18 07:02:12,233:INFO: Best val Acc: 0.751603
2018-08-18 07:02:39,294:INFO: Test Acc: 0.7637
