2018-08-18 17:37:24,275:INFO: Loading the datasets...
2018-08-18 17:37:24,348:INFO: - done.
2018-08-18 17:37:30,570:INFO: Starting training for 100 epoch(s)
2018-08-18 17:37:30,574:INFO: Epoch 0/99
2018-08-18 17:37:30,575:INFO: ----------
2018-08-18 17:38:15,073:INFO: Train Loss: 0.6360 Acc: 0.2627
2018-08-18 17:38:33,523:INFO: Val Acc: 0.2414
2018-08-18 17:38:33,523:INFO: Found new best accuracy
2018-08-18 17:38:33,530:INFO: Epoch 1/99
2018-08-18 17:38:33,531:INFO: ----------
2018-08-18 17:39:14,750:INFO: Train Loss: 0.5696 Acc: 0.3402
2018-08-18 17:39:35,384:INFO: Val Acc: 0.3397
2018-08-18 17:39:35,384:INFO: Found new best accuracy
2018-08-18 17:39:35,390:INFO: Epoch 2/99
2018-08-18 17:39:35,391:INFO: ----------
2018-08-18 17:40:17,930:INFO: Train Loss: 0.5303 Acc: 0.3837
2018-08-18 17:40:44,483:INFO: Val Acc: 0.3402
2018-08-18 17:40:44,484:INFO: Found new best accuracy
2018-08-18 17:40:44,491:INFO: Epoch 3/99
2018-08-18 17:40:44,492:INFO: ----------
2018-08-18 17:41:29,600:INFO: Train Loss: 0.5157 Acc: 0.4012
2018-08-18 17:42:00,807:INFO: Val Acc: 0.3388
2018-08-18 17:42:00,808:INFO: Epoch 4/99
2018-08-18 17:42:00,808:INFO: ----------
2018-08-18 17:42:50,929:INFO: Train Loss: 0.5025 Acc: 0.4176
2018-08-18 17:43:17,252:INFO: Val Acc: 0.3615
2018-08-18 17:43:17,253:INFO: Found new best accuracy
2018-08-18 17:43:17,259:INFO: Epoch 5/99
2018-08-18 17:43:17,260:INFO: ----------
2018-08-18 17:44:06,074:INFO: Train Loss: 0.4900 Acc: 0.4361
2018-08-18 17:44:34,478:INFO: Val Acc: 0.3332
2018-08-18 17:44:34,478:INFO: Epoch 6/99
2018-08-18 17:44:34,479:INFO: ----------
2018-08-18 17:45:19,428:INFO: Train Loss: 0.4784 Acc: 0.4404
2018-08-18 17:45:49,405:INFO: Val Acc: 0.3367
2018-08-18 17:45:49,406:INFO: Epoch 7/99
2018-08-18 17:45:49,406:INFO: ----------
2018-08-18 17:46:41,750:INFO: Train Loss: 0.4657 Acc: 0.4570
2018-08-18 17:47:21,310:INFO: Val Acc: 0.4219
2018-08-18 17:47:21,313:INFO: Found new best accuracy
2018-08-18 17:47:21,321:INFO: Epoch 8/99
2018-08-18 17:47:21,323:INFO: ----------
2018-08-18 17:48:19,856:INFO: Train Loss: 0.4541 Acc: 0.4771
2018-08-18 17:48:41,546:INFO: Val Acc: 0.3612
2018-08-18 17:48:41,549:INFO: Epoch 9/99
2018-08-18 17:48:41,550:INFO: ----------
2018-08-18 17:49:33,396:INFO: Train Loss: 0.4454 Acc: 0.4822
2018-08-18 17:49:59,940:INFO: Val Acc: 0.3851
2018-08-18 17:49:59,940:INFO: Epoch 10/99
2018-08-18 17:49:59,940:INFO: ----------
2018-08-18 17:50:46,005:INFO: Train Loss: 0.4310 Acc: 0.5032
2018-08-18 17:51:05,548:INFO: Val Acc: 0.3883
2018-08-18 17:51:05,548:INFO: Epoch 11/99
2018-08-18 17:51:05,548:INFO: ----------
2018-08-18 17:51:49,542:INFO: Train Loss: 0.4091 Acc: 0.5246
2018-08-18 17:52:08,624:INFO: Val Acc: 0.3948
2018-08-18 17:52:08,624:INFO: Epoch 12/99
2018-08-18 17:52:08,624:INFO: ----------
2018-08-18 17:52:54,721:INFO: Train Loss: 0.3996 Acc: 0.5394
2018-08-18 17:53:16,302:INFO: Val Acc: 0.5111
2018-08-18 17:53:16,302:INFO: Found new best accuracy
2018-08-18 17:53:16,309:INFO: Epoch 13/99
2018-08-18 17:53:16,310:INFO: ----------
2018-08-18 17:54:22,729:INFO: Train Loss: 0.3828 Acc: 0.5552
2018-08-18 17:54:42,454:INFO: Val Acc: 0.3615
2018-08-18 17:54:42,455:INFO: Epoch 14/99
2018-08-18 17:54:42,455:INFO: ----------
2018-08-18 17:55:28,884:INFO: Train Loss: 0.3747 Acc: 0.5672
2018-08-18 17:55:48,903:INFO: Val Acc: 0.4714
2018-08-18 17:55:48,907:INFO: Epoch 15/99
2018-08-18 17:55:48,907:INFO: ----------
2018-08-18 17:56:33,434:INFO: Train Loss: 0.3608 Acc: 0.5813
2018-08-18 17:57:01,625:INFO: Val Acc: 0.4682
2018-08-18 17:57:01,626:INFO: Epoch 16/99
2018-08-18 17:57:01,626:INFO: ----------
2018-08-18 17:57:55,786:INFO: Train Loss: 0.3417 Acc: 0.5971
2018-08-18 17:58:20,906:INFO: Val Acc: 0.4312
2018-08-18 17:58:20,907:INFO: Epoch 17/99
2018-08-18 17:58:20,907:INFO: ----------
2018-08-18 17:59:21,541:INFO: Train Loss: 0.3349 Acc: 0.6047
2018-08-18 17:59:48,773:INFO: Val Acc: 0.4420
2018-08-18 17:59:48,776:INFO: Epoch 18/99
2018-08-18 17:59:48,776:INFO: ----------
2018-08-18 18:00:44,985:INFO: Train Loss: 0.3205 Acc: 0.6219
2018-08-18 18:01:12,798:INFO: Val Acc: 0.4431
2018-08-18 18:01:12,799:INFO: Epoch 19/99
2018-08-18 18:01:12,799:INFO: ----------
2018-08-18 18:02:00,036:INFO: Train Loss: 0.3137 Acc: 0.6256
2018-08-18 18:02:27,931:INFO: Val Acc: 0.4245
2018-08-18 18:02:27,932:INFO: Epoch 20/99
2018-08-18 18:02:27,932:INFO: ----------
2018-08-18 18:03:11,755:INFO: Train Loss: 0.3037 Acc: 0.6427
2018-08-18 18:03:32,830:INFO: Val Acc: 0.4851
2018-08-18 18:03:32,830:INFO: Epoch 21/99
2018-08-18 18:03:32,831:INFO: ----------
2018-08-18 18:04:23,921:INFO: Train Loss: 0.2937 Acc: 0.6494
2018-08-18 18:04:42,977:INFO: Val Acc: 0.5079
2018-08-18 18:04:42,978:INFO: Epoch 22/99
2018-08-18 18:04:42,978:INFO: ----------
2018-08-18 18:05:25,184:INFO: Train Loss: 0.3146 Acc: 0.6297
2018-08-18 18:05:42,618:INFO: Val Acc: 0.3895
2018-08-18 18:05:42,619:INFO: Epoch 23/99
2018-08-18 18:05:42,619:INFO: ----------
2018-08-18 18:06:24,699:INFO: Train Loss: 0.3087 Acc: 0.6335
2018-08-18 18:06:48,452:INFO: Val Acc: 0.5128
2018-08-18 18:06:48,453:INFO: Found new best accuracy
2018-08-18 18:06:48,460:INFO: Epoch 24/99
2018-08-18 18:06:48,460:INFO: ----------
2018-08-18 18:07:30,856:INFO: Train Loss: 0.2835 Acc: 0.6620
2018-08-18 18:07:49,340:INFO: Val Acc: 0.4096
2018-08-18 18:07:49,340:INFO: Epoch 25/99
2018-08-18 18:07:49,341:INFO: ----------
2018-08-18 18:08:36,999:INFO: Train Loss: 0.2758 Acc: 0.6699
2018-08-18 18:09:14,246:INFO: Val Acc: 0.4997
2018-08-18 18:09:14,246:INFO: Epoch 26/99
2018-08-18 18:09:14,247:INFO: ----------
2018-08-18 18:10:00,889:INFO: Train Loss: 0.2717 Acc: 0.6742
2018-08-18 18:10:24,948:INFO: Val Acc: 0.3843
2018-08-18 18:10:24,949:INFO: Epoch 27/99
2018-08-18 18:10:24,949:INFO: ----------
2018-08-18 18:11:13,757:INFO: Train Loss: 0.2611 Acc: 0.6872
2018-08-18 18:11:38,292:INFO: Val Acc: 0.4595
2018-08-18 18:11:38,293:INFO: Epoch 28/99
2018-08-18 18:11:38,294:INFO: ----------
2018-08-18 18:12:28,780:INFO: Train Loss: 0.2530 Acc: 0.6974
2018-08-18 18:12:54,684:INFO: Val Acc: 0.5414
2018-08-18 18:12:54,684:INFO: Found new best accuracy
2018-08-18 18:12:54,689:INFO: Epoch 29/99
2018-08-18 18:12:54,689:INFO: ----------
2018-08-18 18:13:44,794:INFO: Train Loss: 0.2508 Acc: 0.6993
2018-08-18 18:14:13,210:INFO: Val Acc: 0.5545
2018-08-18 18:14:13,211:INFO: Found new best accuracy
2018-08-18 18:14:13,215:INFO: Epoch 30/99
2018-08-18 18:14:13,215:INFO: ----------
2018-08-18 18:14:59,794:INFO: Train Loss: 0.2114 Acc: 0.7506
2018-08-18 18:15:20,038:INFO: Val Acc: 0.7303
2018-08-18 18:15:20,038:INFO: Found new best accuracy
2018-08-18 18:15:20,043:INFO: Epoch 31/99
2018-08-18 18:15:20,043:INFO: ----------
2018-08-18 18:16:03,378:INFO: Train Loss: 0.1963 Acc: 0.7665
2018-08-18 18:16:24,590:INFO: Val Acc: 0.7289
2018-08-18 18:16:24,591:INFO: Epoch 32/99
2018-08-18 18:16:24,591:INFO: ----------
2018-08-18 18:17:08,515:INFO: Train Loss: 0.1909 Acc: 0.7731
2018-08-18 18:17:30,870:INFO: Val Acc: 0.7420
2018-08-18 18:17:30,871:INFO: Found new best accuracy
2018-08-18 18:17:30,880:INFO: Epoch 33/99
2018-08-18 18:17:30,880:INFO: ----------
2018-08-18 18:18:17,310:INFO: Train Loss: 0.1870 Acc: 0.7781
2018-08-18 18:18:38,596:INFO: Val Acc: 0.7466
2018-08-18 18:18:38,597:INFO: Found new best accuracy
2018-08-18 18:18:38,604:INFO: Epoch 34/99
2018-08-18 18:18:38,604:INFO: ----------
2018-08-18 18:19:26,128:INFO: Train Loss: 0.1849 Acc: 0.7845
2018-08-18 18:19:45,758:INFO: Val Acc: 0.7461
2018-08-18 18:19:45,758:INFO: Epoch 35/99
2018-08-18 18:19:45,759:INFO: ----------
2018-08-18 18:20:34,303:INFO: Train Loss: 0.1824 Acc: 0.7842
2018-08-18 18:21:00,481:INFO: Val Acc: 0.7385
2018-08-18 18:21:00,482:INFO: Epoch 36/99
2018-08-18 18:21:00,482:INFO: ----------
2018-08-18 18:21:43,097:INFO: Train Loss: 0.1804 Acc: 0.7885
2018-08-18 18:22:09,308:INFO: Val Acc: 0.7420
2018-08-18 18:22:09,308:INFO: Epoch 37/99
2018-08-18 18:22:09,308:INFO: ----------
2018-08-18 18:22:54,276:INFO: Train Loss: 0.1775 Acc: 0.7901
2018-08-18 18:23:21,498:INFO: Val Acc: 0.7525
2018-08-18 18:23:21,498:INFO: Found new best accuracy
2018-08-18 18:23:21,503:INFO: Epoch 38/99
2018-08-18 18:23:21,503:INFO: ----------
2018-08-18 18:24:08,029:INFO: Train Loss: 0.1745 Acc: 0.7930
2018-08-18 18:24:28,700:INFO: Val Acc: 0.7321
2018-08-18 18:24:28,701:INFO: Epoch 39/99
2018-08-18 18:24:28,701:INFO: ----------
2018-08-18 18:25:15,580:INFO: Train Loss: 0.1730 Acc: 0.7945
2018-08-18 18:25:47,790:INFO: Val Acc: 0.7461
2018-08-18 18:25:47,791:INFO: Epoch 40/99
2018-08-18 18:25:47,791:INFO: ----------
2018-08-18 18:26:34,514:INFO: Train Loss: 0.1719 Acc: 0.7994
2018-08-18 18:27:02,236:INFO: Val Acc: 0.7475
2018-08-18 18:27:02,236:INFO: Epoch 41/99
2018-08-18 18:27:02,236:INFO: ----------
2018-08-18 18:27:50,308:INFO: Train Loss: 0.1687 Acc: 0.7981
2018-08-18 18:28:09,404:INFO: Val Acc: 0.7364
2018-08-18 18:28:09,405:INFO: Epoch 42/99
2018-08-18 18:28:09,405:INFO: ----------
2018-08-18 18:28:56,939:INFO: Train Loss: 0.1694 Acc: 0.7982
2018-08-18 18:29:16,381:INFO: Val Acc: 0.7531
2018-08-18 18:29:16,382:INFO: Found new best accuracy
2018-08-18 18:29:16,389:INFO: Epoch 43/99
2018-08-18 18:29:16,389:INFO: ----------
2018-08-18 18:29:59,028:INFO: Train Loss: 0.1662 Acc: 0.8025
2018-08-18 18:30:20,487:INFO: Val Acc: 0.7338
2018-08-18 18:30:20,488:INFO: Epoch 44/99
2018-08-18 18:30:20,488:INFO: ----------
2018-08-18 18:31:02,144:INFO: Train Loss: 0.1665 Acc: 0.8058
2018-08-18 18:31:27,467:INFO: Val Acc: 0.7379
2018-08-18 18:31:27,468:INFO: Epoch 45/99
2018-08-18 18:31:27,468:INFO: ----------
2018-08-18 18:32:18,809:INFO: Train Loss: 0.1650 Acc: 0.8041
2018-08-18 18:32:46,100:INFO: Val Acc: 0.7496
2018-08-18 18:32:46,100:INFO: Epoch 46/99
2018-08-18 18:32:46,101:INFO: ----------
2018-08-18 18:33:39,650:INFO: Train Loss: 0.1620 Acc: 0.8091
2018-08-18 18:33:58,577:INFO: Val Acc: 0.7399
2018-08-18 18:33:58,578:INFO: Epoch 47/99
2018-08-18 18:33:58,578:INFO: ----------
2018-08-18 18:34:41,287:INFO: Train Loss: 0.1604 Acc: 0.8108
2018-08-18 18:34:59,659:INFO: Val Acc: 0.7525
2018-08-18 18:34:59,660:INFO: Epoch 48/99
2018-08-18 18:34:59,660:INFO: ----------
2018-08-18 18:35:45,801:INFO: Train Loss: 0.1590 Acc: 0.8134
2018-08-18 18:36:08,600:INFO: Val Acc: 0.7455
2018-08-18 18:36:08,600:INFO: Epoch 49/99
2018-08-18 18:36:08,601:INFO: ----------
2018-08-18 18:36:53,499:INFO: Train Loss: 0.1581 Acc: 0.8155
2018-08-18 18:37:14,667:INFO: Val Acc: 0.7350
2018-08-18 18:37:14,668:INFO: Epoch 50/99
2018-08-18 18:37:14,669:INFO: ----------
2018-08-18 18:38:00,431:INFO: Train Loss: 0.1569 Acc: 0.8153
2018-08-18 18:38:34,328:INFO: Val Acc: 0.7399
2018-08-18 18:38:34,329:INFO: Epoch 51/99
2018-08-18 18:38:34,329:INFO: ----------
2018-08-18 18:39:24,638:INFO: Train Loss: 0.1552 Acc: 0.8201
2018-08-18 18:39:52,996:INFO: Val Acc: 0.7303
2018-08-18 18:39:52,996:INFO: Epoch 52/99
2018-08-18 18:39:52,997:INFO: ----------
2018-08-18 18:40:37,235:INFO: Train Loss: 0.1531 Acc: 0.8229
2018-08-18 18:41:11,233:INFO: Val Acc: 0.7268
2018-08-18 18:41:11,234:INFO: Epoch 53/99
2018-08-18 18:41:11,234:INFO: ----------
2018-08-18 18:41:56,791:INFO: Train Loss: 0.1503 Acc: 0.8263
2018-08-18 18:42:21,731:INFO: Val Acc: 0.7469
2018-08-18 18:42:21,731:INFO: Epoch 54/99
2018-08-18 18:42:21,731:INFO: ----------
2018-08-18 18:43:05,639:INFO: Train Loss: 0.1512 Acc: 0.8245
2018-08-18 18:43:24,458:INFO: Val Acc: 0.7405
2018-08-18 18:43:24,459:INFO: Epoch 55/99
2018-08-18 18:43:24,459:INFO: ----------
2018-08-18 18:44:07,568:INFO: Train Loss: 0.1490 Acc: 0.8259
2018-08-18 18:44:24,190:INFO: Val Acc: 0.7440
2018-08-18 18:44:24,190:INFO: Epoch 56/99
2018-08-18 18:44:24,191:INFO: ----------
2018-08-18 18:45:06,927:INFO: Train Loss: 0.1497 Acc: 0.8268
2018-08-18 18:45:28,162:INFO: Val Acc: 0.7531
2018-08-18 18:45:28,163:INFO: Epoch 57/99
2018-08-18 18:45:28,163:INFO: ----------
2018-08-18 18:46:09,706:INFO: Train Loss: 0.1469 Acc: 0.8281
2018-08-18 18:46:43,392:INFO: Val Acc: 0.7650
2018-08-18 18:46:43,392:INFO: Found new best accuracy
2018-08-18 18:46:43,401:INFO: Epoch 58/99
2018-08-18 18:46:43,401:INFO: ----------
2018-08-18 18:47:30,892:INFO: Train Loss: 0.1473 Acc: 0.8258
2018-08-18 18:48:02,794:INFO: Val Acc: 0.7254
2018-08-18 18:48:02,795:INFO: Epoch 59/99
2018-08-18 18:48:02,795:INFO: ----------
2018-08-18 18:48:47,465:INFO: Train Loss: 0.1465 Acc: 0.8294
2018-08-18 18:49:13,122:INFO: Val Acc: 0.7525
2018-08-18 18:49:13,122:INFO: Epoch 60/99
2018-08-18 18:49:13,123:INFO: ----------
2018-08-18 18:50:07,707:INFO: Train Loss: 0.1349 Acc: 0.8513
2018-08-18 18:50:40,154:INFO: Val Acc: 0.7700
2018-08-18 18:50:40,155:INFO: Found new best accuracy
2018-08-18 18:50:40,162:INFO: Epoch 61/99
2018-08-18 18:50:40,163:INFO: ----------
2018-08-18 18:51:34,530:INFO: Train Loss: 0.1312 Acc: 0.8519
2018-08-18 18:52:04,391:INFO: Val Acc: 0.7714
2018-08-18 18:52:04,392:INFO: Found new best accuracy
2018-08-18 18:52:04,398:INFO: Epoch 62/99
2018-08-18 18:52:04,399:INFO: ----------
2018-08-18 18:52:51,902:INFO: Train Loss: 0.1293 Acc: 0.8586
2018-08-18 18:53:31,408:INFO: Val Acc: 0.7708
2018-08-18 18:53:31,409:INFO: Epoch 63/99
2018-08-18 18:53:31,409:INFO: ----------
2018-08-18 18:54:24,689:INFO: Train Loss: 0.1297 Acc: 0.8552
2018-08-18 18:54:54,550:INFO: Val Acc: 0.7714
2018-08-18 18:54:54,550:INFO: Epoch 64/99
2018-08-18 18:54:54,551:INFO: ----------
2018-08-18 18:55:50,865:INFO: Train Loss: 0.1290 Acc: 0.8582
2018-08-18 18:56:24,545:INFO: Val Acc: 0.7764
2018-08-18 18:56:24,546:INFO: Found new best accuracy
2018-08-18 18:56:24,553:INFO: Epoch 65/99
2018-08-18 18:56:24,553:INFO: ----------
2018-08-18 18:57:06,697:INFO: Train Loss: 0.1295 Acc: 0.8555
2018-08-18 18:57:44,798:INFO: Val Acc: 0.7720
2018-08-18 18:57:44,799:INFO: Epoch 66/99
2018-08-18 18:57:44,799:INFO: ----------
2018-08-18 18:58:29,019:INFO: Train Loss: 0.1292 Acc: 0.8557
2018-08-18 18:59:00,611:INFO: Val Acc: 0.7761
2018-08-18 18:59:00,611:INFO: Epoch 67/99
2018-08-18 18:59:00,611:INFO: ----------
2018-08-18 18:59:42,334:INFO: Train Loss: 0.1291 Acc: 0.8595
2018-08-18 19:00:16,923:INFO: Val Acc: 0.7717
2018-08-18 19:00:16,924:INFO: Epoch 68/99
2018-08-18 19:00:16,925:INFO: ----------
2018-08-18 19:00:59,717:INFO: Train Loss: 0.1288 Acc: 0.8588
2018-08-18 19:01:27,687:INFO: Val Acc: 0.7764
2018-08-18 19:01:27,688:INFO: Epoch 69/99
2018-08-18 19:01:27,688:INFO: ----------
2018-08-18 19:02:11,313:INFO: Train Loss: 0.1281 Acc: 0.8594
2018-08-18 19:02:33,515:INFO: Val Acc: 0.7781
2018-08-18 19:02:33,516:INFO: Found new best accuracy
2018-08-18 19:02:33,523:INFO: Epoch 70/99
2018-08-18 19:02:33,524:INFO: ----------
2018-08-18 19:03:16,774:INFO: Train Loss: 0.1278 Acc: 0.8593
2018-08-18 19:03:45,552:INFO: Val Acc: 0.7741
2018-08-18 19:03:45,553:INFO: Epoch 71/99
2018-08-18 19:03:45,553:INFO: ----------
2018-08-18 19:04:33,196:INFO: Train Loss: 0.1279 Acc: 0.8586
2018-08-18 19:04:51,088:INFO: Val Acc: 0.7726
2018-08-18 19:04:51,089:INFO: Epoch 72/99
2018-08-18 19:04:51,089:INFO: ----------
2018-08-18 19:05:35,025:INFO: Train Loss: 0.1279 Acc: 0.8597
2018-08-18 19:06:03,783:INFO: Val Acc: 0.7781
2018-08-18 19:06:03,785:INFO: Epoch 73/99
2018-08-18 19:06:03,785:INFO: ----------
2018-08-18 19:06:52,726:INFO: Train Loss: 0.1267 Acc: 0.8627
2018-08-18 19:07:18,967:INFO: Val Acc: 0.7723
2018-08-18 19:07:18,968:INFO: Epoch 74/99
2018-08-18 19:07:18,968:INFO: ----------
2018-08-18 19:08:11,864:INFO: Train Loss: 0.1274 Acc: 0.8607
2018-08-18 19:08:31,092:INFO: Val Acc: 0.7738
2018-08-18 19:08:31,093:INFO: Epoch 75/99
2018-08-18 19:08:31,093:INFO: ----------
2018-08-18 19:09:13,344:INFO: Train Loss: 0.1267 Acc: 0.8635
2018-08-18 19:09:45,097:INFO: Val Acc: 0.7790
2018-08-18 19:09:45,098:INFO: Found new best accuracy
2018-08-18 19:09:45,105:INFO: Epoch 76/99
2018-08-18 19:09:45,105:INFO: ----------
2018-08-18 19:10:28,160:INFO: Train Loss: 0.1264 Acc: 0.8631
2018-08-18 19:10:47,090:INFO: Val Acc: 0.7758
2018-08-18 19:10:47,091:INFO: Epoch 77/99
2018-08-18 19:10:47,091:INFO: ----------
2018-08-18 19:11:32,983:INFO: Train Loss: 0.1263 Acc: 0.8643
2018-08-18 19:11:58,937:INFO: Val Acc: 0.7758
2018-08-18 19:11:58,938:INFO: Epoch 78/99
2018-08-18 19:11:58,939:INFO: ----------
2018-08-18 19:12:41,485:INFO: Train Loss: 0.1259 Acc: 0.8617
2018-08-18 19:13:10,042:INFO: Val Acc: 0.7749
2018-08-18 19:13:10,042:INFO: Epoch 79/99
2018-08-18 19:13:10,042:INFO: ----------
2018-08-18 19:13:54,400:INFO: Train Loss: 0.1263 Acc: 0.8628
2018-08-18 19:14:17,516:INFO: Val Acc: 0.7764
2018-08-18 19:14:17,517:INFO: Epoch 80/99
2018-08-18 19:14:17,517:INFO: ----------
2018-08-18 19:15:02,593:INFO: Train Loss: 0.1259 Acc: 0.8621
2018-08-18 19:15:21,480:INFO: Val Acc: 0.7741
2018-08-18 19:15:21,480:INFO: Epoch 81/99
2018-08-18 19:15:21,481:INFO: ----------
2018-08-18 19:16:12,316:INFO: Train Loss: 0.1256 Acc: 0.8626
2018-08-18 19:16:42,861:INFO: Val Acc: 0.7691
2018-08-18 19:16:42,861:INFO: Epoch 82/99
2018-08-18 19:16:42,861:INFO: ----------
2018-08-18 19:17:25,151:INFO: Train Loss: 0.1260 Acc: 0.8625
2018-08-18 19:17:45,851:INFO: Val Acc: 0.7741
2018-08-18 19:17:45,852:INFO: Epoch 83/99
2018-08-18 19:17:45,852:INFO: ----------
2018-08-18 19:18:40,974:INFO: Train Loss: 0.1253 Acc: 0.8613
2018-08-18 19:19:17,336:INFO: Val Acc: 0.7732
2018-08-18 19:19:17,337:INFO: Epoch 84/99
2018-08-18 19:19:17,337:INFO: ----------
2018-08-18 19:20:00,887:INFO: Train Loss: 0.1236 Acc: 0.8626
2018-08-18 19:20:21,497:INFO: Val Acc: 0.7764
2018-08-18 19:20:21,498:INFO: Epoch 85/99
2018-08-18 19:20:21,498:INFO: ----------
2018-08-18 19:21:05,490:INFO: Train Loss: 0.1233 Acc: 0.8672
2018-08-18 19:21:38,467:INFO: Val Acc: 0.7784
2018-08-18 19:21:38,467:INFO: Epoch 86/99
2018-08-18 19:21:38,468:INFO: ----------
2018-08-18 19:22:29,945:INFO: Train Loss: 0.1242 Acc: 0.8629
2018-08-18 19:22:52,191:INFO: Val Acc: 0.7749
2018-08-18 19:22:52,192:INFO: Epoch 87/99
2018-08-18 19:22:52,192:INFO: ----------
2018-08-18 19:23:34,267:INFO: Train Loss: 0.1242 Acc: 0.8644
2018-08-18 19:23:57,320:INFO: Val Acc: 0.7755
2018-08-18 19:23:57,321:INFO: Epoch 88/99
2018-08-18 19:23:57,321:INFO: ----------
2018-08-18 19:24:44,051:INFO: Train Loss: 0.1240 Acc: 0.8647
2018-08-18 19:25:08,518:INFO: Val Acc: 0.7790
2018-08-18 19:25:08,519:INFO: Epoch 89/99
2018-08-18 19:25:08,519:INFO: ----------
2018-08-18 19:26:01,356:INFO: Train Loss: 0.1238 Acc: 0.8637
2018-08-18 19:26:28,583:INFO: Val Acc: 0.7746
2018-08-18 19:26:28,585:INFO: Epoch 90/99
2018-08-18 19:26:28,585:INFO: ----------
2018-08-18 19:27:14,667:INFO: Train Loss: 0.1220 Acc: 0.8691
2018-08-18 19:27:33,742:INFO: Val Acc: 0.7746
2018-08-18 19:27:33,742:INFO: Epoch 91/99
2018-08-18 19:27:33,743:INFO: ----------
2018-08-18 19:28:15,006:INFO: Train Loss: 0.1222 Acc: 0.8674
2018-08-18 19:28:39,295:INFO: Val Acc: 0.7726
2018-08-18 19:28:39,295:INFO: Epoch 92/99
2018-08-18 19:28:39,296:INFO: ----------
2018-08-18 19:29:27,275:INFO: Train Loss: 0.1217 Acc: 0.8687
2018-08-18 19:29:51,328:INFO: Val Acc: 0.7729
2018-08-18 19:29:51,328:INFO: Epoch 93/99
2018-08-18 19:29:51,329:INFO: ----------
2018-08-18 19:30:36,364:INFO: Train Loss: 0.1213 Acc: 0.8693
2018-08-18 19:30:57,137:INFO: Val Acc: 0.7802
2018-08-18 19:30:57,138:INFO: Found new best accuracy
2018-08-18 19:30:57,143:INFO: Epoch 94/99
2018-08-18 19:30:57,143:INFO: ----------
2018-08-18 19:31:41,056:INFO: Train Loss: 0.1218 Acc: 0.8712
2018-08-18 19:32:11,025:INFO: Val Acc: 0.7726
2018-08-18 19:32:11,026:INFO: Epoch 95/99
2018-08-18 19:32:11,026:INFO: ----------
2018-08-18 19:32:53,552:INFO: Train Loss: 0.1218 Acc: 0.8705
2018-08-18 19:33:27,383:INFO: Val Acc: 0.7738
2018-08-18 19:33:27,385:INFO: Epoch 96/99
2018-08-18 19:33:27,385:INFO: ----------
2018-08-18 19:34:11,432:INFO: Train Loss: 0.1217 Acc: 0.8685
2018-08-18 19:34:33,049:INFO: Val Acc: 0.7758
2018-08-18 19:34:33,050:INFO: Epoch 97/99
2018-08-18 19:34:33,050:INFO: ----------
2018-08-18 19:35:18,088:INFO: Train Loss: 0.1219 Acc: 0.8689
2018-08-18 19:35:44,581:INFO: Val Acc: 0.7726
2018-08-18 19:35:44,582:INFO: Epoch 98/99
2018-08-18 19:35:44,582:INFO: ----------
2018-08-18 19:36:25,709:INFO: Train Loss: 0.1220 Acc: 0.8687
2018-08-18 19:36:51,156:INFO: Val Acc: 0.7770
2018-08-18 19:36:51,157:INFO: Epoch 99/99
2018-08-18 19:36:51,158:INFO: ----------
2018-08-18 19:37:34,258:INFO: Train Loss: 0.1220 Acc: 0.8656
2018-08-18 19:38:13,018:INFO: Val Acc: 0.7758
2018-08-18 19:38:13,019:INFO: Training complete in 120m 42s
2018-08-18 19:38:13,020:INFO: Best val Acc: 0.780175
2018-08-18 19:38:31,320:INFO: Test Acc: 0.7938
