2018-08-16 03:29:30,131:INFO: Loading the datasets...
2018-08-16 03:29:30,255:INFO: - done.
2018-08-16 03:29:55,196:INFO: Starting training for 100 epoch(s)
2018-08-16 03:29:55,199:INFO: Epoch 0/99
2018-08-16 03:29:55,199:INFO: ----------
2018-08-16 03:31:19,897:INFO: Train Loss: 0.9609 Acc: 0.2481
2018-08-16 03:32:10,886:INFO: Val Acc: 0.2382
2018-08-16 03:32:10,886:INFO: Found new best accuracy
2018-08-16 03:32:10,890:INFO: Epoch 1/99
2018-08-16 03:32:10,890:INFO: ----------
2018-08-16 03:33:42,041:INFO: Train Loss: 0.8903 Acc: 0.3110
2018-08-16 03:34:32,443:INFO: Val Acc: 0.3155
2018-08-16 03:34:32,444:INFO: Found new best accuracy
2018-08-16 03:34:32,447:INFO: Epoch 2/99
2018-08-16 03:34:32,447:INFO: ----------
2018-08-16 03:36:00,098:INFO: Train Loss: 0.8463 Acc: 0.3564
2018-08-16 03:36:53,134:INFO: Val Acc: 0.3082
2018-08-16 03:36:53,134:INFO: Epoch 3/99
2018-08-16 03:36:53,134:INFO: ----------
2018-08-16 03:38:21,085:INFO: Train Loss: 0.8170 Acc: 0.3718
2018-08-16 03:39:08,118:INFO: Val Acc: 0.3813
2018-08-16 03:39:08,118:INFO: Found new best accuracy
2018-08-16 03:39:08,123:INFO: Epoch 4/99
2018-08-16 03:39:08,124:INFO: ----------
2018-08-16 03:40:36,766:INFO: Train Loss: 0.7837 Acc: 0.4115
2018-08-16 03:41:22,547:INFO: Val Acc: 0.3551
2018-08-16 03:41:22,548:INFO: Epoch 5/99
2018-08-16 03:41:22,548:INFO: ----------
2018-08-16 03:42:53,545:INFO: Train Loss: 0.7777 Acc: 0.4036
2018-08-16 03:43:41,593:INFO: Val Acc: 0.3364
2018-08-16 03:43:41,593:INFO: Epoch 6/99
2018-08-16 03:43:41,593:INFO: ----------
2018-08-16 03:45:13,213:INFO: Train Loss: 0.7669 Acc: 0.4244
2018-08-16 03:46:07,231:INFO: Val Acc: 0.4230
2018-08-16 03:46:07,231:INFO: Found new best accuracy
2018-08-16 03:46:07,233:INFO: Epoch 7/99
2018-08-16 03:46:07,234:INFO: ----------
2018-08-16 03:47:41,442:INFO: Train Loss: 0.7409 Acc: 0.4369
2018-08-16 03:48:23,550:INFO: Val Acc: 0.4251
2018-08-16 03:48:23,551:INFO: Found new best accuracy
2018-08-16 03:48:23,553:INFO: Epoch 8/99
2018-08-16 03:48:23,553:INFO: ----------
2018-08-16 03:49:59,345:INFO: Train Loss: 0.7191 Acc: 0.4546
2018-08-16 03:50:45,230:INFO: Val Acc: 0.3776
2018-08-16 03:50:45,231:INFO: Epoch 9/99
2018-08-16 03:50:45,231:INFO: ----------
2018-08-16 03:52:22,723:INFO: Train Loss: 0.7089 Acc: 0.4727
2018-08-16 03:53:01,522:INFO: Val Acc: 0.2983
2018-08-16 03:53:01,523:INFO: Epoch 10/99
2018-08-16 03:53:01,523:INFO: ----------
2018-08-16 03:54:36,146:INFO: Train Loss: 0.7039 Acc: 0.4740
2018-08-16 03:55:16,221:INFO: Val Acc: 0.3551
2018-08-16 03:55:16,221:INFO: Epoch 11/99
2018-08-16 03:55:16,222:INFO: ----------
2018-08-16 03:56:47,851:INFO: Train Loss: 0.6857 Acc: 0.4859
2018-08-16 03:57:35,760:INFO: Val Acc: 0.3872
2018-08-16 03:57:35,761:INFO: Epoch 12/99
2018-08-16 03:57:35,761:INFO: ----------
2018-08-16 03:59:07,469:INFO: Train Loss: 0.6667 Acc: 0.4965
2018-08-16 03:59:50,670:INFO: Val Acc: 0.4172
2018-08-16 03:59:50,671:INFO: Epoch 13/99
2018-08-16 03:59:50,671:INFO: ----------
2018-08-16 04:01:20,340:INFO: Train Loss: 0.6467 Acc: 0.5177
2018-08-16 04:01:59,522:INFO: Val Acc: 0.4624
2018-08-16 04:01:59,522:INFO: Found new best accuracy
2018-08-16 04:01:59,525:INFO: Epoch 14/99
2018-08-16 04:01:59,525:INFO: ----------
2018-08-16 04:03:32,841:INFO: Train Loss: 0.6214 Acc: 0.5323
2018-08-16 04:04:28,786:INFO: Val Acc: 0.4169
2018-08-16 04:04:28,787:INFO: Epoch 15/99
2018-08-16 04:04:28,787:INFO: ----------
2018-08-16 04:06:00,267:INFO: Train Loss: 0.6102 Acc: 0.5460
2018-08-16 04:06:51,249:INFO: Val Acc: 0.3408
2018-08-16 04:06:51,250:INFO: Epoch 16/99
2018-08-16 04:06:51,250:INFO: ----------
2018-08-16 04:08:24,488:INFO: Train Loss: 0.5908 Acc: 0.5546
2018-08-16 04:09:22,167:INFO: Val Acc: 0.3773
2018-08-16 04:09:22,168:INFO: Epoch 17/99
2018-08-16 04:09:22,168:INFO: ----------
2018-08-16 04:10:57,398:INFO: Train Loss: 0.5684 Acc: 0.5744
2018-08-16 04:11:46,165:INFO: Val Acc: 0.4840
2018-08-16 04:11:46,166:INFO: Found new best accuracy
2018-08-16 04:11:46,169:INFO: Epoch 18/99
2018-08-16 04:11:46,169:INFO: ----------
2018-08-16 04:13:20,850:INFO: Train Loss: 0.5580 Acc: 0.5818
2018-08-16 04:14:09,435:INFO: Val Acc: 0.4315
2018-08-16 04:14:09,436:INFO: Epoch 19/99
2018-08-16 04:14:09,436:INFO: ----------
2018-08-16 04:15:42,448:INFO: Train Loss: 0.5520 Acc: 0.5887
2018-08-16 04:16:33,549:INFO: Val Acc: 0.4327
2018-08-16 04:16:33,549:INFO: Epoch 20/99
2018-08-16 04:16:33,549:INFO: ----------
2018-08-16 04:18:07,775:INFO: Train Loss: 0.5614 Acc: 0.5722
2018-08-16 04:19:00,437:INFO: Val Acc: 0.4606
2018-08-16 04:19:00,438:INFO: Epoch 21/99
2018-08-16 04:19:00,438:INFO: ----------
2018-08-16 04:20:27,551:INFO: Train Loss: 0.5318 Acc: 0.6052
2018-08-16 04:21:07,570:INFO: Val Acc: 0.3312
2018-08-16 04:21:07,570:INFO: Epoch 22/99
2018-08-16 04:21:07,570:INFO: ----------
2018-08-16 04:22:46,769:INFO: Train Loss: 0.5246 Acc: 0.6043
2018-08-16 04:23:35,116:INFO: Val Acc: 0.4102
2018-08-16 04:23:35,116:INFO: Epoch 23/99
2018-08-16 04:23:35,116:INFO: ----------
2018-08-16 04:25:04,203:INFO: Train Loss: 0.5106 Acc: 0.6227
2018-08-16 04:25:52,165:INFO: Val Acc: 0.3160
2018-08-16 04:25:52,165:INFO: Epoch 24/99
2018-08-16 04:25:52,166:INFO: ----------
2018-08-16 04:27:23,001:INFO: Train Loss: 0.4939 Acc: 0.6265
2018-08-16 04:28:10,469:INFO: Val Acc: 0.3767
2018-08-16 04:28:10,470:INFO: Epoch 25/99
2018-08-16 04:28:10,470:INFO: ----------
2018-08-16 04:29:42,279:INFO: Train Loss: 0.5125 Acc: 0.6173
2018-08-16 04:30:19,627:INFO: Val Acc: 0.4857
2018-08-16 04:30:19,628:INFO: Found new best accuracy
2018-08-16 04:30:19,630:INFO: Epoch 26/99
2018-08-16 04:30:19,630:INFO: ----------
2018-08-16 04:31:45,731:INFO: Train Loss: 0.4985 Acc: 0.6249
2018-08-16 04:32:42,574:INFO: Val Acc: 0.2525
2018-08-16 04:32:42,575:INFO: Epoch 27/99
2018-08-16 04:32:42,575:INFO: ----------
2018-08-16 04:34:10,880:INFO: Train Loss: 0.4905 Acc: 0.6348
2018-08-16 04:35:03,877:INFO: Val Acc: 0.5219
2018-08-16 04:35:03,877:INFO: Found new best accuracy
2018-08-16 04:35:03,880:INFO: Epoch 28/99
2018-08-16 04:35:03,880:INFO: ----------
2018-08-16 04:36:31,940:INFO: Train Loss: 0.4745 Acc: 0.6437
2018-08-16 04:37:20,038:INFO: Val Acc: 0.4195
2018-08-16 04:37:20,038:INFO: Epoch 29/99
2018-08-16 04:37:20,038:INFO: ----------
2018-08-16 04:38:53,768:INFO: Train Loss: 0.4720 Acc: 0.6461
2018-08-16 04:39:37,490:INFO: Val Acc: 0.4566
2018-08-16 04:39:37,490:INFO: Epoch 30/99
2018-08-16 04:39:37,490:INFO: ----------
2018-08-16 04:40:55,818:INFO: Train Loss: 0.4038 Acc: 0.7032
2018-08-16 04:41:37,969:INFO: Val Acc: 0.6790
2018-08-16 04:41:37,969:INFO: Found new best accuracy
2018-08-16 04:41:37,972:INFO: Epoch 31/99
2018-08-16 04:41:37,972:INFO: ----------
2018-08-16 04:42:57,167:INFO: Train Loss: 0.3857 Acc: 0.7191
2018-08-16 04:43:48,908:INFO: Val Acc: 0.6796
2018-08-16 04:43:48,909:INFO: Found new best accuracy
2018-08-16 04:43:48,911:INFO: Epoch 32/99
2018-08-16 04:43:48,911:INFO: ----------
2018-08-16 04:45:10,818:INFO: Train Loss: 0.3796 Acc: 0.7216
2018-08-16 04:45:55,681:INFO: Val Acc: 0.6845
2018-08-16 04:45:55,682:INFO: Found new best accuracy
2018-08-16 04:45:55,684:INFO: Epoch 33/99
2018-08-16 04:45:55,684:INFO: ----------
2018-08-16 04:47:15,260:INFO: Train Loss: 0.3729 Acc: 0.7297
2018-08-16 04:47:59,508:INFO: Val Acc: 0.6851
2018-08-16 04:47:59,509:INFO: Found new best accuracy
2018-08-16 04:47:59,511:INFO: Epoch 34/99
2018-08-16 04:47:59,511:INFO: ----------
2018-08-16 04:49:21,446:INFO: Train Loss: 0.3704 Acc: 0.7280
2018-08-16 04:50:07,056:INFO: Val Acc: 0.6706
2018-08-16 04:50:07,056:INFO: Epoch 35/99
2018-08-16 04:50:07,056:INFO: ----------
2018-08-16 04:51:22,773:INFO: Train Loss: 0.3661 Acc: 0.7316
2018-08-16 04:51:57,911:INFO: Val Acc: 0.6915
2018-08-16 04:51:57,912:INFO: Found new best accuracy
2018-08-16 04:51:57,917:INFO: Epoch 36/99
2018-08-16 04:51:57,917:INFO: ----------
2018-08-16 04:53:22,621:INFO: Train Loss: 0.3633 Acc: 0.7345
2018-08-16 04:54:00,158:INFO: Val Acc: 0.6799
2018-08-16 04:54:00,158:INFO: Epoch 37/99
2018-08-16 04:54:00,159:INFO: ----------
2018-08-16 04:55:31,871:INFO: Train Loss: 0.3613 Acc: 0.7337
2018-08-16 04:56:25,807:INFO: Val Acc: 0.6913
2018-08-16 04:56:25,808:INFO: Epoch 38/99
2018-08-16 04:56:25,808:INFO: ----------
2018-08-16 04:57:44,951:INFO: Train Loss: 0.3558 Acc: 0.7413
2018-08-16 04:58:18,154:INFO: Val Acc: 0.6773
2018-08-16 04:58:18,154:INFO: Epoch 39/99
2018-08-16 04:58:18,155:INFO: ----------
2018-08-16 05:00:00,816:INFO: Train Loss: 0.3537 Acc: 0.7401
2018-08-16 05:00:48,716:INFO: Val Acc: 0.7061
2018-08-16 05:00:48,717:INFO: Found new best accuracy
2018-08-16 05:00:48,721:INFO: Epoch 40/99
2018-08-16 05:00:48,721:INFO: ----------
2018-08-16 05:02:22,424:INFO: Train Loss: 0.3492 Acc: 0.7449
2018-08-16 05:03:14,885:INFO: Val Acc: 0.6948
2018-08-16 05:03:14,886:INFO: Epoch 41/99
2018-08-16 05:03:14,886:INFO: ----------
2018-08-16 05:04:47,584:INFO: Train Loss: 0.3488 Acc: 0.7473
2018-08-16 05:05:37,337:INFO: Val Acc: 0.6971
2018-08-16 05:05:37,338:INFO: Epoch 42/99
2018-08-16 05:05:37,338:INFO: ----------
2018-08-16 05:07:08,602:INFO: Train Loss: 0.3475 Acc: 0.7449
2018-08-16 05:07:46,131:INFO: Val Acc: 0.7026
2018-08-16 05:07:46,131:INFO: Epoch 43/99
2018-08-16 05:07:46,131:INFO: ----------
2018-08-16 05:09:26,713:INFO: Train Loss: 0.3434 Acc: 0.7473
2018-08-16 05:10:01,561:INFO: Val Acc: 0.6790
2018-08-16 05:10:01,562:INFO: Epoch 44/99
2018-08-16 05:10:01,562:INFO: ----------
2018-08-16 05:11:23,668:INFO: Train Loss: 0.3418 Acc: 0.7484
2018-08-16 05:12:06,530:INFO: Val Acc: 0.6863
2018-08-16 05:12:06,530:INFO: Epoch 45/99
2018-08-16 05:12:06,530:INFO: ----------
2018-08-16 05:13:49,851:INFO: Train Loss: 0.3370 Acc: 0.7538
2018-08-16 05:14:34,718:INFO: Val Acc: 0.6895
2018-08-16 05:14:34,718:INFO: Epoch 46/99
2018-08-16 05:14:34,718:INFO: ----------
2018-08-16 05:16:18,391:INFO: Train Loss: 0.3360 Acc: 0.7549
2018-08-16 05:17:25,817:INFO: Val Acc: 0.6609
2018-08-16 05:17:25,817:INFO: Epoch 47/99
2018-08-16 05:17:25,817:INFO: ----------
2018-08-16 05:18:58,471:INFO: Train Loss: 0.3340 Acc: 0.7547
2018-08-16 05:20:01,169:INFO: Val Acc: 0.7090
2018-08-16 05:20:01,169:INFO: Found new best accuracy
2018-08-16 05:20:01,172:INFO: Epoch 48/99
2018-08-16 05:20:01,172:INFO: ----------
2018-08-16 05:21:43,979:INFO: Train Loss: 0.3326 Acc: 0.7618
2018-08-16 05:22:18,140:INFO: Val Acc: 0.6767
2018-08-16 05:22:18,140:INFO: Epoch 49/99
2018-08-16 05:22:18,141:INFO: ----------
2018-08-16 05:23:40,190:INFO: Train Loss: 0.3325 Acc: 0.7595
2018-08-16 05:24:51,055:INFO: Val Acc: 0.7079
2018-08-16 05:24:51,055:INFO: Epoch 50/99
2018-08-16 05:24:51,055:INFO: ----------
2018-08-16 05:26:21,348:INFO: Train Loss: 0.3265 Acc: 0.7630
2018-08-16 05:27:16,042:INFO: Val Acc: 0.6706
2018-08-16 05:27:16,042:INFO: Epoch 51/99
2018-08-16 05:27:16,042:INFO: ----------
2018-08-16 05:28:37,736:INFO: Train Loss: 0.3252 Acc: 0.7676
2018-08-16 05:29:17,396:INFO: Val Acc: 0.6720
2018-08-16 05:29:17,397:INFO: Epoch 52/99
2018-08-16 05:29:17,397:INFO: ----------
2018-08-16 05:30:39,826:INFO: Train Loss: 0.3289 Acc: 0.7602
2018-08-16 05:31:28,859:INFO: Val Acc: 0.6977
2018-08-16 05:31:28,860:INFO: Epoch 53/99
2018-08-16 05:31:28,860:INFO: ----------
2018-08-16 05:32:55,799:INFO: Train Loss: 0.3231 Acc: 0.7636
2018-08-16 05:33:44,125:INFO: Val Acc: 0.7073
2018-08-16 05:33:44,125:INFO: Epoch 54/99
2018-08-16 05:33:44,125:INFO: ----------
2018-08-16 05:35:06,884:INFO: Train Loss: 0.3204 Acc: 0.7696
2018-08-16 05:35:53,116:INFO: Val Acc: 0.7087
2018-08-16 05:35:53,117:INFO: Epoch 55/99
2018-08-16 05:35:53,117:INFO: ----------
2018-08-16 05:37:16,120:INFO: Train Loss: 0.3212 Acc: 0.7626
2018-08-16 05:38:08,040:INFO: Val Acc: 0.6880
2018-08-16 05:38:08,041:INFO: Epoch 56/99
2018-08-16 05:38:08,041:INFO: ----------
2018-08-16 05:39:37,483:INFO: Train Loss: 0.3237 Acc: 0.7639
2018-08-16 05:40:16,738:INFO: Val Acc: 0.7070
2018-08-16 05:40:16,739:INFO: Epoch 57/99
2018-08-16 05:40:16,739:INFO: ----------
2018-08-16 05:41:39,937:INFO: Train Loss: 0.3146 Acc: 0.7768
2018-08-16 05:42:33,198:INFO: Val Acc: 0.7061
2018-08-16 05:42:33,199:INFO: Epoch 58/99
2018-08-16 05:42:33,199:INFO: ----------
2018-08-16 05:43:57,235:INFO: Train Loss: 0.3113 Acc: 0.7744
2018-08-16 05:44:45,873:INFO: Val Acc: 0.6907
2018-08-16 05:44:45,873:INFO: Epoch 59/99
2018-08-16 05:44:45,873:INFO: ----------
2018-08-16 05:46:09,981:INFO: Train Loss: 0.3110 Acc: 0.7726
2018-08-16 05:47:07,648:INFO: Val Acc: 0.6603
2018-08-16 05:47:07,648:INFO: Epoch 60/99
2018-08-16 05:47:07,648:INFO: ----------
2018-08-16 05:48:32,258:INFO: Train Loss: 0.2951 Acc: 0.7888
2018-08-16 05:49:23,530:INFO: Val Acc: 0.7312
2018-08-16 05:49:23,530:INFO: Found new best accuracy
2018-08-16 05:49:23,533:INFO: Epoch 61/99
2018-08-16 05:49:23,533:INFO: ----------
2018-08-16 05:50:50,180:INFO: Train Loss: 0.2913 Acc: 0.7966
2018-08-16 05:51:36,769:INFO: Val Acc: 0.7341
2018-08-16 05:51:36,772:INFO: Found new best accuracy
2018-08-16 05:51:36,779:INFO: Epoch 62/99
2018-08-16 05:51:36,779:INFO: ----------
2018-08-16 05:53:01,675:INFO: Train Loss: 0.2903 Acc: 0.7944
2018-08-16 05:53:52,334:INFO: Val Acc: 0.7303
2018-08-16 05:53:52,334:INFO: Epoch 63/99
2018-08-16 05:53:52,334:INFO: ----------
2018-08-16 05:55:19,082:INFO: Train Loss: 0.2885 Acc: 0.8000
2018-08-16 05:55:57,855:INFO: Val Acc: 0.7306
2018-08-16 05:55:57,856:INFO: Epoch 64/99
2018-08-16 05:55:57,856:INFO: ----------
2018-08-16 05:57:25,110:INFO: Train Loss: 0.2892 Acc: 0.7995
2018-08-16 05:58:12,343:INFO: Val Acc: 0.7382
2018-08-16 05:58:12,344:INFO: Found new best accuracy
2018-08-16 05:58:12,346:INFO: Epoch 65/99
2018-08-16 05:58:12,346:INFO: ----------
2018-08-16 05:59:43,289:INFO: Train Loss: 0.2878 Acc: 0.7987
2018-08-16 06:00:29,417:INFO: Val Acc: 0.7294
2018-08-16 06:00:29,418:INFO: Epoch 66/99
2018-08-16 06:00:29,418:INFO: ----------
2018-08-16 06:01:49,067:INFO: Train Loss: 0.2859 Acc: 0.7991
2018-08-16 06:02:44,510:INFO: Val Acc: 0.7262
2018-08-16 06:02:44,511:INFO: Epoch 67/99
2018-08-16 06:02:44,511:INFO: ----------
2018-08-16 06:04:13,469:INFO: Train Loss: 0.2874 Acc: 0.7950
2018-08-16 06:04:54,202:INFO: Val Acc: 0.7300
2018-08-16 06:04:54,202:INFO: Epoch 68/99
2018-08-16 06:04:54,203:INFO: ----------
2018-08-16 06:06:35,152:INFO: Train Loss: 0.2850 Acc: 0.8006
2018-08-16 06:07:29,406:INFO: Val Acc: 0.7239
2018-08-16 06:07:29,406:INFO: Epoch 69/99
2018-08-16 06:07:29,406:INFO: ----------
2018-08-16 06:09:00,374:INFO: Train Loss: 0.2852 Acc: 0.8009
2018-08-16 06:09:50,326:INFO: Val Acc: 0.7283
2018-08-16 06:09:50,327:INFO: Epoch 70/99
2018-08-16 06:09:50,327:INFO: ----------
2018-08-16 06:11:18,401:INFO: Train Loss: 0.2853 Acc: 0.7993
2018-08-16 06:12:11,957:INFO: Val Acc: 0.7356
2018-08-16 06:12:11,958:INFO: Epoch 71/99
2018-08-16 06:12:11,958:INFO: ----------
2018-08-16 06:13:47,952:INFO: Train Loss: 0.2852 Acc: 0.8012
2018-08-16 06:14:33,618:INFO: Val Acc: 0.7309
2018-08-16 06:14:33,619:INFO: Epoch 72/99
2018-08-16 06:14:33,619:INFO: ----------
2018-08-16 06:16:04,861:INFO: Train Loss: 0.2833 Acc: 0.8013
2018-08-16 06:16:49,721:INFO: Val Acc: 0.7300
2018-08-16 06:16:49,722:INFO: Epoch 73/99
2018-08-16 06:16:49,722:INFO: ----------
2018-08-16 06:18:24,322:INFO: Train Loss: 0.2839 Acc: 0.7991
2018-08-16 06:19:24,619:INFO: Val Acc: 0.7277
2018-08-16 06:19:24,620:INFO: Epoch 74/99
2018-08-16 06:19:24,620:INFO: ----------
2018-08-16 06:20:56,673:INFO: Train Loss: 0.2839 Acc: 0.8003
2018-08-16 06:21:53,213:INFO: Val Acc: 0.7394
2018-08-16 06:21:53,214:INFO: Found new best accuracy
2018-08-16 06:21:53,217:INFO: Epoch 75/99
2018-08-16 06:21:53,217:INFO: ----------
2018-08-16 06:23:43,582:INFO: Train Loss: 0.2833 Acc: 0.8037
2018-08-16 06:24:32,334:INFO: Val Acc: 0.7356
2018-08-16 06:24:32,335:INFO: Epoch 76/99
2018-08-16 06:24:32,335:INFO: ----------
2018-08-16 06:26:20,843:INFO: Train Loss: 0.2833 Acc: 0.8016
2018-08-16 06:27:10,118:INFO: Val Acc: 0.7362
2018-08-16 06:27:10,118:INFO: Epoch 77/99
2018-08-16 06:27:10,118:INFO: ----------
2018-08-16 06:28:33,560:INFO: Train Loss: 0.2838 Acc: 0.8016
2018-08-16 06:29:44,684:INFO: Val Acc: 0.7327
2018-08-16 06:29:44,685:INFO: Epoch 78/99
2018-08-16 06:29:44,685:INFO: ----------
2018-08-16 06:31:33,015:INFO: Train Loss: 0.2826 Acc: 0.8040
2018-08-16 06:32:27,738:INFO: Val Acc: 0.7367
2018-08-16 06:32:27,739:INFO: Epoch 79/99
2018-08-16 06:32:27,739:INFO: ----------
2018-08-16 06:34:04,295:INFO: Train Loss: 0.2826 Acc: 0.8012
2018-08-16 06:35:03,133:INFO: Val Acc: 0.7356
2018-08-16 06:35:03,136:INFO: Epoch 80/99
2018-08-16 06:35:03,138:INFO: ----------
2018-08-16 06:36:37,068:INFO: Train Loss: 0.2819 Acc: 0.8015
2018-08-16 06:37:37,680:INFO: Val Acc: 0.7370
2018-08-16 06:37:37,681:INFO: Epoch 81/99
2018-08-16 06:37:37,681:INFO: ----------
2018-08-16 06:39:12,829:INFO: Train Loss: 0.2814 Acc: 0.8049
2018-08-16 06:40:10,988:INFO: Val Acc: 0.7300
2018-08-16 06:40:10,988:INFO: Epoch 82/99
2018-08-16 06:40:10,988:INFO: ----------
2018-08-16 06:41:39,440:INFO: Train Loss: 0.2817 Acc: 0.8028
2018-08-16 06:42:35,096:INFO: Val Acc: 0.7335
2018-08-16 06:42:35,096:INFO: Epoch 83/99
2018-08-16 06:42:35,097:INFO: ----------
2018-08-16 06:44:06,142:INFO: Train Loss: 0.2819 Acc: 0.8034
2018-08-16 06:44:53,358:INFO: Val Acc: 0.7335
2018-08-16 06:44:53,359:INFO: Epoch 84/99
2018-08-16 06:44:53,359:INFO: ----------
2018-08-16 06:46:29,067:INFO: Train Loss: 0.2802 Acc: 0.8007
2018-08-16 06:47:17,292:INFO: Val Acc: 0.7370
2018-08-16 06:47:17,292:INFO: Epoch 85/99
2018-08-16 06:47:17,293:INFO: ----------
2018-08-16 06:48:42,618:INFO: Train Loss: 0.2805 Acc: 0.8039
2018-08-16 06:49:32,216:INFO: Val Acc: 0.7329
2018-08-16 06:49:32,217:INFO: Epoch 86/99
2018-08-16 06:49:32,217:INFO: ----------
2018-08-16 06:51:06,319:INFO: Train Loss: 0.2805 Acc: 0.8055
2018-08-16 06:51:56,653:INFO: Val Acc: 0.7364
2018-08-16 06:51:56,654:INFO: Epoch 87/99
2018-08-16 06:51:56,654:INFO: ----------
2018-08-16 06:53:24,871:INFO: Train Loss: 0.2790 Acc: 0.8047
2018-08-16 06:54:19,180:INFO: Val Acc: 0.7382
2018-08-16 06:54:19,180:INFO: Epoch 88/99
2018-08-16 06:54:19,181:INFO: ----------
2018-08-16 06:55:44,221:INFO: Train Loss: 0.2800 Acc: 0.8038
2018-08-16 06:56:40,168:INFO: Val Acc: 0.7350
2018-08-16 06:56:40,169:INFO: Epoch 89/99
2018-08-16 06:56:40,169:INFO: ----------
2018-08-16 06:58:15,113:INFO: Train Loss: 0.2801 Acc: 0.8032
2018-08-16 06:59:14,065:INFO: Val Acc: 0.7370
2018-08-16 06:59:14,066:INFO: Epoch 90/99
2018-08-16 06:59:14,066:INFO: ----------
2018-08-16 07:00:39,391:INFO: Train Loss: 0.2775 Acc: 0.8056
2018-08-16 07:01:33,620:INFO: Val Acc: 0.7356
2018-08-16 07:01:33,620:INFO: Epoch 91/99
2018-08-16 07:01:33,620:INFO: ----------
2018-08-16 07:03:07,812:INFO: Train Loss: 0.2762 Acc: 0.8099
2018-08-16 07:04:00,889:INFO: Val Acc: 0.7332
2018-08-16 07:04:00,890:INFO: Epoch 92/99
2018-08-16 07:04:00,890:INFO: ----------
2018-08-16 07:05:26,523:INFO: Train Loss: 0.2756 Acc: 0.8091
2018-08-16 07:06:17,861:INFO: Val Acc: 0.7332
2018-08-16 07:06:17,862:INFO: Epoch 93/99
2018-08-16 07:06:17,862:INFO: ----------
2018-08-16 07:07:53,134:INFO: Train Loss: 0.2769 Acc: 0.8074
2018-08-16 07:08:52,112:INFO: Val Acc: 0.7327
2018-08-16 07:08:52,112:INFO: Epoch 94/99
2018-08-16 07:08:52,112:INFO: ----------
2018-08-16 07:10:16,205:INFO: Train Loss: 0.2773 Acc: 0.8054
2018-08-16 07:11:05,550:INFO: Val Acc: 0.7344
2018-08-16 07:11:05,550:INFO: Epoch 95/99
2018-08-16 07:11:05,550:INFO: ----------
2018-08-16 07:12:33,322:INFO: Train Loss: 0.2770 Acc: 0.8094
2018-08-16 07:13:24,973:INFO: Val Acc: 0.7394
2018-08-16 07:13:24,974:INFO: Epoch 96/99
2018-08-16 07:13:24,978:INFO: ----------
2018-08-16 07:14:53,987:INFO: Train Loss: 0.2754 Acc: 0.8096
2018-08-16 07:15:46,168:INFO: Val Acc: 0.7379
2018-08-16 07:15:46,168:INFO: Epoch 97/99
2018-08-16 07:15:46,169:INFO: ----------
2018-08-16 07:17:10,962:INFO: Train Loss: 0.2762 Acc: 0.8074
2018-08-16 07:18:07,203:INFO: Val Acc: 0.7388
2018-08-16 07:18:07,204:INFO: Epoch 98/99
2018-08-16 07:18:07,204:INFO: ----------
2018-08-16 07:19:34,784:INFO: Train Loss: 0.2761 Acc: 0.8089
2018-08-16 07:20:28,686:INFO: Val Acc: 0.7350
2018-08-16 07:20:28,687:INFO: Epoch 99/99
2018-08-16 07:20:28,687:INFO: ----------
2018-08-16 07:21:58,767:INFO: Train Loss: 0.2760 Acc: 0.8074
2018-08-16 07:22:43,356:INFO: Val Acc: 0.7382
2018-08-16 07:22:43,356:INFO: Training complete in 232m 48s
2018-08-16 07:22:43,357:INFO: Best val Acc: 0.739359
2018-08-16 07:23:33,550:INFO: Test Acc: 0.7571
