2018-08-17 05:11:16,976:INFO: Loading the datasets...
2018-08-17 05:11:17,063:INFO: - done.
2018-08-17 05:11:51,922:INFO: Starting training for 100 epoch(s)
2018-08-17 05:11:51,925:INFO: Epoch 0/99
2018-08-17 05:11:51,925:INFO: ----------
2018-08-17 05:13:25,360:INFO: Train Loss: 0.6448 Acc: 0.2386
2018-08-17 05:14:18,919:INFO: Val Acc: 0.2408
2018-08-17 05:14:18,920:INFO: Found new best accuracy
2018-08-17 05:14:18,924:INFO: Epoch 1/99
2018-08-17 05:14:18,924:INFO: ----------
2018-08-17 05:15:49,845:INFO: Train Loss: 0.6005 Acc: 0.2942
2018-08-17 05:16:49,287:INFO: Val Acc: 0.2679
2018-08-17 05:16:49,288:INFO: Found new best accuracy
2018-08-17 05:16:49,296:INFO: Epoch 2/99
2018-08-17 05:16:49,296:INFO: ----------
2018-08-17 05:18:20,178:INFO: Train Loss: 0.5758 Acc: 0.3389
2018-08-17 05:19:18,795:INFO: Val Acc: 0.3050
2018-08-17 05:19:18,800:INFO: Found new best accuracy
2018-08-17 05:19:18,808:INFO: Epoch 3/99
2018-08-17 05:19:18,809:INFO: ----------
2018-08-17 05:21:01,368:INFO: Train Loss: 0.5542 Acc: 0.3608
2018-08-17 05:21:58,028:INFO: Val Acc: 0.3204
2018-08-17 05:21:58,029:INFO: Found new best accuracy
2018-08-17 05:21:58,035:INFO: Epoch 4/99
2018-08-17 05:21:58,036:INFO: ----------
2018-08-17 05:23:36,340:INFO: Train Loss: 0.5283 Acc: 0.3916
2018-08-17 05:24:30,448:INFO: Val Acc: 0.3152
2018-08-17 05:24:30,449:INFO: Epoch 5/99
2018-08-17 05:24:30,449:INFO: ----------
2018-08-17 05:26:09,526:INFO: Train Loss: 0.5214 Acc: 0.3890
2018-08-17 05:27:11,415:INFO: Val Acc: 0.3370
2018-08-17 05:27:11,416:INFO: Found new best accuracy
2018-08-17 05:27:11,419:INFO: Epoch 6/99
2018-08-17 05:27:11,420:INFO: ----------
2018-08-17 05:28:41,243:INFO: Train Loss: 0.5245 Acc: 0.3907
2018-08-17 05:29:40,327:INFO: Val Acc: 0.3828
2018-08-17 05:29:40,327:INFO: Found new best accuracy
2018-08-17 05:29:40,332:INFO: Epoch 7/99
2018-08-17 05:29:40,332:INFO: ----------
2018-08-17 05:31:14,621:INFO: Train Loss: 0.5008 Acc: 0.4148
2018-08-17 05:32:10,687:INFO: Val Acc: 0.3907
2018-08-17 05:32:10,687:INFO: Found new best accuracy
2018-08-17 05:32:10,689:INFO: Epoch 8/99
2018-08-17 05:32:10,690:INFO: ----------
2018-08-17 05:33:55,756:INFO: Train Loss: 0.4864 Acc: 0.4333
2018-08-17 05:34:47,133:INFO: Val Acc: 0.4230
2018-08-17 05:34:47,134:INFO: Found new best accuracy
2018-08-17 05:34:47,139:INFO: Epoch 9/99
2018-08-17 05:34:47,139:INFO: ----------
2018-08-17 05:36:28,903:INFO: Train Loss: 0.4771 Acc: 0.4472
2018-08-17 05:37:22,746:INFO: Val Acc: 0.3910
2018-08-17 05:37:22,747:INFO: Epoch 10/99
2018-08-17 05:37:22,747:INFO: ----------
2018-08-17 05:38:59,739:INFO: Train Loss: 0.4739 Acc: 0.4506
2018-08-17 05:40:05,427:INFO: Val Acc: 0.4134
2018-08-17 05:40:05,428:INFO: Epoch 11/99
2018-08-17 05:40:05,428:INFO: ----------
2018-08-17 05:41:36,413:INFO: Train Loss: 0.4653 Acc: 0.4582
2018-08-17 05:42:35,853:INFO: Val Acc: 0.3802
2018-08-17 05:42:35,853:INFO: Epoch 12/99
2018-08-17 05:42:35,854:INFO: ----------
2018-08-17 05:44:11,078:INFO: Train Loss: 0.4581 Acc: 0.4691
2018-08-17 05:45:11,976:INFO: Val Acc: 0.4446
2018-08-17 05:45:11,977:INFO: Found new best accuracy
2018-08-17 05:45:11,983:INFO: Epoch 13/99
2018-08-17 05:45:11,983:INFO: ----------
2018-08-17 05:46:46,501:INFO: Train Loss: 0.4472 Acc: 0.4807
2018-08-17 05:47:57,152:INFO: Val Acc: 0.4324
2018-08-17 05:47:57,153:INFO: Epoch 14/99
2018-08-17 05:47:57,153:INFO: ----------
2018-08-17 05:49:31,158:INFO: Train Loss: 0.4396 Acc: 0.4951
2018-08-17 05:50:35,469:INFO: Val Acc: 0.4052
2018-08-17 05:50:35,472:INFO: Epoch 15/99
2018-08-17 05:50:35,472:INFO: ----------
2018-08-17 05:52:09,313:INFO: Train Loss: 0.4290 Acc: 0.5062
2018-08-17 05:53:08,247:INFO: Val Acc: 0.3831
2018-08-17 05:53:08,248:INFO: Epoch 16/99
2018-08-17 05:53:08,248:INFO: ----------
2018-08-17 05:54:41,758:INFO: Train Loss: 0.4196 Acc: 0.5183
2018-08-17 05:55:46,115:INFO: Val Acc: 0.4738
2018-08-17 05:55:46,116:INFO: Found new best accuracy
2018-08-17 05:55:46,121:INFO: Epoch 17/99
2018-08-17 05:55:46,121:INFO: ----------
2018-08-17 05:57:26,800:INFO: Train Loss: 0.4181 Acc: 0.5199
2018-08-17 05:58:26,722:INFO: Val Acc: 0.5102
2018-08-17 05:58:26,723:INFO: Found new best accuracy
2018-08-17 05:58:26,726:INFO: Epoch 18/99
2018-08-17 05:58:26,726:INFO: ----------
2018-08-17 06:00:07,439:INFO: Train Loss: 0.3981 Acc: 0.5377
2018-08-17 06:01:06,764:INFO: Val Acc: 0.4516
2018-08-17 06:01:06,769:INFO: Epoch 19/99
2018-08-17 06:01:06,770:INFO: ----------
2018-08-17 06:02:38,524:INFO: Train Loss: 0.3872 Acc: 0.5515
2018-08-17 06:03:41,174:INFO: Val Acc: 0.3195
2018-08-17 06:03:41,174:INFO: Epoch 20/99
2018-08-17 06:03:41,175:INFO: ----------
2018-08-17 06:05:14,098:INFO: Train Loss: 0.3855 Acc: 0.5500
2018-08-17 06:06:10,720:INFO: Val Acc: 0.3945
2018-08-17 06:06:10,721:INFO: Epoch 21/99
2018-08-17 06:06:10,721:INFO: ----------
2018-08-17 06:07:46,032:INFO: Train Loss: 0.3705 Acc: 0.5735
2018-08-17 06:08:49,634:INFO: Val Acc: 0.2638
2018-08-17 06:08:49,634:INFO: Epoch 22/99
2018-08-17 06:08:49,634:INFO: ----------
2018-08-17 06:10:36,279:INFO: Train Loss: 0.3657 Acc: 0.5711
2018-08-17 06:11:28,317:INFO: Val Acc: 0.5006
2018-08-17 06:11:28,318:INFO: Epoch 23/99
2018-08-17 06:11:28,318:INFO: ----------
2018-08-17 06:12:59,007:INFO: Train Loss: 0.3525 Acc: 0.5942
2018-08-17 06:13:50,962:INFO: Val Acc: 0.3977
2018-08-17 06:13:50,963:INFO: Epoch 24/99
2018-08-17 06:13:50,963:INFO: ----------
2018-08-17 06:15:23,898:INFO: Train Loss: 0.3470 Acc: 0.5935
2018-08-17 06:16:17,991:INFO: Val Acc: 0.4245
2018-08-17 06:16:17,992:INFO: Epoch 25/99
2018-08-17 06:16:17,992:INFO: ----------
2018-08-17 06:17:46,412:INFO: Train Loss: 0.3438 Acc: 0.5990
2018-08-17 06:18:46,223:INFO: Val Acc: 0.3586
2018-08-17 06:18:46,224:INFO: Epoch 26/99
2018-08-17 06:18:46,224:INFO: ----------
2018-08-17 06:20:16,374:INFO: Train Loss: 0.3436 Acc: 0.6000
2018-08-17 06:21:18,719:INFO: Val Acc: 0.4087
2018-08-17 06:21:18,720:INFO: Epoch 27/99
2018-08-17 06:21:18,720:INFO: ----------
2018-08-17 06:22:50,461:INFO: Train Loss: 0.3328 Acc: 0.6167
2018-08-17 06:23:52,713:INFO: Val Acc: 0.5332
2018-08-17 06:23:52,714:INFO: Found new best accuracy
2018-08-17 06:23:52,717:INFO: Epoch 28/99
2018-08-17 06:23:52,717:INFO: ----------
2018-08-17 06:25:23,270:INFO: Train Loss: 0.3219 Acc: 0.6222
2018-08-17 06:26:14,585:INFO: Val Acc: 0.3950
2018-08-17 06:26:14,586:INFO: Epoch 29/99
2018-08-17 06:26:14,586:INFO: ----------
2018-08-17 06:27:55,051:INFO: Train Loss: 0.3272 Acc: 0.6206
2018-08-17 06:28:52,787:INFO: Val Acc: 0.4309
2018-08-17 06:28:52,787:INFO: Epoch 30/99
2018-08-17 06:28:52,787:INFO: ----------
2018-08-17 06:30:34,468:INFO: Train Loss: 0.2953 Acc: 0.6578
2018-08-17 06:31:30,581:INFO: Val Acc: 0.6499
2018-08-17 06:31:30,581:INFO: Found new best accuracy
2018-08-17 06:31:30,584:INFO: Epoch 31/99
2018-08-17 06:31:30,584:INFO: ----------
2018-08-17 06:32:59,473:INFO: Train Loss: 0.2782 Acc: 0.6793
2018-08-17 06:34:06,679:INFO: Val Acc: 0.6475
2018-08-17 06:34:06,680:INFO: Epoch 32/99
2018-08-17 06:34:06,680:INFO: ----------
2018-08-17 06:35:49,234:INFO: Train Loss: 0.2732 Acc: 0.6873
2018-08-17 06:36:47,723:INFO: Val Acc: 0.6461
2018-08-17 06:36:47,724:INFO: Epoch 33/99
2018-08-17 06:36:47,724:INFO: ----------
2018-08-17 06:38:17,736:INFO: Train Loss: 0.2668 Acc: 0.6899
2018-08-17 06:39:18,902:INFO: Val Acc: 0.6455
2018-08-17 06:39:18,902:INFO: Epoch 34/99
2018-08-17 06:39:18,902:INFO: ----------
2018-08-17 06:40:51,423:INFO: Train Loss: 0.2647 Acc: 0.6974
2018-08-17 06:41:49,289:INFO: Val Acc: 0.6589
2018-08-17 06:41:49,290:INFO: Found new best accuracy
2018-08-17 06:41:49,295:INFO: Epoch 35/99
2018-08-17 06:41:49,295:INFO: ----------
2018-08-17 06:43:18,629:INFO: Train Loss: 0.2607 Acc: 0.6987
2018-08-17 06:44:11,964:INFO: Val Acc: 0.6741
2018-08-17 06:44:11,965:INFO: Found new best accuracy
2018-08-17 06:44:11,971:INFO: Epoch 36/99
2018-08-17 06:44:11,971:INFO: ----------
2018-08-17 06:45:41,908:INFO: Train Loss: 0.2578 Acc: 0.7037
2018-08-17 06:46:43,352:INFO: Val Acc: 0.6665
2018-08-17 06:46:43,353:INFO: Epoch 37/99
2018-08-17 06:46:43,353:INFO: ----------
2018-08-17 06:48:15,357:INFO: Train Loss: 0.2565 Acc: 0.7055
2018-08-17 06:49:14,503:INFO: Val Acc: 0.6671
2018-08-17 06:49:14,504:INFO: Epoch 38/99
2018-08-17 06:49:14,504:INFO: ----------
2018-08-17 06:50:44,088:INFO: Train Loss: 0.2534 Acc: 0.7077
2018-08-17 06:51:34,487:INFO: Val Acc: 0.6671
2018-08-17 06:51:34,487:INFO: Epoch 39/99
2018-08-17 06:51:34,487:INFO: ----------
2018-08-17 06:53:13,070:INFO: Train Loss: 0.2513 Acc: 0.7084
2018-08-17 06:54:07,318:INFO: Val Acc: 0.6743
2018-08-17 06:54:07,319:INFO: Found new best accuracy
2018-08-17 06:54:07,321:INFO: Epoch 40/99
2018-08-17 06:54:07,321:INFO: ----------
2018-08-17 06:55:41,788:INFO: Train Loss: 0.2481 Acc: 0.7168
2018-08-17 06:56:40,893:INFO: Val Acc: 0.6522
2018-08-17 06:56:40,893:INFO: Epoch 41/99
2018-08-17 06:56:40,893:INFO: ----------
2018-08-17 06:58:12,401:INFO: Train Loss: 0.2483 Acc: 0.7121
2018-08-17 06:59:15,651:INFO: Val Acc: 0.6714
2018-08-17 06:59:15,651:INFO: Epoch 42/99
2018-08-17 06:59:15,652:INFO: ----------
2018-08-17 07:00:50,197:INFO: Train Loss: 0.2465 Acc: 0.7122
2018-08-17 07:02:03,144:INFO: Val Acc: 0.6673
2018-08-17 07:02:03,144:INFO: Epoch 43/99
2018-08-17 07:02:03,144:INFO: ----------
2018-08-17 07:03:39,479:INFO: Train Loss: 0.2444 Acc: 0.7188
2018-08-17 07:04:41,353:INFO: Val Acc: 0.6682
2018-08-17 07:04:41,355:INFO: Epoch 44/99
2018-08-17 07:04:41,355:INFO: ----------
2018-08-17 07:06:09,537:INFO: Train Loss: 0.2420 Acc: 0.7242
2018-08-17 07:07:06,202:INFO: Val Acc: 0.6601
2018-08-17 07:07:06,203:INFO: Epoch 45/99
2018-08-17 07:07:06,204:INFO: ----------
2018-08-17 07:08:41,998:INFO: Train Loss: 0.2396 Acc: 0.7238
2018-08-17 07:09:40,522:INFO: Val Acc: 0.6668
2018-08-17 07:09:40,522:INFO: Epoch 46/99
2018-08-17 07:09:40,522:INFO: ----------
2018-08-17 07:11:16,627:INFO: Train Loss: 0.2383 Acc: 0.7219
2018-08-17 07:12:29,423:INFO: Val Acc: 0.6659
2018-08-17 07:12:29,423:INFO: Epoch 47/99
2018-08-17 07:12:29,423:INFO: ----------
2018-08-17 07:14:12,318:INFO: Train Loss: 0.2371 Acc: 0.7298
2018-08-17 07:15:20,957:INFO: Val Acc: 0.6668
2018-08-17 07:15:20,957:INFO: Epoch 48/99
2018-08-17 07:15:20,957:INFO: ----------
2018-08-17 07:16:58,439:INFO: Train Loss: 0.2366 Acc: 0.7248
2018-08-17 07:18:00,951:INFO: Val Acc: 0.6662
2018-08-17 07:18:00,951:INFO: Epoch 49/99
2018-08-17 07:18:00,951:INFO: ----------
2018-08-17 07:19:35,481:INFO: Train Loss: 0.2362 Acc: 0.7299
2018-08-17 07:20:56,972:INFO: Val Acc: 0.6848
2018-08-17 07:20:56,972:INFO: Found new best accuracy
2018-08-17 07:20:56,976:INFO: Epoch 50/99
2018-08-17 07:20:56,976:INFO: ----------
2018-08-17 07:22:30,053:INFO: Train Loss: 0.2326 Acc: 0.7309
2018-08-17 07:23:42,816:INFO: Val Acc: 0.6615
2018-08-17 07:23:42,817:INFO: Epoch 51/99
2018-08-17 07:23:42,817:INFO: ----------
2018-08-17 07:25:18,113:INFO: Train Loss: 0.2318 Acc: 0.7321
2018-08-17 07:26:23,226:INFO: Val Acc: 0.6472
2018-08-17 07:26:23,227:INFO: Epoch 52/99
2018-08-17 07:26:23,227:INFO: ----------
2018-08-17 07:27:59,037:INFO: Train Loss: 0.2334 Acc: 0.7288
2018-08-17 07:28:53,086:INFO: Val Acc: 0.6752
2018-08-17 07:28:53,087:INFO: Epoch 53/99
2018-08-17 07:28:53,087:INFO: ----------
2018-08-17 07:30:26,009:INFO: Train Loss: 0.2296 Acc: 0.7341
2018-08-17 07:31:18,597:INFO: Val Acc: 0.6641
2018-08-17 07:31:18,597:INFO: Epoch 54/99
2018-08-17 07:31:18,598:INFO: ----------
2018-08-17 07:32:49,178:INFO: Train Loss: 0.2268 Acc: 0.7389
2018-08-17 07:33:44,358:INFO: Val Acc: 0.6749
2018-08-17 07:33:44,358:INFO: Epoch 55/99
2018-08-17 07:33:44,358:INFO: ----------
2018-08-17 07:35:14,661:INFO: Train Loss: 0.2266 Acc: 0.7324
2018-08-17 07:36:19,905:INFO: Val Acc: 0.6790
2018-08-17 07:36:19,906:INFO: Epoch 56/99
2018-08-17 07:36:19,906:INFO: ----------
2018-08-17 07:37:50,314:INFO: Train Loss: 0.2282 Acc: 0.7325
2018-08-17 07:38:47,181:INFO: Val Acc: 0.6851
2018-08-17 07:38:47,181:INFO: Found new best accuracy
2018-08-17 07:38:47,187:INFO: Epoch 57/99
2018-08-17 07:38:47,187:INFO: ----------
2018-08-17 07:40:18,768:INFO: Train Loss: 0.2245 Acc: 0.7420
2018-08-17 07:41:22,401:INFO: Val Acc: 0.6808
2018-08-17 07:41:22,401:INFO: Epoch 58/99
2018-08-17 07:41:22,402:INFO: ----------
2018-08-17 07:42:58,968:INFO: Train Loss: 0.2221 Acc: 0.7462
2018-08-17 07:43:56,963:INFO: Val Acc: 0.7023
2018-08-17 07:43:56,963:INFO: Found new best accuracy
2018-08-17 07:43:56,966:INFO: Epoch 59/99
2018-08-17 07:43:56,967:INFO: ----------
2018-08-17 07:45:31,218:INFO: Train Loss: 0.2203 Acc: 0.7439
2018-08-17 07:46:26,888:INFO: Val Acc: 0.6700
2018-08-17 07:46:26,888:INFO: Epoch 60/99
2018-08-17 07:46:26,888:INFO: ----------
2018-08-17 07:47:47,619:INFO: Train Loss: 0.2127 Acc: 0.7567
2018-08-17 07:48:40,381:INFO: Val Acc: 0.7070
2018-08-17 07:48:40,381:INFO: Found new best accuracy
2018-08-17 07:48:40,386:INFO: Epoch 61/99
2018-08-17 07:48:40,386:INFO: ----------
2018-08-17 07:50:06,114:INFO: Train Loss: 0.2108 Acc: 0.7591
2018-08-17 07:50:59,351:INFO: Val Acc: 0.7108
2018-08-17 07:50:59,352:INFO: Found new best accuracy
2018-08-17 07:50:59,357:INFO: Epoch 62/99
2018-08-17 07:50:59,357:INFO: ----------
2018-08-17 07:52:29,037:INFO: Train Loss: 0.2108 Acc: 0.7595
2018-08-17 07:53:05,783:INFO: Val Acc: 0.7087
2018-08-17 07:53:05,784:INFO: Epoch 63/99
2018-08-17 07:53:05,784:INFO: ----------
2018-08-17 07:54:40,887:INFO: Train Loss: 0.2099 Acc: 0.7620
2018-08-17 07:55:35,733:INFO: Val Acc: 0.7134
2018-08-17 07:55:35,734:INFO: Found new best accuracy
2018-08-17 07:55:35,738:INFO: Epoch 64/99
2018-08-17 07:55:35,738:INFO: ----------
2018-08-17 07:57:02,524:INFO: Train Loss: 0.2096 Acc: 0.7624
2018-08-17 07:57:51,837:INFO: Val Acc: 0.7131
2018-08-17 07:57:51,837:INFO: Epoch 65/99
2018-08-17 07:57:51,838:INFO: ----------
2018-08-17 07:59:19,499:INFO: Train Loss: 0.2087 Acc: 0.7631
2018-08-17 07:59:55,319:INFO: Val Acc: 0.7128
2018-08-17 07:59:55,320:INFO: Epoch 66/99
2018-08-17 07:59:55,320:INFO: ----------
2018-08-17 08:01:14,570:INFO: Train Loss: 0.2077 Acc: 0.7629
2018-08-17 08:01:48,351:INFO: Val Acc: 0.7055
2018-08-17 08:01:48,351:INFO: Epoch 67/99
2018-08-17 08:01:48,352:INFO: ----------
2018-08-17 08:03:08,313:INFO: Train Loss: 0.2085 Acc: 0.7621
2018-08-17 08:03:42,322:INFO: Val Acc: 0.7114
2018-08-17 08:03:42,323:INFO: Epoch 68/99
2018-08-17 08:03:42,323:INFO: ----------
2018-08-17 08:05:00,976:INFO: Train Loss: 0.2073 Acc: 0.7628
2018-08-17 08:05:34,241:INFO: Val Acc: 0.7082
2018-08-17 08:05:34,241:INFO: Epoch 69/99
2018-08-17 08:05:34,241:INFO: ----------
2018-08-17 08:06:54,894:INFO: Train Loss: 0.2073 Acc: 0.7631
2018-08-17 08:07:27,001:INFO: Val Acc: 0.7099
2018-08-17 08:07:27,001:INFO: Epoch 70/99
2018-08-17 08:07:27,001:INFO: ----------
2018-08-17 08:08:43,851:INFO: Train Loss: 0.2072 Acc: 0.7642
2018-08-17 08:09:16,345:INFO: Val Acc: 0.7122
2018-08-17 08:09:16,346:INFO: Epoch 71/99
2018-08-17 08:09:16,347:INFO: ----------
2018-08-17 08:10:34,872:INFO: Train Loss: 0.2077 Acc: 0.7654
2018-08-17 08:11:07,308:INFO: Val Acc: 0.7117
2018-08-17 08:11:07,308:INFO: Epoch 72/99
2018-08-17 08:11:07,308:INFO: ----------
2018-08-17 08:12:25,061:INFO: Train Loss: 0.2064 Acc: 0.7679
2018-08-17 08:12:58,080:INFO: Val Acc: 0.7111
2018-08-17 08:12:58,081:INFO: Epoch 73/99
2018-08-17 08:12:58,081:INFO: ----------
2018-08-17 08:14:16,570:INFO: Train Loss: 0.2066 Acc: 0.7633
2018-08-17 08:14:49,283:INFO: Val Acc: 0.7114
2018-08-17 08:14:49,283:INFO: Epoch 74/99
2018-08-17 08:14:49,284:INFO: ----------
2018-08-17 08:16:07,870:INFO: Train Loss: 0.2065 Acc: 0.7642
2018-08-17 08:16:40,921:INFO: Val Acc: 0.7181
2018-08-17 08:16:40,922:INFO: Found new best accuracy
2018-08-17 08:16:40,924:INFO: Epoch 75/99
2018-08-17 08:16:40,925:INFO: ----------
2018-08-17 08:18:03,006:INFO: Train Loss: 0.2064 Acc: 0.7642
2018-08-17 08:18:54,172:INFO: Val Acc: 0.7079
2018-08-17 08:18:54,173:INFO: Epoch 76/99
2018-08-17 08:18:54,173:INFO: ----------
2018-08-17 08:20:27,785:INFO: Train Loss: 0.2067 Acc: 0.7673
2018-08-17 08:21:01,411:INFO: Val Acc: 0.7157
2018-08-17 08:21:01,412:INFO: Epoch 77/99
2018-08-17 08:21:01,412:INFO: ----------
2018-08-17 08:22:30,844:INFO: Train Loss: 0.2064 Acc: 0.7625
2018-08-17 08:23:06,149:INFO: Val Acc: 0.7140
2018-08-17 08:23:06,150:INFO: Epoch 78/99
2018-08-17 08:23:06,150:INFO: ----------
2018-08-17 08:24:26,421:INFO: Train Loss: 0.2058 Acc: 0.7699
2018-08-17 08:24:59,561:INFO: Val Acc: 0.7152
2018-08-17 08:24:59,562:INFO: Epoch 79/99
2018-08-17 08:24:59,562:INFO: ----------
2018-08-17 08:26:19,826:INFO: Train Loss: 0.2061 Acc: 0.7633
2018-08-17 08:26:51,767:INFO: Val Acc: 0.7163
2018-08-17 08:26:51,768:INFO: Epoch 80/99
2018-08-17 08:26:51,768:INFO: ----------
2018-08-17 08:28:11,064:INFO: Train Loss: 0.2054 Acc: 0.7652
2018-08-17 08:28:42,709:INFO: Val Acc: 0.7157
2018-08-17 08:28:42,709:INFO: Epoch 81/99
2018-08-17 08:28:42,710:INFO: ----------
2018-08-17 08:30:17,893:INFO: Train Loss: 0.2053 Acc: 0.7657
2018-08-17 08:30:53,803:INFO: Val Acc: 0.7079
2018-08-17 08:30:53,804:INFO: Epoch 82/99
2018-08-17 08:30:53,804:INFO: ----------
2018-08-17 08:32:11,754:INFO: Train Loss: 0.2053 Acc: 0.7676
2018-08-17 08:32:45,181:INFO: Val Acc: 0.7146
2018-08-17 08:32:45,181:INFO: Epoch 83/99
2018-08-17 08:32:45,181:INFO: ----------
2018-08-17 08:34:02,285:INFO: Train Loss: 0.2060 Acc: 0.7654
2018-08-17 08:34:43,950:INFO: Val Acc: 0.7140
2018-08-17 08:34:43,950:INFO: Epoch 84/99
2018-08-17 08:34:43,950:INFO: ----------
2018-08-17 08:36:00,864:INFO: Train Loss: 0.2044 Acc: 0.7680
2018-08-17 08:36:33,832:INFO: Val Acc: 0.7169
2018-08-17 08:36:33,833:INFO: Epoch 85/99
2018-08-17 08:36:33,833:INFO: ----------
2018-08-17 08:37:50,316:INFO: Train Loss: 0.2043 Acc: 0.7697
2018-08-17 08:38:22,912:INFO: Val Acc: 0.7125
2018-08-17 08:38:22,913:INFO: Epoch 86/99
2018-08-17 08:38:22,913:INFO: ----------
2018-08-17 08:39:41,581:INFO: Train Loss: 0.2041 Acc: 0.7666
2018-08-17 08:40:13,300:INFO: Val Acc: 0.7166
2018-08-17 08:40:13,300:INFO: Epoch 87/99
2018-08-17 08:40:13,300:INFO: ----------
2018-08-17 08:41:30,163:INFO: Train Loss: 0.2039 Acc: 0.7665
2018-08-17 08:42:02,484:INFO: Val Acc: 0.7175
2018-08-17 08:42:02,485:INFO: Epoch 88/99
2018-08-17 08:42:02,486:INFO: ----------
2018-08-17 08:43:18,000:INFO: Train Loss: 0.2040 Acc: 0.7690
2018-08-17 08:43:51,850:INFO: Val Acc: 0.7143
2018-08-17 08:43:51,850:INFO: Epoch 89/99
2018-08-17 08:43:51,850:INFO: ----------
2018-08-17 08:45:11,504:INFO: Train Loss: 0.2043 Acc: 0.7678
2018-08-17 08:45:44,759:INFO: Val Acc: 0.7146
2018-08-17 08:45:44,760:INFO: Epoch 90/99
2018-08-17 08:45:44,760:INFO: ----------
2018-08-17 08:47:02,366:INFO: Train Loss: 0.2030 Acc: 0.7688
2018-08-17 08:47:34,573:INFO: Val Acc: 0.7166
2018-08-17 08:47:34,574:INFO: Epoch 91/99
2018-08-17 08:47:34,574:INFO: ----------
2018-08-17 08:48:53,723:INFO: Train Loss: 0.2025 Acc: 0.7703
2018-08-17 08:49:27,200:INFO: Val Acc: 0.7166
2018-08-17 08:49:27,200:INFO: Epoch 92/99
2018-08-17 08:49:27,200:INFO: ----------
2018-08-17 08:50:44,029:INFO: Train Loss: 0.2018 Acc: 0.7692
2018-08-17 08:51:16,504:INFO: Val Acc: 0.7160
2018-08-17 08:51:16,505:INFO: Epoch 93/99
2018-08-17 08:51:16,505:INFO: ----------
2018-08-17 08:52:34,882:INFO: Train Loss: 0.2027 Acc: 0.7702
2018-08-17 08:53:10,958:INFO: Val Acc: 0.7143
2018-08-17 08:53:10,958:INFO: Epoch 94/99
2018-08-17 08:53:10,958:INFO: ----------
2018-08-17 08:54:30,120:INFO: Train Loss: 0.2027 Acc: 0.7714
2018-08-17 08:55:02,355:INFO: Val Acc: 0.7172
2018-08-17 08:55:02,355:INFO: Epoch 95/99
2018-08-17 08:55:02,355:INFO: ----------
2018-08-17 08:56:18,897:INFO: Train Loss: 0.2030 Acc: 0.7698
2018-08-17 08:56:50,931:INFO: Val Acc: 0.7163
2018-08-17 08:56:50,932:INFO: Epoch 96/99
2018-08-17 08:56:50,932:INFO: ----------
2018-08-17 08:58:06,684:INFO: Train Loss: 0.2017 Acc: 0.7705
2018-08-17 08:58:40,845:INFO: Val Acc: 0.7169
2018-08-17 08:58:40,846:INFO: Epoch 97/99
2018-08-17 08:58:40,846:INFO: ----------
2018-08-17 08:59:58,888:INFO: Train Loss: 0.2021 Acc: 0.7697
2018-08-17 09:00:33,482:INFO: Val Acc: 0.7207
2018-08-17 09:00:33,482:INFO: Found new best accuracy
2018-08-17 09:00:33,485:INFO: Epoch 98/99
2018-08-17 09:00:33,486:INFO: ----------
2018-08-17 09:01:53,719:INFO: Train Loss: 0.2022 Acc: 0.7715
2018-08-17 09:02:28,841:INFO: Val Acc: 0.7163
2018-08-17 09:02:28,841:INFO: Epoch 99/99
2018-08-17 09:02:28,841:INFO: ----------
2018-08-17 09:03:48,686:INFO: Train Loss: 0.2019 Acc: 0.7723
2018-08-17 09:04:22,266:INFO: Val Acc: 0.7166
2018-08-17 09:04:22,266:INFO: Training complete in 232m 30s
2018-08-17 09:04:22,267:INFO: Best val Acc: 0.720700
2018-08-17 09:04:53,966:INFO: Test Acc: 0.7404
