2018-08-18 08:54:56,732:INFO: Loading the datasets...
2018-08-18 08:54:56,840:INFO: - done.
2018-08-18 08:55:13,536:INFO: Starting training for 20 epoch(s)
2018-08-18 08:55:13,540:INFO: Epoch 0/19
2018-08-18 08:55:13,540:INFO: ----------
2018-08-18 08:55:59,786:INFO: Train Loss: 0.3355 Acc: 0.8337
2018-08-18 08:56:21,833:INFO: Val Acc: 0.7236
2018-08-18 08:56:21,834:INFO: Found new best accuracy
2018-08-18 08:56:21,839:INFO: Epoch 1/19
2018-08-18 08:56:21,839:INFO: ----------
2018-08-18 08:57:11,560:INFO: Train Loss: 0.3386 Acc: 0.8323
2018-08-18 08:57:32,059:INFO: Val Acc: 0.7329
2018-08-18 08:57:32,059:INFO: Found new best accuracy
2018-08-18 08:57:32,067:INFO: Epoch 2/19
2018-08-18 08:57:32,068:INFO: ----------
2018-08-18 08:58:23,186:INFO: Train Loss: 0.3338 Acc: 0.8328
2018-08-18 08:59:02,840:INFO: Val Acc: 0.7222
2018-08-18 08:59:02,840:INFO: Epoch 3/19
2018-08-18 08:59:02,841:INFO: ----------
2018-08-18 08:59:53,252:INFO: Train Loss: 0.3307 Acc: 0.8374
2018-08-18 09:00:27,705:INFO: Val Acc: 0.7321
2018-08-18 09:00:27,705:INFO: Epoch 4/19
2018-08-18 09:00:27,706:INFO: ----------
2018-08-18 09:01:23,282:INFO: Train Loss: 0.3324 Acc: 0.8326
2018-08-18 09:01:55,206:INFO: Val Acc: 0.7003
2018-08-18 09:01:55,206:INFO: Epoch 5/19
2018-08-18 09:01:55,206:INFO: ----------
2018-08-18 09:02:45,247:INFO: Train Loss: 0.3310 Acc: 0.8302
2018-08-18 09:03:07,031:INFO: Val Acc: 0.7262
2018-08-18 09:03:07,032:INFO: Epoch 6/19
2018-08-18 09:03:07,033:INFO: ----------
2018-08-18 09:03:48,107:INFO: Train Loss: 0.3276 Acc: 0.8397
2018-08-18 09:04:06,710:INFO: Val Acc: 0.7356
2018-08-18 09:04:06,711:INFO: Found new best accuracy
2018-08-18 09:04:06,714:INFO: Epoch 7/19
2018-08-18 09:04:06,715:INFO: ----------
2018-08-18 09:04:49,874:INFO: Train Loss: 0.3274 Acc: 0.8346
2018-08-18 09:05:09,532:INFO: Val Acc: 0.7324
2018-08-18 09:05:09,533:INFO: Epoch 8/19
2018-08-18 09:05:09,533:INFO: ----------
2018-08-18 09:06:01,946:INFO: Train Loss: 0.3262 Acc: 0.8376
2018-08-18 09:06:29,468:INFO: Val Acc: 0.7338
2018-08-18 09:06:29,469:INFO: Epoch 9/19
2018-08-18 09:06:29,469:INFO: ----------
2018-08-18 09:07:22,699:INFO: Train Loss: 0.3232 Acc: 0.8375
2018-08-18 09:07:49,855:INFO: Val Acc: 0.7306
2018-08-18 09:07:49,856:INFO: Epoch 10/19
2018-08-18 09:07:49,856:INFO: ----------
2018-08-18 09:08:34,380:INFO: Train Loss: 0.3263 Acc: 0.8385
2018-08-18 09:09:09,951:INFO: Val Acc: 0.7283
2018-08-18 09:09:09,952:INFO: Epoch 11/19
2018-08-18 09:09:09,952:INFO: ----------
2018-08-18 09:09:58,364:INFO: Train Loss: 0.3236 Acc: 0.8405
2018-08-18 09:10:29,957:INFO: Val Acc: 0.7125
2018-08-18 09:10:29,957:INFO: Epoch 12/19
2018-08-18 09:10:29,957:INFO: ----------
2018-08-18 09:11:20,439:INFO: Train Loss: 0.3209 Acc: 0.8400
2018-08-18 09:11:58,535:INFO: Val Acc: 0.7213
2018-08-18 09:11:58,536:INFO: Epoch 13/19
2018-08-18 09:11:58,536:INFO: ----------
2018-08-18 09:12:46,089:INFO: Train Loss: 0.3222 Acc: 0.8423
2018-08-18 09:13:18,530:INFO: Val Acc: 0.7353
2018-08-18 09:13:18,531:INFO: Epoch 14/19
2018-08-18 09:13:18,531:INFO: ----------
2018-08-18 09:14:09,857:INFO: Train Loss: 0.3148 Acc: 0.8435
2018-08-18 09:14:36,539:INFO: Val Acc: 0.7286
2018-08-18 09:14:36,540:INFO: Epoch 15/19
2018-08-18 09:14:36,540:INFO: ----------
2018-08-18 09:15:28,646:INFO: Train Loss: 0.3141 Acc: 0.8451
2018-08-18 09:15:59,432:INFO: Val Acc: 0.7248
2018-08-18 09:15:59,433:INFO: Epoch 16/19
2018-08-18 09:15:59,433:INFO: ----------
2018-08-18 09:16:47,875:INFO: Train Loss: 0.3185 Acc: 0.8435
2018-08-18 09:17:07,187:INFO: Val Acc: 0.7341
2018-08-18 09:17:07,188:INFO: Epoch 17/19
2018-08-18 09:17:07,188:INFO: ----------
2018-08-18 09:17:50,924:INFO: Train Loss: 0.3140 Acc: 0.8436
2018-08-18 09:18:26,186:INFO: Val Acc: 0.7236
2018-08-18 09:18:26,187:INFO: Epoch 18/19
2018-08-18 09:18:26,187:INFO: ----------
2018-08-18 09:19:25,828:INFO: Train Loss: 0.3123 Acc: 0.8484
2018-08-18 09:20:03,565:INFO: Val Acc: 0.7356
2018-08-18 09:20:03,565:INFO: Epoch 19/19
2018-08-18 09:20:03,565:INFO: ----------
2018-08-18 09:20:54,949:INFO: Train Loss: 0.3133 Acc: 0.8462
2018-08-18 09:21:21,020:INFO: Val Acc: 0.7300
2018-08-18 09:21:21,021:INFO: Training complete in 26m 7s
2018-08-18 09:21:21,021:INFO: Best val Acc: 0.735569
2018-08-18 09:21:39,794:INFO: Test Acc: 0.7649
