2018-08-18 07:56:27,677:INFO: Loading the datasets...
2018-08-18 07:56:27,829:INFO: - done.
2018-08-18 07:56:57,688:INFO: Starting training for 100 epoch(s)
2018-08-18 07:56:57,693:INFO: Epoch 0/99
2018-08-18 07:56:57,693:INFO: ----------
2018-08-18 07:57:24,241:INFO: Loading the datasets...
2018-08-18 07:57:24,352:INFO: - done.
2018-08-18 07:57:54,480:INFO: Starting training for 100 epoch(s)
2018-08-18 07:57:54,493:INFO: Epoch 0/99
2018-08-18 07:57:54,493:INFO: ----------
2018-08-18 07:58:54,220:INFO: Train Loss: 1.2593 Acc: 0.2711
2018-08-18 07:59:23,816:INFO: Val Acc: 0.1948
2018-08-18 07:59:23,816:INFO: Found new best accuracy
2018-08-18 07:59:23,823:INFO: Epoch 1/99
2018-08-18 07:59:23,824:INFO: ----------
2018-08-18 08:00:17,355:INFO: Train Loss: 1.1404 Acc: 0.3501
2018-08-18 08:01:01,035:INFO: Val Acc: 0.2956
2018-08-18 08:01:01,035:INFO: Found new best accuracy
2018-08-18 08:01:01,040:INFO: Epoch 2/99
2018-08-18 08:01:01,040:INFO: ----------
2018-08-18 08:01:45,060:INFO: Train Loss: 1.0602 Acc: 0.3996
2018-08-18 08:02:10,996:INFO: Val Acc: 0.3484
2018-08-18 08:02:10,997:INFO: Found new best accuracy
2018-08-18 08:02:11,001:INFO: Epoch 3/99
2018-08-18 08:02:11,001:INFO: ----------
2018-08-18 08:03:05,277:INFO: Train Loss: 1.0331 Acc: 0.4189
2018-08-18 08:03:45,694:INFO: Val Acc: 0.3539
2018-08-18 08:03:45,694:INFO: Found new best accuracy
2018-08-18 08:03:45,700:INFO: Epoch 4/99
2018-08-18 08:03:45,701:INFO: ----------
2018-08-18 08:04:40,329:INFO: Train Loss: 1.0081 Acc: 0.4315
2018-08-18 08:05:11,035:INFO: Val Acc: 0.3251
2018-08-18 08:05:11,036:INFO: Epoch 5/99
2018-08-18 08:05:11,036:INFO: ----------
2018-08-18 08:05:58,058:INFO: Train Loss: 0.9779 Acc: 0.4534
2018-08-18 08:06:25,396:INFO: Val Acc: 0.4178
2018-08-18 08:06:25,397:INFO: Found new best accuracy
2018-08-18 08:06:25,409:INFO: Epoch 6/99
2018-08-18 08:06:25,409:INFO: ----------
2018-08-18 08:07:15,430:INFO: Train Loss: 0.9564 Acc: 0.4636
2018-08-18 08:07:45,834:INFO: Val Acc: 0.2907
2018-08-18 08:07:45,834:INFO: Epoch 7/99
2018-08-18 08:07:45,835:INFO: ----------
2018-08-18 08:08:45,472:INFO: Train Loss: 0.9214 Acc: 0.4817
2018-08-18 08:09:24,825:INFO: Val Acc: 0.4058
2018-08-18 08:09:24,826:INFO: Epoch 8/99
2018-08-18 08:09:24,827:INFO: ----------
2018-08-18 08:10:14,283:INFO: Train Loss: 0.8873 Acc: 0.5015
2018-08-18 08:10:41,810:INFO: Val Acc: 0.3557
2018-08-18 08:10:41,811:INFO: Epoch 9/99
2018-08-18 08:10:41,811:INFO: ----------
2018-08-18 08:11:27,865:INFO: Train Loss: 0.8762 Acc: 0.5119
2018-08-18 08:11:57,141:INFO: Val Acc: 0.3131
2018-08-18 08:11:57,142:INFO: Epoch 10/99
2018-08-18 08:11:57,142:INFO: ----------
2018-08-18 08:12:44,758:INFO: Train Loss: 0.8447 Acc: 0.5264
2018-08-18 08:13:12,301:INFO: Val Acc: 0.3889
2018-08-18 08:13:12,301:INFO: Epoch 11/99
2018-08-18 08:13:12,302:INFO: ----------
2018-08-18 08:13:55,337:INFO: Train Loss: 0.8011 Acc: 0.5545
2018-08-18 08:14:14,522:INFO: Val Acc: 0.2551
2018-08-18 08:14:14,523:INFO: Epoch 12/99
2018-08-18 08:14:14,523:INFO: ----------
2018-08-18 08:15:12,515:INFO: Train Loss: 0.7979 Acc: 0.5574
2018-08-18 08:15:52,072:INFO: Val Acc: 0.4598
2018-08-18 08:15:52,073:INFO: Found new best accuracy
2018-08-18 08:15:52,077:INFO: Epoch 13/99
2018-08-18 08:15:52,078:INFO: ----------
2018-08-18 08:16:52,825:INFO: Train Loss: 0.7583 Acc: 0.5743
2018-08-18 08:17:23,823:INFO: Val Acc: 0.4472
2018-08-18 08:17:23,823:INFO: Epoch 14/99
2018-08-18 08:17:23,823:INFO: ----------
2018-08-18 08:18:22,136:INFO: Train Loss: 0.7273 Acc: 0.5926
2018-08-18 08:18:41,703:INFO: Val Acc: 0.3673
2018-08-18 08:18:41,704:INFO: Epoch 15/99
2018-08-18 08:18:41,704:INFO: ----------
2018-08-18 08:19:35,774:INFO: Train Loss: 0.7649 Acc: 0.5754
2018-08-18 08:20:06,056:INFO: Val Acc: 0.4347
2018-08-18 08:20:06,056:INFO: Epoch 16/99
2018-08-18 08:20:06,056:INFO: ----------
2018-08-18 08:20:51,220:INFO: Train Loss: 0.6818 Acc: 0.6209
2018-08-18 08:21:18,419:INFO: Val Acc: 0.5093
2018-08-18 08:21:18,419:INFO: Found new best accuracy
2018-08-18 08:21:18,427:INFO: Epoch 17/99
2018-08-18 08:21:18,427:INFO: ----------
2018-08-18 08:22:15,164:INFO: Train Loss: 0.6775 Acc: 0.6232
2018-08-18 08:22:49,822:INFO: Val Acc: 0.4569
2018-08-18 08:22:49,823:INFO: Epoch 18/99
2018-08-18 08:22:49,823:INFO: ----------
2018-08-18 08:23:33,244:INFO: Train Loss: 0.6354 Acc: 0.6468
2018-08-18 08:24:07,749:INFO: Val Acc: 0.5239
2018-08-18 08:24:07,751:INFO: Found new best accuracy
2018-08-18 08:24:07,757:INFO: Epoch 19/99
2018-08-18 08:24:07,758:INFO: ----------
2018-08-18 08:25:02,149:INFO: Train Loss: 0.6278 Acc: 0.6497
2018-08-18 08:25:32,818:INFO: Val Acc: 0.4595
2018-08-18 08:25:32,818:INFO: Epoch 20/99
2018-08-18 08:25:32,818:INFO: ----------
2018-08-18 08:26:23,736:INFO: Train Loss: 0.6286 Acc: 0.6495
2018-08-18 08:26:59,063:INFO: Val Acc: 0.3254
2018-08-18 08:26:59,064:INFO: Epoch 21/99
2018-08-18 08:26:59,064:INFO: ----------
2018-08-18 08:27:45,583:INFO: Train Loss: 0.6076 Acc: 0.6643
2018-08-18 08:28:19,243:INFO: Val Acc: 0.5000
2018-08-18 08:28:19,244:INFO: Epoch 22/99
2018-08-18 08:28:19,244:INFO: ----------
2018-08-18 08:29:02,965:INFO: Train Loss: 0.6075 Acc: 0.6639
2018-08-18 08:29:21,626:INFO: Val Acc: 0.5064
2018-08-18 08:29:21,626:INFO: Epoch 23/99
2018-08-18 08:29:21,626:INFO: ----------
2018-08-18 08:30:12,526:INFO: Train Loss: 0.5677 Acc: 0.6826
2018-08-18 08:30:43,600:INFO: Val Acc: 0.6023
2018-08-18 08:30:43,601:INFO: Found new best accuracy
2018-08-18 08:30:43,605:INFO: Epoch 24/99
2018-08-18 08:30:43,605:INFO: ----------
2018-08-18 08:31:35,998:INFO: Train Loss: 0.5619 Acc: 0.6875
2018-08-18 08:32:09,933:INFO: Val Acc: 0.3589
2018-08-18 08:32:09,934:INFO: Epoch 25/99
2018-08-18 08:32:09,934:INFO: ----------
2018-08-18 08:33:07,320:INFO: Train Loss: 0.5742 Acc: 0.6822
2018-08-18 08:33:48,222:INFO: Val Acc: 0.4469
2018-08-18 08:33:48,223:INFO: Epoch 26/99
2018-08-18 08:33:48,223:INFO: ----------
2018-08-18 08:34:41,141:INFO: Train Loss: 0.5614 Acc: 0.6908
2018-08-18 08:35:09,597:INFO: Val Acc: 0.5391
2018-08-18 08:35:09,597:INFO: Epoch 27/99
2018-08-18 08:35:09,598:INFO: ----------
2018-08-18 08:36:02,742:INFO: Train Loss: 0.5303 Acc: 0.7011
2018-08-18 08:36:25,914:INFO: Val Acc: 0.4755
2018-08-18 08:36:25,915:INFO: Epoch 28/99
2018-08-18 08:36:25,915:INFO: ----------
2018-08-18 08:37:19,653:INFO: Train Loss: 0.5455 Acc: 0.7016
2018-08-18 08:37:53,399:INFO: Val Acc: 0.4697
2018-08-18 08:37:53,399:INFO: Epoch 29/99
2018-08-18 08:37:53,400:INFO: ----------
2018-08-18 08:38:47,156:INFO: Train Loss: 0.5209 Acc: 0.7142
2018-08-18 08:39:21,662:INFO: Val Acc: 0.3268
2018-08-18 08:39:21,663:INFO: Epoch 30/99
2018-08-18 08:39:21,663:INFO: ----------
2018-08-18 08:40:04,590:INFO: Train Loss: 0.4246 Acc: 0.7689
2018-08-18 08:40:39,392:INFO: Val Acc: 0.7259
2018-08-18 08:40:39,393:INFO: Found new best accuracy
2018-08-18 08:40:39,397:INFO: Epoch 31/99
2018-08-18 08:40:39,398:INFO: ----------
2018-08-18 08:41:26,099:INFO: Train Loss: 0.3843 Acc: 0.7957
2018-08-18 08:42:02,455:INFO: Val Acc: 0.7262
2018-08-18 08:42:02,455:INFO: Found new best accuracy
2018-08-18 08:42:02,460:INFO: Epoch 32/99
2018-08-18 08:42:02,460:INFO: ----------
2018-08-18 08:42:57,860:INFO: Train Loss: 0.3706 Acc: 0.8038
2018-08-18 08:43:18,831:INFO: Val Acc: 0.7344
2018-08-18 08:43:18,832:INFO: Found new best accuracy
2018-08-18 08:43:18,837:INFO: Epoch 33/99
2018-08-18 08:43:18,837:INFO: ----------
2018-08-18 08:44:11,385:INFO: Train Loss: 0.3596 Acc: 0.8084
2018-08-18 08:44:52,188:INFO: Val Acc: 0.7434
2018-08-18 08:44:52,188:INFO: Found new best accuracy
2018-08-18 08:44:52,193:INFO: Epoch 34/99
2018-08-18 08:44:52,193:INFO: ----------
2018-08-18 08:45:46,330:INFO: Train Loss: 0.3526 Acc: 0.8140
2018-08-18 08:46:12,739:INFO: Val Acc: 0.7466
2018-08-18 08:46:12,739:INFO: Found new best accuracy
2018-08-18 08:46:12,746:INFO: Epoch 35/99
2018-08-18 08:46:12,747:INFO: ----------
2018-08-18 08:46:55,706:INFO: Train Loss: 0.3468 Acc: 0.8139
2018-08-18 08:47:29,822:INFO: Val Acc: 0.7402
2018-08-18 08:47:29,824:INFO: Epoch 36/99
2018-08-18 08:47:29,824:INFO: ----------
2018-08-18 08:48:25,902:INFO: Train Loss: 0.3420 Acc: 0.8192
2018-08-18 08:48:55,712:INFO: Val Acc: 0.7490
2018-08-18 08:48:55,712:INFO: Found new best accuracy
2018-08-18 08:48:55,717:INFO: Epoch 37/99
2018-08-18 08:48:55,717:INFO: ----------
2018-08-18 08:49:49,447:INFO: Train Loss: 0.3310 Acc: 0.8276
2018-08-18 08:50:23,161:INFO: Val Acc: 0.7449
2018-08-18 08:50:23,161:INFO: Epoch 38/99
2018-08-18 08:50:23,162:INFO: ----------
2018-08-18 08:51:16,849:INFO: Train Loss: 0.3237 Acc: 0.8283
2018-08-18 08:51:56,564:INFO: Val Acc: 0.7382
2018-08-18 08:51:56,573:INFO: Epoch 39/99
2018-08-18 08:51:56,573:INFO: ----------
2018-08-18 08:52:49,350:INFO: Train Loss: 0.3207 Acc: 0.8282
2018-08-18 08:53:22,129:INFO: Val Acc: 0.7405
2018-08-18 08:53:22,130:INFO: Epoch 40/99
2018-08-18 08:53:22,130:INFO: ----------
2018-08-18 08:54:13,589:INFO: Train Loss: 0.3160 Acc: 0.8363
2018-08-18 08:54:33,486:INFO: Val Acc: 0.7385
2018-08-18 08:54:33,487:INFO: Epoch 41/99
2018-08-18 08:54:33,488:INFO: ----------
2018-08-18 08:55:16,466:INFO: Train Loss: 0.3086 Acc: 0.8406
2018-08-18 08:55:37,661:INFO: Val Acc: 0.7350
2018-08-18 08:55:37,662:INFO: Epoch 42/99
2018-08-18 08:55:37,662:INFO: ----------
2018-08-18 08:56:28,897:INFO: Train Loss: 0.3088 Acc: 0.8386
2018-08-18 08:56:59,468:INFO: Val Acc: 0.7426
2018-08-18 08:56:59,469:INFO: Epoch 43/99
2018-08-18 08:56:59,470:INFO: ----------
2018-08-18 08:57:44,262:INFO: Train Loss: 0.2993 Acc: 0.8441
2018-08-18 08:58:21,522:INFO: Val Acc: 0.7391
2018-08-18 08:58:21,522:INFO: Epoch 44/99
2018-08-18 08:58:21,523:INFO: ----------
2018-08-18 08:59:09,188:INFO: Train Loss: 0.2962 Acc: 0.8455
2018-08-18 08:59:33,622:INFO: Val Acc: 0.7297
2018-08-18 08:59:33,623:INFO: Epoch 45/99
2018-08-18 08:59:33,623:INFO: ----------
2018-08-18 09:00:29,313:INFO: Train Loss: 0.2935 Acc: 0.8501
2018-08-18 09:00:59,960:INFO: Val Acc: 0.7397
2018-08-18 09:00:59,961:INFO: Epoch 46/99
2018-08-18 09:00:59,961:INFO: ----------
2018-08-18 09:01:52,822:INFO: Train Loss: 0.2842 Acc: 0.8524
2018-08-18 09:02:14,558:INFO: Val Acc: 0.7341
2018-08-18 09:02:14,558:INFO: Epoch 47/99
2018-08-18 09:02:14,559:INFO: ----------
2018-08-18 09:02:59,068:INFO: Train Loss: 0.2785 Acc: 0.8563
2018-08-18 09:03:26,319:INFO: Val Acc: 0.6595
2018-08-18 09:03:26,320:INFO: Epoch 48/99
2018-08-18 09:03:26,320:INFO: ----------
2018-08-18 09:04:14,247:INFO: Train Loss: 0.2795 Acc: 0.8583
2018-08-18 09:04:40,585:INFO: Val Acc: 0.7388
2018-08-18 09:04:40,585:INFO: Epoch 49/99
2018-08-18 09:04:40,586:INFO: ----------
2018-08-18 09:05:29,176:INFO: Train Loss: 0.2734 Acc: 0.8637
2018-08-18 09:06:03,451:INFO: Val Acc: 0.7111
2018-08-18 09:06:03,452:INFO: Epoch 50/99
2018-08-18 09:06:03,452:INFO: ----------
2018-08-18 09:06:49,630:INFO: Train Loss: 0.2647 Acc: 0.8662
2018-08-18 09:07:30,678:INFO: Val Acc: 0.7032
2018-08-18 09:07:30,679:INFO: Epoch 51/99
2018-08-18 09:07:30,680:INFO: ----------
2018-08-18 09:08:22,075:INFO: Train Loss: 0.2620 Acc: 0.8655
2018-08-18 09:08:53,830:INFO: Val Acc: 0.7172
2018-08-18 09:08:53,831:INFO: Epoch 52/99
2018-08-18 09:08:53,831:INFO: ----------
2018-08-18 09:09:41,534:INFO: Train Loss: 0.2564 Acc: 0.8728
2018-08-18 09:10:14,700:INFO: Val Acc: 0.7058
2018-08-18 09:10:14,700:INFO: Epoch 53/99
2018-08-18 09:10:14,702:INFO: ----------
2018-08-18 09:10:56,718:INFO: Train Loss: 0.2466 Acc: 0.8803
2018-08-18 09:11:16,759:INFO: Val Acc: 0.6994
2018-08-18 09:11:16,760:INFO: Epoch 54/99
2018-08-18 09:11:16,760:INFO: ----------
2018-08-18 09:11:58,703:INFO: Train Loss: 0.2422 Acc: 0.8828
2018-08-18 09:12:36,243:INFO: Val Acc: 0.7131
2018-08-18 09:12:36,244:INFO: Epoch 55/99
2018-08-18 09:12:36,244:INFO: ----------
2018-08-18 09:13:31,179:INFO: Train Loss: 0.2380 Acc: 0.8866
2018-08-18 09:13:55,384:INFO: Val Acc: 0.7155
2018-08-18 09:13:55,385:INFO: Epoch 56/99
2018-08-18 09:13:55,385:INFO: ----------
2018-08-18 09:14:39,824:INFO: Train Loss: 0.2292 Acc: 0.8911
2018-08-18 09:14:59,328:INFO: Val Acc: 0.7187
2018-08-18 09:14:59,328:INFO: Epoch 57/99
2018-08-18 09:14:59,328:INFO: ----------
2018-08-18 09:15:53,165:INFO: Train Loss: 0.2313 Acc: 0.8883
2018-08-18 09:16:30,296:INFO: Val Acc: 0.7029
2018-08-18 09:16:30,296:INFO: Epoch 58/99
2018-08-18 09:16:30,297:INFO: ----------
2018-08-18 09:17:23,264:INFO: Train Loss: 0.2398 Acc: 0.8823
2018-08-18 09:17:47,639:INFO: Val Acc: 0.6554
2018-08-18 09:17:47,641:INFO: Epoch 59/99
2018-08-18 09:17:47,641:INFO: ----------
2018-08-18 09:18:31,515:INFO: Train Loss: 0.2187 Acc: 0.8972
2018-08-18 09:18:51,900:INFO: Val Acc: 0.7277
2018-08-18 09:18:51,900:INFO: Epoch 60/99
2018-08-18 09:18:51,900:INFO: ----------
2018-08-18 09:19:34,796:INFO: Train Loss: 0.1925 Acc: 0.9194
2018-08-18 09:19:54,508:INFO: Val Acc: 0.7714
2018-08-18 09:19:54,508:INFO: Found new best accuracy
2018-08-18 09:19:54,513:INFO: Epoch 61/99
2018-08-18 09:19:54,513:INFO: ----------
2018-08-18 09:20:38,970:INFO: Train Loss: 0.1829 Acc: 0.9301
2018-08-18 09:21:04,268:INFO: Val Acc: 0.7723
2018-08-18 09:21:04,269:INFO: Found new best accuracy
2018-08-18 09:21:04,278:INFO: Epoch 62/99
2018-08-18 09:21:04,278:INFO: ----------
2018-08-18 09:21:59,419:INFO: Train Loss: 0.1784 Acc: 0.9326
2018-08-18 09:22:44,459:INFO: Val Acc: 0.7741
2018-08-18 09:22:44,459:INFO: Found new best accuracy
2018-08-18 09:22:44,464:INFO: Epoch 63/99
2018-08-18 09:22:44,464:INFO: ----------
2018-08-18 09:23:34,195:INFO: Train Loss: 0.1775 Acc: 0.9327
2018-08-18 09:24:03,387:INFO: Val Acc: 0.7755
2018-08-18 09:24:03,388:INFO: Found new best accuracy
2018-08-18 09:24:03,395:INFO: Epoch 64/99
2018-08-18 09:24:03,396:INFO: ----------
2018-08-18 09:24:52,287:INFO: Train Loss: 0.1764 Acc: 0.9337
2018-08-18 09:25:12,640:INFO: Val Acc: 0.7732
2018-08-18 09:25:12,641:INFO: Epoch 65/99
2018-08-18 09:25:12,641:INFO: ----------
2018-08-18 09:25:59,751:INFO: Train Loss: 0.1770 Acc: 0.9332
2018-08-18 09:26:22,028:INFO: Val Acc: 0.7732
2018-08-18 09:26:22,028:INFO: Epoch 66/99
2018-08-18 09:26:22,028:INFO: ----------
2018-08-18 09:27:13,789:INFO: Train Loss: 0.1750 Acc: 0.9361
2018-08-18 09:27:36,404:INFO: Val Acc: 0.7720
2018-08-18 09:27:36,405:INFO: Epoch 67/99
2018-08-18 09:27:36,405:INFO: ----------
2018-08-18 09:28:20,155:INFO: Train Loss: 0.1756 Acc: 0.9335
2018-08-18 09:28:52,187:INFO: Val Acc: 0.7671
2018-08-18 09:28:52,187:INFO: Epoch 68/99
2018-08-18 09:28:52,187:INFO: ----------
2018-08-18 09:29:48,001:INFO: Train Loss: 0.1739 Acc: 0.9345
2018-08-18 09:30:08,920:INFO: Val Acc: 0.7729
2018-08-18 09:30:08,921:INFO: Epoch 69/99
2018-08-18 09:30:08,921:INFO: ----------
2018-08-18 09:31:08,834:INFO: Train Loss: 0.1715 Acc: 0.9380
2018-08-18 09:31:41,473:INFO: Val Acc: 0.7691
2018-08-18 09:31:41,474:INFO: Epoch 70/99
2018-08-18 09:31:41,475:INFO: ----------
2018-08-18 09:32:24,039:INFO: Train Loss: 0.1721 Acc: 0.9374
2018-08-18 09:32:43,540:INFO: Val Acc: 0.7738
2018-08-18 09:32:43,540:INFO: Epoch 71/99
2018-08-18 09:32:43,540:INFO: ----------
2018-08-18 09:33:30,329:INFO: Train Loss: 0.1702 Acc: 0.9375
2018-08-18 09:34:04,718:INFO: Val Acc: 0.7717
2018-08-18 09:34:04,722:INFO: Epoch 72/99
2018-08-18 09:34:04,723:INFO: ----------
2018-08-18 09:35:01,684:INFO: Train Loss: 0.1706 Acc: 0.9378
2018-08-18 09:35:25,425:INFO: Val Acc: 0.7743
2018-08-18 09:35:25,426:INFO: Epoch 73/99
2018-08-18 09:35:25,426:INFO: ----------
2018-08-18 09:36:10,104:INFO: Train Loss: 0.1694 Acc: 0.9398
2018-08-18 09:36:28,052:INFO: Val Acc: 0.7714
2018-08-18 09:36:28,053:INFO: Epoch 74/99
2018-08-18 09:36:28,053:INFO: ----------
2018-08-18 09:37:11,688:INFO: Train Loss: 0.1696 Acc: 0.9396
2018-08-18 09:37:32,183:INFO: Val Acc: 0.7717
2018-08-18 09:37:32,184:INFO: Epoch 75/99
2018-08-18 09:37:32,184:INFO: ----------
2018-08-18 09:38:15,948:INFO: Train Loss: 0.1681 Acc: 0.9401
2018-08-18 09:38:36,129:INFO: Val Acc: 0.7706
2018-08-18 09:38:36,129:INFO: Epoch 76/99
2018-08-18 09:38:36,130:INFO: ----------
2018-08-18 09:39:18,364:INFO: Train Loss: 0.1668 Acc: 0.9394
2018-08-18 09:39:37,997:INFO: Val Acc: 0.7720
2018-08-18 09:39:37,997:INFO: Epoch 77/99
2018-08-18 09:39:37,997:INFO: ----------
2018-08-18 09:40:20,804:INFO: Train Loss: 0.1672 Acc: 0.9423
2018-08-18 09:40:41,600:INFO: Val Acc: 0.7735
2018-08-18 09:40:41,601:INFO: Epoch 78/99
2018-08-18 09:40:41,601:INFO: ----------
2018-08-18 09:41:33,707:INFO: Train Loss: 0.1648 Acc: 0.9425
2018-08-18 09:42:03,918:INFO: Val Acc: 0.7706
2018-08-18 09:42:03,919:INFO: Epoch 79/99
2018-08-18 09:42:03,919:INFO: ----------
2018-08-18 09:42:51,149:INFO: Train Loss: 0.1653 Acc: 0.9422
2018-08-18 09:43:11,138:INFO: Val Acc: 0.7755
2018-08-18 09:43:11,140:INFO: Epoch 80/99
2018-08-18 09:43:11,140:INFO: ----------
2018-08-18 09:43:53,797:INFO: Train Loss: 0.1637 Acc: 0.9437
2018-08-18 09:44:12,665:INFO: Val Acc: 0.7694
2018-08-18 09:44:12,666:INFO: Epoch 81/99
2018-08-18 09:44:12,666:INFO: ----------
2018-08-18 09:44:55,509:INFO: Train Loss: 0.1634 Acc: 0.9437
2018-08-18 09:45:14,833:INFO: Val Acc: 0.7738
2018-08-18 09:45:14,834:INFO: Epoch 82/99
2018-08-18 09:45:14,834:INFO: ----------
2018-08-18 09:46:01,867:INFO: Train Loss: 0.1644 Acc: 0.9447
2018-08-18 09:46:22,689:INFO: Val Acc: 0.7726
2018-08-18 09:46:22,690:INFO: Epoch 83/99
2018-08-18 09:46:22,691:INFO: ----------
2018-08-18 09:47:06,545:INFO: Train Loss: 0.1625 Acc: 0.9449
2018-08-18 09:47:27,670:INFO: Val Acc: 0.7694
2018-08-18 09:47:27,670:INFO: Epoch 84/99
2018-08-18 09:47:27,671:INFO: ----------
2018-08-18 09:48:10,327:INFO: Train Loss: 0.1592 Acc: 0.9466
2018-08-18 09:48:31,851:INFO: Val Acc: 0.7749
2018-08-18 09:48:31,851:INFO: Epoch 85/99
2018-08-18 09:48:31,851:INFO: ----------
2018-08-18 09:49:21,318:INFO: Train Loss: 0.1587 Acc: 0.9468
2018-08-18 09:49:54,707:INFO: Val Acc: 0.7746
2018-08-18 09:49:54,708:INFO: Epoch 86/99
2018-08-18 09:49:54,708:INFO: ----------
2018-08-18 09:50:39,418:INFO: Train Loss: 0.1601 Acc: 0.9454
2018-08-18 09:50:56,326:INFO: Val Acc: 0.7743
2018-08-18 09:50:56,326:INFO: Epoch 87/99
2018-08-18 09:50:56,327:INFO: ----------
2018-08-18 09:51:44,315:INFO: Train Loss: 0.1581 Acc: 0.9467
2018-08-18 09:52:17,043:INFO: Val Acc: 0.7711
2018-08-18 09:52:17,045:INFO: Epoch 88/99
2018-08-18 09:52:17,045:INFO: ----------
2018-08-18 09:53:12,370:INFO: Train Loss: 0.1591 Acc: 0.9452
2018-08-18 09:53:31,627:INFO: Val Acc: 0.7688
2018-08-18 09:53:31,628:INFO: Epoch 89/99
2018-08-18 09:53:31,628:INFO: ----------
2018-08-18 09:54:15,902:INFO: Train Loss: 0.1581 Acc: 0.9461
2018-08-18 09:54:35,491:INFO: Val Acc: 0.7729
2018-08-18 09:54:35,492:INFO: Epoch 90/99
2018-08-18 09:54:35,492:INFO: ----------
2018-08-18 09:55:21,382:INFO: Train Loss: 0.1533 Acc: 0.9503
2018-08-18 09:55:47,062:INFO: Val Acc: 0.7755
2018-08-18 09:55:47,063:INFO: Epoch 91/99
2018-08-18 09:55:47,063:INFO: ----------
2018-08-18 09:56:32,743:INFO: Train Loss: 0.1534 Acc: 0.9514
2018-08-18 09:56:50,364:INFO: Val Acc: 0.7735
2018-08-18 09:56:50,364:INFO: Epoch 92/99
2018-08-18 09:56:50,364:INFO: ----------
2018-08-18 09:57:32,797:INFO: Train Loss: 0.1526 Acc: 0.9511
2018-08-18 09:57:52,944:INFO: Val Acc: 0.7743
2018-08-18 09:57:52,944:INFO: Epoch 93/99
2018-08-18 09:57:52,945:INFO: ----------
2018-08-18 09:58:35,186:INFO: Train Loss: 0.1521 Acc: 0.9514
2018-08-18 09:58:56,243:INFO: Val Acc: 0.7741
2018-08-18 09:58:56,243:INFO: Epoch 94/99
2018-08-18 09:58:56,244:INFO: ----------
2018-08-18 09:59:43,176:INFO: Train Loss: 0.1523 Acc: 0.9519
2018-08-18 10:00:02,169:INFO: Val Acc: 0.7743
2018-08-18 10:00:02,170:INFO: Epoch 95/99
2018-08-18 10:00:02,170:INFO: ----------
2018-08-18 10:00:45,780:INFO: Train Loss: 0.1531 Acc: 0.9504
2018-08-18 10:01:14,233:INFO: Val Acc: 0.7694
2018-08-18 10:01:14,234:INFO: Epoch 96/99
2018-08-18 10:01:14,235:INFO: ----------
2018-08-18 10:02:02,661:INFO: Train Loss: 0.1529 Acc: 0.9540
2018-08-18 10:02:40,470:INFO: Val Acc: 0.7735
2018-08-18 10:02:40,471:INFO: Epoch 97/99
2018-08-18 10:02:40,471:INFO: ----------
2018-08-18 10:03:35,237:INFO: Train Loss: 0.1531 Acc: 0.9526
2018-08-18 10:04:03,986:INFO: Val Acc: 0.7729
2018-08-18 10:04:03,987:INFO: Epoch 98/99
2018-08-18 10:04:03,987:INFO: ----------
2018-08-18 10:04:51,413:INFO: Train Loss: 0.1534 Acc: 0.9516
2018-08-18 10:05:22,824:INFO: Val Acc: 0.7746
2018-08-18 10:05:22,825:INFO: Epoch 99/99
2018-08-18 10:05:22,825:INFO: ----------
2018-08-18 10:06:16,122:INFO: Train Loss: 0.1517 Acc: 0.9534
2018-08-18 10:06:56,301:INFO: Val Acc: 0.7735
2018-08-18 10:06:56,302:INFO: Training complete in 129m 2s
2018-08-18 10:06:56,302:INFO: Best val Acc: 0.775510
2018-08-18 10:07:30,393:INFO: Test Acc: 0.7974
