2018-08-18 11:56:09,852:INFO: Loading the datasets...
2018-08-18 11:56:09,956:INFO: - done.
2018-08-18 11:56:33,775:INFO: Starting training for 100 epoch(s)
2018-08-18 11:56:33,779:INFO: Epoch 0/99
2018-08-18 11:56:33,779:INFO: ----------
2018-08-18 11:57:29,282:INFO: Train Loss: 1.0061 Acc: 0.2670
2018-08-18 11:57:57,284:INFO: Val Acc: 0.2370
2018-08-18 11:57:57,284:INFO: Found new best accuracy
2018-08-18 11:57:57,289:INFO: Epoch 1/99
2018-08-18 11:57:57,289:INFO: ----------
2018-08-18 11:58:50,892:INFO: Train Loss: 0.9123 Acc: 0.3477
2018-08-18 11:59:27,650:INFO: Val Acc: 0.2659
2018-08-18 11:59:27,650:INFO: Found new best accuracy
2018-08-18 11:59:27,656:INFO: Epoch 2/99
2018-08-18 11:59:27,657:INFO: ----------
2018-08-18 12:00:18,603:INFO: Train Loss: 0.8571 Acc: 0.3936
2018-08-18 12:00:51,784:INFO: Val Acc: 0.3519
2018-08-18 12:00:51,784:INFO: Found new best accuracy
2018-08-18 12:00:51,789:INFO: Epoch 3/99
2018-08-18 12:00:51,789:INFO: ----------
2018-08-18 12:01:47,791:INFO: Train Loss: 0.8381 Acc: 0.4122
2018-08-18 12:02:26,786:INFO: Val Acc: 0.3980
2018-08-18 12:02:26,786:INFO: Found new best accuracy
2018-08-18 12:02:26,805:INFO: Epoch 4/99
2018-08-18 12:02:26,806:INFO: ----------
2018-08-18 12:03:20,210:INFO: Train Loss: 0.8170 Acc: 0.4239
2018-08-18 12:03:47,907:INFO: Val Acc: 0.3653
2018-08-18 12:03:47,907:INFO: Epoch 5/99
2018-08-18 12:03:47,907:INFO: ----------
2018-08-18 12:04:41,562:INFO: Train Loss: 0.7968 Acc: 0.4427
2018-08-18 12:05:15,524:INFO: Val Acc: 0.3420
2018-08-18 12:05:15,525:INFO: Epoch 6/99
2018-08-18 12:05:15,525:INFO: ----------
2018-08-18 12:06:11,343:INFO: Train Loss: 0.7881 Acc: 0.4472
2018-08-18 12:06:49,103:INFO: Val Acc: 0.2566
2018-08-18 12:06:49,104:INFO: Epoch 7/99
2018-08-18 12:06:49,105:INFO: ----------
2018-08-18 12:07:45,443:INFO: Train Loss: 0.7641 Acc: 0.4658
2018-08-18 12:08:24,441:INFO: Val Acc: 0.4542
2018-08-18 12:08:24,442:INFO: Found new best accuracy
2018-08-18 12:08:24,446:INFO: Epoch 8/99
2018-08-18 12:08:24,446:INFO: ----------
2018-08-18 12:09:19,964:INFO: Train Loss: 0.7304 Acc: 0.5015
2018-08-18 12:09:51,826:INFO: Val Acc: 0.3752
2018-08-18 12:09:51,827:INFO: Epoch 9/99
2018-08-18 12:09:51,827:INFO: ----------
2018-08-18 12:10:43,696:INFO: Train Loss: 0.7125 Acc: 0.5055
2018-08-18 12:11:10,404:INFO: Val Acc: 0.3481
2018-08-18 12:11:10,405:INFO: Epoch 10/99
2018-08-18 12:11:10,405:INFO: ----------
2018-08-18 12:12:06,930:INFO: Train Loss: 0.6998 Acc: 0.5177
2018-08-18 12:12:35,494:INFO: Val Acc: 0.3580
2018-08-18 12:12:35,495:INFO: Epoch 11/99
2018-08-18 12:12:35,495:INFO: ----------
2018-08-18 12:13:29,858:INFO: Train Loss: 0.6526 Acc: 0.5525
2018-08-18 12:14:00,401:INFO: Val Acc: 0.4423
2018-08-18 12:14:00,401:INFO: Epoch 12/99
2018-08-18 12:14:00,401:INFO: ----------
2018-08-18 12:14:56,325:INFO: Train Loss: 0.6241 Acc: 0.5668
2018-08-18 12:15:37,920:INFO: Val Acc: 0.4528
2018-08-18 12:15:37,921:INFO: Epoch 13/99
2018-08-18 12:15:37,921:INFO: ----------
2018-08-18 12:16:33,113:INFO: Train Loss: 0.6086 Acc: 0.5783
2018-08-18 12:17:00,642:INFO: Val Acc: 0.2872
2018-08-18 12:17:00,642:INFO: Epoch 14/99
2018-08-18 12:17:00,642:INFO: ----------
2018-08-18 12:17:57,024:INFO: Train Loss: 0.5845 Acc: 0.5994
2018-08-18 12:18:24,945:INFO: Val Acc: 0.4178
2018-08-18 12:18:24,946:INFO: Epoch 15/99
2018-08-18 12:18:24,946:INFO: ----------
2018-08-18 12:19:16,039:INFO: Train Loss: 0.5892 Acc: 0.5961
2018-08-18 12:19:47,972:INFO: Val Acc: 0.4723
2018-08-18 12:19:47,973:INFO: Found new best accuracy
2018-08-18 12:19:47,988:INFO: Epoch 16/99
2018-08-18 12:19:47,989:INFO: ----------
2018-08-18 12:20:40,444:INFO: Train Loss: 0.5461 Acc: 0.6266
2018-08-18 12:21:21,489:INFO: Val Acc: 0.3329
2018-08-18 12:21:21,492:INFO: Epoch 17/99
2018-08-18 12:21:21,492:INFO: ----------
2018-08-18 12:22:16,550:INFO: Train Loss: 0.5184 Acc: 0.6454
2018-08-18 12:22:47,389:INFO: Val Acc: 0.4461
2018-08-18 12:22:47,389:INFO: Epoch 18/99
2018-08-18 12:22:47,389:INFO: ----------
2018-08-18 12:23:38,821:INFO: Train Loss: 0.5074 Acc: 0.6555
2018-08-18 12:24:10,758:INFO: Val Acc: 0.4318
2018-08-18 12:24:10,758:INFO: Epoch 19/99
2018-08-18 12:24:10,758:INFO: ----------
2018-08-18 12:25:03,382:INFO: Train Loss: 0.4983 Acc: 0.6607
2018-08-18 12:25:35,903:INFO: Val Acc: 0.4160
2018-08-18 12:25:35,903:INFO: Epoch 20/99
2018-08-18 12:25:35,903:INFO: ----------
2018-08-18 12:26:31,829:INFO: Train Loss: 0.4924 Acc: 0.6661
2018-08-18 12:27:10,031:INFO: Val Acc: 0.4327
2018-08-18 12:27:10,032:INFO: Epoch 21/99
2018-08-18 12:27:10,032:INFO: ----------
2018-08-18 12:28:04,559:INFO: Train Loss: 0.4777 Acc: 0.6767
2018-08-18 12:28:37,536:INFO: Val Acc: 0.6055
2018-08-18 12:28:37,537:INFO: Found new best accuracy
2018-08-18 12:28:37,545:INFO: Epoch 22/99
2018-08-18 12:28:37,546:INFO: ----------
2018-08-18 12:29:26,476:INFO: Train Loss: 0.4612 Acc: 0.6871
2018-08-18 12:29:57,440:INFO: Val Acc: 0.4554
2018-08-18 12:29:57,441:INFO: Epoch 23/99
2018-08-18 12:29:57,441:INFO: ----------
2018-08-18 12:30:54,873:INFO: Train Loss: 0.4631 Acc: 0.6791
2018-08-18 12:31:26,953:INFO: Val Acc: 0.5743
2018-08-18 12:31:26,954:INFO: Epoch 24/99
2018-08-18 12:31:26,954:INFO: ----------
2018-08-18 12:32:19,405:INFO: Train Loss: 0.4501 Acc: 0.6946
2018-08-18 12:32:51,918:INFO: Val Acc: 0.4907
2018-08-18 12:32:51,919:INFO: Epoch 25/99
2018-08-18 12:32:51,919:INFO: ----------
2018-08-18 12:33:44,634:INFO: Train Loss: 0.4473 Acc: 0.7024
2018-08-18 12:34:24,390:INFO: Val Acc: 0.4128
2018-08-18 12:34:24,391:INFO: Epoch 26/99
2018-08-18 12:34:24,391:INFO: ----------
2018-08-18 12:35:15,045:INFO: Train Loss: 0.4264 Acc: 0.7119
2018-08-18 12:35:42,909:INFO: Val Acc: 0.4770
2018-08-18 12:35:42,910:INFO: Epoch 27/99
2018-08-18 12:35:42,910:INFO: ----------
2018-08-18 12:36:35,558:INFO: Train Loss: 0.4302 Acc: 0.7102
2018-08-18 12:37:06,117:INFO: Val Acc: 0.5073
2018-08-18 12:37:06,117:INFO: Epoch 28/99
2018-08-18 12:37:06,117:INFO: ----------
2018-08-18 12:37:56,775:INFO: Train Loss: 0.4283 Acc: 0.7108
2018-08-18 12:38:31,530:INFO: Val Acc: 0.5907
2018-08-18 12:38:31,531:INFO: Epoch 29/99
2018-08-18 12:38:31,532:INFO: ----------
2018-08-18 12:39:24,759:INFO: Train Loss: 0.4148 Acc: 0.7211
2018-08-18 12:39:57,377:INFO: Val Acc: 0.5746
2018-08-18 12:39:57,377:INFO: Epoch 30/99
2018-08-18 12:39:57,378:INFO: ----------
2018-08-18 12:40:48,389:INFO: Train Loss: 0.3441 Acc: 0.7763
2018-08-18 12:41:20,729:INFO: Val Acc: 0.7280
2018-08-18 12:41:20,732:INFO: Found new best accuracy
2018-08-18 12:41:20,755:INFO: Epoch 31/99
2018-08-18 12:41:20,756:INFO: ----------
2018-08-18 12:42:12,626:INFO: Train Loss: 0.3151 Acc: 0.8017
2018-08-18 12:42:49,881:INFO: Val Acc: 0.7359
2018-08-18 12:42:49,882:INFO: Found new best accuracy
2018-08-18 12:42:49,890:INFO: Epoch 32/99
2018-08-18 12:42:49,890:INFO: ----------
2018-08-18 12:43:52,130:INFO: Train Loss: 0.3051 Acc: 0.8064
2018-08-18 12:44:30,178:INFO: Val Acc: 0.7504
2018-08-18 12:44:30,179:INFO: Found new best accuracy
2018-08-18 12:44:30,183:INFO: Epoch 33/99
2018-08-18 12:44:30,183:INFO: ----------
2018-08-18 12:45:23,035:INFO: Train Loss: 0.2991 Acc: 0.8123
2018-08-18 12:46:05,407:INFO: Val Acc: 0.7580
2018-08-18 12:46:05,408:INFO: Found new best accuracy
2018-08-18 12:46:05,413:INFO: Epoch 34/99
2018-08-18 12:46:05,414:INFO: ----------
2018-08-18 12:46:57,348:INFO: Train Loss: 0.2947 Acc: 0.8196
2018-08-18 12:47:30,740:INFO: Val Acc: 0.7551
2018-08-18 12:47:30,741:INFO: Epoch 35/99
2018-08-18 12:47:30,741:INFO: ----------
2018-08-18 12:48:26,925:INFO: Train Loss: 0.2894 Acc: 0.8194
2018-08-18 12:49:02,462:INFO: Val Acc: 0.7475
2018-08-18 12:49:02,463:INFO: Epoch 36/99
2018-08-18 12:49:02,463:INFO: ----------
2018-08-18 12:49:55,554:INFO: Train Loss: 0.2860 Acc: 0.8231
2018-08-18 12:50:24,710:INFO: Val Acc: 0.7542
2018-08-18 12:50:24,711:INFO: Epoch 37/99
2018-08-18 12:50:24,711:INFO: ----------
2018-08-18 12:51:14,109:INFO: Train Loss: 0.2814 Acc: 0.8260
2018-08-18 12:51:45,974:INFO: Val Acc: 0.7458
2018-08-18 12:51:45,974:INFO: Epoch 38/99
2018-08-18 12:51:45,974:INFO: ----------
2018-08-18 12:52:38,724:INFO: Train Loss: 0.2754 Acc: 0.8287
2018-08-18 12:53:14,790:INFO: Val Acc: 0.7458
2018-08-18 12:53:14,791:INFO: Epoch 39/99
2018-08-18 12:53:14,791:INFO: ----------
2018-08-18 12:54:11,191:INFO: Train Loss: 0.2728 Acc: 0.8312
2018-08-18 12:54:49,679:INFO: Val Acc: 0.7429
2018-08-18 12:54:49,680:INFO: Epoch 40/99
2018-08-18 12:54:49,680:INFO: ----------
2018-08-18 12:55:43,963:INFO: Train Loss: 0.2705 Acc: 0.8382
2018-08-18 12:56:15,333:INFO: Val Acc: 0.7551
2018-08-18 12:56:15,333:INFO: Epoch 41/99
2018-08-18 12:56:15,334:INFO: ----------
2018-08-18 12:57:08,943:INFO: Train Loss: 0.2656 Acc: 0.8375
2018-08-18 12:57:38,707:INFO: Val Acc: 0.7507
2018-08-18 12:57:38,709:INFO: Epoch 42/99
2018-08-18 12:57:38,709:INFO: ----------
2018-08-18 12:58:29,884:INFO: Train Loss: 0.2654 Acc: 0.8379
2018-08-18 12:58:59,673:INFO: Val Acc: 0.7484
2018-08-18 12:58:59,674:INFO: Epoch 43/99
2018-08-18 12:58:59,674:INFO: ----------
2018-08-18 12:59:50,568:INFO: Train Loss: 0.2612 Acc: 0.8446
2018-08-18 13:00:24,232:INFO: Val Acc: 0.7499
2018-08-18 13:00:24,233:INFO: Epoch 44/99
2018-08-18 13:00:24,233:INFO: ----------
2018-08-18 13:01:15,633:INFO: Train Loss: 0.2571 Acc: 0.8460
2018-08-18 13:01:45,504:INFO: Val Acc: 0.7624
2018-08-18 13:01:45,504:INFO: Found new best accuracy
2018-08-18 13:01:45,510:INFO: Epoch 45/99
2018-08-18 13:01:45,510:INFO: ----------
2018-08-18 13:02:45,877:INFO: Train Loss: 0.2533 Acc: 0.8520
2018-08-18 13:03:14,175:INFO: Val Acc: 0.7554
2018-08-18 13:03:14,177:INFO: Epoch 46/99
2018-08-18 13:03:14,177:INFO: ----------
2018-08-18 13:04:07,541:INFO: Train Loss: 0.2505 Acc: 0.8533
2018-08-18 13:04:43,126:INFO: Val Acc: 0.7592
2018-08-18 13:04:43,126:INFO: Epoch 47/99
2018-08-18 13:04:43,126:INFO: ----------
2018-08-18 13:05:41,185:INFO: Train Loss: 0.2454 Acc: 0.8610
2018-08-18 13:06:20,381:INFO: Val Acc: 0.7484
2018-08-18 13:06:20,382:INFO: Epoch 48/99
2018-08-18 13:06:20,382:INFO: ----------
2018-08-18 13:07:14,216:INFO: Train Loss: 0.2437 Acc: 0.8579
2018-08-18 13:07:48,284:INFO: Val Acc: 0.7633
2018-08-18 13:07:48,285:INFO: Found new best accuracy
2018-08-18 13:07:48,290:INFO: Epoch 49/99
2018-08-18 13:07:48,290:INFO: ----------
2018-08-18 13:08:45,615:INFO: Train Loss: 0.2410 Acc: 0.8632
2018-08-18 13:09:13,711:INFO: Val Acc: 0.7187
2018-08-18 13:09:13,712:INFO: Epoch 50/99
2018-08-18 13:09:13,713:INFO: ----------
2018-08-18 13:10:04,086:INFO: Train Loss: 0.2377 Acc: 0.8652
2018-08-18 13:10:38,189:INFO: Val Acc: 0.7487
2018-08-18 13:10:38,190:INFO: Epoch 51/99
2018-08-18 13:10:38,190:INFO: ----------
2018-08-18 13:11:36,363:INFO: Train Loss: 0.2331 Acc: 0.8731
2018-08-18 13:12:04,968:INFO: Val Acc: 0.7181
2018-08-18 13:12:04,969:INFO: Epoch 52/99
2018-08-18 13:12:04,970:INFO: ----------
2018-08-18 13:12:52,501:INFO: Train Loss: 0.2302 Acc: 0.8767
2018-08-18 13:13:29,172:INFO: Val Acc: 0.7507
2018-08-18 13:13:29,172:INFO: Epoch 53/99
2018-08-18 13:13:29,173:INFO: ----------
2018-08-18 13:14:20,600:INFO: Train Loss: 0.2226 Acc: 0.8791
2018-08-18 13:14:55,543:INFO: Val Acc: 0.7598
2018-08-18 13:14:55,543:INFO: Epoch 54/99
2018-08-18 13:14:55,543:INFO: ----------
2018-08-18 13:15:45,778:INFO: Train Loss: 0.2277 Acc: 0.8759
2018-08-18 13:16:20,781:INFO: Val Acc: 0.7624
2018-08-18 13:16:20,783:INFO: Epoch 55/99
2018-08-18 13:16:20,783:INFO: ----------
2018-08-18 13:17:21,285:INFO: Train Loss: 0.2208 Acc: 0.8817
2018-08-18 13:17:50,180:INFO: Val Acc: 0.7274
2018-08-18 13:17:50,181:INFO: Epoch 56/99
2018-08-18 13:17:50,181:INFO: ----------
2018-08-18 13:18:48,211:INFO: Train Loss: 0.2178 Acc: 0.8844
2018-08-18 13:19:20,444:INFO: Val Acc: 0.7531
2018-08-18 13:19:20,445:INFO: Epoch 57/99
2018-08-18 13:19:20,445:INFO: ----------
2018-08-18 13:20:12,218:INFO: Train Loss: 0.2155 Acc: 0.8855
2018-08-18 13:20:46,795:INFO: Val Acc: 0.7490
2018-08-18 13:20:46,796:INFO: Epoch 58/99
2018-08-18 13:20:46,796:INFO: ----------
2018-08-18 13:21:46,380:INFO: Train Loss: 0.2070 Acc: 0.8952
2018-08-18 13:22:26,423:INFO: Val Acc: 0.7350
2018-08-18 13:22:26,424:INFO: Epoch 59/99
2018-08-18 13:22:26,424:INFO: ----------
2018-08-18 13:23:20,048:INFO: Train Loss: 0.2048 Acc: 0.8990
2018-08-18 13:23:48,995:INFO: Val Acc: 0.7464
2018-08-18 13:23:48,996:INFO: Epoch 60/99
2018-08-18 13:23:48,996:INFO: ----------
2018-08-18 13:24:48,710:INFO: Train Loss: 0.1892 Acc: 0.9130
2018-08-18 13:25:21,312:INFO: Val Acc: 0.7743
2018-08-18 13:25:21,313:INFO: Found new best accuracy
2018-08-18 13:25:21,318:INFO: Epoch 61/99
2018-08-18 13:25:21,318:INFO: ----------
2018-08-18 13:26:14,684:INFO: Train Loss: 0.1838 Acc: 0.9175
2018-08-18 13:26:42,816:INFO: Val Acc: 0.7752
2018-08-18 13:26:42,816:INFO: Found new best accuracy
2018-08-18 13:26:42,821:INFO: Epoch 62/99
2018-08-18 13:26:42,821:INFO: ----------
2018-08-18 13:27:33,427:INFO: Train Loss: 0.1806 Acc: 0.9236
2018-08-18 13:28:12,912:INFO: Val Acc: 0.7764
2018-08-18 13:28:12,913:INFO: Found new best accuracy
2018-08-18 13:28:12,927:INFO: Epoch 63/99
2018-08-18 13:28:12,928:INFO: ----------
2018-08-18 13:29:10,773:INFO: Train Loss: 0.1802 Acc: 0.9229
2018-08-18 13:29:45,491:INFO: Val Acc: 0.7776
2018-08-18 13:29:45,491:INFO: Found new best accuracy
2018-08-18 13:29:45,499:INFO: Epoch 64/99
2018-08-18 13:29:45,499:INFO: ----------
2018-08-18 13:30:40,913:INFO: Train Loss: 0.1804 Acc: 0.9230
2018-08-18 13:31:07,981:INFO: Val Acc: 0.7778
2018-08-18 13:31:07,982:INFO: Found new best accuracy
2018-08-18 13:31:07,986:INFO: Epoch 65/99
2018-08-18 13:31:07,987:INFO: ----------
2018-08-18 13:32:01,706:INFO: Train Loss: 0.1809 Acc: 0.9214
2018-08-18 13:32:31,430:INFO: Val Acc: 0.7770
2018-08-18 13:32:31,430:INFO: Epoch 66/99
2018-08-18 13:32:31,430:INFO: ----------
2018-08-18 13:33:23,581:INFO: Train Loss: 0.1794 Acc: 0.9237
2018-08-18 13:33:54,916:INFO: Val Acc: 0.7802
2018-08-18 13:33:54,916:INFO: Found new best accuracy
2018-08-18 13:33:54,922:INFO: Epoch 67/99
2018-08-18 13:33:54,922:INFO: ----------
2018-08-18 13:34:48,358:INFO: Train Loss: 0.1799 Acc: 0.9226
2018-08-18 13:35:17,197:INFO: Val Acc: 0.7776
2018-08-18 13:35:17,198:INFO: Epoch 68/99
2018-08-18 13:35:17,198:INFO: ----------
2018-08-18 13:36:14,949:INFO: Train Loss: 0.1791 Acc: 0.9267
2018-08-18 13:36:54,718:INFO: Val Acc: 0.7808
2018-08-18 13:36:54,719:INFO: Found new best accuracy
2018-08-18 13:36:54,727:INFO: Epoch 69/99
2018-08-18 13:36:54,728:INFO: ----------
2018-08-18 13:37:46,655:INFO: Train Loss: 0.1769 Acc: 0.9273
2018-08-18 13:38:16,716:INFO: Val Acc: 0.7770
2018-08-18 13:38:16,716:INFO: Epoch 70/99
2018-08-18 13:38:16,716:INFO: ----------
2018-08-18 13:39:10,325:INFO: Train Loss: 0.1773 Acc: 0.9236
2018-08-18 13:39:52,740:INFO: Val Acc: 0.7778
2018-08-18 13:39:52,741:INFO: Epoch 71/99
2018-08-18 13:39:52,741:INFO: ----------
2018-08-18 13:40:46,632:INFO: Train Loss: 0.1766 Acc: 0.9271
2018-08-18 13:41:18,843:INFO: Val Acc: 0.7787
2018-08-18 13:41:18,843:INFO: Epoch 72/99
2018-08-18 13:41:18,844:INFO: ----------
2018-08-18 13:42:12,330:INFO: Train Loss: 0.1768 Acc: 0.9304
2018-08-18 13:42:39,517:INFO: Val Acc: 0.7825
2018-08-18 13:42:39,517:INFO: Found new best accuracy
2018-08-18 13:42:39,525:INFO: Epoch 73/99
2018-08-18 13:42:39,525:INFO: ----------
2018-08-18 13:43:32,288:INFO: Train Loss: 0.1750 Acc: 0.9299
2018-08-18 13:44:00,772:INFO: Val Acc: 0.7726
2018-08-18 13:44:00,773:INFO: Epoch 74/99
2018-08-18 13:44:00,773:INFO: ----------
2018-08-18 13:44:53,052:INFO: Train Loss: 0.1760 Acc: 0.9267
2018-08-18 13:45:24,252:INFO: Val Acc: 0.7773
2018-08-18 13:45:24,253:INFO: Epoch 75/99
2018-08-18 13:45:24,253:INFO: ----------
2018-08-18 13:46:17,622:INFO: Train Loss: 0.1746 Acc: 0.9268
2018-08-18 13:46:52,295:INFO: Val Acc: 0.7726
2018-08-18 13:46:52,295:INFO: Epoch 76/99
2018-08-18 13:46:52,295:INFO: ----------
2018-08-18 13:47:40,907:INFO: Train Loss: 0.1745 Acc: 0.9278
2018-08-18 13:48:13,474:INFO: Val Acc: 0.7802
2018-08-18 13:48:13,475:INFO: Epoch 77/99
2018-08-18 13:48:13,475:INFO: ----------
2018-08-18 13:49:04,163:INFO: Train Loss: 0.1744 Acc: 0.9304
2018-08-18 13:49:33,500:INFO: Val Acc: 0.7816
2018-08-18 13:49:33,500:INFO: Epoch 78/99
2018-08-18 13:49:33,500:INFO: ----------
2018-08-18 13:50:24,002:INFO: Train Loss: 0.1731 Acc: 0.9329
2018-08-18 13:50:52,740:INFO: Val Acc: 0.7825
2018-08-18 13:50:52,741:INFO: Epoch 79/99
2018-08-18 13:50:52,741:INFO: ----------
2018-08-18 13:51:42,029:INFO: Train Loss: 0.1733 Acc: 0.9313
2018-08-18 13:52:14,288:INFO: Val Acc: 0.7816
2018-08-18 13:52:14,288:INFO: Epoch 80/99
2018-08-18 13:52:14,288:INFO: ----------
2018-08-18 13:53:04,864:INFO: Train Loss: 0.1727 Acc: 0.9293
2018-08-18 13:53:34,412:INFO: Val Acc: 0.7778
2018-08-18 13:53:34,413:INFO: Epoch 81/99
2018-08-18 13:53:34,414:INFO: ----------
2018-08-18 13:54:24,401:INFO: Train Loss: 0.1723 Acc: 0.9326
2018-08-18 13:54:52,923:INFO: Val Acc: 0.7796
2018-08-18 13:54:52,923:INFO: Epoch 82/99
2018-08-18 13:54:52,924:INFO: ----------
2018-08-18 13:55:47,140:INFO: Train Loss: 0.1718 Acc: 0.9336
2018-08-18 13:56:09,689:INFO: Val Acc: 0.7784
2018-08-18 13:56:09,691:INFO: Epoch 83/99
2018-08-18 13:56:09,691:INFO: ----------
2018-08-18 13:57:06,308:INFO: Train Loss: 0.1709 Acc: 0.9335
2018-08-18 13:57:41,342:INFO: Val Acc: 0.7840
2018-08-18 13:57:41,342:INFO: Found new best accuracy
2018-08-18 13:57:41,347:INFO: Epoch 84/99
2018-08-18 13:57:41,347:INFO: ----------
2018-08-18 13:58:38,354:INFO: Train Loss: 0.1695 Acc: 0.9339
2018-08-18 13:59:02,353:INFO: Val Acc: 0.7813
2018-08-18 13:59:02,354:INFO: Epoch 85/99
2018-08-18 13:59:02,354:INFO: ----------
2018-08-18 13:59:53,074:INFO: Train Loss: 0.1691 Acc: 0.9323
2018-08-18 14:00:22,183:INFO: Val Acc: 0.7831
2018-08-18 14:00:22,184:INFO: Epoch 86/99
2018-08-18 14:00:22,184:INFO: ----------
2018-08-18 14:01:09,403:INFO: Train Loss: 0.1699 Acc: 0.9330
2018-08-18 14:01:38,904:INFO: Val Acc: 0.7810
2018-08-18 14:01:38,904:INFO: Epoch 87/99
2018-08-18 14:01:38,905:INFO: ----------
2018-08-18 14:02:28,906:INFO: Train Loss: 0.1693 Acc: 0.9353
2018-08-18 14:02:57,915:INFO: Val Acc: 0.7764
2018-08-18 14:02:57,917:INFO: Epoch 88/99
2018-08-18 14:02:57,917:INFO: ----------
2018-08-18 14:03:48,790:INFO: Train Loss: 0.1686 Acc: 0.9351
2018-08-18 14:04:20,026:INFO: Val Acc: 0.7796
2018-08-18 14:04:20,026:INFO: Epoch 89/99
2018-08-18 14:04:20,026:INFO: ----------
2018-08-18 14:05:04,505:INFO: Train Loss: 0.1687 Acc: 0.9323
2018-08-18 14:05:23,556:INFO: Val Acc: 0.7799
2018-08-18 14:05:23,556:INFO: Epoch 90/99
2018-08-18 14:05:23,557:INFO: ----------
2018-08-18 14:06:06,463:INFO: Train Loss: 0.1653 Acc: 0.9382
2018-08-18 14:06:28,644:INFO: Val Acc: 0.7787
2018-08-18 14:06:28,645:INFO: Epoch 91/99
2018-08-18 14:06:28,645:INFO: ----------
2018-08-18 14:07:13,120:INFO: Train Loss: 0.1663 Acc: 0.9386
2018-08-18 14:07:30,710:INFO: Val Acc: 0.7808
2018-08-18 14:07:30,710:INFO: Epoch 92/99
2018-08-18 14:07:30,710:INFO: ----------
2018-08-18 14:08:19,544:INFO: Train Loss: 0.1654 Acc: 0.9396
2018-08-18 14:08:47,662:INFO: Val Acc: 0.7799
2018-08-18 14:08:47,662:INFO: Epoch 93/99
2018-08-18 14:08:47,663:INFO: ----------
2018-08-18 14:09:36,107:INFO: Train Loss: 0.1644 Acc: 0.9386
2018-08-18 14:10:10,974:INFO: Val Acc: 0.7799
2018-08-18 14:10:10,974:INFO: Epoch 94/99
2018-08-18 14:10:10,976:INFO: ----------
2018-08-18 14:10:59,769:INFO: Train Loss: 0.1652 Acc: 0.9409
2018-08-18 14:11:26,037:INFO: Val Acc: 0.7776
2018-08-18 14:11:26,037:INFO: Epoch 95/99
2018-08-18 14:11:26,037:INFO: ----------
2018-08-18 14:12:10,403:INFO: Train Loss: 0.1659 Acc: 0.9374
2018-08-18 14:12:44,820:INFO: Val Acc: 0.7808
2018-08-18 14:12:44,822:INFO: Epoch 96/99
2018-08-18 14:12:44,822:INFO: ----------
2018-08-18 14:13:30,411:INFO: Train Loss: 0.1650 Acc: 0.9386
2018-08-18 14:13:52,131:INFO: Val Acc: 0.7793
2018-08-18 14:13:52,131:INFO: Epoch 97/99
2018-08-18 14:13:52,132:INFO: ----------
2018-08-18 14:14:36,120:INFO: Train Loss: 0.1655 Acc: 0.9392
2018-08-18 14:15:01,311:INFO: Val Acc: 0.7813
2018-08-18 14:15:01,311:INFO: Epoch 98/99
2018-08-18 14:15:01,311:INFO: ----------
2018-08-18 14:15:43,968:INFO: Train Loss: 0.1664 Acc: 0.9369
2018-08-18 14:16:03,557:INFO: Val Acc: 0.7805
2018-08-18 14:16:03,557:INFO: Epoch 99/99
2018-08-18 14:16:03,557:INFO: ----------
2018-08-18 14:16:48,127:INFO: Train Loss: 0.1650 Acc: 0.9386
2018-08-18 14:17:07,537:INFO: Val Acc: 0.7813
2018-08-18 14:17:07,538:INFO: Training complete in 140m 34s
2018-08-18 14:17:07,539:INFO: Best val Acc: 0.783965
2018-08-18 14:17:26,071:INFO: Test Acc: 0.8028
