2018-08-17 17:17:08,322:INFO: Loading the datasets...
2018-08-17 17:17:08,398:INFO: - done.
2018-08-17 17:18:53,150:INFO: Loading the datasets...
2018-08-17 17:18:53,225:INFO: - done.
2018-08-17 17:19:05,024:INFO: Starting training for 100 epoch(s)
2018-08-17 17:19:05,032:INFO: Epoch 0/99
2018-08-17 17:19:05,032:INFO: ----------
2018-08-17 17:19:38,381:INFO: Loading the datasets...
2018-08-17 17:19:38,475:INFO: - done.
2018-08-17 17:20:36,522:INFO: Loading the datasets...
2018-08-17 17:20:36,598:INFO: - done.
2018-08-17 17:20:49,542:INFO: Starting training for 100 epoch(s)
2018-08-17 17:20:49,550:INFO: Epoch 0/99
2018-08-17 17:20:49,550:INFO: ----------
2018-08-17 17:22:30,323:INFO: Loading the datasets...
2018-08-17 17:22:30,409:INFO: - done.
2018-08-17 17:22:46,467:INFO: Starting training for 100 epoch(s)
2018-08-17 17:22:46,474:INFO: Epoch 0/99
2018-08-17 17:22:46,474:INFO: ----------
2018-08-17 17:47:15,744:INFO: Loading the datasets...
2018-08-17 17:47:15,873:INFO: - done.
2018-08-17 17:47:39,609:INFO: Starting training for 100 epoch(s)
2018-08-17 17:47:39,615:INFO: Epoch 0/99
2018-08-17 17:47:39,615:INFO: ----------
2018-08-17 17:49:10,983:INFO: Loading the datasets...
2018-08-17 17:49:11,115:INFO: - done.
2018-08-17 17:49:30,174:INFO: Starting training for 100 epoch(s)
2018-08-17 17:49:30,180:INFO: Epoch 0/99
2018-08-17 17:49:30,180:INFO: ----------
2018-08-17 17:57:09,168:INFO: Loading the datasets...
2018-08-17 17:57:09,286:INFO: - done.
2018-08-17 17:57:29,174:INFO: Starting training for 100 epoch(s)
2018-08-17 17:57:29,179:INFO: Epoch 0/99
2018-08-17 17:57:29,179:INFO: ----------
2018-08-17 17:58:27,242:INFO: Train Loss: 2.0653 Acc: 0.2646
2018-08-17 17:59:01,614:INFO: Val Acc: 0.2933
2018-08-17 17:59:01,615:INFO: Found new best accuracy
2018-08-17 17:59:01,622:INFO: Epoch 1/99
2018-08-17 17:59:01,622:INFO: ----------
2018-08-17 17:59:59,697:INFO: Train Loss: 1.8681 Acc: 0.3483
2018-08-17 18:00:39,240:INFO: Val Acc: 0.3802
2018-08-17 18:00:39,241:INFO: Found new best accuracy
2018-08-17 18:00:39,248:INFO: Epoch 2/99
2018-08-17 18:00:39,248:INFO: ----------
2018-08-17 18:01:42,452:INFO: Train Loss: 1.7895 Acc: 0.3812
2018-08-17 18:02:16,945:INFO: Val Acc: 0.3708
2018-08-17 18:02:16,946:INFO: Epoch 3/99
2018-08-17 18:02:16,946:INFO: ----------
2018-08-17 18:03:27,789:INFO: Train Loss: 1.7166 Acc: 0.4044
2018-08-17 18:03:59,795:INFO: Val Acc: 0.3426
2018-08-17 18:03:59,796:INFO: Epoch 4/99
2018-08-17 18:03:59,797:INFO: ----------
2018-08-17 18:05:08,517:INFO: Train Loss: 1.6769 Acc: 0.4226
2018-08-17 18:05:40,236:INFO: Val Acc: 0.3303
2018-08-17 18:05:40,236:INFO: Epoch 5/99
2018-08-17 18:05:40,236:INFO: ----------
2018-08-17 18:06:32,636:INFO: Train Loss: 1.6529 Acc: 0.4246
2018-08-17 18:07:01,198:INFO: Val Acc: 0.4125
2018-08-17 18:07:01,198:INFO: Found new best accuracy
2018-08-17 18:07:01,205:INFO: Epoch 6/99
2018-08-17 18:07:01,205:INFO: ----------
2018-08-17 18:08:07,145:INFO: Train Loss: 1.6070 Acc: 0.4497
2018-08-17 18:08:43,154:INFO: Val Acc: 0.2927
2018-08-17 18:08:43,157:INFO: Epoch 7/99
2018-08-17 18:08:43,157:INFO: ----------
2018-08-17 18:09:42,473:INFO: Train Loss: 1.5724 Acc: 0.4573
2018-08-17 18:10:20,229:INFO: Val Acc: 0.4210
2018-08-17 18:10:20,230:INFO: Found new best accuracy
2018-08-17 18:10:20,236:INFO: Epoch 8/99
2018-08-17 18:10:20,236:INFO: ----------
2018-08-17 18:11:10,898:INFO: Train Loss: 1.5321 Acc: 0.4744
2018-08-17 18:11:49,925:INFO: Val Acc: 0.3892
2018-08-17 18:11:49,926:INFO: Epoch 9/99
2018-08-17 18:11:49,926:INFO: ----------
2018-08-17 18:12:43,510:INFO: Train Loss: 1.4648 Acc: 0.5015
2018-08-17 18:13:15,301:INFO: Val Acc: 0.1921
2018-08-17 18:13:15,302:INFO: Epoch 10/99
2018-08-17 18:13:15,302:INFO: ----------
2018-08-17 18:14:07,468:INFO: Train Loss: 1.4160 Acc: 0.5186
2018-08-17 18:14:46,442:INFO: Val Acc: 0.4268
2018-08-17 18:14:46,444:INFO: Found new best accuracy
2018-08-17 18:14:46,454:INFO: Epoch 11/99
2018-08-17 18:14:46,454:INFO: ----------
2018-08-17 18:15:39,749:INFO: Train Loss: 1.3658 Acc: 0.5366
2018-08-17 18:16:12,382:INFO: Val Acc: 0.4583
2018-08-17 18:16:12,382:INFO: Found new best accuracy
2018-08-17 18:16:12,390:INFO: Epoch 12/99
2018-08-17 18:16:12,390:INFO: ----------
2018-08-17 18:17:01,576:INFO: Train Loss: 1.3313 Acc: 0.5476
2018-08-17 18:17:38,662:INFO: Val Acc: 0.4289
2018-08-17 18:17:38,662:INFO: Epoch 13/99
2018-08-17 18:17:38,663:INFO: ----------
2018-08-17 18:18:36,458:INFO: Train Loss: 1.3227 Acc: 0.5461
2018-08-17 18:19:14,875:INFO: Val Acc: 0.4096
2018-08-17 18:19:14,875:INFO: Epoch 14/99
2018-08-17 18:19:14,876:INFO: ----------
2018-08-17 18:20:17,311:INFO: Train Loss: 1.2821 Acc: 0.5667
2018-08-17 18:20:48,399:INFO: Val Acc: 0.4061
2018-08-17 18:20:48,399:INFO: Epoch 15/99
2018-08-17 18:20:48,399:INFO: ----------
2018-08-17 18:21:38,780:INFO: Train Loss: 1.2374 Acc: 0.5836
2018-08-17 18:22:07,892:INFO: Val Acc: 0.3927
2018-08-17 18:22:07,892:INFO: Epoch 16/99
2018-08-17 18:22:07,893:INFO: ----------
2018-08-17 18:23:05,122:INFO: Train Loss: 1.2178 Acc: 0.5914
2018-08-17 18:23:36,848:INFO: Val Acc: 0.4356
2018-08-17 18:23:36,848:INFO: Epoch 17/99
2018-08-17 18:23:36,849:INFO: ----------
2018-08-17 18:24:26,899:INFO: Train Loss: 1.1287 Acc: 0.6170
2018-08-17 18:25:05,175:INFO: Val Acc: 0.4665
2018-08-17 18:25:05,176:INFO: Found new best accuracy
2018-08-17 18:25:05,180:INFO: Epoch 18/99
2018-08-17 18:25:05,180:INFO: ----------
2018-08-17 18:25:57,289:INFO: Train Loss: 1.0879 Acc: 0.6340
2018-08-17 18:26:35,608:INFO: Val Acc: 0.4493
2018-08-17 18:26:35,609:INFO: Epoch 19/99
2018-08-17 18:26:35,609:INFO: ----------
2018-08-17 18:27:28,850:INFO: Train Loss: 1.1112 Acc: 0.6227
2018-08-17 18:28:03,405:INFO: Val Acc: 0.5076
2018-08-17 18:28:03,406:INFO: Found new best accuracy
2018-08-17 18:28:03,411:INFO: Epoch 20/99
2018-08-17 18:28:03,412:INFO: ----------
2018-08-17 18:29:05,147:INFO: Train Loss: 1.0702 Acc: 0.6362
2018-08-17 18:29:31,835:INFO: Val Acc: 0.4259
2018-08-17 18:29:31,839:INFO: Epoch 21/99
2018-08-17 18:29:31,840:INFO: ----------
2018-08-17 18:30:24,308:INFO: Train Loss: 1.0360 Acc: 0.6500
2018-08-17 18:31:06,394:INFO: Val Acc: 0.4402
2018-08-17 18:31:06,394:INFO: Epoch 22/99
2018-08-17 18:31:06,394:INFO: ----------
2018-08-17 18:32:03,469:INFO: Train Loss: 1.0251 Acc: 0.6562
2018-08-17 18:32:34,487:INFO: Val Acc: 0.4032
2018-08-17 18:32:34,488:INFO: Epoch 23/99
2018-08-17 18:32:34,489:INFO: ----------
2018-08-17 18:33:23,505:INFO: Train Loss: 1.0563 Acc: 0.6466
2018-08-17 18:33:54,434:INFO: Val Acc: 0.4181
2018-08-17 18:33:54,435:INFO: Epoch 24/99
2018-08-17 18:33:54,435:INFO: ----------
2018-08-17 18:34:50,371:INFO: Train Loss: 0.9655 Acc: 0.6784
2018-08-17 18:35:21,106:INFO: Val Acc: 0.4411
2018-08-17 18:35:21,106:INFO: Epoch 25/99
2018-08-17 18:35:21,106:INFO: ----------
2018-08-17 18:36:11,770:INFO: Train Loss: 0.9968 Acc: 0.6673
2018-08-17 18:36:45,320:INFO: Val Acc: 0.5778
2018-08-17 18:36:45,320:INFO: Found new best accuracy
2018-08-17 18:36:45,326:INFO: Epoch 26/99
2018-08-17 18:36:45,327:INFO: ----------
2018-08-17 18:37:35,880:INFO: Train Loss: 0.9354 Acc: 0.6874
2018-08-17 18:38:08,426:INFO: Val Acc: 0.5015
2018-08-17 18:38:08,426:INFO: Epoch 27/99
2018-08-17 18:38:08,426:INFO: ----------
2018-08-17 18:38:59,276:INFO: Train Loss: 0.9824 Acc: 0.6690
2018-08-17 18:39:30,487:INFO: Val Acc: 0.4166
2018-08-17 18:39:30,488:INFO: Epoch 28/99
2018-08-17 18:39:30,488:INFO: ----------
2018-08-17 18:40:18,869:INFO: Train Loss: 0.8910 Acc: 0.6979
2018-08-17 18:40:50,220:INFO: Val Acc: 0.3942
2018-08-17 18:40:50,221:INFO: Epoch 29/99
2018-08-17 18:40:50,221:INFO: ----------
2018-08-17 18:41:42,812:INFO: Train Loss: 0.8879 Acc: 0.7050
2018-08-17 18:42:13,113:INFO: Val Acc: 0.5825
2018-08-17 18:42:13,113:INFO: Found new best accuracy
2018-08-17 18:42:13,119:INFO: Epoch 30/99
2018-08-17 18:42:13,120:INFO: ----------
2018-08-17 18:43:06,567:INFO: Train Loss: 0.7162 Acc: 0.7643
2018-08-17 18:43:32,809:INFO: Val Acc: 0.7222
2018-08-17 18:43:32,809:INFO: Found new best accuracy
2018-08-17 18:43:32,813:INFO: Epoch 31/99
2018-08-17 18:43:32,814:INFO: ----------
2018-08-17 18:44:24,039:INFO: Train Loss: 0.6496 Acc: 0.7909
2018-08-17 18:44:57,948:INFO: Val Acc: 0.7268
2018-08-17 18:44:57,948:INFO: Found new best accuracy
2018-08-17 18:44:57,955:INFO: Epoch 32/99
2018-08-17 18:44:57,955:INFO: ----------
2018-08-17 18:45:52,138:INFO: Train Loss: 0.6320 Acc: 0.7959
2018-08-17 18:46:28,799:INFO: Val Acc: 0.7262
2018-08-17 18:46:28,800:INFO: Epoch 33/99
2018-08-17 18:46:28,800:INFO: ----------
2018-08-17 18:47:25,409:INFO: Train Loss: 0.6182 Acc: 0.7985
2018-08-17 18:47:52,819:INFO: Val Acc: 0.7405
2018-08-17 18:47:52,820:INFO: Found new best accuracy
2018-08-17 18:47:52,824:INFO: Epoch 34/99
2018-08-17 18:47:52,824:INFO: ----------
2018-08-17 18:48:40,133:INFO: Train Loss: 0.6061 Acc: 0.8049
2018-08-17 18:49:06,558:INFO: Val Acc: 0.7134
2018-08-17 18:49:06,559:INFO: Epoch 35/99
2018-08-17 18:49:06,559:INFO: ----------
2018-08-17 18:50:04,021:INFO: Train Loss: 0.5974 Acc: 0.8064
2018-08-17 18:50:37,015:INFO: Val Acc: 0.7131
2018-08-17 18:50:37,016:INFO: Epoch 36/99
2018-08-17 18:50:37,016:INFO: ----------
2018-08-17 18:51:27,054:INFO: Train Loss: 0.5774 Acc: 0.8107
2018-08-17 18:52:00,281:INFO: Val Acc: 0.7102
2018-08-17 18:52:00,282:INFO: Epoch 37/99
2018-08-17 18:52:00,282:INFO: ----------
2018-08-17 18:52:47,527:INFO: Train Loss: 0.5721 Acc: 0.8124
2018-08-17 18:53:18,532:INFO: Val Acc: 0.7087
2018-08-17 18:53:18,533:INFO: Epoch 38/99
2018-08-17 18:53:18,533:INFO: ----------
2018-08-17 18:54:06,878:INFO: Train Loss: 0.5523 Acc: 0.8199
2018-08-17 18:54:40,403:INFO: Val Acc: 0.7341
2018-08-17 18:54:40,404:INFO: Epoch 39/99
2018-08-17 18:54:40,405:INFO: ----------
2018-08-17 18:55:32,790:INFO: Train Loss: 0.5479 Acc: 0.8235
2018-08-17 18:56:06,247:INFO: Val Acc: 0.7335
2018-08-17 18:56:06,247:INFO: Epoch 40/99
2018-08-17 18:56:06,247:INFO: ----------
2018-08-17 18:56:58,246:INFO: Train Loss: 0.5408 Acc: 0.8252
2018-08-17 18:57:27,933:INFO: Val Acc: 0.7172
2018-08-17 18:57:27,934:INFO: Epoch 41/99
2018-08-17 18:57:27,934:INFO: ----------
2018-08-17 18:58:19,024:INFO: Train Loss: 0.5233 Acc: 0.8330
2018-08-17 18:58:48,820:INFO: Val Acc: 0.7157
2018-08-17 18:58:48,821:INFO: Epoch 42/99
2018-08-17 18:58:48,821:INFO: ----------
2018-08-17 18:59:43,697:INFO: Train Loss: 0.5150 Acc: 0.8367
2018-08-17 19:00:14,314:INFO: Val Acc: 0.7332
2018-08-17 19:00:14,315:INFO: Epoch 43/99
2018-08-17 19:00:14,315:INFO: ----------
2018-08-17 19:01:05,377:INFO: Train Loss: 0.5111 Acc: 0.8369
2018-08-17 19:01:32,270:INFO: Val Acc: 0.7245
2018-08-17 19:01:32,270:INFO: Epoch 44/99
2018-08-17 19:01:32,270:INFO: ----------
2018-08-17 19:02:23,330:INFO: Train Loss: 0.4907 Acc: 0.8407
2018-08-17 19:02:57,781:INFO: Val Acc: 0.7131
2018-08-17 19:02:57,781:INFO: Epoch 45/99
2018-08-17 19:02:57,781:INFO: ----------
2018-08-17 19:03:43,863:INFO: Train Loss: 0.4888 Acc: 0.8448
2018-08-17 19:04:27,054:INFO: Val Acc: 0.6726
2018-08-17 19:04:27,054:INFO: Epoch 46/99
2018-08-17 19:04:27,054:INFO: ----------
2018-08-17 19:05:25,517:INFO: Train Loss: 0.4763 Acc: 0.8493
2018-08-17 19:05:54,210:INFO: Val Acc: 0.7338
2018-08-17 19:05:54,211:INFO: Epoch 47/99
2018-08-17 19:05:54,211:INFO: ----------
2018-08-17 19:06:48,210:INFO: Train Loss: 0.4614 Acc: 0.8535
2018-08-17 19:07:16,626:INFO: Val Acc: 0.6872
2018-08-17 19:07:16,626:INFO: Epoch 48/99
2018-08-17 19:07:16,626:INFO: ----------
2018-08-17 19:08:06,756:INFO: Train Loss: 0.4560 Acc: 0.8559
2018-08-17 19:08:35,642:INFO: Val Acc: 0.6860
2018-08-17 19:08:35,642:INFO: Epoch 49/99
2018-08-17 19:08:35,642:INFO: ----------
2018-08-17 19:09:32,289:INFO: Train Loss: 0.4443 Acc: 0.8617
2018-08-17 19:10:10,349:INFO: Val Acc: 0.7303
2018-08-17 19:10:10,349:INFO: Epoch 50/99
2018-08-17 19:10:10,349:INFO: ----------
2018-08-17 19:11:06,457:INFO: Train Loss: 0.4321 Acc: 0.8657
2018-08-17 19:11:38,192:INFO: Val Acc: 0.7254
2018-08-17 19:11:38,192:INFO: Epoch 51/99
2018-08-17 19:11:38,193:INFO: ----------
2018-08-17 19:12:29,931:INFO: Train Loss: 0.4144 Acc: 0.8686
2018-08-17 19:12:58,045:INFO: Val Acc: 0.7184
2018-08-17 19:12:58,046:INFO: Epoch 52/99
2018-08-17 19:12:58,046:INFO: ----------
2018-08-17 19:13:49,898:INFO: Train Loss: 0.4116 Acc: 0.8733
2018-08-17 19:14:16,049:INFO: Val Acc: 0.7184
2018-08-17 19:14:16,049:INFO: Epoch 53/99
2018-08-17 19:14:16,050:INFO: ----------
2018-08-17 19:15:08,624:INFO: Train Loss: 0.3903 Acc: 0.8835
2018-08-17 19:15:39,178:INFO: Val Acc: 0.6793
2018-08-17 19:15:39,179:INFO: Epoch 54/99
2018-08-17 19:15:39,179:INFO: ----------
2018-08-17 19:16:28,215:INFO: Train Loss: 0.4056 Acc: 0.8727
2018-08-17 19:16:59,673:INFO: Val Acc: 0.7192
2018-08-17 19:16:59,673:INFO: Epoch 55/99
2018-08-17 19:16:59,673:INFO: ----------
2018-08-17 19:17:47,873:INFO: Train Loss: 0.3788 Acc: 0.8847
2018-08-17 19:18:25,653:INFO: Val Acc: 0.7190
2018-08-17 19:18:25,653:INFO: Epoch 56/99
2018-08-17 19:18:25,653:INFO: ----------
2018-08-17 19:19:18,403:INFO: Train Loss: 0.3570 Acc: 0.8882
2018-08-17 19:19:49,246:INFO: Val Acc: 0.6099
2018-08-17 19:19:49,246:INFO: Epoch 57/99
2018-08-17 19:19:49,246:INFO: ----------
2018-08-17 19:20:38,240:INFO: Train Loss: 0.3381 Acc: 0.8994
2018-08-17 19:21:08,526:INFO: Val Acc: 0.6402
2018-08-17 19:21:08,527:INFO: Epoch 58/99
2018-08-17 19:21:08,527:INFO: ----------
2018-08-17 19:22:00,859:INFO: Train Loss: 0.3368 Acc: 0.9007
2018-08-17 19:22:31,234:INFO: Val Acc: 0.6796
2018-08-17 19:22:31,234:INFO: Epoch 59/99
2018-08-17 19:22:31,234:INFO: ----------
2018-08-17 19:23:20,422:INFO: Train Loss: 0.3456 Acc: 0.8988
2018-08-17 19:23:58,209:INFO: Val Acc: 0.6837
2018-08-17 19:23:58,209:INFO: Epoch 60/99
2018-08-17 19:23:58,210:INFO: ----------
2018-08-17 19:24:46,272:INFO: Train Loss: 0.2640 Acc: 0.9339
2018-08-17 19:25:27,237:INFO: Val Acc: 0.7580
2018-08-17 19:25:27,238:INFO: Found new best accuracy
2018-08-17 19:25:27,241:INFO: Epoch 61/99
2018-08-17 19:25:27,242:INFO: ----------
2018-08-17 19:26:15,444:INFO: Train Loss: 0.2487 Acc: 0.9427
2018-08-17 19:26:42,517:INFO: Val Acc: 0.7609
2018-08-17 19:26:42,517:INFO: Found new best accuracy
2018-08-17 19:26:42,521:INFO: Epoch 62/99
2018-08-17 19:26:42,521:INFO: ----------
2018-08-17 19:27:30,367:INFO: Train Loss: 0.2398 Acc: 0.9470
2018-08-17 19:28:05,196:INFO: Val Acc: 0.7580
2018-08-17 19:28:05,196:INFO: Epoch 63/99
2018-08-17 19:28:05,196:INFO: ----------
2018-08-17 19:28:58,728:INFO: Train Loss: 0.2361 Acc: 0.9484
2018-08-17 19:29:36,912:INFO: Val Acc: 0.7636
2018-08-17 19:29:36,912:INFO: Found new best accuracy
2018-08-17 19:29:36,916:INFO: Epoch 64/99
2018-08-17 19:29:36,917:INFO: ----------
2018-08-17 19:30:26,457:INFO: Train Loss: 0.2349 Acc: 0.9459
2018-08-17 19:31:02,049:INFO: Val Acc: 0.7606
2018-08-17 19:31:02,050:INFO: Epoch 65/99
2018-08-17 19:31:02,050:INFO: ----------
2018-08-17 19:31:49,257:INFO: Train Loss: 0.2302 Acc: 0.9519
2018-08-17 19:32:26,729:INFO: Val Acc: 0.7644
2018-08-17 19:32:26,730:INFO: Found new best accuracy
2018-08-17 19:32:26,734:INFO: Epoch 66/99
2018-08-17 19:32:26,734:INFO: ----------
2018-08-17 19:33:17,620:INFO: Train Loss: 0.2278 Acc: 0.9511
2018-08-17 19:33:47,463:INFO: Val Acc: 0.7566
2018-08-17 19:33:47,464:INFO: Epoch 67/99
2018-08-17 19:33:47,464:INFO: ----------
2018-08-17 19:34:34,934:INFO: Train Loss: 0.2264 Acc: 0.9518
2018-08-17 19:35:08,601:INFO: Val Acc: 0.7595
2018-08-17 19:35:08,601:INFO: Epoch 68/99
2018-08-17 19:35:08,602:INFO: ----------
2018-08-17 19:36:02,436:INFO: Train Loss: 0.2235 Acc: 0.9533
2018-08-17 19:36:35,069:INFO: Val Acc: 0.7606
2018-08-17 19:36:35,069:INFO: Epoch 69/99
2018-08-17 19:36:35,069:INFO: ----------
2018-08-17 19:37:26,464:INFO: Train Loss: 0.2256 Acc: 0.9518
2018-08-17 19:38:00,706:INFO: Val Acc: 0.7621
2018-08-17 19:38:00,707:INFO: Epoch 70/99
2018-08-17 19:38:00,707:INFO: ----------
2018-08-17 19:38:50,810:INFO: Train Loss: 0.2216 Acc: 0.9530
2018-08-17 19:39:23,174:INFO: Val Acc: 0.7595
2018-08-17 19:39:23,175:INFO: Epoch 71/99
2018-08-17 19:39:23,175:INFO: ----------
2018-08-17 19:40:12,425:INFO: Train Loss: 0.2196 Acc: 0.9549
2018-08-17 19:40:33,514:INFO: Val Acc: 0.7574
2018-08-17 19:40:33,515:INFO: Epoch 72/99
2018-08-17 19:40:33,515:INFO: ----------
2018-08-17 19:41:17,014:INFO: Train Loss: 0.2156 Acc: 0.9553
2018-08-17 19:41:39,110:INFO: Val Acc: 0.7595
2018-08-17 19:41:39,111:INFO: Epoch 73/99
2018-08-17 19:41:39,111:INFO: ----------
2018-08-17 19:42:23,966:INFO: Train Loss: 0.2150 Acc: 0.9556
2018-08-17 19:42:49,096:INFO: Val Acc: 0.7539
2018-08-17 19:42:49,097:INFO: Epoch 74/99
2018-08-17 19:42:49,097:INFO: ----------
2018-08-17 19:43:35,050:INFO: Train Loss: 0.2114 Acc: 0.9599
2018-08-17 19:44:12,156:INFO: Val Acc: 0.7598
2018-08-17 19:44:12,157:INFO: Epoch 75/99
2018-08-17 19:44:12,157:INFO: ----------
2018-08-17 19:45:01,355:INFO: Train Loss: 0.2131 Acc: 0.9559
2018-08-17 19:45:29,723:INFO: Val Acc: 0.7595
2018-08-17 19:45:29,723:INFO: Epoch 76/99
2018-08-17 19:45:29,724:INFO: ----------
2018-08-17 19:46:18,296:INFO: Train Loss: 0.2086 Acc: 0.9587
2018-08-17 19:46:46,409:INFO: Val Acc: 0.7659
2018-08-17 19:46:46,410:INFO: Found new best accuracy
2018-08-17 19:46:46,417:INFO: Epoch 77/99
2018-08-17 19:46:46,417:INFO: ----------
2018-08-17 19:47:40,052:INFO: Train Loss: 0.2097 Acc: 0.9572
2018-08-17 19:48:14,320:INFO: Val Acc: 0.7624
2018-08-17 19:48:14,320:INFO: Epoch 78/99
2018-08-17 19:48:14,321:INFO: ----------
2018-08-17 19:49:05,290:INFO: Train Loss: 0.2046 Acc: 0.9594
2018-08-17 19:49:34,018:INFO: Val Acc: 0.7598
2018-08-17 19:49:34,018:INFO: Epoch 79/99
2018-08-17 19:49:34,018:INFO: ----------
2018-08-17 19:50:26,217:INFO: Train Loss: 0.2055 Acc: 0.9599
2018-08-17 19:50:53,859:INFO: Val Acc: 0.7601
2018-08-17 19:50:53,860:INFO: Epoch 80/99
2018-08-17 19:50:53,860:INFO: ----------
2018-08-17 19:51:45,116:INFO: Train Loss: 0.2001 Acc: 0.9618
2018-08-17 19:52:17,394:INFO: Val Acc: 0.7612
2018-08-17 19:52:17,394:INFO: Epoch 81/99
2018-08-17 19:52:17,394:INFO: ----------
2018-08-17 19:53:04,687:INFO: Train Loss: 0.2021 Acc: 0.9604
2018-08-17 19:53:40,562:INFO: Val Acc: 0.7580
2018-08-17 19:53:40,562:INFO: Epoch 82/99
2018-08-17 19:53:40,562:INFO: ----------
2018-08-17 19:54:29,905:INFO: Train Loss: 0.1996 Acc: 0.9615
2018-08-17 19:54:58,409:INFO: Val Acc: 0.7668
2018-08-17 19:54:58,409:INFO: Found new best accuracy
2018-08-17 19:54:58,414:INFO: Epoch 83/99
2018-08-17 19:54:58,414:INFO: ----------
2018-08-17 19:55:46,749:INFO: Train Loss: 0.1957 Acc: 0.9630
2018-08-17 19:56:12,076:INFO: Val Acc: 0.7586
2018-08-17 19:56:12,077:INFO: Epoch 84/99
2018-08-17 19:56:12,077:INFO: ----------
2018-08-17 19:57:00,420:INFO: Train Loss: 0.1962 Acc: 0.9642
2018-08-17 19:57:33,802:INFO: Val Acc: 0.7583
2018-08-17 19:57:33,803:INFO: Epoch 85/99
2018-08-17 19:57:33,804:INFO: ----------
2018-08-17 19:58:27,838:INFO: Train Loss: 0.1935 Acc: 0.9642
2018-08-17 19:58:54,085:INFO: Val Acc: 0.7612
2018-08-17 19:58:54,086:INFO: Epoch 86/99
2018-08-17 19:58:54,087:INFO: ----------
2018-08-17 19:59:44,304:INFO: Train Loss: 0.1888 Acc: 0.9637
2018-08-17 20:00:14,438:INFO: Val Acc: 0.7621
2018-08-17 20:00:14,439:INFO: Epoch 87/99
2018-08-17 20:00:14,439:INFO: ----------
2018-08-17 20:01:00,646:INFO: Train Loss: 0.1903 Acc: 0.9659
2018-08-17 20:01:29,392:INFO: Val Acc: 0.7603
2018-08-17 20:01:29,393:INFO: Epoch 88/99
2018-08-17 20:01:29,393:INFO: ----------
2018-08-17 20:02:23,683:INFO: Train Loss: 0.1868 Acc: 0.9657
2018-08-17 20:03:03,813:INFO: Val Acc: 0.7560
2018-08-17 20:03:03,814:INFO: Epoch 89/99
2018-08-17 20:03:03,814:INFO: ----------
2018-08-17 20:03:51,581:INFO: Train Loss: 0.1861 Acc: 0.9670
2018-08-17 20:04:28,455:INFO: Val Acc: 0.7609
2018-08-17 20:04:28,456:INFO: Epoch 90/99
2018-08-17 20:04:28,457:INFO: ----------
2018-08-17 20:05:11,147:INFO: Train Loss: 0.1793 Acc: 0.9677
2018-08-17 20:05:45,252:INFO: Val Acc: 0.7592
2018-08-17 20:05:45,253:INFO: Epoch 91/99
2018-08-17 20:05:45,253:INFO: ----------
2018-08-17 20:06:31,152:INFO: Train Loss: 0.1750 Acc: 0.9722
2018-08-17 20:07:07,390:INFO: Val Acc: 0.7609
2018-08-17 20:07:07,391:INFO: Epoch 92/99
2018-08-17 20:07:07,391:INFO: ----------
2018-08-17 20:08:02,483:INFO: Train Loss: 0.1754 Acc: 0.9702
2018-08-17 20:08:37,637:INFO: Val Acc: 0.7662
2018-08-17 20:08:37,638:INFO: Epoch 93/99
2018-08-17 20:08:37,638:INFO: ----------
2018-08-17 20:09:28,728:INFO: Train Loss: 0.1775 Acc: 0.9702
2018-08-17 20:10:01,153:INFO: Val Acc: 0.7691
2018-08-17 20:10:01,153:INFO: Found new best accuracy
2018-08-17 20:10:01,159:INFO: Epoch 94/99
2018-08-17 20:10:01,159:INFO: ----------
2018-08-17 20:10:48,134:INFO: Train Loss: 0.1782 Acc: 0.9711
2018-08-17 20:11:19,875:INFO: Val Acc: 0.7650
2018-08-17 20:11:19,876:INFO: Epoch 95/99
2018-08-17 20:11:19,876:INFO: ----------
2018-08-17 20:12:09,351:INFO: Train Loss: 0.1766 Acc: 0.9710
2018-08-17 20:12:46,423:INFO: Val Acc: 0.7682
2018-08-17 20:12:46,425:INFO: Epoch 96/99
2018-08-17 20:12:46,425:INFO: ----------
2018-08-17 20:13:34,117:INFO: Train Loss: 0.1779 Acc: 0.9704
2018-08-17 20:14:05,694:INFO: Val Acc: 0.7621
2018-08-17 20:14:05,695:INFO: Epoch 97/99
2018-08-17 20:14:05,695:INFO: ----------
2018-08-17 20:14:58,071:INFO: Train Loss: 0.1767 Acc: 0.9725
2018-08-17 20:15:27,898:INFO: Val Acc: 0.7621
2018-08-17 20:15:27,898:INFO: Epoch 98/99
2018-08-17 20:15:27,898:INFO: ----------
2018-08-17 20:16:14,240:INFO: Train Loss: 0.1762 Acc: 0.9701
2018-08-17 20:16:54,230:INFO: Val Acc: 0.7615
2018-08-17 20:16:54,230:INFO: Epoch 99/99
2018-08-17 20:16:54,230:INFO: ----------
2018-08-17 20:17:46,376:INFO: Train Loss: 0.1772 Acc: 0.9708
2018-08-17 20:18:26,382:INFO: Val Acc: 0.7647
2018-08-17 20:18:26,383:INFO: Training complete in 140m 57s
2018-08-17 20:18:26,383:INFO: Best val Acc: 0.769096
2018-08-17 20:18:57,452:INFO: Test Acc: 0.7843
