2018-08-19 03:06:47,953:INFO: Loading the datasets...
2018-08-19 03:06:48,082:INFO: - done.
2018-08-19 03:07:18,118:INFO: Starting training for 100 epoch(s)
2018-08-19 03:07:18,123:INFO: Epoch 0/99
2018-08-19 03:07:18,123:INFO: ----------
2018-08-19 03:09:03,134:INFO: Train Loss: 0.7593 Acc: 0.3042
2018-08-19 03:09:53,509:INFO: Val Acc: 0.1985
2018-08-19 03:09:53,509:INFO: Found new best accuracy
2018-08-19 03:09:53,517:INFO: Epoch 1/99
2018-08-19 03:09:53,517:INFO: ----------
2018-08-19 03:10:55,866:INFO: Train Loss: 0.6765 Acc: 0.3752
2018-08-19 03:11:35,767:INFO: Val Acc: 0.3356
2018-08-19 03:11:35,768:INFO: Found new best accuracy
2018-08-19 03:11:35,773:INFO: Epoch 2/99
2018-08-19 03:11:35,773:INFO: ----------
2018-08-19 03:12:42,237:INFO: Train Loss: 0.6463 Acc: 0.3983
2018-08-19 03:13:23,500:INFO: Val Acc: 0.3904
2018-08-19 03:13:23,500:INFO: Found new best accuracy
2018-08-19 03:13:23,507:INFO: Epoch 3/99
2018-08-19 03:13:23,507:INFO: ----------
2018-08-19 03:14:32,727:INFO: Train Loss: 0.6258 Acc: 0.4187
2018-08-19 03:15:08,450:INFO: Val Acc: 0.3653
2018-08-19 03:15:08,450:INFO: Epoch 4/99
2018-08-19 03:15:08,450:INFO: ----------
2018-08-19 03:16:09,994:INFO: Train Loss: 0.6008 Acc: 0.4458
2018-08-19 03:16:51,940:INFO: Val Acc: 0.3927
2018-08-19 03:16:51,941:INFO: Found new best accuracy
2018-08-19 03:16:51,948:INFO: Epoch 5/99
2018-08-19 03:16:51,948:INFO: ----------
2018-08-19 03:17:58,761:INFO: Train Loss: 0.5738 Acc: 0.4708
2018-08-19 03:18:41,884:INFO: Val Acc: 0.3808
2018-08-19 03:18:41,887:INFO: Epoch 6/99
2018-08-19 03:18:41,887:INFO: ----------
2018-08-19 03:19:44,801:INFO: Train Loss: 0.5446 Acc: 0.4938
2018-08-19 03:20:21,007:INFO: Val Acc: 0.3956
2018-08-19 03:20:21,008:INFO: Found new best accuracy
2018-08-19 03:20:21,013:INFO: Epoch 7/99
2018-08-19 03:20:21,014:INFO: ----------
2018-08-19 03:21:20,382:INFO: Train Loss: 0.5149 Acc: 0.5238
2018-08-19 03:21:58,466:INFO: Val Acc: 0.4414
2018-08-19 03:21:58,467:INFO: Found new best accuracy
2018-08-19 03:21:58,489:INFO: Epoch 8/99
2018-08-19 03:21:58,489:INFO: ----------
2018-08-19 03:23:05,694:INFO: Train Loss: 0.4823 Acc: 0.5460
2018-08-19 03:23:50,383:INFO: Val Acc: 0.3758
2018-08-19 03:23:50,384:INFO: Epoch 9/99
2018-08-19 03:23:50,384:INFO: ----------
2018-08-19 03:24:58,329:INFO: Train Loss: 0.4489 Acc: 0.5792
2018-08-19 03:25:30,531:INFO: Val Acc: 0.3758
2018-08-19 03:25:30,532:INFO: Epoch 10/99
2018-08-19 03:25:30,532:INFO: ----------
2018-08-19 03:26:37,472:INFO: Train Loss: 0.4291 Acc: 0.5964
2018-08-19 03:27:22,229:INFO: Val Acc: 0.4738
2018-08-19 03:27:22,230:INFO: Found new best accuracy
2018-08-19 03:27:22,237:INFO: Epoch 11/99
2018-08-19 03:27:22,237:INFO: ----------
2018-08-19 03:28:30,536:INFO: Train Loss: 0.4030 Acc: 0.6156
2018-08-19 03:29:09,759:INFO: Val Acc: 0.4274
2018-08-19 03:29:09,760:INFO: Epoch 12/99
2018-08-19 03:29:09,760:INFO: ----------
2018-08-19 03:30:18,788:INFO: Train Loss: 0.3901 Acc: 0.6342
2018-08-19 03:30:58,349:INFO: Val Acc: 0.2641
2018-08-19 03:30:58,349:INFO: Epoch 13/99
2018-08-19 03:30:58,349:INFO: ----------
2018-08-19 03:32:05,997:INFO: Train Loss: 0.3706 Acc: 0.6502
2018-08-19 03:32:52,384:INFO: Val Acc: 0.3755
2018-08-19 03:32:52,384:INFO: Epoch 14/99
2018-08-19 03:32:52,385:INFO: ----------
2018-08-19 03:33:58,352:INFO: Train Loss: 0.3713 Acc: 0.6517
2018-08-19 03:34:46,946:INFO: Val Acc: 0.4799
2018-08-19 03:34:46,947:INFO: Found new best accuracy
2018-08-19 03:34:46,957:INFO: Epoch 15/99
2018-08-19 03:34:46,957:INFO: ----------
2018-08-19 03:35:51,155:INFO: Train Loss: 0.3500 Acc: 0.6672
2018-08-19 03:36:30,992:INFO: Val Acc: 0.4152
2018-08-19 03:36:30,992:INFO: Epoch 16/99
2018-08-19 03:36:30,993:INFO: ----------
2018-08-19 03:37:39,340:INFO: Train Loss: 0.3450 Acc: 0.6750
2018-08-19 03:38:26,350:INFO: Val Acc: 0.5289
2018-08-19 03:38:26,350:INFO: Found new best accuracy
2018-08-19 03:38:26,358:INFO: Epoch 17/99
2018-08-19 03:38:26,358:INFO: ----------
2018-08-19 03:39:33,554:INFO: Train Loss: 0.3366 Acc: 0.6801
2018-08-19 03:40:15,031:INFO: Val Acc: 0.5090
2018-08-19 03:40:15,032:INFO: Epoch 18/99
2018-08-19 03:40:15,032:INFO: ----------
2018-08-19 03:41:23,176:INFO: Train Loss: 0.3304 Acc: 0.6900
2018-08-19 03:42:03,800:INFO: Val Acc: 0.5522
2018-08-19 03:42:03,801:INFO: Found new best accuracy
2018-08-19 03:42:03,812:INFO: Epoch 19/99
2018-08-19 03:42:03,813:INFO: ----------
2018-08-19 03:43:06,496:INFO: Train Loss: 0.3252 Acc: 0.6877
2018-08-19 03:43:43,129:INFO: Val Acc: 0.5190
2018-08-19 03:43:43,130:INFO: Epoch 20/99
2018-08-19 03:43:43,130:INFO: ----------
2018-08-19 03:44:51,078:INFO: Train Loss: 0.3279 Acc: 0.6868
2018-08-19 03:45:29,645:INFO: Val Acc: 0.4324
2018-08-19 03:45:29,645:INFO: Epoch 21/99
2018-08-19 03:45:29,646:INFO: ----------
2018-08-19 03:46:35,321:INFO: Train Loss: 0.3116 Acc: 0.7058
2018-08-19 03:47:15,352:INFO: Val Acc: 0.5020
2018-08-19 03:47:15,353:INFO: Epoch 22/99
2018-08-19 03:47:15,353:INFO: ----------
2018-08-19 03:48:24,570:INFO: Train Loss: 0.3069 Acc: 0.7106
2018-08-19 03:49:01,697:INFO: Val Acc: 0.5254
2018-08-19 03:49:01,697:INFO: Epoch 23/99
2018-08-19 03:49:01,697:INFO: ----------
2018-08-19 03:50:09,489:INFO: Train Loss: 0.2985 Acc: 0.7139
2018-08-19 03:50:43,268:INFO: Val Acc: 0.5128
2018-08-19 03:50:43,268:INFO: Epoch 24/99
2018-08-19 03:50:43,268:INFO: ----------
2018-08-19 03:51:47,095:INFO: Train Loss: 0.2899 Acc: 0.7298
2018-08-19 03:52:25,871:INFO: Val Acc: 0.4216
2018-08-19 03:52:25,872:INFO: Epoch 25/99
2018-08-19 03:52:25,872:INFO: ----------
2018-08-19 03:53:37,357:INFO: Train Loss: 0.2907 Acc: 0.7250
2018-08-19 03:54:22,079:INFO: Val Acc: 0.2464
2018-08-19 03:54:22,079:INFO: Epoch 26/99
2018-08-19 03:54:22,080:INFO: ----------
2018-08-19 03:55:27,124:INFO: Train Loss: 0.2832 Acc: 0.7330
2018-08-19 03:56:10,961:INFO: Val Acc: 0.4423
2018-08-19 03:56:10,962:INFO: Epoch 27/99
2018-08-19 03:56:10,962:INFO: ----------
2018-08-19 03:57:15,349:INFO: Train Loss: 0.2897 Acc: 0.7195
2018-08-19 03:57:49,744:INFO: Val Acc: 0.6012
2018-08-19 03:57:49,745:INFO: Found new best accuracy
2018-08-19 03:57:49,754:INFO: Epoch 28/99
2018-08-19 03:57:49,755:INFO: ----------
2018-08-19 03:58:56,996:INFO: Train Loss: 0.2756 Acc: 0.7360
2018-08-19 03:59:36,850:INFO: Val Acc: 0.4580
2018-08-19 03:59:36,851:INFO: Epoch 29/99
2018-08-19 03:59:36,851:INFO: ----------
2018-08-19 04:00:45,863:INFO: Train Loss: 0.2787 Acc: 0.7401
2018-08-19 04:01:26,565:INFO: Val Acc: 0.4344
2018-08-19 04:01:26,565:INFO: Epoch 30/99
2018-08-19 04:01:26,565:INFO: ----------
2018-08-19 04:02:35,706:INFO: Train Loss: 0.2077 Acc: 0.8116
2018-08-19 04:03:11,859:INFO: Val Acc: 0.7752
2018-08-19 04:03:11,860:INFO: Found new best accuracy
2018-08-19 04:03:11,872:INFO: Epoch 31/99
2018-08-19 04:03:11,872:INFO: ----------
2018-08-19 04:04:21,072:INFO: Train Loss: 0.1877 Acc: 0.8238
2018-08-19 04:04:57,632:INFO: Val Acc: 0.7703
2018-08-19 04:04:57,634:INFO: Epoch 32/99
2018-08-19 04:04:57,637:INFO: ----------
2018-08-19 04:06:05,484:INFO: Train Loss: 0.1792 Acc: 0.8394
2018-08-19 04:06:38,896:INFO: Val Acc: 0.7787
2018-08-19 04:06:38,897:INFO: Found new best accuracy
2018-08-19 04:06:38,906:INFO: Epoch 33/99
2018-08-19 04:06:38,907:INFO: ----------
2018-08-19 04:07:46,289:INFO: Train Loss: 0.1735 Acc: 0.8450
2018-08-19 04:08:25,807:INFO: Val Acc: 0.7802
2018-08-19 04:08:25,811:INFO: Found new best accuracy
2018-08-19 04:08:25,827:INFO: Epoch 34/99
2018-08-19 04:08:25,828:INFO: ----------
2018-08-19 04:09:35,013:INFO: Train Loss: 0.1673 Acc: 0.8532
2018-08-19 04:10:10,225:INFO: Val Acc: 0.7819
2018-08-19 04:10:10,227:INFO: Found new best accuracy
2018-08-19 04:10:10,236:INFO: Epoch 35/99
2018-08-19 04:10:10,237:INFO: ----------
2018-08-19 04:11:17,324:INFO: Train Loss: 0.1653 Acc: 0.8531
2018-08-19 04:12:00,801:INFO: Val Acc: 0.7755
2018-08-19 04:12:00,802:INFO: Epoch 36/99
2018-08-19 04:12:00,802:INFO: ----------
2018-08-19 04:13:08,213:INFO: Train Loss: 0.1606 Acc: 0.8610
2018-08-19 04:13:38,528:INFO: Val Acc: 0.7813
2018-08-19 04:13:38,529:INFO: Epoch 37/99
2018-08-19 04:13:38,529:INFO: ----------
2018-08-19 04:14:45,906:INFO: Train Loss: 0.1568 Acc: 0.8656
2018-08-19 04:15:23,342:INFO: Val Acc: 0.7478
2018-08-19 04:15:23,343:INFO: Epoch 38/99
2018-08-19 04:15:23,343:INFO: ----------
2018-08-19 04:16:25,778:INFO: Train Loss: 0.1537 Acc: 0.8682
2018-08-19 04:17:06,703:INFO: Val Acc: 0.7866
2018-08-19 04:17:06,705:INFO: Found new best accuracy
2018-08-19 04:17:06,730:INFO: Epoch 39/99
2018-08-19 04:17:06,732:INFO: ----------
2018-08-19 04:18:16,191:INFO: Train Loss: 0.1507 Acc: 0.8702
2018-08-19 04:18:54,281:INFO: Val Acc: 0.7656
2018-08-19 04:18:54,283:INFO: Epoch 40/99
2018-08-19 04:18:54,283:INFO: ----------
2018-08-19 04:20:01,738:INFO: Train Loss: 0.1459 Acc: 0.8757
2018-08-19 04:20:40,738:INFO: Val Acc: 0.7633
2018-08-19 04:20:40,739:INFO: Epoch 41/99
2018-08-19 04:20:40,739:INFO: ----------
2018-08-19 04:21:44,263:INFO: Train Loss: 0.1425 Acc: 0.8823
2018-08-19 04:22:28,518:INFO: Val Acc: 0.7790
2018-08-19 04:22:28,519:INFO: Epoch 42/99
2018-08-19 04:22:28,519:INFO: ----------
2018-08-19 04:23:36,558:INFO: Train Loss: 0.1396 Acc: 0.8885
2018-08-19 04:24:12,187:INFO: Val Acc: 0.7799
2018-08-19 04:24:12,187:INFO: Epoch 43/99
2018-08-19 04:24:12,187:INFO: ----------
2018-08-19 04:25:16,608:INFO: Train Loss: 0.1359 Acc: 0.8917
2018-08-19 04:25:54,123:INFO: Val Acc: 0.7682
2018-08-19 04:25:54,126:INFO: Epoch 44/99
2018-08-19 04:25:54,127:INFO: ----------
2018-08-19 04:26:58,047:INFO: Train Loss: 0.1332 Acc: 0.8949
2018-08-19 04:27:34,543:INFO: Val Acc: 0.7592
2018-08-19 04:27:34,543:INFO: Epoch 45/99
2018-08-19 04:27:34,543:INFO: ----------
2018-08-19 04:28:36,667:INFO: Train Loss: 0.1304 Acc: 0.9014
2018-08-19 04:29:20,663:INFO: Val Acc: 0.7746
2018-08-19 04:29:20,663:INFO: Epoch 46/99
2018-08-19 04:29:20,664:INFO: ----------
2018-08-19 04:30:31,059:INFO: Train Loss: 0.1253 Acc: 0.9036
2018-08-19 04:31:11,397:INFO: Val Acc: 0.7784
2018-08-19 04:31:11,397:INFO: Epoch 47/99
2018-08-19 04:31:11,397:INFO: ----------
2018-08-19 04:32:16,008:INFO: Train Loss: 0.1234 Acc: 0.9092
2018-08-19 04:32:57,488:INFO: Val Acc: 0.7729
2018-08-19 04:32:57,488:INFO: Epoch 48/99
2018-08-19 04:32:57,488:INFO: ----------
2018-08-19 04:34:01,900:INFO: Train Loss: 0.1194 Acc: 0.9152
2018-08-19 04:34:22,274:INFO: Val Acc: 0.7749
2018-08-19 04:34:22,275:INFO: Epoch 49/99
2018-08-19 04:34:22,275:INFO: ----------
2018-08-19 04:35:18,681:INFO: Train Loss: 0.1180 Acc: 0.9174
2018-08-19 04:35:47,187:INFO: Val Acc: 0.7569
2018-08-19 04:35:47,188:INFO: Epoch 50/99
2018-08-19 04:35:47,188:INFO: ----------
2018-08-19 04:36:54,664:INFO: Train Loss: 0.1141 Acc: 0.9241
2018-08-19 04:37:34,130:INFO: Val Acc: 0.7749
2018-08-19 04:37:34,132:INFO: Epoch 51/99
2018-08-19 04:37:34,132:INFO: ----------
2018-08-19 04:38:41,287:INFO: Train Loss: 0.1103 Acc: 0.9323
2018-08-19 04:39:18,497:INFO: Val Acc: 0.7793
2018-08-19 04:39:18,498:INFO: Epoch 52/99
2018-08-19 04:39:18,499:INFO: ----------
2018-08-19 04:40:28,265:INFO: Train Loss: 0.1081 Acc: 0.9342
2018-08-19 04:41:10,567:INFO: Val Acc: 0.7752
2018-08-19 04:41:10,568:INFO: Epoch 53/99
2018-08-19 04:41:10,568:INFO: ----------
2018-08-19 04:42:16,722:INFO: Train Loss: 0.1067 Acc: 0.9339
2018-08-19 04:42:52,211:INFO: Val Acc: 0.7586
2018-08-19 04:42:52,212:INFO: Epoch 54/99
2018-08-19 04:42:52,213:INFO: ----------
2018-08-19 04:44:00,787:INFO: Train Loss: 0.1045 Acc: 0.9404
2018-08-19 04:44:41,774:INFO: Val Acc: 0.7510
2018-08-19 04:44:41,776:INFO: Epoch 55/99
2018-08-19 04:44:41,778:INFO: ----------
2018-08-19 04:45:47,514:INFO: Train Loss: 0.0998 Acc: 0.9472
2018-08-19 04:46:19,942:INFO: Val Acc: 0.7356
2018-08-19 04:46:19,943:INFO: Epoch 56/99
2018-08-19 04:46:19,943:INFO: ----------
2018-08-19 04:47:26,950:INFO: Train Loss: 0.0995 Acc: 0.9452
2018-08-19 04:48:02,937:INFO: Val Acc: 0.7426
2018-08-19 04:48:02,939:INFO: Epoch 57/99
2018-08-19 04:48:02,939:INFO: ----------
2018-08-19 04:49:08,969:INFO: Train Loss: 0.0947 Acc: 0.9477
2018-08-19 04:49:45,217:INFO: Val Acc: 0.6892
2018-08-19 04:49:45,217:INFO: Epoch 58/99
2018-08-19 04:49:45,217:INFO: ----------
2018-08-19 04:50:58,577:INFO: Train Loss: 0.0940 Acc: 0.9549
2018-08-19 04:51:44,253:INFO: Val Acc: 0.7848
2018-08-19 04:51:44,253:INFO: Epoch 59/99
2018-08-19 04:51:44,254:INFO: ----------
2018-08-19 04:52:50,967:INFO: Train Loss: 0.0909 Acc: 0.9564
2018-08-19 04:53:31,805:INFO: Val Acc: 0.7475
2018-08-19 04:53:31,805:INFO: Epoch 60/99
2018-08-19 04:53:31,805:INFO: ----------
2018-08-19 04:54:35,811:INFO: Train Loss: 0.0767 Acc: 0.9752
2018-08-19 04:55:14,386:INFO: Val Acc: 0.8015
2018-08-19 04:55:14,387:INFO: Found new best accuracy
2018-08-19 04:55:14,413:INFO: Epoch 61/99
2018-08-19 04:55:14,413:INFO: ----------
2018-08-19 04:56:21,772:INFO: Train Loss: 0.0746 Acc: 0.9761
2018-08-19 04:56:54,479:INFO: Val Acc: 0.7988
2018-08-19 04:56:54,480:INFO: Epoch 62/99
2018-08-19 04:56:54,481:INFO: ----------
2018-08-19 04:58:03,116:INFO: Train Loss: 0.0730 Acc: 0.9758
2018-08-19 04:58:39,721:INFO: Val Acc: 0.8047
2018-08-19 04:58:39,721:INFO: Found new best accuracy
2018-08-19 04:58:39,728:INFO: Epoch 63/99
2018-08-19 04:58:39,728:INFO: ----------
2018-08-19 04:59:48,597:INFO: Train Loss: 0.0723 Acc: 0.9784
2018-08-19 05:00:29,072:INFO: Val Acc: 0.8047
2018-08-19 05:00:29,073:INFO: Epoch 64/99
2018-08-19 05:00:29,073:INFO: ----------
2018-08-19 05:01:39,590:INFO: Train Loss: 0.0707 Acc: 0.9786
2018-08-19 05:02:18,511:INFO: Val Acc: 0.8038
2018-08-19 05:02:18,513:INFO: Epoch 65/99
2018-08-19 05:02:18,513:INFO: ----------
2018-08-19 05:03:20,952:INFO: Train Loss: 0.0718 Acc: 0.9791
2018-08-19 05:03:53,096:INFO: Val Acc: 0.7997
2018-08-19 05:03:53,097:INFO: Epoch 66/99
2018-08-19 05:03:53,097:INFO: ----------
2018-08-19 05:04:59,621:INFO: Train Loss: 0.0705 Acc: 0.9805
2018-08-19 05:05:40,329:INFO: Val Acc: 0.8003
2018-08-19 05:05:40,330:INFO: Epoch 67/99
2018-08-19 05:05:40,330:INFO: ----------
2018-08-19 05:06:43,065:INFO: Train Loss: 0.0700 Acc: 0.9805
2018-08-19 05:07:17,465:INFO: Val Acc: 0.8003
2018-08-19 05:07:17,470:INFO: Epoch 68/99
2018-08-19 05:07:17,471:INFO: ----------
2018-08-19 05:08:22,888:INFO: Train Loss: 0.0691 Acc: 0.9806
2018-08-19 05:09:03,091:INFO: Val Acc: 0.8052
2018-08-19 05:09:03,091:INFO: Found new best accuracy
2018-08-19 05:09:03,099:INFO: Epoch 69/99
2018-08-19 05:09:03,099:INFO: ----------
2018-08-19 05:10:06,620:INFO: Train Loss: 0.0703 Acc: 0.9799
2018-08-19 05:10:49,713:INFO: Val Acc: 0.7994
2018-08-19 05:10:49,713:INFO: Epoch 70/99
2018-08-19 05:10:49,713:INFO: ----------
2018-08-19 05:11:53,808:INFO: Train Loss: 0.0682 Acc: 0.9829
2018-08-19 05:12:27,594:INFO: Val Acc: 0.8017
2018-08-19 05:12:27,594:INFO: Epoch 71/99
2018-08-19 05:12:27,594:INFO: ----------
2018-08-19 05:13:36,720:INFO: Train Loss: 0.0699 Acc: 0.9819
2018-08-19 05:14:17,233:INFO: Val Acc: 0.8026
2018-08-19 05:14:17,234:INFO: Epoch 72/99
2018-08-19 05:14:17,234:INFO: ----------
2018-08-19 05:15:24,662:INFO: Train Loss: 0.0688 Acc: 0.9826
2018-08-19 05:16:04,068:INFO: Val Acc: 0.8044
2018-08-19 05:16:04,070:INFO: Epoch 73/99
2018-08-19 05:16:04,071:INFO: ----------
2018-08-19 05:17:07,677:INFO: Train Loss: 0.0685 Acc: 0.9835
2018-08-19 05:17:46,137:INFO: Val Acc: 0.8009
2018-08-19 05:17:46,139:INFO: Epoch 74/99
2018-08-19 05:17:46,140:INFO: ----------
2018-08-19 05:18:51,127:INFO: Train Loss: 0.0670 Acc: 0.9825
2018-08-19 05:19:28,250:INFO: Val Acc: 0.8035
2018-08-19 05:19:28,250:INFO: Epoch 75/99
2018-08-19 05:19:28,250:INFO: ----------
2018-08-19 05:20:31,386:INFO: Train Loss: 0.0686 Acc: 0.9831
2018-08-19 05:21:05,073:INFO: Val Acc: 0.8023
2018-08-19 05:21:05,073:INFO: Epoch 76/99
2018-08-19 05:21:05,073:INFO: ----------
2018-08-19 05:22:12,789:INFO: Train Loss: 0.0686 Acc: 0.9808
2018-08-19 05:22:43,056:INFO: Val Acc: 0.8038
2018-08-19 05:22:43,058:INFO: Epoch 77/99
2018-08-19 05:22:43,058:INFO: ----------
2018-08-19 05:23:47,772:INFO: Train Loss: 0.0672 Acc: 0.9839
2018-08-19 05:24:22,360:INFO: Val Acc: 0.8015
2018-08-19 05:24:22,361:INFO: Epoch 78/99
2018-08-19 05:24:22,361:INFO: ----------
2018-08-19 05:25:26,356:INFO: Train Loss: 0.0667 Acc: 0.9836
2018-08-19 05:26:05,064:INFO: Val Acc: 0.8052
2018-08-19 05:26:05,065:INFO: Epoch 79/99
2018-08-19 05:26:05,065:INFO: ----------
2018-08-19 05:27:13,318:INFO: Train Loss: 0.0657 Acc: 0.9848
2018-08-19 05:27:52,974:INFO: Val Acc: 0.7939
2018-08-19 05:27:52,975:INFO: Epoch 80/99
2018-08-19 05:27:52,975:INFO: ----------
2018-08-19 05:28:59,040:INFO: Train Loss: 0.0666 Acc: 0.9827
2018-08-19 05:29:33,869:INFO: Val Acc: 0.8020
2018-08-19 05:29:33,873:INFO: Epoch 81/99
2018-08-19 05:29:33,873:INFO: ----------
2018-08-19 05:30:38,999:INFO: Train Loss: 0.0668 Acc: 0.9853
2018-08-19 05:31:09,838:INFO: Val Acc: 0.8038
2018-08-19 05:31:09,839:INFO: Epoch 82/99
2018-08-19 05:31:09,839:INFO: ----------
2018-08-19 05:32:18,763:INFO: Train Loss: 0.0659 Acc: 0.9843
2018-08-19 05:32:58,299:INFO: Val Acc: 0.8047
2018-08-19 05:32:58,300:INFO: Epoch 83/99
2018-08-19 05:32:58,300:INFO: ----------
2018-08-19 05:34:06,819:INFO: Train Loss: 0.0664 Acc: 0.9846
2018-08-19 05:34:41,660:INFO: Val Acc: 0.7980
2018-08-19 05:34:41,661:INFO: Epoch 84/99
2018-08-19 05:34:41,661:INFO: ----------
2018-08-19 05:35:44,144:INFO: Train Loss: 0.0657 Acc: 0.9856
2018-08-19 05:36:28,674:INFO: Val Acc: 0.8012
2018-08-19 05:36:28,675:INFO: Epoch 85/99
2018-08-19 05:36:28,676:INFO: ----------
2018-08-19 05:37:28,595:INFO: Train Loss: 0.0667 Acc: 0.9824
2018-08-19 05:38:04,278:INFO: Val Acc: 0.7997
2018-08-19 05:38:04,280:INFO: Epoch 86/99
2018-08-19 05:38:04,280:INFO: ----------
2018-08-19 05:39:08,585:INFO: Train Loss: 0.0655 Acc: 0.9847
2018-08-19 05:39:50,358:INFO: Val Acc: 0.8006
2018-08-19 05:39:50,359:INFO: Epoch 87/99
2018-08-19 05:39:50,359:INFO: ----------
2018-08-19 05:40:55,093:INFO: Train Loss: 0.0654 Acc: 0.9868
2018-08-19 05:41:25,679:INFO: Val Acc: 0.7994
2018-08-19 05:41:25,680:INFO: Epoch 88/99
2018-08-19 05:41:25,681:INFO: ----------
2018-08-19 05:42:29,854:INFO: Train Loss: 0.0630 Acc: 0.9868
2018-08-19 05:43:06,361:INFO: Val Acc: 0.8044
2018-08-19 05:43:06,362:INFO: Epoch 89/99
2018-08-19 05:43:06,367:INFO: ----------
2018-08-19 05:44:13,372:INFO: Train Loss: 0.0634 Acc: 0.9854
2018-08-19 05:44:48,947:INFO: Val Acc: 0.8006
2018-08-19 05:44:48,951:INFO: Epoch 90/99
2018-08-19 05:44:48,951:INFO: ----------
2018-08-19 05:45:54,265:INFO: Train Loss: 0.0634 Acc: 0.9862
2018-08-19 05:46:34,033:INFO: Val Acc: 0.8032
2018-08-19 05:46:34,033:INFO: Epoch 91/99
2018-08-19 05:46:34,034:INFO: ----------
2018-08-19 05:47:37,913:INFO: Train Loss: 0.0623 Acc: 0.9874
2018-08-19 05:48:12,210:INFO: Val Acc: 0.8038
2018-08-19 05:48:12,211:INFO: Epoch 92/99
2018-08-19 05:48:12,211:INFO: ----------
2018-08-19 05:49:19,116:INFO: Train Loss: 0.0620 Acc: 0.9864
2018-08-19 05:49:55,545:INFO: Val Acc: 0.8026
2018-08-19 05:49:55,547:INFO: Epoch 93/99
2018-08-19 05:49:55,548:INFO: ----------
2018-08-19 05:51:01,127:INFO: Train Loss: 0.0623 Acc: 0.9879
2018-08-19 05:51:41,508:INFO: Val Acc: 0.8038
2018-08-19 05:51:41,508:INFO: Epoch 94/99
2018-08-19 05:51:41,508:INFO: ----------
2018-08-19 05:52:46,222:INFO: Train Loss: 0.0617 Acc: 0.9886
2018-08-19 05:53:24,294:INFO: Val Acc: 0.8032
2018-08-19 05:53:24,295:INFO: Epoch 95/99
2018-08-19 05:53:24,296:INFO: ----------
2018-08-19 05:54:29,974:INFO: Train Loss: 0.0621 Acc: 0.9884
2018-08-19 05:55:15,860:INFO: Val Acc: 0.8020
2018-08-19 05:55:15,860:INFO: Epoch 96/99
2018-08-19 05:55:15,860:INFO: ----------
2018-08-19 05:56:20,223:INFO: Train Loss: 0.0625 Acc: 0.9867
2018-08-19 05:57:01,508:INFO: Val Acc: 0.8015
2018-08-19 05:57:01,509:INFO: Epoch 97/99
2018-08-19 05:57:01,509:INFO: ----------
2018-08-19 05:58:06,903:INFO: Train Loss: 0.0625 Acc: 0.9882
2018-08-19 05:58:43,530:INFO: Val Acc: 0.8020
2018-08-19 05:58:43,530:INFO: Epoch 98/99
2018-08-19 05:58:43,531:INFO: ----------
2018-08-19 05:59:41,849:INFO: Train Loss: 0.0614 Acc: 0.9872
2018-08-19 06:00:25,745:INFO: Val Acc: 0.8041
2018-08-19 06:00:25,746:INFO: Epoch 99/99
2018-08-19 06:00:25,746:INFO: ----------
2018-08-19 06:01:31,693:INFO: Train Loss: 0.0621 Acc: 0.9853
2018-08-19 06:02:20,672:INFO: Val Acc: 0.8006
2018-08-19 06:02:20,673:INFO: Training complete in 175m 3s
2018-08-19 06:02:20,673:INFO: Best val Acc: 0.805248
2018-08-19 06:03:02,068:INFO: Test Acc: 0.8330
