2018-08-18 16:06:14,146:INFO: Loading the datasets...
2018-08-18 16:06:14,245:INFO: - done.
2018-08-18 16:06:38,454:INFO: Starting training for 100 epoch(s)
2018-08-18 16:06:38,458:INFO: Epoch 0/99
2018-08-18 16:06:38,458:INFO: ----------
2018-08-18 16:07:31,553:INFO: Train Loss: 0.8751 Acc: 0.2626
2018-08-18 16:08:03,473:INFO: Val Acc: 0.2149
2018-08-18 16:08:03,473:INFO: Found new best accuracy
2018-08-18 16:08:03,480:INFO: Epoch 1/99
2018-08-18 16:08:03,480:INFO: ----------
2018-08-18 16:08:56,278:INFO: Train Loss: 0.7887 Acc: 0.3414
2018-08-18 16:09:31,236:INFO: Val Acc: 0.2659
2018-08-18 16:09:31,236:INFO: Found new best accuracy
2018-08-18 16:09:31,240:INFO: Epoch 2/99
2018-08-18 16:09:31,240:INFO: ----------
2018-08-18 16:10:21,379:INFO: Train Loss: 0.7382 Acc: 0.3849
2018-08-18 16:10:45,534:INFO: Val Acc: 0.3580
2018-08-18 16:10:45,534:INFO: Found new best accuracy
2018-08-18 16:10:45,539:INFO: Epoch 3/99
2018-08-18 16:10:45,539:INFO: ----------
2018-08-18 16:11:33,738:INFO: Train Loss: 0.7148 Acc: 0.4083
2018-08-18 16:11:54,526:INFO: Val Acc: 0.3673
2018-08-18 16:11:54,526:INFO: Found new best accuracy
2018-08-18 16:11:54,531:INFO: Epoch 4/99
2018-08-18 16:11:54,532:INFO: ----------
2018-08-18 16:12:38,196:INFO: Train Loss: 0.6978 Acc: 0.4253
2018-08-18 16:13:05,704:INFO: Val Acc: 0.4032
2018-08-18 16:13:05,704:INFO: Found new best accuracy
2018-08-18 16:13:05,709:INFO: Epoch 5/99
2018-08-18 16:13:05,709:INFO: ----------
2018-08-18 16:13:48,959:INFO: Train Loss: 0.6785 Acc: 0.4362
2018-08-18 16:14:08,452:INFO: Val Acc: 0.3723
2018-08-18 16:14:08,453:INFO: Epoch 6/99
2018-08-18 16:14:08,453:INFO: ----------
2018-08-18 16:14:56,637:INFO: Train Loss: 0.6652 Acc: 0.4477
2018-08-18 16:15:30,446:INFO: Val Acc: 0.3589
2018-08-18 16:15:30,447:INFO: Epoch 7/99
2018-08-18 16:15:30,447:INFO: ----------
2018-08-18 16:16:23,760:INFO: Train Loss: 0.6452 Acc: 0.4696
2018-08-18 16:16:59,919:INFO: Val Acc: 0.4175
2018-08-18 16:16:59,919:INFO: Found new best accuracy
2018-08-18 16:16:59,925:INFO: Epoch 8/99
2018-08-18 16:16:59,925:INFO: ----------
2018-08-18 16:17:53,989:INFO: Train Loss: 0.6194 Acc: 0.4960
2018-08-18 16:18:31,283:INFO: Val Acc: 0.3901
2018-08-18 16:18:31,284:INFO: Epoch 9/99
2018-08-18 16:18:31,284:INFO: ----------
2018-08-18 16:19:21,815:INFO: Train Loss: 0.6097 Acc: 0.4994
2018-08-18 16:19:47,253:INFO: Val Acc: 0.3583
2018-08-18 16:19:47,253:INFO: Epoch 10/99
2018-08-18 16:19:47,253:INFO: ----------
2018-08-18 16:20:39,395:INFO: Train Loss: 0.5872 Acc: 0.5157
2018-08-18 16:20:58,888:INFO: Val Acc: 0.4105
2018-08-18 16:20:58,889:INFO: Epoch 11/99
2018-08-18 16:20:58,889:INFO: ----------
2018-08-18 16:21:44,467:INFO: Train Loss: 0.5607 Acc: 0.5423
2018-08-18 16:22:12,355:INFO: Val Acc: 0.4239
2018-08-18 16:22:12,356:INFO: Found new best accuracy
2018-08-18 16:22:12,361:INFO: Epoch 12/99
2018-08-18 16:22:12,361:INFO: ----------
2018-08-18 16:23:04,083:INFO: Train Loss: 0.5465 Acc: 0.5466
2018-08-18 16:23:26,134:INFO: Val Acc: 0.4364
2018-08-18 16:23:26,134:INFO: Found new best accuracy
2018-08-18 16:23:26,141:INFO: Epoch 13/99
2018-08-18 16:23:26,142:INFO: ----------
2018-08-18 16:24:13,414:INFO: Train Loss: 0.5341 Acc: 0.5607
2018-08-18 16:24:33,845:INFO: Val Acc: 0.4531
2018-08-18 16:24:33,846:INFO: Found new best accuracy
2018-08-18 16:24:33,850:INFO: Epoch 14/99
2018-08-18 16:24:33,850:INFO: ----------
2018-08-18 16:25:24,282:INFO: Train Loss: 0.5114 Acc: 0.5782
2018-08-18 16:25:47,622:INFO: Val Acc: 0.4134
2018-08-18 16:25:47,622:INFO: Epoch 15/99
2018-08-18 16:25:47,623:INFO: ----------
2018-08-18 16:26:30,578:INFO: Train Loss: 0.5211 Acc: 0.5719
2018-08-18 16:26:48,549:INFO: Val Acc: 0.5443
2018-08-18 16:26:48,550:INFO: Found new best accuracy
2018-08-18 16:26:48,554:INFO: Epoch 16/99
2018-08-18 16:26:48,555:INFO: ----------
2018-08-18 16:27:32,216:INFO: Train Loss: 0.4752 Acc: 0.6062
2018-08-18 16:27:58,858:INFO: Val Acc: 0.4901
2018-08-18 16:27:58,859:INFO: Epoch 17/99
2018-08-18 16:27:58,860:INFO: ----------
2018-08-18 16:28:57,358:INFO: Train Loss: 0.4643 Acc: 0.6129
2018-08-18 16:29:21,509:INFO: Val Acc: 0.4531
2018-08-18 16:29:21,509:INFO: Epoch 18/99
2018-08-18 16:29:21,510:INFO: ----------
2018-08-18 16:30:13,751:INFO: Train Loss: 0.4532 Acc: 0.6256
2018-08-18 16:30:41,363:INFO: Val Acc: 0.5064
2018-08-18 16:30:41,363:INFO: Epoch 19/99
2018-08-18 16:30:41,363:INFO: ----------
2018-08-18 16:31:24,893:INFO: Train Loss: 0.4272 Acc: 0.6498
2018-08-18 16:31:44,886:INFO: Val Acc: 0.4207
2018-08-18 16:31:44,886:INFO: Epoch 20/99
2018-08-18 16:31:44,887:INFO: ----------
2018-08-18 16:32:29,447:INFO: Train Loss: 0.4268 Acc: 0.6464
2018-08-18 16:32:55,524:INFO: Val Acc: 0.3875
2018-08-18 16:32:55,524:INFO: Epoch 21/99
2018-08-18 16:32:55,524:INFO: ----------
2018-08-18 16:33:40,811:INFO: Train Loss: 0.4089 Acc: 0.6588
2018-08-18 16:34:00,161:INFO: Val Acc: 0.4487
2018-08-18 16:34:00,161:INFO: Epoch 22/99
2018-08-18 16:34:00,162:INFO: ----------
2018-08-18 16:34:44,094:INFO: Train Loss: 0.4250 Acc: 0.6474
2018-08-18 16:35:06,316:INFO: Val Acc: 0.5289
2018-08-18 16:35:06,316:INFO: Epoch 23/99
2018-08-18 16:35:06,316:INFO: ----------
2018-08-18 16:35:52,681:INFO: Train Loss: 0.3971 Acc: 0.6660
2018-08-18 16:36:11,360:INFO: Val Acc: 0.3796
2018-08-18 16:36:11,361:INFO: Epoch 24/99
2018-08-18 16:36:11,361:INFO: ----------
2018-08-18 16:37:00,253:INFO: Train Loss: 0.3840 Acc: 0.6804
2018-08-18 16:37:27,611:INFO: Val Acc: 0.4490
2018-08-18 16:37:27,611:INFO: Epoch 25/99
2018-08-18 16:37:27,612:INFO: ----------
2018-08-18 16:38:20,638:INFO: Train Loss: 0.3947 Acc: 0.6762
2018-08-18 16:38:43,001:INFO: Val Acc: 0.4662
2018-08-18 16:38:43,001:INFO: Epoch 26/99
2018-08-18 16:38:43,002:INFO: ----------
2018-08-18 16:39:34,581:INFO: Train Loss: 0.3829 Acc: 0.6821
2018-08-18 16:39:53,501:INFO: Val Acc: 0.5245
2018-08-18 16:39:53,501:INFO: Epoch 27/99
2018-08-18 16:39:53,501:INFO: ----------
2018-08-18 16:40:38,542:INFO: Train Loss: 0.3720 Acc: 0.6873
2018-08-18 16:41:03,306:INFO: Val Acc: 0.4618
2018-08-18 16:41:03,307:INFO: Epoch 28/99
2018-08-18 16:41:03,307:INFO: ----------
2018-08-18 16:41:57,697:INFO: Train Loss: 0.3559 Acc: 0.7041
2018-08-18 16:42:17,200:INFO: Val Acc: 0.4679
2018-08-18 16:42:17,201:INFO: Epoch 29/99
2018-08-18 16:42:17,201:INFO: ----------
2018-08-18 16:43:01,233:INFO: Train Loss: 0.3533 Acc: 0.7055
2018-08-18 16:43:27,428:INFO: Val Acc: 0.4805
2018-08-18 16:43:27,429:INFO: Epoch 30/99
2018-08-18 16:43:27,429:INFO: ----------
2018-08-18 16:44:14,538:INFO: Train Loss: 0.2964 Acc: 0.7536
2018-08-18 16:44:35,125:INFO: Val Acc: 0.7289
2018-08-18 16:44:35,126:INFO: Found new best accuracy
2018-08-18 16:44:35,132:INFO: Epoch 31/99
2018-08-18 16:44:35,133:INFO: ----------
2018-08-18 16:45:24,216:INFO: Train Loss: 0.2707 Acc: 0.7830
2018-08-18 16:45:45,493:INFO: Val Acc: 0.7289
2018-08-18 16:45:45,494:INFO: Epoch 32/99
2018-08-18 16:45:45,494:INFO: ----------
2018-08-18 16:46:30,046:INFO: Train Loss: 0.2629 Acc: 0.7870
2018-08-18 16:46:47,902:INFO: Val Acc: 0.7324
2018-08-18 16:46:47,903:INFO: Found new best accuracy
2018-08-18 16:46:47,916:INFO: Epoch 33/99
2018-08-18 16:46:47,916:INFO: ----------
2018-08-18 16:47:34,233:INFO: Train Loss: 0.2570 Acc: 0.7918
2018-08-18 16:47:55,835:INFO: Val Acc: 0.7437
2018-08-18 16:47:55,836:INFO: Found new best accuracy
2018-08-18 16:47:55,840:INFO: Epoch 34/99
2018-08-18 16:47:55,841:INFO: ----------
2018-08-18 16:48:44,521:INFO: Train Loss: 0.2539 Acc: 0.7967
2018-08-18 16:49:13,943:INFO: Val Acc: 0.7440
2018-08-18 16:49:13,944:INFO: Found new best accuracy
2018-08-18 16:49:13,950:INFO: Epoch 35/99
2018-08-18 16:49:13,951:INFO: ----------
2018-08-18 16:50:02,222:INFO: Train Loss: 0.2491 Acc: 0.7984
2018-08-18 16:50:33,167:INFO: Val Acc: 0.7437
2018-08-18 16:50:33,168:INFO: Epoch 36/99
2018-08-18 16:50:33,168:INFO: ----------
2018-08-18 16:51:22,741:INFO: Train Loss: 0.2477 Acc: 0.8001
2018-08-18 16:51:51,117:INFO: Val Acc: 0.7466
2018-08-18 16:51:51,118:INFO: Found new best accuracy
2018-08-18 16:51:51,131:INFO: Epoch 37/99
2018-08-18 16:51:51,131:INFO: ----------
2018-08-18 16:52:44,300:INFO: Train Loss: 0.2431 Acc: 0.8036
2018-08-18 16:53:14,599:INFO: Val Acc: 0.7466
2018-08-18 16:53:14,604:INFO: Epoch 38/99
2018-08-18 16:53:14,604:INFO: ----------
2018-08-18 16:54:05,293:INFO: Train Loss: 0.2385 Acc: 0.8087
2018-08-18 16:54:31,943:INFO: Val Acc: 0.7359
2018-08-18 16:54:31,946:INFO: Epoch 39/99
2018-08-18 16:54:31,946:INFO: ----------
2018-08-18 16:55:22,953:INFO: Train Loss: 0.2363 Acc: 0.8119
2018-08-18 16:55:48,964:INFO: Val Acc: 0.7452
2018-08-18 16:55:48,965:INFO: Epoch 40/99
2018-08-18 16:55:48,966:INFO: ----------
2018-08-18 16:56:40,014:INFO: Train Loss: 0.2345 Acc: 0.8099
2018-08-18 16:57:04,202:INFO: Val Acc: 0.7490
2018-08-18 16:57:04,203:INFO: Found new best accuracy
2018-08-18 16:57:04,209:INFO: Epoch 41/99
2018-08-18 16:57:04,210:INFO: ----------
2018-08-18 16:57:54,345:INFO: Train Loss: 0.2305 Acc: 0.8159
2018-08-18 16:58:17,995:INFO: Val Acc: 0.7469
2018-08-18 16:58:17,996:INFO: Epoch 42/99
2018-08-18 16:58:17,996:INFO: ----------
2018-08-18 16:59:08,406:INFO: Train Loss: 0.2297 Acc: 0.8152
2018-08-18 16:59:36,641:INFO: Val Acc: 0.7528
2018-08-18 16:59:36,641:INFO: Found new best accuracy
2018-08-18 16:59:36,649:INFO: Epoch 43/99
2018-08-18 16:59:36,649:INFO: ----------
2018-08-18 17:00:27,791:INFO: Train Loss: 0.2263 Acc: 0.8183
2018-08-18 17:01:01,040:INFO: Val Acc: 0.7437
2018-08-18 17:01:01,040:INFO: Epoch 44/99
2018-08-18 17:01:01,040:INFO: ----------
2018-08-18 17:01:50,755:INFO: Train Loss: 0.2241 Acc: 0.8240
2018-08-18 17:02:09,397:INFO: Val Acc: 0.7545
2018-08-18 17:02:09,398:INFO: Found new best accuracy
2018-08-18 17:02:09,412:INFO: Epoch 45/99
2018-08-18 17:02:09,413:INFO: ----------
2018-08-18 17:02:59,104:INFO: Train Loss: 0.2213 Acc: 0.8251
2018-08-18 17:03:18,292:INFO: Val Acc: 0.7536
2018-08-18 17:03:18,292:INFO: Epoch 46/99
2018-08-18 17:03:18,292:INFO: ----------
2018-08-18 17:04:09,689:INFO: Train Loss: 0.2168 Acc: 0.8282
2018-08-18 17:04:30,276:INFO: Val Acc: 0.7379
2018-08-18 17:04:30,277:INFO: Epoch 47/99
2018-08-18 17:04:30,277:INFO: ----------
2018-08-18 17:05:13,410:INFO: Train Loss: 0.2142 Acc: 0.8278
2018-08-18 17:05:31,016:INFO: Val Acc: 0.7058
2018-08-18 17:05:31,017:INFO: Epoch 48/99
2018-08-18 17:05:31,017:INFO: ----------
2018-08-18 17:06:14,648:INFO: Train Loss: 0.2128 Acc: 0.8356
2018-08-18 17:06:33,810:INFO: Val Acc: 0.7574
2018-08-18 17:06:33,811:INFO: Found new best accuracy
2018-08-18 17:06:33,822:INFO: Epoch 49/99
2018-08-18 17:06:33,823:INFO: ----------
2018-08-18 17:07:18,647:INFO: Train Loss: 0.2120 Acc: 0.8330
2018-08-18 17:07:39,073:INFO: Val Acc: 0.7286
2018-08-18 17:07:39,073:INFO: Epoch 50/99
2018-08-18 17:07:39,073:INFO: ----------
2018-08-18 17:08:26,635:INFO: Train Loss: 0.2077 Acc: 0.8373
2018-08-18 17:09:01,199:INFO: Val Acc: 0.7178
2018-08-18 17:09:01,199:INFO: Epoch 51/99
2018-08-18 17:09:01,199:INFO: ----------
2018-08-18 17:09:54,441:INFO: Train Loss: 0.2072 Acc: 0.8357
2018-08-18 17:10:29,110:INFO: Val Acc: 0.7294
2018-08-18 17:10:29,111:INFO: Epoch 52/99
2018-08-18 17:10:29,111:INFO: ----------
2018-08-18 17:11:16,422:INFO: Train Loss: 0.2024 Acc: 0.8427
2018-08-18 17:11:46,422:INFO: Val Acc: 0.7198
2018-08-18 17:11:46,423:INFO: Epoch 53/99
2018-08-18 17:11:46,423:INFO: ----------
2018-08-18 17:12:30,039:INFO: Train Loss: 0.1969 Acc: 0.8451
2018-08-18 17:12:50,267:INFO: Val Acc: 0.7417
2018-08-18 17:12:50,267:INFO: Epoch 54/99
2018-08-18 17:12:50,268:INFO: ----------
2018-08-18 17:13:40,375:INFO: Train Loss: 0.1980 Acc: 0.8451
2018-08-18 17:14:13,559:INFO: Val Acc: 0.7388
2018-08-18 17:14:13,560:INFO: Epoch 55/99
2018-08-18 17:14:13,560:INFO: ----------
2018-08-18 17:15:04,552:INFO: Train Loss: 0.1924 Acc: 0.8564
2018-08-18 17:15:30,329:INFO: Val Acc: 0.7496
2018-08-18 17:15:30,330:INFO: Epoch 56/99
2018-08-18 17:15:30,330:INFO: ----------
2018-08-18 17:16:24,396:INFO: Train Loss: 0.1904 Acc: 0.8546
2018-08-18 17:16:53,400:INFO: Val Acc: 0.7589
2018-08-18 17:16:53,401:INFO: Found new best accuracy
2018-08-18 17:16:53,405:INFO: Epoch 57/99
2018-08-18 17:16:53,405:INFO: ----------
2018-08-18 17:17:41,115:INFO: Train Loss: 0.1901 Acc: 0.8521
2018-08-18 17:18:12,317:INFO: Val Acc: 0.7309
2018-08-18 17:18:12,318:INFO: Epoch 58/99
2018-08-18 17:18:12,318:INFO: ----------
2018-08-18 17:19:07,466:INFO: Train Loss: 0.1892 Acc: 0.8523
2018-08-18 17:19:38,628:INFO: Val Acc: 0.7312
2018-08-18 17:19:38,629:INFO: Epoch 59/99
2018-08-18 17:19:38,629:INFO: ----------
2018-08-18 17:20:24,871:INFO: Train Loss: 0.1838 Acc: 0.8558
2018-08-18 17:20:51,686:INFO: Val Acc: 0.7574
2018-08-18 17:20:51,687:INFO: Epoch 60/99
2018-08-18 17:20:51,687:INFO: ----------
2018-08-18 17:21:46,631:INFO: Train Loss: 0.1679 Acc: 0.8810
2018-08-18 17:22:19,826:INFO: Val Acc: 0.7732
2018-08-18 17:22:19,827:INFO: Found new best accuracy
2018-08-18 17:22:19,833:INFO: Epoch 61/99
2018-08-18 17:22:19,833:INFO: ----------
2018-08-18 17:23:06,933:INFO: Train Loss: 0.1620 Acc: 0.8836
2018-08-18 17:23:25,706:INFO: Val Acc: 0.7726
2018-08-18 17:23:25,706:INFO: Epoch 62/99
2018-08-18 17:23:25,706:INFO: ----------
2018-08-18 17:24:09,579:INFO: Train Loss: 0.1593 Acc: 0.8880
2018-08-18 17:24:31,999:INFO: Val Acc: 0.7708
2018-08-18 17:24:32,000:INFO: Epoch 63/99
2018-08-18 17:24:32,000:INFO: ----------
2018-08-18 17:25:26,375:INFO: Train Loss: 0.1594 Acc: 0.8892
2018-08-18 17:25:55,971:INFO: Val Acc: 0.7729
2018-08-18 17:25:55,972:INFO: Epoch 64/99
2018-08-18 17:25:55,972:INFO: ----------
2018-08-18 17:26:50,357:INFO: Train Loss: 0.1584 Acc: 0.8910
2018-08-18 17:27:19,262:INFO: Val Acc: 0.7706
2018-08-18 17:27:19,263:INFO: Epoch 65/99
2018-08-18 17:27:19,264:INFO: ----------
2018-08-18 17:28:10,430:INFO: Train Loss: 0.1592 Acc: 0.8868
2018-08-18 17:28:40,889:INFO: Val Acc: 0.7732
2018-08-18 17:28:40,890:INFO: Epoch 66/99
2018-08-18 17:28:40,890:INFO: ----------
2018-08-18 17:29:28,980:INFO: Train Loss: 0.1580 Acc: 0.8907
2018-08-18 17:29:47,552:INFO: Val Acc: 0.7743
2018-08-18 17:29:47,553:INFO: Found new best accuracy
2018-08-18 17:29:47,560:INFO: Epoch 67/99
2018-08-18 17:29:47,560:INFO: ----------
2018-08-18 17:30:31,926:INFO: Train Loss: 0.1585 Acc: 0.8888
2018-08-18 17:31:01,417:INFO: Val Acc: 0.7729
2018-08-18 17:31:01,418:INFO: Epoch 68/99
2018-08-18 17:31:01,418:INFO: ----------
2018-08-18 17:31:52,523:INFO: Train Loss: 0.1584 Acc: 0.8904
2018-08-18 17:32:13,448:INFO: Val Acc: 0.7738
2018-08-18 17:32:13,449:INFO: Epoch 69/99
2018-08-18 17:32:13,449:INFO: ----------
2018-08-18 17:33:05,934:INFO: Train Loss: 0.1564 Acc: 0.8933
2018-08-18 17:33:27,395:INFO: Val Acc: 0.7723
2018-08-18 17:33:27,396:INFO: Epoch 70/99
2018-08-18 17:33:27,396:INFO: ----------
2018-08-18 17:34:10,765:INFO: Train Loss: 0.1560 Acc: 0.8911
2018-08-18 17:34:29,299:INFO: Val Acc: 0.7749
2018-08-18 17:34:29,301:INFO: Found new best accuracy
2018-08-18 17:34:29,317:INFO: Epoch 71/99
2018-08-18 17:34:29,317:INFO: ----------
2018-08-18 17:35:12,305:INFO: Train Loss: 0.1562 Acc: 0.8901
2018-08-18 17:35:33,130:INFO: Val Acc: 0.7723
2018-08-18 17:35:33,130:INFO: Epoch 72/99
2018-08-18 17:35:33,131:INFO: ----------
2018-08-18 17:36:22,609:INFO: Train Loss: 0.1561 Acc: 0.8945
2018-08-18 17:36:43,958:INFO: Val Acc: 0.7752
2018-08-18 17:36:43,959:INFO: Found new best accuracy
2018-08-18 17:36:43,966:INFO: Epoch 73/99
2018-08-18 17:36:43,967:INFO: ----------
2018-08-18 17:37:35,078:INFO: Train Loss: 0.1541 Acc: 0.8969
2018-08-18 17:38:03,989:INFO: Val Acc: 0.7767
2018-08-18 17:38:03,990:INFO: Found new best accuracy
2018-08-18 17:38:03,997:INFO: Epoch 74/99
2018-08-18 17:38:03,998:INFO: ----------
2018-08-18 17:38:57,071:INFO: Train Loss: 0.1553 Acc: 0.8933
2018-08-18 17:39:26,957:INFO: Val Acc: 0.7679
2018-08-18 17:39:26,958:INFO: Epoch 75/99
2018-08-18 17:39:26,958:INFO: ----------
2018-08-18 17:40:19,357:INFO: Train Loss: 0.1540 Acc: 0.8954
2018-08-18 17:40:41,746:INFO: Val Acc: 0.7720
2018-08-18 17:40:41,746:INFO: Epoch 76/99
2018-08-18 17:40:41,746:INFO: ----------
2018-08-18 17:41:30,752:INFO: Train Loss: 0.1534 Acc: 0.8941
2018-08-18 17:41:50,871:INFO: Val Acc: 0.7738
2018-08-18 17:41:50,872:INFO: Epoch 77/99
2018-08-18 17:41:50,872:INFO: ----------
2018-08-18 17:42:34,480:INFO: Train Loss: 0.1535 Acc: 0.8945
2018-08-18 17:42:59,164:INFO: Val Acc: 0.7752
2018-08-18 17:42:59,164:INFO: Epoch 78/99
2018-08-18 17:42:59,165:INFO: ----------
2018-08-18 17:43:41,181:INFO: Train Loss: 0.1521 Acc: 0.8970
2018-08-18 17:44:02,012:INFO: Val Acc: 0.7714
2018-08-18 17:44:02,013:INFO: Epoch 79/99
2018-08-18 17:44:02,013:INFO: ----------
2018-08-18 17:44:45,575:INFO: Train Loss: 0.1524 Acc: 0.8967
2018-08-18 17:45:13,805:INFO: Val Acc: 0.7732
2018-08-18 17:45:13,806:INFO: Epoch 80/99
2018-08-18 17:45:13,806:INFO: ----------
2018-08-18 17:46:06,472:INFO: Train Loss: 0.1519 Acc: 0.8961
2018-08-18 17:46:26,426:INFO: Val Acc: 0.7767
2018-08-18 17:46:26,427:INFO: Epoch 81/99
2018-08-18 17:46:26,427:INFO: ----------
2018-08-18 17:47:09,966:INFO: Train Loss: 0.1519 Acc: 0.8974
2018-08-18 17:47:29,508:INFO: Val Acc: 0.7708
2018-08-18 17:47:29,509:INFO: Epoch 82/99
2018-08-18 17:47:29,509:INFO: ----------
2018-08-18 17:48:16,264:INFO: Train Loss: 0.1518 Acc: 0.8987
2018-08-18 17:48:35,937:INFO: Val Acc: 0.7714
2018-08-18 17:48:35,938:INFO: Epoch 83/99
2018-08-18 17:48:35,938:INFO: ----------
2018-08-18 17:49:22,037:INFO: Train Loss: 0.1508 Acc: 0.8976
2018-08-18 17:49:40,423:INFO: Val Acc: 0.7755
2018-08-18 17:49:40,423:INFO: Epoch 84/99
2018-08-18 17:49:40,423:INFO: ----------
2018-08-18 17:50:24,993:INFO: Train Loss: 0.1494 Acc: 0.8985
2018-08-18 17:50:44,545:INFO: Val Acc: 0.7746
2018-08-18 17:50:44,545:INFO: Epoch 85/99
2018-08-18 17:50:44,545:INFO: ----------
2018-08-18 17:51:30,762:INFO: Train Loss: 0.1490 Acc: 0.9008
2018-08-18 17:51:49,533:INFO: Val Acc: 0.7741
2018-08-18 17:51:49,533:INFO: Epoch 86/99
2018-08-18 17:51:49,533:INFO: ----------
2018-08-18 17:52:36,519:INFO: Train Loss: 0.1492 Acc: 0.9020
2018-08-18 17:52:54,161:INFO: Val Acc: 0.7729
2018-08-18 17:52:54,161:INFO: Epoch 87/99
2018-08-18 17:52:54,162:INFO: ----------
2018-08-18 17:53:38,199:INFO: Train Loss: 0.1488 Acc: 0.9008
2018-08-18 17:53:56,263:INFO: Val Acc: 0.7732
2018-08-18 17:53:56,264:INFO: Epoch 88/99
2018-08-18 17:53:56,264:INFO: ----------
2018-08-18 17:54:43,004:INFO: Train Loss: 0.1489 Acc: 0.9021
2018-08-18 17:55:02,776:INFO: Val Acc: 0.7761
2018-08-18 17:55:02,777:INFO: Epoch 89/99
2018-08-18 17:55:02,777:INFO: ----------
2018-08-18 17:55:51,541:INFO: Train Loss: 0.1484 Acc: 0.9016
2018-08-18 17:56:14,967:INFO: Val Acc: 0.7723
2018-08-18 17:56:14,968:INFO: Epoch 90/99
2018-08-18 17:56:14,968:INFO: ----------
2018-08-18 17:57:00,554:INFO: Train Loss: 0.1459 Acc: 0.9021
2018-08-18 17:57:19,260:INFO: Val Acc: 0.7749
2018-08-18 17:57:19,260:INFO: Epoch 91/99
2018-08-18 17:57:19,260:INFO: ----------
2018-08-18 17:58:05,354:INFO: Train Loss: 0.1460 Acc: 0.9028
2018-08-18 17:58:23,539:INFO: Val Acc: 0.7764
2018-08-18 17:58:23,540:INFO: Epoch 92/99
2018-08-18 17:58:23,540:INFO: ----------
2018-08-18 17:59:11,730:INFO: Train Loss: 0.1450 Acc: 0.9053
2018-08-18 17:59:31,235:INFO: Val Acc: 0.7726
2018-08-18 17:59:31,235:INFO: Epoch 93/99
2018-08-18 17:59:31,235:INFO: ----------
2018-08-18 18:00:23,758:INFO: Train Loss: 0.1442 Acc: 0.9056
2018-08-18 18:00:45,719:INFO: Val Acc: 0.7741
2018-08-18 18:00:45,720:INFO: Epoch 94/99
2018-08-18 18:00:45,720:INFO: ----------
2018-08-18 18:01:28,780:INFO: Train Loss: 0.1449 Acc: 0.9040
2018-08-18 18:01:48,940:INFO: Val Acc: 0.7758
2018-08-18 18:01:48,941:INFO: Epoch 95/99
2018-08-18 18:01:48,941:INFO: ----------
2018-08-18 18:02:33,030:INFO: Train Loss: 0.1453 Acc: 0.9050
2018-08-18 18:02:53,931:INFO: Val Acc: 0.7735
2018-08-18 18:02:53,932:INFO: Epoch 96/99
2018-08-18 18:02:53,932:INFO: ----------
2018-08-18 18:03:42,348:INFO: Train Loss: 0.1451 Acc: 0.9037
2018-08-18 18:04:14,145:INFO: Val Acc: 0.7778
2018-08-18 18:04:14,146:INFO: Found new best accuracy
2018-08-18 18:04:14,153:INFO: Epoch 97/99
2018-08-18 18:04:14,154:INFO: ----------
2018-08-18 18:05:04,695:INFO: Train Loss: 0.1457 Acc: 0.9036
2018-08-18 18:05:30,151:INFO: Val Acc: 0.7711
2018-08-18 18:05:30,152:INFO: Epoch 98/99
2018-08-18 18:05:30,152:INFO: ----------
2018-08-18 18:06:16,990:INFO: Train Loss: 0.1452 Acc: 0.9065
2018-08-18 18:06:38,311:INFO: Val Acc: 0.7732
2018-08-18 18:06:38,312:INFO: Epoch 99/99
2018-08-18 18:06:38,312:INFO: ----------
2018-08-18 18:07:22,549:INFO: Train Loss: 0.1448 Acc: 0.9035
2018-08-18 18:07:52,747:INFO: Val Acc: 0.7723
2018-08-18 18:07:52,748:INFO: Training complete in 121m 14s
2018-08-18 18:07:52,748:INFO: Best val Acc: 0.777843
2018-08-18 18:08:22,414:INFO: Test Acc: 0.7909
