2018-08-17 14:27:58,294:INFO: Loading the datasets...
2018-08-17 14:27:58,387:INFO: - done.
2018-08-17 14:28:20,987:INFO: Starting training for 100 epoch(s)
2018-08-17 14:28:20,990:INFO: Epoch 0/99
2018-08-17 14:28:20,990:INFO: ----------
2018-08-17 14:29:13,168:INFO: Train Loss: 1.2210 Acc: 0.2483
2018-08-17 14:29:36,983:INFO: Val Acc: 0.2464
2018-08-17 14:29:36,984:INFO: Found new best accuracy
2018-08-17 14:29:36,987:INFO: Epoch 1/99
2018-08-17 14:29:36,987:INFO: ----------
2018-08-17 14:30:26,786:INFO: Train Loss: 1.1287 Acc: 0.3190
2018-08-17 14:31:06,870:INFO: Val Acc: 0.2822
2018-08-17 14:31:06,871:INFO: Found new best accuracy
2018-08-17 14:31:06,874:INFO: Epoch 2/99
2018-08-17 14:31:06,874:INFO: ----------
2018-08-17 14:31:58,912:INFO: Train Loss: 1.0745 Acc: 0.3559
2018-08-17 14:32:26,346:INFO: Val Acc: 0.3586
2018-08-17 14:32:26,347:INFO: Found new best accuracy
2018-08-17 14:32:26,350:INFO: Epoch 3/99
2018-08-17 14:32:26,350:INFO: ----------
2018-08-17 14:33:18,929:INFO: Train Loss: 1.0265 Acc: 0.3901
2018-08-17 14:33:55,251:INFO: Val Acc: 0.3510
2018-08-17 14:33:55,251:INFO: Epoch 4/99
2018-08-17 14:33:55,252:INFO: ----------
2018-08-17 14:34:53,513:INFO: Train Loss: 0.9916 Acc: 0.4164
2018-08-17 14:35:28,670:INFO: Val Acc: 0.3157
2018-08-17 14:35:28,671:INFO: Epoch 5/99
2018-08-17 14:35:28,671:INFO: ----------
2018-08-17 14:36:28,223:INFO: Train Loss: 0.9868 Acc: 0.4160
2018-08-17 14:37:00,066:INFO: Val Acc: 0.2913
2018-08-17 14:37:00,067:INFO: Epoch 6/99
2018-08-17 14:37:00,067:INFO: ----------
2018-08-17 14:37:55,529:INFO: Train Loss: 0.9972 Acc: 0.4118
2018-08-17 14:38:35,339:INFO: Val Acc: 0.4274
2018-08-17 14:38:35,340:INFO: Found new best accuracy
2018-08-17 14:38:35,343:INFO: Epoch 7/99
2018-08-17 14:38:35,343:INFO: ----------
2018-08-17 14:39:33,797:INFO: Train Loss: 0.9553 Acc: 0.4304
2018-08-17 14:40:16,026:INFO: Val Acc: 0.3892
2018-08-17 14:40:16,026:INFO: Epoch 8/99
2018-08-17 14:40:16,026:INFO: ----------
2018-08-17 14:41:23,579:INFO: Train Loss: 0.9231 Acc: 0.4575
2018-08-17 14:41:52,008:INFO: Val Acc: 0.3190
2018-08-17 14:41:52,008:INFO: Epoch 9/99
2018-08-17 14:41:52,009:INFO: ----------
2018-08-17 14:42:47,377:INFO: Train Loss: 0.9155 Acc: 0.4682
2018-08-17 14:43:16,351:INFO: Val Acc: 0.3554
2018-08-17 14:43:16,351:INFO: Epoch 10/99
2018-08-17 14:43:16,351:INFO: ----------
2018-08-17 14:44:02,345:INFO: Train Loss: 0.9020 Acc: 0.4799
2018-08-17 14:44:46,882:INFO: Val Acc: 0.3612
2018-08-17 14:44:46,883:INFO: Epoch 11/99
2018-08-17 14:44:46,883:INFO: ----------
2018-08-17 14:45:37,301:INFO: Train Loss: 0.8787 Acc: 0.4899
2018-08-17 14:46:13,535:INFO: Val Acc: 0.4370
2018-08-17 14:46:13,536:INFO: Found new best accuracy
2018-08-17 14:46:13,539:INFO: Epoch 12/99
2018-08-17 14:46:13,539:INFO: ----------
2018-08-17 14:47:04,594:INFO: Train Loss: 0.8627 Acc: 0.5025
2018-08-17 14:47:31,845:INFO: Val Acc: 0.4431
2018-08-17 14:47:31,845:INFO: Found new best accuracy
2018-08-17 14:47:31,848:INFO: Epoch 13/99
2018-08-17 14:47:31,848:INFO: ----------
2018-08-17 14:48:27,005:INFO: Train Loss: 0.8374 Acc: 0.5216
2018-08-17 14:48:53,819:INFO: Val Acc: 0.4469
2018-08-17 14:48:53,820:INFO: Found new best accuracy
2018-08-17 14:48:53,823:INFO: Epoch 14/99
2018-08-17 14:48:53,824:INFO: ----------
2018-08-17 14:49:46,451:INFO: Train Loss: 0.8162 Acc: 0.5326
2018-08-17 14:50:23,348:INFO: Val Acc: 0.3257
2018-08-17 14:50:23,348:INFO: Epoch 15/99
2018-08-17 14:50:23,348:INFO: ----------
2018-08-17 14:51:11,023:INFO: Train Loss: 0.8021 Acc: 0.5411
2018-08-17 14:51:44,074:INFO: Val Acc: 0.4773
2018-08-17 14:51:44,074:INFO: Found new best accuracy
2018-08-17 14:51:44,077:INFO: Epoch 16/99
2018-08-17 14:51:44,077:INFO: ----------
2018-08-17 14:52:27,938:INFO: Train Loss: 0.7708 Acc: 0.5574
2018-08-17 14:53:04,390:INFO: Val Acc: 0.4770
2018-08-17 14:53:04,390:INFO: Epoch 17/99
2018-08-17 14:53:04,391:INFO: ----------
2018-08-17 14:54:02,700:INFO: Train Loss: 0.7627 Acc: 0.5603
2018-08-17 14:54:31,861:INFO: Val Acc: 0.4458
2018-08-17 14:54:31,861:INFO: Epoch 18/99
2018-08-17 14:54:31,861:INFO: ----------
2018-08-17 14:55:26,476:INFO: Train Loss: 0.7325 Acc: 0.5791
2018-08-17 14:55:51,411:INFO: Val Acc: 0.3440
2018-08-17 14:55:51,411:INFO: Epoch 19/99
2018-08-17 14:55:51,411:INFO: ----------
2018-08-17 14:56:41,577:INFO: Train Loss: 0.7261 Acc: 0.5845
2018-08-17 14:57:20,221:INFO: Val Acc: 0.4163
2018-08-17 14:57:20,221:INFO: Epoch 20/99
2018-08-17 14:57:20,221:INFO: ----------
2018-08-17 14:58:18,948:INFO: Train Loss: 0.7316 Acc: 0.5745
2018-08-17 14:58:51,208:INFO: Val Acc: 0.4822
2018-08-17 14:58:51,209:INFO: Found new best accuracy
2018-08-17 14:58:51,211:INFO: Epoch 21/99
2018-08-17 14:58:51,212:INFO: ----------
2018-08-17 14:59:42,230:INFO: Train Loss: 0.6956 Acc: 0.6054
2018-08-17 15:00:20,739:INFO: Val Acc: 0.3534
2018-08-17 15:00:20,740:INFO: Epoch 22/99
2018-08-17 15:00:20,740:INFO: ----------
2018-08-17 15:01:18,162:INFO: Train Loss: 0.6765 Acc: 0.6132
2018-08-17 15:01:49,239:INFO: Val Acc: 0.3627
2018-08-17 15:01:49,240:INFO: Epoch 23/99
2018-08-17 15:01:49,240:INFO: ----------
2018-08-17 15:02:42,086:INFO: Train Loss: 0.6574 Acc: 0.6291
2018-08-17 15:03:18,445:INFO: Val Acc: 0.4268
2018-08-17 15:03:18,445:INFO: Epoch 24/99
2018-08-17 15:03:18,445:INFO: ----------
2018-08-17 15:04:08,109:INFO: Train Loss: 0.6588 Acc: 0.6218
2018-08-17 15:04:38,624:INFO: Val Acc: 0.2685
2018-08-17 15:04:38,625:INFO: Epoch 25/99
2018-08-17 15:04:38,625:INFO: ----------
2018-08-17 15:05:33,549:INFO: Train Loss: 0.6456 Acc: 0.6296
2018-08-17 15:05:57,540:INFO: Val Acc: 0.3128
2018-08-17 15:05:57,541:INFO: Epoch 26/99
2018-08-17 15:05:57,541:INFO: ----------
2018-08-17 15:06:48,252:INFO: Train Loss: 0.6328 Acc: 0.6396
2018-08-17 15:07:23,035:INFO: Val Acc: 0.3828
2018-08-17 15:07:23,036:INFO: Epoch 27/99
2018-08-17 15:07:23,036:INFO: ----------
2018-08-17 15:08:23,198:INFO: Train Loss: 0.6264 Acc: 0.6440
2018-08-17 15:08:49,542:INFO: Val Acc: 0.5125
2018-08-17 15:08:49,542:INFO: Found new best accuracy
2018-08-17 15:08:49,546:INFO: Epoch 28/99
2018-08-17 15:08:49,547:INFO: ----------
2018-08-17 15:09:38,514:INFO: Train Loss: 0.6132 Acc: 0.6517
2018-08-17 15:10:03,824:INFO: Val Acc: 0.4061
2018-08-17 15:10:03,825:INFO: Epoch 29/99
2018-08-17 15:10:03,825:INFO: ----------
2018-08-17 15:10:58,899:INFO: Train Loss: 0.6110 Acc: 0.6483
2018-08-17 15:11:32,553:INFO: Val Acc: 0.4335
2018-08-17 15:11:32,554:INFO: Epoch 30/99
2018-08-17 15:11:32,554:INFO: ----------
2018-08-17 15:12:21,830:INFO: Train Loss: 0.5230 Acc: 0.7084
2018-08-17 15:12:55,937:INFO: Val Acc: 0.6688
2018-08-17 15:12:55,938:INFO: Found new best accuracy
2018-08-17 15:12:55,941:INFO: Epoch 31/99
2018-08-17 15:12:55,941:INFO: ----------
2018-08-17 15:13:44,737:INFO: Train Loss: 0.4993 Acc: 0.7264
2018-08-17 15:14:23,172:INFO: Val Acc: 0.6819
2018-08-17 15:14:23,172:INFO: Found new best accuracy
2018-08-17 15:14:23,177:INFO: Epoch 32/99
2018-08-17 15:14:23,177:INFO: ----------
2018-08-17 15:15:15,297:INFO: Train Loss: 0.4917 Acc: 0.7311
2018-08-17 15:15:46,401:INFO: Val Acc: 0.6825
2018-08-17 15:15:46,402:INFO: Found new best accuracy
2018-08-17 15:15:46,405:INFO: Epoch 33/99
2018-08-17 15:15:46,405:INFO: ----------
2018-08-17 15:16:32,215:INFO: Train Loss: 0.4812 Acc: 0.7357
2018-08-17 15:16:59,696:INFO: Val Acc: 0.6875
2018-08-17 15:16:59,697:INFO: Found new best accuracy
2018-08-17 15:16:59,700:INFO: Epoch 34/99
2018-08-17 15:16:59,700:INFO: ----------
2018-08-17 15:17:48,612:INFO: Train Loss: 0.4774 Acc: 0.7365
2018-08-17 15:18:26,363:INFO: Val Acc: 0.6746
2018-08-17 15:18:26,363:INFO: Epoch 35/99
2018-08-17 15:18:26,364:INFO: ----------
2018-08-17 15:19:17,238:INFO: Train Loss: 0.4726 Acc: 0.7410
2018-08-17 15:19:49,462:INFO: Val Acc: 0.7012
2018-08-17 15:19:49,462:INFO: Found new best accuracy
2018-08-17 15:19:49,465:INFO: Epoch 36/99
2018-08-17 15:19:49,466:INFO: ----------
2018-08-17 15:20:36,975:INFO: Train Loss: 0.4682 Acc: 0.7488
2018-08-17 15:21:12,331:INFO: Val Acc: 0.6930
2018-08-17 15:21:12,332:INFO: Epoch 37/99
2018-08-17 15:21:12,333:INFO: ----------
2018-08-17 15:22:01,585:INFO: Train Loss: 0.4663 Acc: 0.7453
2018-08-17 15:22:36,864:INFO: Val Acc: 0.7003
2018-08-17 15:22:36,865:INFO: Epoch 38/99
2018-08-17 15:22:36,866:INFO: ----------
2018-08-17 15:23:23,548:INFO: Train Loss: 0.4601 Acc: 0.7518
2018-08-17 15:23:54,756:INFO: Val Acc: 0.6808
2018-08-17 15:23:54,756:INFO: Epoch 39/99
2018-08-17 15:23:54,756:INFO: ----------
2018-08-17 15:24:53,134:INFO: Train Loss: 0.4563 Acc: 0.7505
2018-08-17 15:25:26,067:INFO: Val Acc: 0.7061
2018-08-17 15:25:26,069:INFO: Found new best accuracy
2018-08-17 15:25:26,074:INFO: Epoch 40/99
2018-08-17 15:25:26,074:INFO: ----------
2018-08-17 15:26:25,108:INFO: Train Loss: 0.4528 Acc: 0.7528
2018-08-17 15:27:02,279:INFO: Val Acc: 0.6738
2018-08-17 15:27:02,281:INFO: Epoch 41/99
2018-08-17 15:27:02,281:INFO: ----------
2018-08-17 15:27:53,235:INFO: Train Loss: 0.4491 Acc: 0.7563
2018-08-17 15:28:28,606:INFO: Val Acc: 0.7015
2018-08-17 15:28:28,606:INFO: Epoch 42/99
2018-08-17 15:28:28,606:INFO: ----------
2018-08-17 15:29:20,946:INFO: Train Loss: 0.4470 Acc: 0.7589
2018-08-17 15:29:50,338:INFO: Val Acc: 0.6854
2018-08-17 15:29:50,339:INFO: Epoch 43/99
2018-08-17 15:29:50,339:INFO: ----------
2018-08-17 15:30:44,469:INFO: Train Loss: 0.4440 Acc: 0.7603
2018-08-17 15:31:22,328:INFO: Val Acc: 0.6907
2018-08-17 15:31:22,329:INFO: Epoch 44/99
2018-08-17 15:31:22,329:INFO: ----------
2018-08-17 15:32:17,163:INFO: Train Loss: 0.4413 Acc: 0.7564
2018-08-17 15:32:55,105:INFO: Val Acc: 0.6983
2018-08-17 15:32:55,106:INFO: Epoch 45/99
2018-08-17 15:32:55,106:INFO: ----------
2018-08-17 15:33:50,115:INFO: Train Loss: 0.4351 Acc: 0.7651
2018-08-17 15:34:21,735:INFO: Val Acc: 0.7044
2018-08-17 15:34:21,736:INFO: Epoch 46/99
2018-08-17 15:34:21,736:INFO: ----------
2018-08-17 15:35:17,560:INFO: Train Loss: 0.4327 Acc: 0.7667
2018-08-17 15:36:00,931:INFO: Val Acc: 0.6708
2018-08-17 15:36:00,931:INFO: Epoch 47/99
2018-08-17 15:36:00,932:INFO: ----------
2018-08-17 15:36:53,836:INFO: Train Loss: 0.4295 Acc: 0.7717
2018-08-17 15:37:29,839:INFO: Val Acc: 0.6997
2018-08-17 15:37:29,839:INFO: Epoch 48/99
2018-08-17 15:37:29,839:INFO: ----------
2018-08-17 15:38:23,783:INFO: Train Loss: 0.4263 Acc: 0.7722
2018-08-17 15:39:02,315:INFO: Val Acc: 0.6869
2018-08-17 15:39:02,316:INFO: Epoch 49/99
2018-08-17 15:39:02,316:INFO: ----------
2018-08-17 15:39:55,288:INFO: Train Loss: 0.4247 Acc: 0.7696
2018-08-17 15:40:29,176:INFO: Val Acc: 0.7128
2018-08-17 15:40:29,177:INFO: Found new best accuracy
2018-08-17 15:40:29,182:INFO: Epoch 50/99
2018-08-17 15:40:29,182:INFO: ----------
2018-08-17 15:41:17,723:INFO: Train Loss: 0.4206 Acc: 0.7741
2018-08-17 15:41:47,801:INFO: Val Acc: 0.6994
2018-08-17 15:41:47,802:INFO: Epoch 51/99
2018-08-17 15:41:47,802:INFO: ----------
2018-08-17 15:42:41,683:INFO: Train Loss: 0.4200 Acc: 0.7769
2018-08-17 15:43:17,880:INFO: Val Acc: 0.6787
2018-08-17 15:43:17,882:INFO: Epoch 52/99
2018-08-17 15:43:17,883:INFO: ----------
2018-08-17 15:44:10,324:INFO: Train Loss: 0.4203 Acc: 0.7697
2018-08-17 15:44:43,429:INFO: Val Acc: 0.6743
2018-08-17 15:44:43,429:INFO: Epoch 53/99
2018-08-17 15:44:43,430:INFO: ----------
2018-08-17 15:45:35,950:INFO: Train Loss: 0.4154 Acc: 0.7735
2018-08-17 15:46:03,847:INFO: Val Acc: 0.6910
2018-08-17 15:46:03,848:INFO: Epoch 54/99
2018-08-17 15:46:03,848:INFO: ----------
2018-08-17 15:46:53,925:INFO: Train Loss: 0.4115 Acc: 0.7808
2018-08-17 15:47:28,711:INFO: Val Acc: 0.7085
2018-08-17 15:47:28,713:INFO: Epoch 55/99
2018-08-17 15:47:28,713:INFO: ----------
2018-08-17 15:48:20,350:INFO: Train Loss: 0.4082 Acc: 0.7820
2018-08-17 15:48:58,798:INFO: Val Acc: 0.6988
2018-08-17 15:48:58,799:INFO: Epoch 56/99
2018-08-17 15:48:58,799:INFO: ----------
2018-08-17 15:49:52,777:INFO: Train Loss: 0.4138 Acc: 0.7794
2018-08-17 15:50:25,052:INFO: Val Acc: 0.6997
2018-08-17 15:50:25,053:INFO: Epoch 57/99
2018-08-17 15:50:25,053:INFO: ----------
2018-08-17 15:51:18,075:INFO: Train Loss: 0.4040 Acc: 0.7843
2018-08-17 15:52:01,439:INFO: Val Acc: 0.7070
2018-08-17 15:52:01,440:INFO: Epoch 58/99
2018-08-17 15:52:01,440:INFO: ----------
2018-08-17 15:52:58,440:INFO: Train Loss: 0.3971 Acc: 0.7894
2018-08-17 15:53:31,412:INFO: Val Acc: 0.6808
2018-08-17 15:53:31,413:INFO: Epoch 59/99
2018-08-17 15:53:31,413:INFO: ----------
2018-08-17 15:54:24,949:INFO: Train Loss: 0.3987 Acc: 0.7881
2018-08-17 15:55:02,683:INFO: Val Acc: 0.7105
2018-08-17 15:55:02,684:INFO: Epoch 60/99
2018-08-17 15:55:02,684:INFO: ----------
2018-08-17 15:56:00,744:INFO: Train Loss: 0.3783 Acc: 0.8033
2018-08-17 15:56:37,255:INFO: Val Acc: 0.7338
2018-08-17 15:56:37,257:INFO: Found new best accuracy
2018-08-17 15:56:37,262:INFO: Epoch 61/99
2018-08-17 15:56:37,262:INFO: ----------
2018-08-17 15:57:30,539:INFO: Train Loss: 0.3719 Acc: 0.8126
2018-08-17 15:57:57,867:INFO: Val Acc: 0.7388
2018-08-17 15:57:57,868:INFO: Found new best accuracy
2018-08-17 15:57:57,872:INFO: Epoch 62/99
2018-08-17 15:57:57,872:INFO: ----------
2018-08-17 15:58:49,613:INFO: Train Loss: 0.3716 Acc: 0.8101
2018-08-17 15:59:25,266:INFO: Val Acc: 0.7344
2018-08-17 15:59:25,266:INFO: Epoch 63/99
2018-08-17 15:59:25,266:INFO: ----------
2018-08-17 16:00:18,117:INFO: Train Loss: 0.3696 Acc: 0.8126
2018-08-17 16:00:47,593:INFO: Val Acc: 0.7359
2018-08-17 16:00:47,594:INFO: Epoch 64/99
2018-08-17 16:00:47,595:INFO: ----------
2018-08-17 16:01:41,496:INFO: Train Loss: 0.3684 Acc: 0.8123
2018-08-17 16:02:13,409:INFO: Val Acc: 0.7382
2018-08-17 16:02:13,410:INFO: Epoch 65/99
2018-08-17 16:02:13,410:INFO: ----------
2018-08-17 16:03:08,159:INFO: Train Loss: 0.3673 Acc: 0.8116
2018-08-17 16:03:36,602:INFO: Val Acc: 0.7385
2018-08-17 16:03:36,602:INFO: Epoch 66/99
2018-08-17 16:03:36,603:INFO: ----------
2018-08-17 16:04:27,093:INFO: Train Loss: 0.3646 Acc: 0.8150
2018-08-17 16:05:07,864:INFO: Val Acc: 0.7292
2018-08-17 16:05:07,864:INFO: Epoch 67/99
2018-08-17 16:05:07,864:INFO: ----------
2018-08-17 16:06:00,360:INFO: Train Loss: 0.3659 Acc: 0.8137
2018-08-17 16:06:33,301:INFO: Val Acc: 0.7294
2018-08-17 16:06:33,302:INFO: Epoch 68/99
2018-08-17 16:06:33,302:INFO: ----------
2018-08-17 16:07:26,805:INFO: Train Loss: 0.3640 Acc: 0.8162
2018-08-17 16:08:06,053:INFO: Val Acc: 0.7297
2018-08-17 16:08:06,054:INFO: Epoch 69/99
2018-08-17 16:08:06,054:INFO: ----------
2018-08-17 16:08:54,028:INFO: Train Loss: 0.3637 Acc: 0.8174
2018-08-17 16:09:27,536:INFO: Val Acc: 0.7321
2018-08-17 16:09:27,536:INFO: Epoch 70/99
2018-08-17 16:09:27,536:INFO: ----------
2018-08-17 16:10:23,097:INFO: Train Loss: 0.3640 Acc: 0.8165
2018-08-17 16:10:59,919:INFO: Val Acc: 0.7388
2018-08-17 16:10:59,920:INFO: Epoch 71/99
2018-08-17 16:10:59,920:INFO: ----------
2018-08-17 16:11:56,824:INFO: Train Loss: 0.3638 Acc: 0.8133
2018-08-17 16:12:29,619:INFO: Val Acc: 0.7353
2018-08-17 16:12:29,619:INFO: Epoch 72/99
2018-08-17 16:12:29,619:INFO: ----------
2018-08-17 16:13:27,455:INFO: Train Loss: 0.3624 Acc: 0.8180
2018-08-17 16:13:56,298:INFO: Val Acc: 0.7362
2018-08-17 16:13:56,299:INFO: Epoch 73/99
2018-08-17 16:13:56,299:INFO: ----------
2018-08-17 16:14:48,140:INFO: Train Loss: 0.3621 Acc: 0.8160
2018-08-17 16:15:26,980:INFO: Val Acc: 0.7364
2018-08-17 16:15:26,981:INFO: Epoch 74/99
2018-08-17 16:15:26,981:INFO: ----------
2018-08-17 16:16:18,166:INFO: Train Loss: 0.3624 Acc: 0.8178
2018-08-17 16:16:50,236:INFO: Val Acc: 0.7397
2018-08-17 16:16:50,240:INFO: Found new best accuracy
2018-08-17 16:16:50,245:INFO: Epoch 75/99
2018-08-17 16:16:50,245:INFO: ----------
2018-08-17 16:17:43,740:INFO: Train Loss: 0.3613 Acc: 0.8173
2018-08-17 16:18:20,808:INFO: Val Acc: 0.7356
2018-08-17 16:18:20,810:INFO: Epoch 76/99
2018-08-17 16:18:20,810:INFO: ----------
2018-08-17 16:19:13,237:INFO: Train Loss: 0.3612 Acc: 0.8189
2018-08-17 16:19:54,411:INFO: Val Acc: 0.7362
2018-08-17 16:19:54,412:INFO: Epoch 77/99
2018-08-17 16:19:54,412:INFO: ----------
2018-08-17 16:20:46,741:INFO: Train Loss: 0.3612 Acc: 0.8171
2018-08-17 16:21:33,533:INFO: Val Acc: 0.7373
2018-08-17 16:21:33,534:INFO: Epoch 78/99
2018-08-17 16:21:33,534:INFO: ----------
2018-08-17 16:22:26,666:INFO: Train Loss: 0.3604 Acc: 0.8202
2018-08-17 16:23:05,791:INFO: Val Acc: 0.7367
2018-08-17 16:23:05,792:INFO: Epoch 79/99
2018-08-17 16:23:05,792:INFO: ----------
2018-08-17 16:23:59,255:INFO: Train Loss: 0.3605 Acc: 0.8188
2018-08-17 16:24:29,829:INFO: Val Acc: 0.7364
2018-08-17 16:24:29,830:INFO: Epoch 80/99
2018-08-17 16:24:29,830:INFO: ----------
2018-08-17 16:25:22,271:INFO: Train Loss: 0.3596 Acc: 0.8162
2018-08-17 16:25:58,794:INFO: Val Acc: 0.7426
2018-08-17 16:25:58,794:INFO: Found new best accuracy
2018-08-17 16:25:58,799:INFO: Epoch 81/99
2018-08-17 16:25:58,799:INFO: ----------
2018-08-17 16:26:52,626:INFO: Train Loss: 0.3589 Acc: 0.8197
2018-08-17 16:27:32,387:INFO: Val Acc: 0.7376
2018-08-17 16:27:32,388:INFO: Epoch 82/99
2018-08-17 16:27:32,389:INFO: ----------
2018-08-17 16:28:23,238:INFO: Train Loss: 0.3590 Acc: 0.8207
2018-08-17 16:28:56,670:INFO: Val Acc: 0.7362
2018-08-17 16:28:56,670:INFO: Epoch 83/99
2018-08-17 16:28:56,671:INFO: ----------
2018-08-17 16:29:50,457:INFO: Train Loss: 0.3596 Acc: 0.8196
2018-08-17 16:30:20,252:INFO: Val Acc: 0.7362
2018-08-17 16:30:20,253:INFO: Epoch 84/99
2018-08-17 16:30:20,253:INFO: ----------
2018-08-17 16:31:13,524:INFO: Train Loss: 0.3568 Acc: 0.8208
2018-08-17 16:31:48,951:INFO: Val Acc: 0.7391
2018-08-17 16:31:48,952:INFO: Epoch 85/99
2018-08-17 16:31:48,952:INFO: ----------
2018-08-17 16:32:41,747:INFO: Train Loss: 0.3571 Acc: 0.8186
2018-08-17 16:33:14,036:INFO: Val Acc: 0.7414
2018-08-17 16:33:14,037:INFO: Epoch 86/99
2018-08-17 16:33:14,038:INFO: ----------
2018-08-17 16:34:06,426:INFO: Train Loss: 0.3573 Acc: 0.8183
2018-08-17 16:34:39,562:INFO: Val Acc: 0.7449
2018-08-17 16:34:39,563:INFO: Found new best accuracy
2018-08-17 16:34:39,567:INFO: Epoch 87/99
2018-08-17 16:34:39,568:INFO: ----------
2018-08-17 16:35:34,968:INFO: Train Loss: 0.3555 Acc: 0.8223
2018-08-17 16:36:10,654:INFO: Val Acc: 0.7426
2018-08-17 16:36:10,655:INFO: Epoch 88/99
2018-08-17 16:36:10,655:INFO: ----------
2018-08-17 16:37:04,998:INFO: Train Loss: 0.3570 Acc: 0.8207
2018-08-17 16:37:43,520:INFO: Val Acc: 0.7385
2018-08-17 16:37:43,523:INFO: Epoch 89/99
2018-08-17 16:37:43,526:INFO: ----------
2018-08-17 16:38:41,188:INFO: Train Loss: 0.3559 Acc: 0.8206
2018-08-17 16:39:18,295:INFO: Val Acc: 0.7420
2018-08-17 16:39:18,296:INFO: Epoch 90/99
2018-08-17 16:39:18,296:INFO: ----------
2018-08-17 16:40:07,958:INFO: Train Loss: 0.3530 Acc: 0.8240
2018-08-17 16:40:41,820:INFO: Val Acc: 0.7397
2018-08-17 16:40:41,821:INFO: Epoch 91/99
2018-08-17 16:40:41,821:INFO: ----------
2018-08-17 16:41:39,452:INFO: Train Loss: 0.3519 Acc: 0.8218
2018-08-17 16:42:13,097:INFO: Val Acc: 0.7405
2018-08-17 16:42:13,101:INFO: Epoch 92/99
2018-08-17 16:42:13,102:INFO: ----------
2018-08-17 16:43:07,549:INFO: Train Loss: 0.3507 Acc: 0.8251
2018-08-17 16:43:35,671:INFO: Val Acc: 0.7391
2018-08-17 16:43:35,671:INFO: Epoch 93/99
2018-08-17 16:43:35,671:INFO: ----------
2018-08-17 16:44:27,604:INFO: Train Loss: 0.3521 Acc: 0.8245
2018-08-17 16:45:06,935:INFO: Val Acc: 0.7408
2018-08-17 16:45:06,938:INFO: Epoch 94/99
2018-08-17 16:45:06,938:INFO: ----------
2018-08-17 16:45:57,214:INFO: Train Loss: 0.3532 Acc: 0.8230
2018-08-17 16:46:30,796:INFO: Val Acc: 0.7431
2018-08-17 16:46:30,796:INFO: Epoch 95/99
2018-08-17 16:46:30,796:INFO: ----------
2018-08-17 16:47:22,211:INFO: Train Loss: 0.3523 Acc: 0.8277
2018-08-17 16:47:53,933:INFO: Val Acc: 0.7440
2018-08-17 16:47:53,933:INFO: Epoch 96/99
2018-08-17 16:47:53,934:INFO: ----------
2018-08-17 16:48:46,039:INFO: Train Loss: 0.3502 Acc: 0.8277
2018-08-17 16:49:22,361:INFO: Val Acc: 0.7397
2018-08-17 16:49:22,361:INFO: Epoch 97/99
2018-08-17 16:49:22,362:INFO: ----------
2018-08-17 16:50:11,012:INFO: Train Loss: 0.3509 Acc: 0.8261
2018-08-17 16:50:45,861:INFO: Val Acc: 0.7443
2018-08-17 16:50:45,864:INFO: Epoch 98/99
2018-08-17 16:50:45,865:INFO: ----------
2018-08-17 16:51:41,383:INFO: Train Loss: 0.3512 Acc: 0.8272
2018-08-17 16:52:09,970:INFO: Val Acc: 0.7429
2018-08-17 16:52:09,971:INFO: Epoch 99/99
2018-08-17 16:52:09,971:INFO: ----------
2018-08-17 16:53:05,220:INFO: Train Loss: 0.3509 Acc: 0.8250
2018-08-17 16:53:34,003:INFO: Val Acc: 0.7431
2018-08-17 16:53:34,004:INFO: Training complete in 145m 13s
2018-08-17 16:53:34,004:INFO: Best val Acc: 0.744898
2018-08-17 16:53:57,384:INFO: Test Acc: 0.7628
