2018-08-17 15:08:56,292:INFO: Loading the datasets...
2018-08-17 15:08:56,404:INFO: - done.
2018-08-17 15:09:11,650:INFO: Starting training for 100 epoch(s)
2018-08-17 15:09:11,654:INFO: Epoch 0/99
2018-08-17 15:09:11,654:INFO: ----------
2018-08-17 15:10:03,705:INFO: Train Loss: 1.4366 Acc: 0.2505
2018-08-17 15:10:33,111:INFO: Val Acc: 0.2761
2018-08-17 15:10:33,112:INFO: Found new best accuracy
2018-08-17 15:10:33,115:INFO: Epoch 1/99
2018-08-17 15:10:33,115:INFO: ----------
2018-08-17 15:11:23,853:INFO: Train Loss: 1.3356 Acc: 0.3101
2018-08-17 15:12:00,888:INFO: Val Acc: 0.3155
2018-08-17 15:12:00,889:INFO: Found new best accuracy
2018-08-17 15:12:00,891:INFO: Epoch 2/99
2018-08-17 15:12:00,891:INFO: ----------
2018-08-17 15:12:51,256:INFO: Train Loss: 1.2661 Acc: 0.3534
2018-08-17 15:13:27,150:INFO: Val Acc: 0.3073
2018-08-17 15:13:27,151:INFO: Epoch 3/99
2018-08-17 15:13:27,151:INFO: ----------
2018-08-17 15:14:17,316:INFO: Train Loss: 1.2127 Acc: 0.3877
2018-08-17 15:14:47,907:INFO: Val Acc: 0.3796
2018-08-17 15:14:47,908:INFO: Found new best accuracy
2018-08-17 15:14:47,913:INFO: Epoch 4/99
2018-08-17 15:14:47,913:INFO: ----------
2018-08-17 15:15:40,416:INFO: Train Loss: 1.1659 Acc: 0.4161
2018-08-17 15:16:15,896:INFO: Val Acc: 0.2776
2018-08-17 15:16:15,897:INFO: Epoch 5/99
2018-08-17 15:16:15,897:INFO: ----------
2018-08-17 15:17:08,051:INFO: Train Loss: 1.1544 Acc: 0.4207
2018-08-17 15:17:40,137:INFO: Val Acc: 0.3280
2018-08-17 15:17:40,138:INFO: Epoch 6/99
2018-08-17 15:17:40,138:INFO: ----------
2018-08-17 15:18:30,008:INFO: Train Loss: 1.1412 Acc: 0.4319
2018-08-17 15:19:09,426:INFO: Val Acc: 0.3997
2018-08-17 15:19:09,426:INFO: Found new best accuracy
2018-08-17 15:19:09,430:INFO: Epoch 7/99
2018-08-17 15:19:09,430:INFO: ----------
2018-08-17 15:20:05,556:INFO: Train Loss: 1.1163 Acc: 0.4341
2018-08-17 15:20:42,491:INFO: Val Acc: 0.4385
2018-08-17 15:20:42,492:INFO: Found new best accuracy
2018-08-17 15:20:42,497:INFO: Epoch 8/99
2018-08-17 15:20:42,497:INFO: ----------
2018-08-17 15:21:46,299:INFO: Train Loss: 1.0746 Acc: 0.4601
2018-08-17 15:22:16,132:INFO: Val Acc: 0.3994
2018-08-17 15:22:16,133:INFO: Epoch 9/99
2018-08-17 15:22:16,134:INFO: ----------
2018-08-17 15:23:08,060:INFO: Train Loss: 1.0574 Acc: 0.4738
2018-08-17 15:23:38,302:INFO: Val Acc: 0.3268
2018-08-17 15:23:38,303:INFO: Epoch 10/99
2018-08-17 15:23:38,303:INFO: ----------
2018-08-17 15:24:26,186:INFO: Train Loss: 1.0571 Acc: 0.4783
2018-08-17 15:25:05,405:INFO: Val Acc: 0.2574
2018-08-17 15:25:05,406:INFO: Epoch 11/99
2018-08-17 15:25:05,407:INFO: ----------
2018-08-17 15:25:59,940:INFO: Train Loss: 1.0272 Acc: 0.4874
2018-08-17 15:26:31,800:INFO: Val Acc: 0.3915
2018-08-17 15:26:31,801:INFO: Epoch 12/99
2018-08-17 15:26:31,801:INFO: ----------
2018-08-17 15:27:22,979:INFO: Train Loss: 0.9874 Acc: 0.5111
2018-08-17 15:27:58,362:INFO: Val Acc: 0.3837
2018-08-17 15:27:58,362:INFO: Epoch 13/99
2018-08-17 15:27:58,363:INFO: ----------
2018-08-17 15:28:50,072:INFO: Train Loss: 0.9542 Acc: 0.5274
2018-08-17 15:29:22,786:INFO: Val Acc: 0.3942
2018-08-17 15:29:22,787:INFO: Epoch 14/99
2018-08-17 15:29:22,787:INFO: ----------
2018-08-17 15:30:14,850:INFO: Train Loss: 0.9390 Acc: 0.5369
2018-08-17 15:30:50,421:INFO: Val Acc: 0.4184
2018-08-17 15:30:50,422:INFO: Epoch 15/99
2018-08-17 15:30:50,422:INFO: ----------
2018-08-17 15:31:43,955:INFO: Train Loss: 0.9023 Acc: 0.5605
2018-08-17 15:32:14,372:INFO: Val Acc: 0.4122
2018-08-17 15:32:14,373:INFO: Epoch 16/99
2018-08-17 15:32:14,373:INFO: ----------
2018-08-17 15:33:03,438:INFO: Train Loss: 0.8798 Acc: 0.5646
2018-08-17 15:33:36,596:INFO: Val Acc: 0.3633
2018-08-17 15:33:36,597:INFO: Epoch 17/99
2018-08-17 15:33:36,597:INFO: ----------
2018-08-17 15:34:31,926:INFO: Train Loss: 0.8732 Acc: 0.5689
2018-08-17 15:35:05,535:INFO: Val Acc: 0.5190
2018-08-17 15:35:05,537:INFO: Found new best accuracy
2018-08-17 15:35:05,539:INFO: Epoch 18/99
2018-08-17 15:35:05,539:INFO: ----------
2018-08-17 15:35:58,633:INFO: Train Loss: 0.8523 Acc: 0.5790
2018-08-17 15:36:33,697:INFO: Val Acc: 0.3764
2018-08-17 15:36:33,697:INFO: Epoch 19/99
2018-08-17 15:36:33,698:INFO: ----------
2018-08-17 15:37:23,267:INFO: Train Loss: 0.8252 Acc: 0.5969
2018-08-17 15:37:56,433:INFO: Val Acc: 0.3863
2018-08-17 15:37:56,434:INFO: Epoch 20/99
2018-08-17 15:37:56,434:INFO: ----------
2018-08-17 15:38:55,865:INFO: Train Loss: 0.8352 Acc: 0.5851
2018-08-17 15:39:30,628:INFO: Val Acc: 0.4665
2018-08-17 15:39:30,628:INFO: Epoch 21/99
2018-08-17 15:39:30,629:INFO: ----------
2018-08-17 15:40:23,236:INFO: Train Loss: 0.8105 Acc: 0.6061
2018-08-17 15:41:01,557:INFO: Val Acc: 0.3294
2018-08-17 15:41:01,558:INFO: Epoch 22/99
2018-08-17 15:41:01,558:INFO: ----------
2018-08-17 15:41:58,761:INFO: Train Loss: 0.7812 Acc: 0.6156
2018-08-17 15:42:32,142:INFO: Val Acc: 0.5047
2018-08-17 15:42:32,143:INFO: Epoch 23/99
2018-08-17 15:42:32,144:INFO: ----------
2018-08-17 15:43:22,926:INFO: Train Loss: 0.7679 Acc: 0.6261
2018-08-17 15:43:53,731:INFO: Val Acc: 0.3647
2018-08-17 15:43:53,732:INFO: Epoch 24/99
2018-08-17 15:43:53,732:INFO: ----------
2018-08-17 15:44:46,941:INFO: Train Loss: 0.7413 Acc: 0.6340
2018-08-17 15:45:16,820:INFO: Val Acc: 0.4254
2018-08-17 15:45:16,820:INFO: Epoch 25/99
2018-08-17 15:45:16,821:INFO: ----------
2018-08-17 15:46:08,955:INFO: Train Loss: 0.7802 Acc: 0.6182
2018-08-17 15:46:47,217:INFO: Val Acc: 0.3044
2018-08-17 15:46:47,218:INFO: Epoch 26/99
2018-08-17 15:46:47,218:INFO: ----------
2018-08-17 15:47:34,932:INFO: Train Loss: 0.7289 Acc: 0.6449
2018-08-17 15:48:11,521:INFO: Val Acc: 0.4880
2018-08-17 15:48:11,522:INFO: Epoch 27/99
2018-08-17 15:48:11,522:INFO: ----------
2018-08-17 15:49:09,037:INFO: Train Loss: 0.7135 Acc: 0.6508
2018-08-17 15:49:36,099:INFO: Val Acc: 0.4948
2018-08-17 15:49:36,100:INFO: Epoch 28/99
2018-08-17 15:49:36,101:INFO: ----------
2018-08-17 15:50:27,348:INFO: Train Loss: 0.7005 Acc: 0.6569
2018-08-17 15:50:55,582:INFO: Val Acc: 0.3096
2018-08-17 15:50:55,582:INFO: Epoch 29/99
2018-08-17 15:50:55,583:INFO: ----------
2018-08-17 15:51:48,788:INFO: Train Loss: 0.7096 Acc: 0.6543
2018-08-17 15:52:21,096:INFO: Val Acc: 0.3892
2018-08-17 15:52:21,097:INFO: Epoch 30/99
2018-08-17 15:52:21,097:INFO: ----------
2018-08-17 15:53:12,711:INFO: Train Loss: 0.5982 Acc: 0.7121
2018-08-17 15:53:50,035:INFO: Val Acc: 0.6781
2018-08-17 15:53:50,035:INFO: Found new best accuracy
2018-08-17 15:53:50,040:INFO: Epoch 31/99
2018-08-17 15:53:50,040:INFO: ----------
2018-08-17 15:54:42,630:INFO: Train Loss: 0.5652 Acc: 0.7343
2018-08-17 15:55:22,844:INFO: Val Acc: 0.6892
2018-08-17 15:55:22,844:INFO: Found new best accuracy
2018-08-17 15:55:22,850:INFO: Epoch 32/99
2018-08-17 15:55:22,850:INFO: ----------
2018-08-17 15:56:18,210:INFO: Train Loss: 0.5572 Acc: 0.7384
2018-08-17 15:56:52,158:INFO: Val Acc: 0.6913
2018-08-17 15:56:52,159:INFO: Found new best accuracy
2018-08-17 15:56:52,164:INFO: Epoch 33/99
2018-08-17 15:56:52,164:INFO: ----------
2018-08-17 15:57:41,910:INFO: Train Loss: 0.5468 Acc: 0.7417
2018-08-17 15:58:07,851:INFO: Val Acc: 0.6866
2018-08-17 15:58:07,852:INFO: Epoch 34/99
2018-08-17 15:58:07,852:INFO: ----------
2018-08-17 15:58:59,209:INFO: Train Loss: 0.5416 Acc: 0.7451
2018-08-17 15:59:36,504:INFO: Val Acc: 0.6991
2018-08-17 15:59:36,505:INFO: Found new best accuracy
2018-08-17 15:59:36,508:INFO: Epoch 35/99
2018-08-17 15:59:36,508:INFO: ----------
2018-08-17 16:00:25,453:INFO: Train Loss: 0.5338 Acc: 0.7457
2018-08-17 16:00:54,440:INFO: Val Acc: 0.7044
2018-08-17 16:00:54,441:INFO: Found new best accuracy
2018-08-17 16:00:54,446:INFO: Epoch 36/99
2018-08-17 16:00:54,446:INFO: ----------
2018-08-17 16:01:42,309:INFO: Train Loss: 0.5282 Acc: 0.7516
2018-08-17 16:02:18,198:INFO: Val Acc: 0.6959
2018-08-17 16:02:18,199:INFO: Epoch 37/99
2018-08-17 16:02:18,199:INFO: ----------
2018-08-17 16:03:10,076:INFO: Train Loss: 0.5277 Acc: 0.7509
2018-08-17 16:03:43,117:INFO: Val Acc: 0.6854
2018-08-17 16:03:43,117:INFO: Epoch 38/99
2018-08-17 16:03:43,117:INFO: ----------
2018-08-17 16:04:32,195:INFO: Train Loss: 0.5193 Acc: 0.7550
2018-08-17 16:05:01,205:INFO: Val Acc: 0.6787
2018-08-17 16:05:01,206:INFO: Epoch 39/99
2018-08-17 16:05:01,206:INFO: ----------
2018-08-17 16:06:01,112:INFO: Train Loss: 0.5168 Acc: 0.7542
2018-08-17 16:06:32,344:INFO: Val Acc: 0.6930
2018-08-17 16:06:32,345:INFO: Epoch 40/99
2018-08-17 16:06:32,345:INFO: ----------
2018-08-17 16:07:29,728:INFO: Train Loss: 0.5091 Acc: 0.7600
2018-08-17 16:08:00,466:INFO: Val Acc: 0.6831
2018-08-17 16:08:00,467:INFO: Epoch 41/99
2018-08-17 16:08:00,467:INFO: ----------
2018-08-17 16:08:48,036:INFO: Train Loss: 0.5043 Acc: 0.7629
2018-08-17 16:09:20,537:INFO: Val Acc: 0.7117
2018-08-17 16:09:20,538:INFO: Found new best accuracy
2018-08-17 16:09:20,543:INFO: Epoch 42/99
2018-08-17 16:09:20,543:INFO: ----------
2018-08-17 16:10:09,212:INFO: Train Loss: 0.5047 Acc: 0.7624
2018-08-17 16:10:42,665:INFO: Val Acc: 0.6939
2018-08-17 16:10:42,665:INFO: Epoch 43/99
2018-08-17 16:10:42,665:INFO: ----------
2018-08-17 16:11:36,219:INFO: Train Loss: 0.4985 Acc: 0.7686
2018-08-17 16:12:14,865:INFO: Val Acc: 0.6880
2018-08-17 16:12:14,865:INFO: Epoch 44/99
2018-08-17 16:12:14,866:INFO: ----------
2018-08-17 16:13:05,509:INFO: Train Loss: 0.4954 Acc: 0.7687
2018-08-17 16:13:36,413:INFO: Val Acc: 0.7076
2018-08-17 16:13:36,414:INFO: Epoch 45/99
2018-08-17 16:13:36,414:INFO: ----------
2018-08-17 16:14:29,769:INFO: Train Loss: 0.4878 Acc: 0.7726
2018-08-17 16:14:59,767:INFO: Val Acc: 0.7035
2018-08-17 16:14:59,768:INFO: Epoch 46/99
2018-08-17 16:14:59,768:INFO: ----------
2018-08-17 16:15:54,063:INFO: Train Loss: 0.4856 Acc: 0.7717
2018-08-17 16:16:36,637:INFO: Val Acc: 0.6484
2018-08-17 16:16:36,638:INFO: Epoch 47/99
2018-08-17 16:16:36,638:INFO: ----------
2018-08-17 16:17:32,738:INFO: Train Loss: 0.4803 Acc: 0.7771
2018-08-17 16:18:07,976:INFO: Val Acc: 0.7099
2018-08-17 16:18:07,978:INFO: Epoch 48/99
2018-08-17 16:18:07,978:INFO: ----------
2018-08-17 16:19:03,211:INFO: Train Loss: 0.4765 Acc: 0.7780
2018-08-17 16:19:37,455:INFO: Val Acc: 0.7146
2018-08-17 16:19:37,455:INFO: Found new best accuracy
2018-08-17 16:19:37,459:INFO: Epoch 49/99
2018-08-17 16:19:37,459:INFO: ----------
2018-08-17 16:20:32,185:INFO: Train Loss: 0.4792 Acc: 0.7730
2018-08-17 16:21:05,319:INFO: Val Acc: 0.6988
2018-08-17 16:21:05,319:INFO: Epoch 50/99
2018-08-17 16:21:05,319:INFO: ----------
2018-08-17 16:21:53,044:INFO: Train Loss: 0.4719 Acc: 0.7777
2018-08-17 16:22:28,097:INFO: Val Acc: 0.7146
2018-08-17 16:22:28,097:INFO: Epoch 51/99
2018-08-17 16:22:28,097:INFO: ----------
2018-08-17 16:23:21,059:INFO: Train Loss: 0.4684 Acc: 0.7805
2018-08-17 16:23:57,594:INFO: Val Acc: 0.7073
2018-08-17 16:23:57,595:INFO: Epoch 52/99
2018-08-17 16:23:57,595:INFO: ----------
2018-08-17 16:24:49,991:INFO: Train Loss: 0.4718 Acc: 0.7750
2018-08-17 16:25:21,965:INFO: Val Acc: 0.6930
2018-08-17 16:25:21,966:INFO: Epoch 53/99
2018-08-17 16:25:21,966:INFO: ----------
2018-08-17 16:26:11,127:INFO: Train Loss: 0.4636 Acc: 0.7833
2018-08-17 16:26:39,674:INFO: Val Acc: 0.6927
2018-08-17 16:26:39,675:INFO: Epoch 54/99
2018-08-17 16:26:39,675:INFO: ----------
2018-08-17 16:27:28,298:INFO: Train Loss: 0.4596 Acc: 0.7839
2018-08-17 16:28:01,779:INFO: Val Acc: 0.6950
2018-08-17 16:28:01,779:INFO: Epoch 55/99
2018-08-17 16:28:01,779:INFO: ----------
2018-08-17 16:28:55,918:INFO: Train Loss: 0.4608 Acc: 0.7830
2018-08-17 16:29:30,391:INFO: Val Acc: 0.7006
2018-08-17 16:29:30,392:INFO: Epoch 56/99
2018-08-17 16:29:30,392:INFO: ----------
2018-08-17 16:30:21,055:INFO: Train Loss: 0.4589 Acc: 0.7832
2018-08-17 16:30:50,692:INFO: Val Acc: 0.7026
2018-08-17 16:30:50,693:INFO: Epoch 57/99
2018-08-17 16:30:50,693:INFO: ----------
2018-08-17 16:31:41,818:INFO: Train Loss: 0.4557 Acc: 0.7855
2018-08-17 16:32:18,193:INFO: Val Acc: 0.6863
2018-08-17 16:32:18,197:INFO: Epoch 58/99
2018-08-17 16:32:18,197:INFO: ----------
2018-08-17 16:33:17,351:INFO: Train Loss: 0.4480 Acc: 0.7876
2018-08-17 16:33:53,678:INFO: Val Acc: 0.7067
2018-08-17 16:33:53,678:INFO: Epoch 59/99
2018-08-17 16:33:53,679:INFO: ----------
2018-08-17 16:34:47,395:INFO: Train Loss: 0.4425 Acc: 0.7928
2018-08-17 16:35:24,365:INFO: Val Acc: 0.6851
2018-08-17 16:35:24,366:INFO: Epoch 60/99
2018-08-17 16:35:24,366:INFO: ----------
2018-08-17 16:36:20,661:INFO: Train Loss: 0.4177 Acc: 0.8087
2018-08-17 16:36:48,799:INFO: Val Acc: 0.7376
2018-08-17 16:36:48,800:INFO: Found new best accuracy
2018-08-17 16:36:48,804:INFO: Epoch 61/99
2018-08-17 16:36:48,804:INFO: ----------
2018-08-17 16:37:41,857:INFO: Train Loss: 0.4089 Acc: 0.8197
2018-08-17 16:38:08,457:INFO: Val Acc: 0.7350
2018-08-17 16:38:08,458:INFO: Epoch 62/99
2018-08-17 16:38:08,458:INFO: ----------
2018-08-17 16:39:02,643:INFO: Train Loss: 0.4083 Acc: 0.8126
2018-08-17 16:39:37,639:INFO: Val Acc: 0.7359
2018-08-17 16:39:37,640:INFO: Epoch 63/99
2018-08-17 16:39:37,640:INFO: ----------
2018-08-17 16:40:29,886:INFO: Train Loss: 0.4042 Acc: 0.8168
2018-08-17 16:41:00,295:INFO: Val Acc: 0.7335
2018-08-17 16:41:00,297:INFO: Epoch 64/99
2018-08-17 16:41:00,297:INFO: ----------
2018-08-17 16:41:52,514:INFO: Train Loss: 0.4051 Acc: 0.8168
2018-08-17 16:42:25,111:INFO: Val Acc: 0.7408
2018-08-17 16:42:25,112:INFO: Found new best accuracy
2018-08-17 16:42:25,115:INFO: Epoch 65/99
2018-08-17 16:42:25,115:INFO: ----------
2018-08-17 16:43:18,702:INFO: Train Loss: 0.4025 Acc: 0.8183
2018-08-17 16:43:46,202:INFO: Val Acc: 0.7359
2018-08-17 16:43:46,203:INFO: Epoch 66/99
2018-08-17 16:43:46,203:INFO: ----------
2018-08-17 16:44:40,154:INFO: Train Loss: 0.4013 Acc: 0.8195
2018-08-17 16:45:17,019:INFO: Val Acc: 0.7306
2018-08-17 16:45:17,021:INFO: Epoch 67/99
2018-08-17 16:45:17,021:INFO: ----------
2018-08-17 16:46:10,798:INFO: Train Loss: 0.4017 Acc: 0.8188
2018-08-17 16:46:48,170:INFO: Val Acc: 0.7329
2018-08-17 16:46:48,171:INFO: Epoch 68/99
2018-08-17 16:46:48,171:INFO: ----------
2018-08-17 16:47:39,879:INFO: Train Loss: 0.3985 Acc: 0.8197
2018-08-17 16:48:17,842:INFO: Val Acc: 0.7292
2018-08-17 16:48:17,843:INFO: Epoch 69/99
2018-08-17 16:48:17,843:INFO: ----------
2018-08-17 16:49:05,219:INFO: Train Loss: 0.3989 Acc: 0.8217
2018-08-17 16:49:36,805:INFO: Val Acc: 0.7382
2018-08-17 16:49:36,806:INFO: Epoch 70/99
2018-08-17 16:49:36,806:INFO: ----------
2018-08-17 16:50:33,083:INFO: Train Loss: 0.3986 Acc: 0.8198
2018-08-17 16:51:03,915:INFO: Val Acc: 0.7353
2018-08-17 16:51:03,916:INFO: Epoch 71/99
2018-08-17 16:51:03,916:INFO: ----------
2018-08-17 16:51:59,398:INFO: Train Loss: 0.3990 Acc: 0.8216
2018-08-17 16:52:28,639:INFO: Val Acc: 0.7362
2018-08-17 16:52:28,639:INFO: Epoch 72/99
2018-08-17 16:52:28,640:INFO: ----------
2018-08-17 16:53:20,511:INFO: Train Loss: 0.3966 Acc: 0.8232
2018-08-17 16:53:45,446:INFO: Val Acc: 0.7370
2018-08-17 16:53:45,446:INFO: Epoch 73/99
2018-08-17 16:53:45,447:INFO: ----------
2018-08-17 16:54:39,010:INFO: Train Loss: 0.3960 Acc: 0.8241
2018-08-17 16:55:18,780:INFO: Val Acc: 0.7356
2018-08-17 16:55:18,781:INFO: Epoch 74/99
2018-08-17 16:55:18,782:INFO: ----------
2018-08-17 16:56:11,494:INFO: Train Loss: 0.3974 Acc: 0.8204
2018-08-17 16:56:42,597:INFO: Val Acc: 0.7338
2018-08-17 16:56:42,598:INFO: Epoch 75/99
2018-08-17 16:56:42,598:INFO: ----------
2018-08-17 16:57:37,123:INFO: Train Loss: 0.3947 Acc: 0.8245
2018-08-17 16:58:15,219:INFO: Val Acc: 0.7385
2018-08-17 16:58:15,219:INFO: Epoch 76/99
2018-08-17 16:58:15,219:INFO: ----------
2018-08-17 16:59:07,616:INFO: Train Loss: 0.3955 Acc: 0.8247
2018-08-17 16:59:47,343:INFO: Val Acc: 0.7362
2018-08-17 16:59:47,344:INFO: Epoch 77/99
2018-08-17 16:59:47,344:INFO: ----------
2018-08-17 17:00:42,843:INFO: Train Loss: 0.3963 Acc: 0.8215
2018-08-17 17:01:22,159:INFO: Val Acc: 0.7399
2018-08-17 17:01:22,159:INFO: Epoch 78/99
2018-08-17 17:01:22,159:INFO: ----------
2018-08-17 17:02:18,929:INFO: Train Loss: 0.3935 Acc: 0.8243
2018-08-17 17:02:54,802:INFO: Val Acc: 0.7399
2018-08-17 17:02:54,806:INFO: Epoch 79/99
2018-08-17 17:02:54,806:INFO: ----------
2018-08-17 17:03:45,392:INFO: Train Loss: 0.3941 Acc: 0.8243
2018-08-17 17:04:19,224:INFO: Val Acc: 0.7376
2018-08-17 17:04:19,224:INFO: Epoch 80/99
2018-08-17 17:04:19,224:INFO: ----------
2018-08-17 17:05:10,972:INFO: Train Loss: 0.3931 Acc: 0.8212
2018-08-17 17:05:48,429:INFO: Val Acc: 0.7411
2018-08-17 17:05:48,431:INFO: Found new best accuracy
2018-08-17 17:05:48,450:INFO: Epoch 81/99
2018-08-17 17:05:48,451:INFO: ----------
2018-08-17 17:06:45,675:INFO: Train Loss: 0.3926 Acc: 0.8244
2018-08-17 17:07:29,055:INFO: Val Acc: 0.7338
2018-08-17 17:07:29,055:INFO: Epoch 82/99
2018-08-17 17:07:29,056:INFO: ----------
2018-08-17 17:08:15,561:INFO: Train Loss: 0.3920 Acc: 0.8244
2018-08-17 17:08:49,891:INFO: Val Acc: 0.7388
2018-08-17 17:08:49,891:INFO: Epoch 83/99
2018-08-17 17:08:49,892:INFO: ----------
2018-08-17 17:09:47,397:INFO: Train Loss: 0.3937 Acc: 0.8247
2018-08-17 17:10:16,484:INFO: Val Acc: 0.7382
2018-08-17 17:10:16,485:INFO: Epoch 84/99
2018-08-17 17:10:16,485:INFO: ----------
2018-08-17 17:11:07,438:INFO: Train Loss: 0.3896 Acc: 0.8298
2018-08-17 17:11:41,385:INFO: Val Acc: 0.7367
2018-08-17 17:11:41,386:INFO: Epoch 85/99
2018-08-17 17:11:41,386:INFO: ----------
2018-08-17 17:12:37,271:INFO: Train Loss: 0.3902 Acc: 0.8266
2018-08-17 17:13:06,768:INFO: Val Acc: 0.7391
2018-08-17 17:13:06,769:INFO: Epoch 86/99
2018-08-17 17:13:06,769:INFO: ----------
2018-08-17 17:13:58,157:INFO: Train Loss: 0.3902 Acc: 0.8241
2018-08-17 17:14:32,233:INFO: Val Acc: 0.7414
2018-08-17 17:14:32,234:INFO: Found new best accuracy
2018-08-17 17:14:32,238:INFO: Epoch 87/99
2018-08-17 17:14:32,238:INFO: ----------
2018-08-17 17:15:31,271:INFO: Train Loss: 0.3876 Acc: 0.8268
2018-08-17 17:16:07,758:INFO: Val Acc: 0.7417
2018-08-17 17:16:07,758:INFO: Found new best accuracy
2018-08-17 17:16:07,761:INFO: Epoch 88/99
2018-08-17 17:16:07,761:INFO: ----------
2018-08-17 17:17:02,293:INFO: Train Loss: 0.3880 Acc: 0.8282
2018-08-17 17:17:41,667:INFO: Val Acc: 0.7437
2018-08-17 17:17:41,669:INFO: Found new best accuracy
2018-08-17 17:17:41,676:INFO: Epoch 89/99
2018-08-17 17:17:41,676:INFO: ----------
2018-08-17 17:18:42,646:INFO: Train Loss: 0.3894 Acc: 0.8262
2018-08-17 17:19:21,430:INFO: Val Acc: 0.7373
2018-08-17 17:19:21,430:INFO: Epoch 90/99
2018-08-17 17:19:21,431:INFO: ----------
2018-08-17 17:20:10,597:INFO: Train Loss: 0.3850 Acc: 0.8275
2018-08-17 17:20:41,631:INFO: Val Acc: 0.7391
2018-08-17 17:20:41,631:INFO: Epoch 91/99
2018-08-17 17:20:41,632:INFO: ----------
2018-08-17 17:21:39,010:INFO: Train Loss: 0.3817 Acc: 0.8310
2018-08-17 17:22:15,847:INFO: Val Acc: 0.7373
2018-08-17 17:22:15,847:INFO: Epoch 92/99
2018-08-17 17:22:15,847:INFO: ----------
2018-08-17 17:23:06,801:INFO: Train Loss: 0.3820 Acc: 0.8303
2018-08-17 17:23:33,977:INFO: Val Acc: 0.7382
2018-08-17 17:23:33,977:INFO: Epoch 93/99
2018-08-17 17:23:33,978:INFO: ----------
2018-08-17 17:24:23,663:INFO: Train Loss: 0.3827 Acc: 0.8289
2018-08-17 17:24:56,421:INFO: Val Acc: 0.7394
2018-08-17 17:24:56,422:INFO: Epoch 94/99
2018-08-17 17:24:56,422:INFO: ----------
2018-08-17 17:25:45,853:INFO: Train Loss: 0.3845 Acc: 0.8287
2018-08-17 17:26:17,547:INFO: Val Acc: 0.7391
2018-08-17 17:26:17,548:INFO: Epoch 95/99
2018-08-17 17:26:17,548:INFO: ----------
2018-08-17 17:27:12,306:INFO: Train Loss: 0.3829 Acc: 0.8315
2018-08-17 17:27:45,673:INFO: Val Acc: 0.7437
2018-08-17 17:27:45,673:INFO: Epoch 96/99
2018-08-17 17:27:45,674:INFO: ----------
2018-08-17 17:28:35,987:INFO: Train Loss: 0.3815 Acc: 0.8330
2018-08-17 17:29:10,717:INFO: Val Acc: 0.7399
2018-08-17 17:29:10,717:INFO: Epoch 97/99
2018-08-17 17:29:10,718:INFO: ----------
2018-08-17 17:29:58,861:INFO: Train Loss: 0.3822 Acc: 0.8292
2018-08-17 17:30:34,946:INFO: Val Acc: 0.7417
2018-08-17 17:30:34,947:INFO: Epoch 98/99
2018-08-17 17:30:34,947:INFO: ----------
2018-08-17 17:31:28,952:INFO: Train Loss: 0.3820 Acc: 0.8313
2018-08-17 17:32:00,827:INFO: Val Acc: 0.7391
2018-08-17 17:32:00,828:INFO: Epoch 99/99
2018-08-17 17:32:00,832:INFO: ----------
2018-08-17 17:32:55,287:INFO: Train Loss: 0.3815 Acc: 0.8307
2018-08-17 17:33:26,512:INFO: Val Acc: 0.7414
2018-08-17 17:33:26,513:INFO: Training complete in 144m 15s
2018-08-17 17:33:26,513:INFO: Best val Acc: 0.743732
2018-08-17 17:33:52,470:INFO: Test Acc: 0.7634
