2018-08-16 08:38:28,989:INFO: Loading the datasets...
2018-08-16 08:38:29,138:INFO: - done.
2018-08-16 08:38:59,707:INFO: Starting training for 100 epoch(s)
2018-08-16 08:38:59,710:INFO: Epoch 0/99
2018-08-16 08:38:59,710:INFO: ----------
2018-08-16 08:40:24,465:INFO: Train Loss: 0.7416 Acc: 0.2311
2018-08-16 08:41:15,197:INFO: Val Acc: 0.2367
2018-08-16 08:41:15,198:INFO: Found new best accuracy
2018-08-16 08:41:15,201:INFO: Epoch 1/99
2018-08-16 08:41:15,201:INFO: ----------
2018-08-16 08:42:46,295:INFO: Train Loss: 0.6825 Acc: 0.2888
2018-08-16 08:43:36,132:INFO: Val Acc: 0.2569
2018-08-16 08:43:36,133:INFO: Found new best accuracy
2018-08-16 08:43:36,138:INFO: Epoch 2/99
2018-08-16 08:43:36,138:INFO: ----------
2018-08-16 08:45:02,229:INFO: Train Loss: 0.6544 Acc: 0.3324
2018-08-16 08:45:57,922:INFO: Val Acc: 0.3332
2018-08-16 08:45:57,923:INFO: Found new best accuracy
2018-08-16 08:45:57,926:INFO: Epoch 3/99
2018-08-16 08:45:57,926:INFO: ----------
2018-08-16 08:47:28,643:INFO: Train Loss: 0.6261 Acc: 0.3644
2018-08-16 08:48:15,458:INFO: Val Acc: 0.3192
2018-08-16 08:48:15,458:INFO: Epoch 4/99
2018-08-16 08:48:15,458:INFO: ----------
2018-08-16 08:49:44,311:INFO: Train Loss: 0.5996 Acc: 0.3894
2018-08-16 08:50:37,653:INFO: Val Acc: 0.3851
2018-08-16 08:50:37,654:INFO: Found new best accuracy
2018-08-16 08:50:37,660:INFO: Epoch 5/99
2018-08-16 08:50:37,660:INFO: ----------
2018-08-16 08:52:09,392:INFO: Train Loss: 0.5888 Acc: 0.3926
2018-08-16 08:52:57,853:INFO: Val Acc: 0.3516
2018-08-16 08:52:57,854:INFO: Epoch 6/99
2018-08-16 08:52:57,854:INFO: ----------
2018-08-16 08:54:32,294:INFO: Train Loss: 0.5981 Acc: 0.3888
2018-08-16 08:55:27,948:INFO: Val Acc: 0.3808
2018-08-16 08:55:27,949:INFO: Epoch 7/99
2018-08-16 08:55:27,949:INFO: ----------
2018-08-16 08:56:56,670:INFO: Train Loss: 0.5695 Acc: 0.4127
2018-08-16 08:57:54,362:INFO: Val Acc: 0.4117
2018-08-16 08:57:54,362:INFO: Found new best accuracy
2018-08-16 08:57:54,366:INFO: Epoch 8/99
2018-08-16 08:57:54,366:INFO: ----------
2018-08-16 08:59:30,187:INFO: Train Loss: 0.5584 Acc: 0.4263
2018-08-16 09:00:16,164:INFO: Val Acc: 0.3942
2018-08-16 09:00:16,164:INFO: Epoch 9/99
2018-08-16 09:00:16,164:INFO: ----------
2018-08-16 09:01:43,320:INFO: Train Loss: 0.5456 Acc: 0.4407
2018-08-16 09:02:31,618:INFO: Val Acc: 0.3673
2018-08-16 09:02:31,618:INFO: Epoch 10/99
2018-08-16 09:02:31,619:INFO: ----------
2018-08-16 09:03:57,914:INFO: Train Loss: 0.5404 Acc: 0.4453
2018-08-16 09:04:55,419:INFO: Val Acc: 0.4131
2018-08-16 09:04:55,420:INFO: Found new best accuracy
2018-08-16 09:04:55,431:INFO: Epoch 11/99
2018-08-16 09:04:55,431:INFO: ----------
2018-08-16 09:06:21,256:INFO: Train Loss: 0.5283 Acc: 0.4553
2018-08-16 09:07:15,255:INFO: Val Acc: 0.3548
2018-08-16 09:07:15,255:INFO: Epoch 12/99
2018-08-16 09:07:15,255:INFO: ----------
2018-08-16 09:08:40,706:INFO: Train Loss: 0.5200 Acc: 0.4701
2018-08-16 09:09:37,664:INFO: Val Acc: 0.4236
2018-08-16 09:09:37,665:INFO: Found new best accuracy
2018-08-16 09:09:37,668:INFO: Epoch 13/99
2018-08-16 09:09:37,668:INFO: ----------
2018-08-16 09:11:07,142:INFO: Train Loss: 0.5066 Acc: 0.4900
2018-08-16 09:12:04,793:INFO: Val Acc: 0.3878
2018-08-16 09:12:04,794:INFO: Epoch 14/99
2018-08-16 09:12:04,794:INFO: ----------
2018-08-16 09:13:28,503:INFO: Train Loss: 0.4943 Acc: 0.4988
2018-08-16 09:14:29,562:INFO: Val Acc: 0.4618
2018-08-16 09:14:29,563:INFO: Found new best accuracy
2018-08-16 09:14:29,567:INFO: Epoch 15/99
2018-08-16 09:14:29,567:INFO: ----------
2018-08-16 09:15:57,944:INFO: Train Loss: 0.4903 Acc: 0.5034
2018-08-16 09:16:54,364:INFO: Val Acc: 0.4140
2018-08-16 09:16:54,365:INFO: Epoch 16/99
2018-08-16 09:16:54,365:INFO: ----------
2018-08-16 09:18:15,386:INFO: Train Loss: 0.4778 Acc: 0.5131
2018-08-16 09:19:15,587:INFO: Val Acc: 0.3038
2018-08-16 09:19:15,588:INFO: Epoch 17/99
2018-08-16 09:19:15,588:INFO: ----------
2018-08-16 09:20:50,058:INFO: Train Loss: 0.4609 Acc: 0.5288
2018-08-16 09:21:35,449:INFO: Val Acc: 0.3895
2018-08-16 09:21:35,449:INFO: Epoch 18/99
2018-08-16 09:21:35,449:INFO: ----------
2018-08-16 09:23:03,336:INFO: Train Loss: 0.4524 Acc: 0.5388
2018-08-16 09:23:58,735:INFO: Val Acc: 0.4391
2018-08-16 09:23:58,736:INFO: Epoch 19/99
2018-08-16 09:23:58,736:INFO: ----------
2018-08-16 09:25:24,837:INFO: Train Loss: 0.4364 Acc: 0.5539
2018-08-16 09:26:19,035:INFO: Val Acc: 0.4277
2018-08-16 09:26:19,035:INFO: Epoch 20/99
2018-08-16 09:26:19,036:INFO: ----------
2018-08-16 09:27:55,966:INFO: Train Loss: 0.4264 Acc: 0.5581
2018-08-16 09:28:45,726:INFO: Val Acc: 0.4918
2018-08-16 09:28:45,727:INFO: Found new best accuracy
2018-08-16 09:28:45,730:INFO: Epoch 21/99
2018-08-16 09:28:45,730:INFO: ----------
2018-08-16 09:30:20,180:INFO: Train Loss: 0.4183 Acc: 0.5658
2018-08-16 09:31:11,816:INFO: Val Acc: 0.4175
2018-08-16 09:31:11,816:INFO: Epoch 22/99
2018-08-16 09:31:11,817:INFO: ----------
2018-08-16 09:32:36,626:INFO: Train Loss: 0.4092 Acc: 0.5737
2018-08-16 09:33:21,297:INFO: Val Acc: 0.3796
2018-08-16 09:33:21,298:INFO: Epoch 23/99
2018-08-16 09:33:21,298:INFO: ----------
2018-08-16 09:34:46,343:INFO: Train Loss: 0.3927 Acc: 0.5934
2018-08-16 09:35:41,049:INFO: Val Acc: 0.3359
2018-08-16 09:35:41,050:INFO: Epoch 24/99
2018-08-16 09:35:41,050:INFO: ----------
2018-08-16 09:37:06,790:INFO: Train Loss: 0.3853 Acc: 0.5935
2018-08-16 09:37:53,227:INFO: Val Acc: 0.3656
2018-08-16 09:37:53,228:INFO: Epoch 25/99
2018-08-16 09:37:53,228:INFO: ----------
2018-08-16 09:39:15,711:INFO: Train Loss: 0.3884 Acc: 0.5946
2018-08-16 09:40:10,632:INFO: Val Acc: 0.2169
2018-08-16 09:40:10,632:INFO: Epoch 26/99
2018-08-16 09:40:10,632:INFO: ----------
2018-08-16 09:41:38,019:INFO: Train Loss: 0.3830 Acc: 0.6015
2018-08-16 09:42:41,009:INFO: Val Acc: 0.4073
2018-08-16 09:42:41,009:INFO: Epoch 27/99
2018-08-16 09:42:41,010:INFO: ----------
2018-08-16 09:44:10,671:INFO: Train Loss: 0.3739 Acc: 0.6091
2018-08-16 09:45:05,491:INFO: Val Acc: 0.4714
2018-08-16 09:45:05,492:INFO: Epoch 28/99
2018-08-16 09:45:05,492:INFO: ----------
2018-08-16 09:46:28,444:INFO: Train Loss: 0.3704 Acc: 0.6149
2018-08-16 09:47:10,148:INFO: Val Acc: 0.4472
2018-08-16 09:47:10,149:INFO: Epoch 29/99
2018-08-16 09:47:10,149:INFO: ----------
2018-08-16 09:48:45,683:INFO: Train Loss: 0.3660 Acc: 0.6192
2018-08-16 09:49:32,164:INFO: Val Acc: 0.4222
2018-08-16 09:49:32,164:INFO: Epoch 30/99
2018-08-16 09:49:32,165:INFO: ----------
2018-08-16 09:51:00,404:INFO: Train Loss: 0.3220 Acc: 0.6657
2018-08-16 09:51:52,584:INFO: Val Acc: 0.6501
2018-08-16 09:51:52,584:INFO: Found new best accuracy
2018-08-16 09:51:52,589:INFO: Epoch 31/99
2018-08-16 09:51:52,590:INFO: ----------
2018-08-16 09:53:25,667:INFO: Train Loss: 0.3088 Acc: 0.6842
2018-08-16 09:54:26,202:INFO: Val Acc: 0.6487
2018-08-16 09:54:26,203:INFO: Epoch 32/99
2018-08-16 09:54:26,203:INFO: ----------
2018-08-16 09:56:03,851:INFO: Train Loss: 0.3057 Acc: 0.6835
2018-08-16 09:56:51,992:INFO: Val Acc: 0.6536
2018-08-16 09:56:51,992:INFO: Found new best accuracy
2018-08-16 09:56:51,996:INFO: Epoch 33/99
2018-08-16 09:56:51,996:INFO: ----------
2018-08-16 09:58:25,953:INFO: Train Loss: 0.3005 Acc: 0.6902
2018-08-16 09:59:16,300:INFO: Val Acc: 0.6455
2018-08-16 09:59:16,301:INFO: Epoch 34/99
2018-08-16 09:59:16,301:INFO: ----------
2018-08-16 10:00:39,665:INFO: Train Loss: 0.2993 Acc: 0.6880
2018-08-16 10:01:31,781:INFO: Val Acc: 0.6452
2018-08-16 10:01:31,782:INFO: Epoch 35/99
2018-08-16 10:01:31,782:INFO: ----------
2018-08-16 10:03:00,929:INFO: Train Loss: 0.2958 Acc: 0.6966
2018-08-16 10:03:55,473:INFO: Val Acc: 0.6624
2018-08-16 10:03:55,473:INFO: Found new best accuracy
2018-08-16 10:03:55,477:INFO: Epoch 36/99
2018-08-16 10:03:55,477:INFO: ----------
2018-08-16 10:05:23,114:INFO: Train Loss: 0.2937 Acc: 0.6968
2018-08-16 10:06:18,012:INFO: Val Acc: 0.6580
2018-08-16 10:06:18,012:INFO: Epoch 37/99
2018-08-16 10:06:18,012:INFO: ----------
2018-08-16 10:07:48,682:INFO: Train Loss: 0.2928 Acc: 0.7019
2018-08-16 10:08:40,379:INFO: Val Acc: 0.6636
2018-08-16 10:08:40,379:INFO: Found new best accuracy
2018-08-16 10:08:40,384:INFO: Epoch 38/99
2018-08-16 10:08:40,384:INFO: ----------
2018-08-16 10:10:11,393:INFO: Train Loss: 0.2901 Acc: 0.7011
2018-08-16 10:11:00,382:INFO: Val Acc: 0.6466
2018-08-16 10:11:00,386:INFO: Epoch 39/99
2018-08-16 10:11:00,387:INFO: ----------
2018-08-16 10:12:36,367:INFO: Train Loss: 0.2880 Acc: 0.7029
2018-08-16 10:13:23,613:INFO: Val Acc: 0.6662
2018-08-16 10:13:23,613:INFO: Found new best accuracy
2018-08-16 10:13:23,616:INFO: Epoch 40/99
2018-08-16 10:13:23,616:INFO: ----------
2018-08-16 10:14:56,241:INFO: Train Loss: 0.2848 Acc: 0.7045
2018-08-16 10:15:47,085:INFO: Val Acc: 0.6496
2018-08-16 10:15:47,086:INFO: Epoch 41/99
2018-08-16 10:15:47,086:INFO: ----------
2018-08-16 10:17:13,239:INFO: Train Loss: 0.2846 Acc: 0.7086
2018-08-16 10:18:15,964:INFO: Val Acc: 0.6656
2018-08-16 10:18:15,964:INFO: Epoch 42/99
2018-08-16 10:18:15,964:INFO: ----------
2018-08-16 10:19:40,914:INFO: Train Loss: 0.2835 Acc: 0.7051
2018-08-16 10:20:40,144:INFO: Val Acc: 0.6653
2018-08-16 10:20:40,145:INFO: Epoch 43/99
2018-08-16 10:20:40,145:INFO: ----------
2018-08-16 10:22:10,995:INFO: Train Loss: 0.2824 Acc: 0.7105
2018-08-16 10:23:11,631:INFO: Val Acc: 0.6647
2018-08-16 10:23:11,632:INFO: Epoch 44/99
2018-08-16 10:23:11,632:INFO: ----------
2018-08-16 10:24:32,414:INFO: Train Loss: 0.2800 Acc: 0.7120
2018-08-16 10:25:29,319:INFO: Val Acc: 0.6376
2018-08-16 10:25:29,319:INFO: Epoch 45/99
2018-08-16 10:25:29,320:INFO: ----------
2018-08-16 10:27:07,703:INFO: Train Loss: 0.2770 Acc: 0.7112
2018-08-16 10:27:56,672:INFO: Val Acc: 0.6738
2018-08-16 10:27:56,672:INFO: Found new best accuracy
2018-08-16 10:27:56,675:INFO: Epoch 46/99
2018-08-16 10:27:56,675:INFO: ----------
2018-08-16 10:29:24,832:INFO: Train Loss: 0.2757 Acc: 0.7129
2018-08-16 10:30:19,496:INFO: Val Acc: 0.6641
2018-08-16 10:30:19,496:INFO: Epoch 47/99
2018-08-16 10:30:19,497:INFO: ----------
2018-08-16 10:31:48,194:INFO: Train Loss: 0.2745 Acc: 0.7172
2018-08-16 10:32:42,903:INFO: Val Acc: 0.6735
2018-08-16 10:32:42,903:INFO: Epoch 48/99
2018-08-16 10:32:42,904:INFO: ----------
2018-08-16 10:34:22,089:INFO: Train Loss: 0.2730 Acc: 0.7182
2018-08-16 10:35:12,377:INFO: Val Acc: 0.6700
2018-08-16 10:35:12,378:INFO: Epoch 49/99
2018-08-16 10:35:12,379:INFO: ----------
2018-08-16 10:36:45,911:INFO: Train Loss: 0.2744 Acc: 0.7146
2018-08-16 10:37:45,151:INFO: Val Acc: 0.6618
2018-08-16 10:37:45,151:INFO: Epoch 50/99
2018-08-16 10:37:45,152:INFO: ----------
2018-08-16 10:39:10,482:INFO: Train Loss: 0.2716 Acc: 0.7180
2018-08-16 10:40:10,609:INFO: Val Acc: 0.6895
2018-08-16 10:40:10,610:INFO: Found new best accuracy
2018-08-16 10:40:10,615:INFO: Epoch 51/99
2018-08-16 10:40:10,615:INFO: ----------
2018-08-16 10:41:33,971:INFO: Train Loss: 0.2693 Acc: 0.7238
2018-08-16 10:42:33,588:INFO: Val Acc: 0.6752
2018-08-16 10:42:33,588:INFO: Epoch 52/99
2018-08-16 10:42:33,589:INFO: ----------
2018-08-16 10:44:10,854:INFO: Train Loss: 0.2696 Acc: 0.7234
2018-08-16 10:45:00,710:INFO: Val Acc: 0.6843
2018-08-16 10:45:00,711:INFO: Epoch 53/99
2018-08-16 10:45:00,711:INFO: ----------
2018-08-16 10:46:20,570:INFO: Train Loss: 0.2675 Acc: 0.7204
2018-08-16 10:47:16,401:INFO: Val Acc: 0.6644
2018-08-16 10:47:16,401:INFO: Epoch 54/99
2018-08-16 10:47:16,401:INFO: ----------
2018-08-16 10:48:50,224:INFO: Train Loss: 0.2659 Acc: 0.7240
2018-08-16 10:49:44,242:INFO: Val Acc: 0.6714
2018-08-16 10:49:44,242:INFO: Epoch 55/99
2018-08-16 10:49:44,242:INFO: ----------
2018-08-16 10:51:06,613:INFO: Train Loss: 0.2638 Acc: 0.7285
2018-08-16 10:52:04,128:INFO: Val Acc: 0.6726
2018-08-16 10:52:04,128:INFO: Epoch 56/99
2018-08-16 10:52:04,129:INFO: ----------
2018-08-16 10:53:30,735:INFO: Train Loss: 0.2653 Acc: 0.7261
2018-08-16 10:54:20,809:INFO: Val Acc: 0.6738
2018-08-16 10:54:20,814:INFO: Epoch 57/99
2018-08-16 10:54:20,814:INFO: ----------
2018-08-16 10:55:48,304:INFO: Train Loss: 0.2618 Acc: 0.7301
2018-08-16 10:56:44,292:INFO: Val Acc: 0.6743
2018-08-16 10:56:44,292:INFO: Epoch 58/99
2018-08-16 10:56:44,293:INFO: ----------
2018-08-16 10:58:15,051:INFO: Train Loss: 0.2608 Acc: 0.7337
2018-08-16 10:59:11,358:INFO: Val Acc: 0.6743
2018-08-16 10:59:11,358:INFO: Epoch 59/99
2018-08-16 10:59:11,362:INFO: ----------
2018-08-16 11:00:45,017:INFO: Train Loss: 0.2585 Acc: 0.7357
2018-08-16 11:01:42,904:INFO: Val Acc: 0.6802
2018-08-16 11:01:42,905:INFO: Epoch 60/99
2018-08-16 11:01:42,906:INFO: ----------
2018-08-16 11:03:11,314:INFO: Train Loss: 0.2505 Acc: 0.7406
2018-08-16 11:04:08,873:INFO: Val Acc: 0.7128
2018-08-16 11:04:08,873:INFO: Found new best accuracy
2018-08-16 11:04:08,877:INFO: Epoch 61/99
2018-08-16 11:04:08,877:INFO: ----------
2018-08-16 11:05:39,433:INFO: Train Loss: 0.2477 Acc: 0.7475
2018-08-16 11:06:33,564:INFO: Val Acc: 0.7087
2018-08-16 11:06:33,565:INFO: Epoch 62/99
2018-08-16 11:06:33,565:INFO: ----------
2018-08-16 11:08:09,258:INFO: Train Loss: 0.2482 Acc: 0.7453
2018-08-16 11:09:04,050:INFO: Val Acc: 0.7108
2018-08-16 11:09:04,050:INFO: Epoch 63/99
2018-08-16 11:09:04,051:INFO: ----------
2018-08-16 11:10:38,265:INFO: Train Loss: 0.2468 Acc: 0.7479
2018-08-16 11:11:27,451:INFO: Val Acc: 0.7050
2018-08-16 11:11:27,451:INFO: Epoch 64/99
2018-08-16 11:11:27,451:INFO: ----------
2018-08-16 11:12:53,894:INFO: Train Loss: 0.2467 Acc: 0.7458
2018-08-16 11:13:43,915:INFO: Val Acc: 0.7114
2018-08-16 11:13:43,915:INFO: Epoch 65/99
2018-08-16 11:13:43,915:INFO: ----------
2018-08-16 11:15:13,325:INFO: Train Loss: 0.2457 Acc: 0.7489
2018-08-16 11:16:02,721:INFO: Val Acc: 0.7064
2018-08-16 11:16:02,721:INFO: Epoch 66/99
2018-08-16 11:16:02,721:INFO: ----------
2018-08-16 11:17:31,329:INFO: Train Loss: 0.2451 Acc: 0.7504
2018-08-16 11:18:26,044:INFO: Val Acc: 0.6994
2018-08-16 11:18:26,045:INFO: Epoch 67/99
2018-08-16 11:18:26,045:INFO: ----------
2018-08-16 11:20:08,517:INFO: Train Loss: 0.2454 Acc: 0.7487
2018-08-16 11:20:58,362:INFO: Val Acc: 0.7035
2018-08-16 11:20:58,366:INFO: Epoch 68/99
2018-08-16 11:20:58,367:INFO: ----------
2018-08-16 11:22:24,092:INFO: Train Loss: 0.2442 Acc: 0.7525
2018-08-16 11:23:12,412:INFO: Val Acc: 0.7026
2018-08-16 11:23:12,413:INFO: Epoch 69/99
2018-08-16 11:23:12,414:INFO: ----------
2018-08-16 11:24:44,624:INFO: Train Loss: 0.2445 Acc: 0.7501
2018-08-16 11:25:41,709:INFO: Val Acc: 0.7090
2018-08-16 11:25:41,710:INFO: Epoch 70/99
2018-08-16 11:25:41,711:INFO: ----------
2018-08-16 11:27:06,705:INFO: Train Loss: 0.2449 Acc: 0.7488
2018-08-16 11:27:55,706:INFO: Val Acc: 0.7052
2018-08-16 11:27:55,706:INFO: Epoch 71/99
2018-08-16 11:27:55,707:INFO: ----------
2018-08-16 11:29:30,670:INFO: Train Loss: 0.2445 Acc: 0.7536
2018-08-16 11:30:15,528:INFO: Val Acc: 0.7079
2018-08-16 11:30:15,529:INFO: Epoch 72/99
2018-08-16 11:30:15,529:INFO: ----------
2018-08-16 11:31:45,223:INFO: Train Loss: 0.2435 Acc: 0.7518
2018-08-16 11:32:32,930:INFO: Val Acc: 0.7058
2018-08-16 11:32:32,931:INFO: Epoch 73/99
2018-08-16 11:32:32,931:INFO: ----------
2018-08-16 11:34:01,506:INFO: Train Loss: 0.2435 Acc: 0.7533
2018-08-16 11:35:02,610:INFO: Val Acc: 0.7114
2018-08-16 11:35:02,610:INFO: Epoch 74/99
2018-08-16 11:35:02,611:INFO: ----------
2018-08-16 11:36:28,956:INFO: Train Loss: 0.2443 Acc: 0.7520
2018-08-16 11:37:22,700:INFO: Val Acc: 0.7108
2018-08-16 11:37:22,701:INFO: Epoch 75/99
2018-08-16 11:37:22,702:INFO: ----------
2018-08-16 11:38:51,965:INFO: Train Loss: 0.2436 Acc: 0.7524
2018-08-16 11:39:43,137:INFO: Val Acc: 0.7067
2018-08-16 11:39:43,138:INFO: Epoch 76/99
2018-08-16 11:39:43,138:INFO: ----------
2018-08-16 11:41:13,793:INFO: Train Loss: 0.2443 Acc: 0.7522
2018-08-16 11:42:08,209:INFO: Val Acc: 0.7108
2018-08-16 11:42:08,209:INFO: Epoch 77/99
2018-08-16 11:42:08,210:INFO: ----------
2018-08-16 11:43:34,632:INFO: Train Loss: 0.2440 Acc: 0.7505
2018-08-16 11:44:41,167:INFO: Val Acc: 0.7108
2018-08-16 11:44:41,168:INFO: Epoch 78/99
2018-08-16 11:44:41,168:INFO: ----------
2018-08-16 11:46:15,210:INFO: Train Loss: 0.2435 Acc: 0.7567
2018-08-16 11:47:09,230:INFO: Val Acc: 0.7079
2018-08-16 11:47:09,231:INFO: Epoch 79/99
2018-08-16 11:47:09,231:INFO: ----------
2018-08-16 11:48:44,613:INFO: Train Loss: 0.2430 Acc: 0.7531
2018-08-16 11:49:41,051:INFO: Val Acc: 0.7105
2018-08-16 11:49:41,052:INFO: Epoch 80/99
2018-08-16 11:49:41,052:INFO: ----------
2018-08-16 11:51:08,176:INFO: Train Loss: 0.2424 Acc: 0.7542
2018-08-16 11:52:09,613:INFO: Val Acc: 0.7143
2018-08-16 11:52:09,614:INFO: Found new best accuracy
2018-08-16 11:52:09,620:INFO: Epoch 81/99
2018-08-16 11:52:09,623:INFO: ----------
2018-08-16 11:53:38,962:INFO: Train Loss: 0.2421 Acc: 0.7523
2018-08-16 11:54:38,562:INFO: Val Acc: 0.7087
2018-08-16 11:54:38,562:INFO: Epoch 82/99
2018-08-16 11:54:38,562:INFO: ----------
2018-08-16 11:56:06,693:INFO: Train Loss: 0.2427 Acc: 0.7509
2018-08-16 11:57:07,180:INFO: Val Acc: 0.7093
2018-08-16 11:57:07,180:INFO: Epoch 83/99
2018-08-16 11:57:07,181:INFO: ----------
2018-08-16 11:58:35,083:INFO: Train Loss: 0.2435 Acc: 0.7561
2018-08-16 11:59:22,679:INFO: Val Acc: 0.7117
2018-08-16 11:59:22,679:INFO: Epoch 84/99
2018-08-16 11:59:22,680:INFO: ----------
2018-08-16 12:00:51,478:INFO: Train Loss: 0.2416 Acc: 0.7538
2018-08-16 12:01:37,288:INFO: Val Acc: 0.7070
2018-08-16 12:01:37,288:INFO: Epoch 85/99
2018-08-16 12:01:37,288:INFO: ----------
2018-08-16 12:03:03,753:INFO: Train Loss: 0.2416 Acc: 0.7550
2018-08-16 12:03:58,718:INFO: Val Acc: 0.7105
2018-08-16 12:03:58,718:INFO: Epoch 86/99
2018-08-16 12:03:58,718:INFO: ----------
2018-08-16 12:05:29,653:INFO: Train Loss: 0.2417 Acc: 0.7530
2018-08-16 12:06:24,368:INFO: Val Acc: 0.7117
2018-08-16 12:06:24,369:INFO: Epoch 87/99
2018-08-16 12:06:24,369:INFO: ----------
2018-08-16 12:07:54,118:INFO: Train Loss: 0.2414 Acc: 0.7532
2018-08-16 12:08:47,035:INFO: Val Acc: 0.7152
2018-08-16 12:08:47,035:INFO: Found new best accuracy
2018-08-16 12:08:47,040:INFO: Epoch 88/99
2018-08-16 12:08:47,040:INFO: ----------
2018-08-16 12:10:12,750:INFO: Train Loss: 0.2412 Acc: 0.7551
2018-08-16 12:11:05,200:INFO: Val Acc: 0.7122
2018-08-16 12:11:05,200:INFO: Epoch 89/99
2018-08-16 12:11:05,200:INFO: ----------
2018-08-16 12:12:45,777:INFO: Train Loss: 0.2413 Acc: 0.7552
2018-08-16 12:13:46,130:INFO: Val Acc: 0.7134
2018-08-16 12:13:46,131:INFO: Epoch 90/99
2018-08-16 12:13:46,131:INFO: ----------
2018-08-16 12:15:23,447:INFO: Train Loss: 0.2401 Acc: 0.7534
2018-08-16 12:16:09,756:INFO: Val Acc: 0.7117
2018-08-16 12:16:09,756:INFO: Epoch 91/99
2018-08-16 12:16:09,756:INFO: ----------
2018-08-16 12:17:42,328:INFO: Train Loss: 0.2397 Acc: 0.7556
2018-08-16 12:18:40,892:INFO: Val Acc: 0.7117
2018-08-16 12:18:40,892:INFO: Epoch 92/99
2018-08-16 12:18:40,893:INFO: ----------
2018-08-16 12:20:09,501:INFO: Train Loss: 0.2392 Acc: 0.7586
2018-08-16 12:21:02,711:INFO: Val Acc: 0.7093
2018-08-16 12:21:02,711:INFO: Epoch 93/99
2018-08-16 12:21:02,711:INFO: ----------
2018-08-16 12:22:33,413:INFO: Train Loss: 0.2397 Acc: 0.7538
2018-08-16 12:23:33,755:INFO: Val Acc: 0.7128
2018-08-16 12:23:33,756:INFO: Epoch 94/99
2018-08-16 12:23:33,756:INFO: ----------
2018-08-16 12:24:57,634:INFO: Train Loss: 0.2396 Acc: 0.7553
2018-08-16 12:25:45,004:INFO: Val Acc: 0.7108
2018-08-16 12:25:45,005:INFO: Epoch 95/99
2018-08-16 12:25:45,005:INFO: ----------
2018-08-16 12:27:14,831:INFO: Train Loss: 0.2400 Acc: 0.7545
2018-08-16 12:28:11,880:INFO: Val Acc: 0.7134
2018-08-16 12:28:11,880:INFO: Epoch 96/99
2018-08-16 12:28:11,881:INFO: ----------
2018-08-16 12:29:33,822:INFO: Train Loss: 0.2387 Acc: 0.7564
2018-08-16 12:30:29,644:INFO: Val Acc: 0.7079
2018-08-16 12:30:29,644:INFO: Epoch 97/99
2018-08-16 12:30:29,645:INFO: ----------
2018-08-16 12:32:01,871:INFO: Train Loss: 0.2390 Acc: 0.7578
2018-08-16 12:32:59,826:INFO: Val Acc: 0.7140
2018-08-16 12:32:59,827:INFO: Epoch 98/99
2018-08-16 12:32:59,827:INFO: ----------
2018-08-16 12:34:32,237:INFO: Train Loss: 0.2395 Acc: 0.7576
2018-08-16 12:35:27,402:INFO: Val Acc: 0.7131
2018-08-16 12:35:27,403:INFO: Epoch 99/99
2018-08-16 12:35:27,403:INFO: ----------
2018-08-16 12:36:52,490:INFO: Train Loss: 0.2391 Acc: 0.7579
2018-08-16 12:37:39,745:INFO: Val Acc: 0.7146
2018-08-16 12:37:39,745:INFO: Training complete in 238m 40s
2018-08-16 12:37:39,746:INFO: Best val Acc: 0.715160
2018-08-16 12:38:26,949:INFO: Test Acc: 0.7332
