2018-08-18 06:53:25,641:INFO: Loading the datasets...
2018-08-18 06:53:25,748:INFO: - done.
2018-08-18 06:53:34,250:INFO: Starting training for 20 epoch(s)
2018-08-18 06:53:34,252:INFO: Epoch 0/19
2018-08-18 06:53:34,252:INFO: ----------
2018-08-18 06:54:16,544:INFO: Train Loss: 0.3299 Acc: 0.8373
2018-08-18 06:54:37,317:INFO: Val Acc: 0.7376
2018-08-18 06:54:37,318:INFO: Found new best accuracy
2018-08-18 06:54:37,321:INFO: Epoch 1/19
2018-08-18 06:54:37,321:INFO: ----------
2018-08-18 06:55:23,905:INFO: Train Loss: 0.3304 Acc: 0.8397
2018-08-18 06:55:59,010:INFO: Val Acc: 0.7382
2018-08-18 06:55:59,011:INFO: Found new best accuracy
2018-08-18 06:55:59,016:INFO: Epoch 2/19
2018-08-18 06:55:59,016:INFO: ----------
2018-08-18 06:56:41,692:INFO: Train Loss: 0.3271 Acc: 0.8407
2018-08-18 06:57:12,946:INFO: Val Acc: 0.7379
2018-08-18 06:57:12,947:INFO: Epoch 3/19
2018-08-18 06:57:12,947:INFO: ----------
2018-08-18 06:58:04,675:INFO: Train Loss: 0.3262 Acc: 0.8414
2018-08-18 06:58:23,242:INFO: Val Acc: 0.7362
2018-08-18 06:58:23,243:INFO: Epoch 4/19
2018-08-18 06:58:23,243:INFO: ----------
2018-08-18 06:59:06,093:INFO: Train Loss: 0.3273 Acc: 0.8371
2018-08-18 06:59:25,461:INFO: Val Acc: 0.7373
2018-08-18 06:59:25,462:INFO: Epoch 5/19
2018-08-18 06:59:25,462:INFO: ----------
2018-08-18 07:00:13,534:INFO: Train Loss: 0.3269 Acc: 0.8386
2018-08-18 07:00:39,828:INFO: Val Acc: 0.7356
2018-08-18 07:00:39,829:INFO: Epoch 6/19
2018-08-18 07:00:39,829:INFO: ----------
2018-08-18 07:01:29,418:INFO: Train Loss: 0.3257 Acc: 0.8401
2018-08-18 07:01:54,843:INFO: Val Acc: 0.7367
2018-08-18 07:01:54,844:INFO: Epoch 7/19
2018-08-18 07:01:54,844:INFO: ----------
2018-08-18 07:02:48,688:INFO: Train Loss: 0.3266 Acc: 0.8369
2018-08-18 07:03:31,313:INFO: Val Acc: 0.7350
2018-08-18 07:03:31,313:INFO: Epoch 8/19
2018-08-18 07:03:31,314:INFO: ----------
2018-08-18 07:04:34,538:INFO: Train Loss: 0.3262 Acc: 0.8394
2018-08-18 07:05:05,712:INFO: Val Acc: 0.7405
2018-08-18 07:05:05,714:INFO: Found new best accuracy
2018-08-18 07:05:05,718:INFO: Epoch 9/19
2018-08-18 07:05:05,718:INFO: ----------
2018-08-18 07:05:55,896:INFO: Train Loss: 0.3250 Acc: 0.8380
2018-08-18 07:06:15,025:INFO: Val Acc: 0.7391
2018-08-18 07:06:15,026:INFO: Epoch 10/19
2018-08-18 07:06:15,026:INFO: ----------
2018-08-18 07:07:01,514:INFO: Train Loss: 0.3264 Acc: 0.8399
2018-08-18 07:07:21,522:INFO: Val Acc: 0.7338
2018-08-18 07:07:21,522:INFO: Epoch 11/19
2018-08-18 07:07:21,522:INFO: ----------
2018-08-18 07:08:04,690:INFO: Train Loss: 0.3246 Acc: 0.8408
2018-08-18 07:08:24,450:INFO: Val Acc: 0.7362
2018-08-18 07:08:24,450:INFO: Epoch 12/19
2018-08-18 07:08:24,450:INFO: ----------
2018-08-18 07:09:07,048:INFO: Train Loss: 0.3246 Acc: 0.8410
2018-08-18 07:09:30,341:INFO: Val Acc: 0.7405
2018-08-18 07:09:30,342:INFO: Epoch 13/19
2018-08-18 07:09:30,342:INFO: ----------
2018-08-18 07:10:14,052:INFO: Train Loss: 0.3246 Acc: 0.8394
2018-08-18 07:10:33,270:INFO: Val Acc: 0.7356
2018-08-18 07:10:33,271:INFO: Epoch 14/19
2018-08-18 07:10:33,271:INFO: ----------
2018-08-18 07:11:14,789:INFO: Train Loss: 0.3223 Acc: 0.8408
2018-08-18 07:11:34,496:INFO: Val Acc: 0.7388
2018-08-18 07:11:34,497:INFO: Epoch 15/19
2018-08-18 07:11:34,498:INFO: ----------
2018-08-18 07:12:16,635:INFO: Train Loss: 0.3225 Acc: 0.8419
2018-08-18 07:12:35,745:INFO: Val Acc: 0.7367
2018-08-18 07:12:35,746:INFO: Epoch 16/19
2018-08-18 07:12:35,747:INFO: ----------
2018-08-18 07:13:18,104:INFO: Train Loss: 0.3235 Acc: 0.8401
2018-08-18 07:13:36,367:INFO: Val Acc: 0.7362
2018-08-18 07:13:36,367:INFO: Epoch 17/19
2018-08-18 07:13:36,368:INFO: ----------
2018-08-18 07:14:19,841:INFO: Train Loss: 0.3226 Acc: 0.8366
2018-08-18 07:14:40,963:INFO: Val Acc: 0.7379
2018-08-18 07:14:40,964:INFO: Epoch 18/19
2018-08-18 07:14:40,965:INFO: ----------
2018-08-18 07:15:36,430:INFO: Train Loss: 0.3223 Acc: 0.8424
2018-08-18 07:16:11,983:INFO: Val Acc: 0.7382
2018-08-18 07:16:11,984:INFO: Epoch 19/19
2018-08-18 07:16:11,985:INFO: ----------
2018-08-18 07:16:53,697:INFO: Train Loss: 0.3218 Acc: 0.8429
2018-08-18 07:17:26,388:INFO: Val Acc: 0.7391
2018-08-18 07:17:26,389:INFO: Training complete in 23m 52s
2018-08-18 07:17:26,390:INFO: Best val Acc: 0.740525
2018-08-18 07:17:52,528:INFO: Test Acc: 0.7682
