2018-08-18 09:29:50,077:INFO: Loading the datasets...
2018-08-18 09:29:50,192:INFO: - done.
2018-08-18 09:30:11,023:INFO: Starting training for 100 epoch(s)
2018-08-18 09:30:11,029:INFO: Epoch 0/99
2018-08-18 09:30:11,029:INFO: ----------
2018-08-18 09:31:07,348:INFO: Train Loss: 1.2662 Acc: 0.2718
2018-08-18 09:31:31,986:INFO: Val Acc: 0.2898
2018-08-18 09:31:31,988:INFO: Found new best accuracy
2018-08-18 09:31:31,997:INFO: Epoch 1/99
2018-08-18 09:31:31,998:INFO: ----------
2018-08-18 09:32:36,499:INFO: Train Loss: 1.1274 Acc: 0.3570
2018-08-18 09:33:19,486:INFO: Val Acc: 0.3047
2018-08-18 09:33:19,487:INFO: Found new best accuracy
2018-08-18 09:33:19,497:INFO: Epoch 2/99
2018-08-18 09:33:19,497:INFO: ----------
2018-08-18 09:34:28,721:INFO: Train Loss: 1.0641 Acc: 0.3923
2018-08-18 09:35:12,645:INFO: Val Acc: 0.3394
2018-08-18 09:35:12,646:INFO: Found new best accuracy
2018-08-18 09:35:12,655:INFO: Epoch 3/99
2018-08-18 09:35:12,655:INFO: ----------
2018-08-18 09:36:23,156:INFO: Train Loss: 1.0434 Acc: 0.4033
2018-08-18 09:37:03,929:INFO: Val Acc: 0.3601
2018-08-18 09:37:03,929:INFO: Found new best accuracy
2018-08-18 09:37:03,938:INFO: Epoch 4/99
2018-08-18 09:37:03,939:INFO: ----------
2018-08-18 09:38:09,070:INFO: Train Loss: 1.0021 Acc: 0.4273
2018-08-18 09:38:52,486:INFO: Val Acc: 0.3924
2018-08-18 09:38:52,486:INFO: Found new best accuracy
2018-08-18 09:38:52,493:INFO: Epoch 5/99
2018-08-18 09:38:52,493:INFO: ----------
2018-08-18 09:40:00,396:INFO: Train Loss: 0.9616 Acc: 0.4548
2018-08-18 09:40:41,937:INFO: Val Acc: 0.4519
2018-08-18 09:40:41,938:INFO: Found new best accuracy
2018-08-18 09:40:41,947:INFO: Epoch 6/99
2018-08-18 09:40:41,947:INFO: ----------
2018-08-18 09:41:37,664:INFO: Train Loss: 0.9309 Acc: 0.4762
2018-08-18 09:41:57,413:INFO: Val Acc: 0.4335
2018-08-18 09:41:57,414:INFO: Epoch 7/99
2018-08-18 09:41:57,414:INFO: ----------
2018-08-18 09:42:54,102:INFO: Train Loss: 0.9001 Acc: 0.4932
2018-08-18 09:43:14,868:INFO: Val Acc: 0.4551
2018-08-18 09:43:14,869:INFO: Found new best accuracy
2018-08-18 09:43:14,876:INFO: Epoch 8/99
2018-08-18 09:43:14,876:INFO: ----------
2018-08-18 09:44:17,114:INFO: Train Loss: 0.8672 Acc: 0.5121
2018-08-18 09:44:59,076:INFO: Val Acc: 0.4574
2018-08-18 09:44:59,077:INFO: Found new best accuracy
2018-08-18 09:44:59,086:INFO: Epoch 9/99
2018-08-18 09:44:59,086:INFO: ----------
2018-08-18 09:45:55,043:INFO: Train Loss: 0.8228 Acc: 0.5384
2018-08-18 09:46:27,915:INFO: Val Acc: 0.4157
2018-08-18 09:46:27,916:INFO: Epoch 10/99
2018-08-18 09:46:27,916:INFO: ----------
2018-08-18 09:47:33,243:INFO: Train Loss: 0.7958 Acc: 0.5525
2018-08-18 09:48:18,540:INFO: Val Acc: 0.4764
2018-08-18 09:48:18,540:INFO: Found new best accuracy
2018-08-18 09:48:18,557:INFO: Epoch 11/99
2018-08-18 09:48:18,557:INFO: ----------
2018-08-18 09:49:14,879:INFO: Train Loss: 0.7597 Acc: 0.5761
2018-08-18 09:49:54,350:INFO: Val Acc: 0.3571
2018-08-18 09:49:54,350:INFO: Epoch 12/99
2018-08-18 09:49:54,350:INFO: ----------
2018-08-18 09:51:02,561:INFO: Train Loss: 0.7304 Acc: 0.5881
2018-08-18 09:51:32,120:INFO: Val Acc: 0.3662
2018-08-18 09:51:32,121:INFO: Epoch 13/99
2018-08-18 09:51:32,121:INFO: ----------
2018-08-18 09:52:33,730:INFO: Train Loss: 0.6967 Acc: 0.6112
2018-08-18 09:53:04,629:INFO: Val Acc: 0.3988
2018-08-18 09:53:04,629:INFO: Epoch 14/99
2018-08-18 09:53:04,630:INFO: ----------
2018-08-18 09:54:01,126:INFO: Train Loss: 0.6635 Acc: 0.6295
2018-08-18 09:54:33,153:INFO: Val Acc: 0.4569
2018-08-18 09:54:33,155:INFO: Epoch 15/99
2018-08-18 09:54:33,157:INFO: ----------
2018-08-18 09:55:38,968:INFO: Train Loss: 0.6475 Acc: 0.6376
2018-08-18 09:56:24,283:INFO: Val Acc: 0.3399
2018-08-18 09:56:24,283:INFO: Epoch 16/99
2018-08-18 09:56:24,283:INFO: ----------
2018-08-18 09:57:29,717:INFO: Train Loss: 0.6327 Acc: 0.6498
2018-08-18 09:58:17,478:INFO: Val Acc: 0.3889
2018-08-18 09:58:17,478:INFO: Epoch 17/99
2018-08-18 09:58:17,479:INFO: ----------
2018-08-18 09:59:18,649:INFO: Train Loss: 0.6193 Acc: 0.6584
2018-08-18 09:59:41,979:INFO: Val Acc: 0.4391
2018-08-18 09:59:41,979:INFO: Epoch 18/99
2018-08-18 09:59:41,980:INFO: ----------
2018-08-18 10:00:54,940:INFO: Train Loss: 0.6067 Acc: 0.6628
2018-08-18 10:01:32,251:INFO: Val Acc: 0.5012
2018-08-18 10:01:32,252:INFO: Found new best accuracy
2018-08-18 10:01:32,262:INFO: Epoch 19/99
2018-08-18 10:01:32,262:INFO: ----------
2018-08-18 10:02:37,438:INFO: Train Loss: 0.5920 Acc: 0.6690
2018-08-18 10:03:23,161:INFO: Val Acc: 0.4254
2018-08-18 10:03:23,163:INFO: Epoch 20/99
2018-08-18 10:03:23,163:INFO: ----------
2018-08-18 10:04:31,047:INFO: Train Loss: 0.6018 Acc: 0.6648
2018-08-18 10:05:12,183:INFO: Val Acc: 0.5169
2018-08-18 10:05:12,183:INFO: Found new best accuracy
2018-08-18 10:05:12,193:INFO: Epoch 21/99
2018-08-18 10:05:12,193:INFO: ----------
2018-08-18 10:06:23,013:INFO: Train Loss: 0.5744 Acc: 0.6804
2018-08-18 10:06:58,299:INFO: Val Acc: 0.4548
2018-08-18 10:06:58,299:INFO: Epoch 22/99
2018-08-18 10:06:58,299:INFO: ----------
2018-08-18 10:08:08,924:INFO: Train Loss: 0.5564 Acc: 0.6912
2018-08-18 10:08:50,867:INFO: Val Acc: 0.4980
2018-08-18 10:08:50,867:INFO: Epoch 23/99
2018-08-18 10:08:50,867:INFO: ----------
2018-08-18 10:10:02,143:INFO: Train Loss: 0.5409 Acc: 0.6986
2018-08-18 10:10:35,442:INFO: Val Acc: 0.5233
2018-08-18 10:10:35,444:INFO: Found new best accuracy
2018-08-18 10:10:35,454:INFO: Epoch 24/99
2018-08-18 10:10:35,454:INFO: ----------
2018-08-18 10:11:40,120:INFO: Train Loss: 0.5320 Acc: 0.7033
2018-08-18 10:12:19,657:INFO: Val Acc: 0.4638
2018-08-18 10:12:19,658:INFO: Epoch 25/99
2018-08-18 10:12:19,658:INFO: ----------
2018-08-18 10:13:31,302:INFO: Train Loss: 0.5150 Acc: 0.7121
2018-08-18 10:14:16,962:INFO: Val Acc: 0.3936
2018-08-18 10:14:16,966:INFO: Epoch 26/99
2018-08-18 10:14:16,966:INFO: ----------
2018-08-18 10:15:18,946:INFO: Train Loss: 0.5140 Acc: 0.7147
2018-08-18 10:16:04,594:INFO: Val Acc: 0.4828
2018-08-18 10:16:04,594:INFO: Epoch 27/99
2018-08-18 10:16:04,594:INFO: ----------
2018-08-18 10:17:04,996:INFO: Train Loss: 0.5252 Acc: 0.7101
2018-08-18 10:17:39,683:INFO: Val Acc: 0.5469
2018-08-18 10:17:39,684:INFO: Found new best accuracy
2018-08-18 10:17:39,694:INFO: Epoch 28/99
2018-08-18 10:17:39,695:INFO: ----------
2018-08-18 10:18:45,456:INFO: Train Loss: 0.5000 Acc: 0.7238
2018-08-18 10:19:22,945:INFO: Val Acc: 0.4863
2018-08-18 10:19:22,946:INFO: Epoch 29/99
2018-08-18 10:19:22,946:INFO: ----------
2018-08-18 10:20:29,863:INFO: Train Loss: 0.4995 Acc: 0.7200
2018-08-18 10:21:09,552:INFO: Val Acc: 0.5026
2018-08-18 10:21:09,553:INFO: Epoch 30/99
2018-08-18 10:21:09,554:INFO: ----------
2018-08-18 10:22:14,156:INFO: Train Loss: 0.3684 Acc: 0.8010
2018-08-18 10:22:52,441:INFO: Val Acc: 0.7641
2018-08-18 10:22:52,442:INFO: Found new best accuracy
2018-08-18 10:22:52,449:INFO: Epoch 31/99
2018-08-18 10:22:52,450:INFO: ----------
2018-08-18 10:24:02,508:INFO: Train Loss: 0.3162 Acc: 0.8341
2018-08-18 10:24:36,709:INFO: Val Acc: 0.7618
2018-08-18 10:24:36,710:INFO: Epoch 32/99
2018-08-18 10:24:36,710:INFO: ----------
2018-08-18 10:25:42,082:INFO: Train Loss: 0.2962 Acc: 0.8434
2018-08-18 10:26:22,780:INFO: Val Acc: 0.7609
2018-08-18 10:26:22,781:INFO: Epoch 33/99
2018-08-18 10:26:22,781:INFO: ----------
2018-08-18 10:27:28,048:INFO: Train Loss: 0.2829 Acc: 0.8529
2018-08-18 10:28:01,368:INFO: Val Acc: 0.7700
2018-08-18 10:28:01,369:INFO: Found new best accuracy
2018-08-18 10:28:01,374:INFO: Epoch 34/99
2018-08-18 10:28:01,374:INFO: ----------
2018-08-18 10:29:10,225:INFO: Train Loss: 0.2680 Acc: 0.8631
2018-08-18 10:29:49,572:INFO: Val Acc: 0.7764
2018-08-18 10:29:49,573:INFO: Found new best accuracy
2018-08-18 10:29:49,579:INFO: Epoch 35/99
2018-08-18 10:29:49,579:INFO: ----------
2018-08-18 10:30:57,767:INFO: Train Loss: 0.2572 Acc: 0.8669
2018-08-18 10:31:41,108:INFO: Val Acc: 0.7790
2018-08-18 10:31:41,109:INFO: Found new best accuracy
2018-08-18 10:31:41,119:INFO: Epoch 36/99
2018-08-18 10:31:41,119:INFO: ----------
2018-08-18 10:32:49,569:INFO: Train Loss: 0.2459 Acc: 0.8755
2018-08-18 10:33:23,032:INFO: Val Acc: 0.7644
2018-08-18 10:33:23,032:INFO: Epoch 37/99
2018-08-18 10:33:23,033:INFO: ----------
2018-08-18 10:34:28,459:INFO: Train Loss: 0.2367 Acc: 0.8811
2018-08-18 10:35:02,453:INFO: Val Acc: 0.7461
2018-08-18 10:35:02,454:INFO: Epoch 38/99
2018-08-18 10:35:02,454:INFO: ----------
2018-08-18 10:36:05,811:INFO: Train Loss: 0.2285 Acc: 0.8864
2018-08-18 10:36:47,982:INFO: Val Acc: 0.7429
2018-08-18 10:36:47,982:INFO: Epoch 39/99
2018-08-18 10:36:47,983:INFO: ----------
2018-08-18 10:37:58,740:INFO: Train Loss: 0.2178 Acc: 0.8929
2018-08-18 10:38:38,719:INFO: Val Acc: 0.7370
2018-08-18 10:38:38,720:INFO: Epoch 40/99
2018-08-18 10:38:38,720:INFO: ----------
2018-08-18 10:39:43,677:INFO: Train Loss: 0.2045 Acc: 0.9023
2018-08-18 10:40:20,508:INFO: Val Acc: 0.7545
2018-08-18 10:40:20,508:INFO: Epoch 41/99
2018-08-18 10:40:20,508:INFO: ----------
2018-08-18 10:41:25,337:INFO: Train Loss: 0.1930 Acc: 0.9107
2018-08-18 10:42:11,470:INFO: Val Acc: 0.7641
2018-08-18 10:42:11,471:INFO: Epoch 42/99
2018-08-18 10:42:11,471:INFO: ----------
2018-08-18 10:43:18,500:INFO: Train Loss: 0.1844 Acc: 0.9132
2018-08-18 10:43:52,924:INFO: Val Acc: 0.7560
2018-08-18 10:43:52,924:INFO: Epoch 43/99
2018-08-18 10:43:52,924:INFO: ----------
2018-08-18 10:44:53,852:INFO: Train Loss: 0.1697 Acc: 0.9275
2018-08-18 10:45:27,611:INFO: Val Acc: 0.7125
2018-08-18 10:45:27,612:INFO: Epoch 44/99
2018-08-18 10:45:27,612:INFO: ----------
2018-08-18 10:46:32,251:INFO: Train Loss: 0.1613 Acc: 0.9322
2018-08-18 10:47:05,116:INFO: Val Acc: 0.7574
2018-08-18 10:47:05,117:INFO: Epoch 45/99
2018-08-18 10:47:05,117:INFO: ----------
2018-08-18 10:48:08,046:INFO: Train Loss: 0.1517 Acc: 0.9381
2018-08-18 10:48:46,073:INFO: Val Acc: 0.7697
2018-08-18 10:48:46,073:INFO: Epoch 46/99
2018-08-18 10:48:46,073:INFO: ----------
2018-08-18 10:49:53,101:INFO: Train Loss: 0.1376 Acc: 0.9512
2018-08-18 10:50:35,421:INFO: Val Acc: 0.7615
2018-08-18 10:50:35,422:INFO: Epoch 47/99
2018-08-18 10:50:35,422:INFO: ----------
2018-08-18 10:51:43,737:INFO: Train Loss: 0.1287 Acc: 0.9570
2018-08-18 10:52:22,516:INFO: Val Acc: 0.7738
2018-08-18 10:52:22,517:INFO: Epoch 48/99
2018-08-18 10:52:22,517:INFO: ----------
2018-08-18 10:53:26,975:INFO: Train Loss: 0.1154 Acc: 0.9681
2018-08-18 10:54:03,836:INFO: Val Acc: 0.7297
2018-08-18 10:54:03,836:INFO: Epoch 49/99
2018-08-18 10:54:03,836:INFO: ----------
2018-08-18 10:55:08,468:INFO: Train Loss: 0.1140 Acc: 0.9669
2018-08-18 10:55:49,375:INFO: Val Acc: 0.7397
2018-08-18 10:55:49,375:INFO: Epoch 50/99
2018-08-18 10:55:49,375:INFO: ----------
2018-08-18 10:56:55,398:INFO: Train Loss: 0.1048 Acc: 0.9720
2018-08-18 10:57:28,748:INFO: Val Acc: 0.7478
2018-08-18 10:57:28,749:INFO: Epoch 51/99
2018-08-18 10:57:28,749:INFO: ----------
2018-08-18 10:58:31,839:INFO: Train Loss: 0.1052 Acc: 0.9710
2018-08-18 10:59:10,780:INFO: Val Acc: 0.7321
2018-08-18 10:59:10,781:INFO: Epoch 52/99
2018-08-18 10:59:10,781:INFO: ----------
2018-08-18 11:00:16,977:INFO: Train Loss: 0.0871 Acc: 0.9826
2018-08-18 11:00:54,555:INFO: Val Acc: 0.7566
2018-08-18 11:00:54,556:INFO: Epoch 53/99
2018-08-18 11:00:54,556:INFO: ----------
2018-08-18 11:01:56,329:INFO: Train Loss: 0.0816 Acc: 0.9864
2018-08-18 11:02:37,136:INFO: Val Acc: 0.7659
2018-08-18 11:02:37,137:INFO: Epoch 54/99
2018-08-18 11:02:37,137:INFO: ----------
2018-08-18 11:03:47,826:INFO: Train Loss: 0.0747 Acc: 0.9898
2018-08-18 11:04:27,725:INFO: Val Acc: 0.7618
2018-08-18 11:04:27,726:INFO: Epoch 55/99
2018-08-18 11:04:27,726:INFO: ----------
2018-08-18 11:05:34,011:INFO: Train Loss: 0.0769 Acc: 0.9872
2018-08-18 11:06:12,958:INFO: Val Acc: 0.7466
2018-08-18 11:06:12,958:INFO: Epoch 56/99
2018-08-18 11:06:12,959:INFO: ----------
2018-08-18 11:07:20,880:INFO: Train Loss: 0.0659 Acc: 0.9936
2018-08-18 11:07:54,914:INFO: Val Acc: 0.7560
2018-08-18 11:07:54,915:INFO: Epoch 57/99
2018-08-18 11:07:54,915:INFO: ----------
2018-08-18 11:09:04,824:INFO: Train Loss: 0.0643 Acc: 0.9929
2018-08-18 11:09:44,894:INFO: Val Acc: 0.6350
2018-08-18 11:09:44,899:INFO: Epoch 58/99
2018-08-18 11:09:44,900:INFO: ----------
2018-08-18 11:10:53,529:INFO: Train Loss: 0.0697 Acc: 0.9902
2018-08-18 11:11:32,724:INFO: Val Acc: 0.7618
2018-08-18 11:11:32,728:INFO: Epoch 59/99
2018-08-18 11:11:32,730:INFO: ----------
2018-08-18 11:12:36,678:INFO: Train Loss: 0.0546 Acc: 0.9971
2018-08-18 11:13:18,800:INFO: Val Acc: 0.7560
2018-08-18 11:13:18,801:INFO: Epoch 60/99
2018-08-18 11:13:18,801:INFO: ----------
2018-08-18 11:14:23,501:INFO: Train Loss: 0.0447 Acc: 0.9992
2018-08-18 11:14:59,174:INFO: Val Acc: 0.7784
2018-08-18 11:14:59,175:INFO: Epoch 61/99
2018-08-18 11:14:59,175:INFO: ----------
2018-08-18 11:16:09,289:INFO: Train Loss: 0.0433 Acc: 0.9988
2018-08-18 11:16:40,988:INFO: Val Acc: 0.7822
2018-08-18 11:16:40,989:INFO: Found new best accuracy
2018-08-18 11:16:40,994:INFO: Epoch 62/99
2018-08-18 11:16:40,994:INFO: ----------
2018-08-18 11:17:45,751:INFO: Train Loss: 0.0417 Acc: 0.9996
2018-08-18 11:18:21,742:INFO: Val Acc: 0.7822
2018-08-18 11:18:21,743:INFO: Epoch 63/99
2018-08-18 11:18:21,743:INFO: ----------
2018-08-18 11:19:28,558:INFO: Train Loss: 0.0414 Acc: 0.9996
2018-08-18 11:20:10,520:INFO: Val Acc: 0.7787
2018-08-18 11:20:10,521:INFO: Epoch 64/99
2018-08-18 11:20:10,521:INFO: ----------
2018-08-18 11:21:18,084:INFO: Train Loss: 0.0410 Acc: 0.9996
2018-08-18 11:21:55,872:INFO: Val Acc: 0.7790
2018-08-18 11:21:55,872:INFO: Epoch 65/99
2018-08-18 11:21:55,872:INFO: ----------
2018-08-18 11:23:03,487:INFO: Train Loss: 0.0413 Acc: 0.9996
2018-08-18 11:23:44,771:INFO: Val Acc: 0.7808
2018-08-18 11:23:44,772:INFO: Epoch 66/99
2018-08-18 11:23:44,772:INFO: ----------
2018-08-18 11:24:51,893:INFO: Train Loss: 0.0406 Acc: 0.9994
2018-08-18 11:25:30,315:INFO: Val Acc: 0.7828
2018-08-18 11:25:30,315:INFO: Found new best accuracy
2018-08-18 11:25:30,323:INFO: Epoch 67/99
2018-08-18 11:25:30,323:INFO: ----------
2018-08-18 11:26:34,443:INFO: Train Loss: 0.0399 Acc: 0.9994
2018-08-18 11:27:09,847:INFO: Val Acc: 0.7822
2018-08-18 11:27:09,848:INFO: Epoch 68/99
2018-08-18 11:27:09,848:INFO: ----------
2018-08-18 11:28:20,125:INFO: Train Loss: 0.0397 Acc: 0.9994
2018-08-18 11:29:08,060:INFO: Val Acc: 0.7781
2018-08-18 11:29:08,061:INFO: Epoch 69/99
2018-08-18 11:29:08,061:INFO: ----------
2018-08-18 11:30:15,045:INFO: Train Loss: 0.0404 Acc: 0.9990
2018-08-18 11:30:59,296:INFO: Val Acc: 0.7749
2018-08-18 11:30:59,297:INFO: Epoch 70/99
2018-08-18 11:30:59,297:INFO: ----------
2018-08-18 11:32:02,720:INFO: Train Loss: 0.0391 Acc: 0.9997
2018-08-18 11:32:42,804:INFO: Val Acc: 0.7808
2018-08-18 11:32:42,804:INFO: Epoch 71/99
2018-08-18 11:32:42,804:INFO: ----------
2018-08-18 11:33:53,673:INFO: Train Loss: 0.0400 Acc: 0.9992
2018-08-18 11:34:35,971:INFO: Val Acc: 0.7793
2018-08-18 11:34:35,971:INFO: Epoch 72/99
2018-08-18 11:34:35,971:INFO: ----------
2018-08-18 11:35:42,107:INFO: Train Loss: 0.0392 Acc: 0.9996
2018-08-18 11:36:29,254:INFO: Val Acc: 0.7773
2018-08-18 11:36:29,254:INFO: Epoch 73/99
2018-08-18 11:36:29,255:INFO: ----------
2018-08-18 11:37:35,433:INFO: Train Loss: 0.0395 Acc: 0.9998
2018-08-18 11:38:11,277:INFO: Val Acc: 0.7796
2018-08-18 11:38:11,277:INFO: Epoch 74/99
2018-08-18 11:38:11,278:INFO: ----------
2018-08-18 11:39:16,445:INFO: Train Loss: 0.0382 Acc: 0.9998
2018-08-18 11:39:55,788:INFO: Val Acc: 0.7787
2018-08-18 11:39:55,789:INFO: Epoch 75/99
2018-08-18 11:39:55,790:INFO: ----------
2018-08-18 11:41:04,306:INFO: Train Loss: 0.0395 Acc: 0.9994
2018-08-18 11:41:37,416:INFO: Val Acc: 0.7805
2018-08-18 11:41:37,417:INFO: Epoch 76/99
2018-08-18 11:41:37,418:INFO: ----------
2018-08-18 11:42:47,463:INFO: Train Loss: 0.0400 Acc: 0.9996
2018-08-18 11:43:23,524:INFO: Val Acc: 0.7758
2018-08-18 11:43:23,525:INFO: Epoch 77/99
2018-08-18 11:43:23,525:INFO: ----------
2018-08-18 11:44:27,294:INFO: Train Loss: 0.0385 Acc: 0.9997
2018-08-18 11:44:58,665:INFO: Val Acc: 0.7776
2018-08-18 11:44:58,666:INFO: Epoch 78/99
2018-08-18 11:44:58,666:INFO: ----------
2018-08-18 11:46:05,683:INFO: Train Loss: 0.0383 Acc: 0.9996
2018-08-18 11:46:49,786:INFO: Val Acc: 0.7802
2018-08-18 11:46:49,787:INFO: Epoch 79/99
2018-08-18 11:46:49,787:INFO: ----------
2018-08-18 11:47:55,350:INFO: Train Loss: 0.0379 Acc: 0.9999
2018-08-18 11:48:40,070:INFO: Val Acc: 0.7764
2018-08-18 11:48:40,071:INFO: Epoch 80/99
2018-08-18 11:48:40,071:INFO: ----------
2018-08-18 11:49:51,863:INFO: Train Loss: 0.0381 Acc: 0.9999
2018-08-18 11:50:28,137:INFO: Val Acc: 0.7778
2018-08-18 11:50:28,137:INFO: Epoch 81/99
2018-08-18 11:50:28,137:INFO: ----------
2018-08-18 11:51:33,294:INFO: Train Loss: 0.0381 Acc: 0.9996
2018-08-18 11:52:07,336:INFO: Val Acc: 0.7781
2018-08-18 11:52:07,337:INFO: Epoch 82/99
2018-08-18 11:52:07,337:INFO: ----------
2018-08-18 11:53:12,959:INFO: Train Loss: 0.0380 Acc: 0.9998
2018-08-18 11:53:48,172:INFO: Val Acc: 0.7752
2018-08-18 11:53:48,173:INFO: Epoch 83/99
2018-08-18 11:53:48,174:INFO: ----------
2018-08-18 11:54:50,914:INFO: Train Loss: 0.0380 Acc: 1.0000
2018-08-18 11:55:24,150:INFO: Val Acc: 0.7790
2018-08-18 11:55:24,151:INFO: Epoch 84/99
2018-08-18 11:55:24,151:INFO: ----------
2018-08-18 11:56:28,091:INFO: Train Loss: 0.0369 Acc: 0.9996
2018-08-18 11:57:09,827:INFO: Val Acc: 0.7778
2018-08-18 11:57:09,828:INFO: Epoch 85/99
2018-08-18 11:57:09,828:INFO: ----------
2018-08-18 11:58:13,303:INFO: Train Loss: 0.0381 Acc: 0.9995
2018-08-18 11:58:54,451:INFO: Val Acc: 0.7735
2018-08-18 11:58:54,452:INFO: Epoch 86/99
2018-08-18 11:58:54,452:INFO: ----------
2018-08-18 12:00:02,278:INFO: Train Loss: 0.0377 Acc: 0.9999
2018-08-18 12:00:47,148:INFO: Val Acc: 0.7802
2018-08-18 12:00:47,148:INFO: Epoch 87/99
2018-08-18 12:00:47,148:INFO: ----------
2018-08-18 12:01:57,500:INFO: Train Loss: 0.0378 Acc: 0.9996
2018-08-18 12:02:33,012:INFO: Val Acc: 0.7810
2018-08-18 12:02:33,013:INFO: Epoch 88/99
2018-08-18 12:02:33,013:INFO: ----------
2018-08-18 12:03:42,575:INFO: Train Loss: 0.0358 Acc: 0.9999
2018-08-18 12:04:15,965:INFO: Val Acc: 0.7810
2018-08-18 12:04:15,966:INFO: Epoch 89/99
2018-08-18 12:04:15,967:INFO: ----------
2018-08-18 12:05:25,172:INFO: Train Loss: 0.0368 Acc: 0.9998
2018-08-18 12:05:59,293:INFO: Val Acc: 0.7793
2018-08-18 12:05:59,294:INFO: Epoch 90/99
2018-08-18 12:05:59,294:INFO: ----------
2018-08-18 12:07:03,457:INFO: Train Loss: 0.0368 Acc: 0.9996
2018-08-18 12:07:41,937:INFO: Val Acc: 0.7784
2018-08-18 12:07:41,938:INFO: Epoch 91/99
2018-08-18 12:07:41,938:INFO: ----------
2018-08-18 12:08:48,082:INFO: Train Loss: 0.0360 Acc: 0.9998
2018-08-18 12:09:26,936:INFO: Val Acc: 0.7784
2018-08-18 12:09:26,937:INFO: Epoch 92/99
2018-08-18 12:09:26,937:INFO: ----------
2018-08-18 12:10:31,627:INFO: Train Loss: 0.0360 Acc: 0.9996
2018-08-18 12:11:17,626:INFO: Val Acc: 0.7834
2018-08-18 12:11:17,626:INFO: Found new best accuracy
2018-08-18 12:11:17,635:INFO: Epoch 93/99
2018-08-18 12:11:17,635:INFO: ----------
2018-08-18 12:12:18,879:INFO: Train Loss: 0.0360 Acc: 0.9999
2018-08-18 12:12:58,422:INFO: Val Acc: 0.7796
2018-08-18 12:12:58,424:INFO: Epoch 94/99
2018-08-18 12:12:58,424:INFO: ----------
2018-08-18 12:14:05,133:INFO: Train Loss: 0.0357 Acc: 0.9999
2018-08-18 12:14:44,625:INFO: Val Acc: 0.7773
2018-08-18 12:14:44,626:INFO: Epoch 95/99
2018-08-18 12:14:44,626:INFO: ----------
2018-08-18 12:15:50,691:INFO: Train Loss: 0.0356 Acc: 1.0000
2018-08-18 12:16:40,959:INFO: Val Acc: 0.7781
2018-08-18 12:16:40,960:INFO: Epoch 96/99
2018-08-18 12:16:40,960:INFO: ----------
2018-08-18 12:17:45,322:INFO: Train Loss: 0.0364 Acc: 0.9998
2018-08-18 12:18:34,427:INFO: Val Acc: 0.7773
2018-08-18 12:18:34,428:INFO: Epoch 97/99
2018-08-18 12:18:34,428:INFO: ----------
2018-08-18 12:19:43,280:INFO: Train Loss: 0.0366 Acc: 0.9998
2018-08-18 12:20:18,647:INFO: Val Acc: 0.7808
2018-08-18 12:20:18,648:INFO: Epoch 98/99
2018-08-18 12:20:18,648:INFO: ----------
2018-08-18 12:21:19,340:INFO: Train Loss: 0.0357 Acc: 0.9998
2018-08-18 12:21:59,083:INFO: Val Acc: 0.7781
2018-08-18 12:21:59,084:INFO: Epoch 99/99
2018-08-18 12:21:59,085:INFO: ----------
2018-08-18 12:23:00,631:INFO: Train Loss: 0.0364 Acc: 0.9995
2018-08-18 12:23:50,489:INFO: Val Acc: 0.7784
2018-08-18 12:23:50,489:INFO: Training complete in 173m 39s
2018-08-18 12:23:50,490:INFO: Best val Acc: 0.783382
2018-08-18 12:24:18,301:INFO: Test Acc: 0.8049
