2018-08-18 12:55:37,091:INFO: Loading the datasets...
2018-08-18 12:55:37,211:INFO: - done.
2018-08-18 12:55:56,728:INFO: Starting training for 100 epoch(s)
2018-08-18 12:55:56,733:INFO: Epoch 0/99
2018-08-18 12:55:56,733:INFO: ----------
2018-08-18 12:56:52,817:INFO: Train Loss: 1.0226 Acc: 0.2712
2018-08-18 12:57:25,803:INFO: Val Acc: 0.2595
2018-08-18 12:57:25,803:INFO: Found new best accuracy
2018-08-18 12:57:25,808:INFO: Epoch 1/99
2018-08-18 12:57:25,808:INFO: ----------
2018-08-18 12:58:22,694:INFO: Train Loss: 0.9221 Acc: 0.3494
2018-08-18 12:59:07,512:INFO: Val Acc: 0.2927
2018-08-18 12:59:07,512:INFO: Found new best accuracy
2018-08-18 12:59:07,517:INFO: Epoch 2/99
2018-08-18 12:59:07,517:INFO: ----------
2018-08-18 12:59:59,971:INFO: Train Loss: 0.8646 Acc: 0.3943
2018-08-18 13:00:31,649:INFO: Val Acc: 0.3659
2018-08-18 13:00:31,649:INFO: Found new best accuracy
2018-08-18 13:00:31,656:INFO: Epoch 3/99
2018-08-18 13:00:31,657:INFO: ----------
2018-08-18 13:01:29,989:INFO: Train Loss: 0.8434 Acc: 0.4111
2018-08-18 13:02:15,296:INFO: Val Acc: 0.3630
2018-08-18 13:02:15,296:INFO: Epoch 4/99
2018-08-18 13:02:15,296:INFO: ----------
2018-08-18 13:03:13,477:INFO: Train Loss: 0.8237 Acc: 0.4292
2018-08-18 13:03:41,890:INFO: Val Acc: 0.4073
2018-08-18 13:03:41,891:INFO: Found new best accuracy
2018-08-18 13:03:41,895:INFO: Epoch 5/99
2018-08-18 13:03:41,895:INFO: ----------
2018-08-18 13:04:31,308:INFO: Train Loss: 0.8049 Acc: 0.4397
2018-08-18 13:05:00,529:INFO: Val Acc: 0.4213
2018-08-18 13:05:00,529:INFO: Found new best accuracy
2018-08-18 13:05:00,534:INFO: Epoch 6/99
2018-08-18 13:05:00,534:INFO: ----------
2018-08-18 13:05:50,658:INFO: Train Loss: 0.7876 Acc: 0.4531
2018-08-18 13:06:24,783:INFO: Val Acc: 0.2630
2018-08-18 13:06:24,783:INFO: Epoch 7/99
2018-08-18 13:06:24,784:INFO: ----------
2018-08-18 13:07:22,691:INFO: Train Loss: 0.7571 Acc: 0.4734
2018-08-18 13:07:58,132:INFO: Val Acc: 0.4032
2018-08-18 13:07:58,133:INFO: Epoch 8/99
2018-08-18 13:07:58,133:INFO: ----------
2018-08-18 13:08:50,233:INFO: Train Loss: 0.7220 Acc: 0.5057
2018-08-18 13:09:21,987:INFO: Val Acc: 0.3484
2018-08-18 13:09:21,987:INFO: Epoch 9/99
2018-08-18 13:09:21,988:INFO: ----------
2018-08-18 13:10:13,470:INFO: Train Loss: 0.7109 Acc: 0.5056
2018-08-18 13:10:42,518:INFO: Val Acc: 0.3484
2018-08-18 13:10:42,518:INFO: Epoch 10/99
2018-08-18 13:10:42,518:INFO: ----------
2018-08-18 13:11:41,973:INFO: Train Loss: 0.6882 Acc: 0.5237
2018-08-18 13:12:13,748:INFO: Val Acc: 0.3458
2018-08-18 13:12:13,749:INFO: Epoch 11/99
2018-08-18 13:12:13,749:INFO: ----------
2018-08-18 13:13:13,788:INFO: Train Loss: 0.6478 Acc: 0.5557
2018-08-18 13:13:44,373:INFO: Val Acc: 0.4213
2018-08-18 13:13:44,373:INFO: Epoch 12/99
2018-08-18 13:13:44,373:INFO: ----------
2018-08-18 13:14:40,669:INFO: Train Loss: 0.6350 Acc: 0.5568
2018-08-18 13:15:14,805:INFO: Val Acc: 0.3128
2018-08-18 13:15:14,806:INFO: Epoch 13/99
2018-08-18 13:15:14,806:INFO: ----------
2018-08-18 13:16:16,959:INFO: Train Loss: 0.6117 Acc: 0.5731
2018-08-18 13:16:45,391:INFO: Val Acc: 0.4294
2018-08-18 13:16:45,392:INFO: Found new best accuracy
2018-08-18 13:16:45,396:INFO: Epoch 14/99
2018-08-18 13:16:45,396:INFO: ----------
2018-08-18 13:17:37,535:INFO: Train Loss: 0.5743 Acc: 0.6059
2018-08-18 13:18:04,922:INFO: Val Acc: 0.4265
2018-08-18 13:18:04,922:INFO: Epoch 15/99
2018-08-18 13:18:04,922:INFO: ----------
2018-08-18 13:18:57,245:INFO: Train Loss: 0.5942 Acc: 0.5910
2018-08-18 13:19:25,419:INFO: Val Acc: 0.4583
2018-08-18 13:19:25,422:INFO: Found new best accuracy
2018-08-18 13:19:25,434:INFO: Epoch 16/99
2018-08-18 13:19:25,434:INFO: ----------
2018-08-18 13:20:19,578:INFO: Train Loss: 0.5658 Acc: 0.6126
2018-08-18 13:20:52,837:INFO: Val Acc: 0.4851
2018-08-18 13:20:52,837:INFO: Found new best accuracy
2018-08-18 13:20:52,842:INFO: Epoch 17/99
2018-08-18 13:20:52,842:INFO: ----------
2018-08-18 13:21:50,564:INFO: Train Loss: 0.5369 Acc: 0.6310
2018-08-18 13:22:22,987:INFO: Val Acc: 0.4676
2018-08-18 13:22:22,988:INFO: Epoch 18/99
2018-08-18 13:22:22,988:INFO: ----------
2018-08-18 13:23:13,675:INFO: Train Loss: 0.5005 Acc: 0.6518
2018-08-18 13:23:44,311:INFO: Val Acc: 0.4962
2018-08-18 13:23:44,312:INFO: Found new best accuracy
2018-08-18 13:23:44,316:INFO: Epoch 19/99
2018-08-18 13:23:44,317:INFO: ----------
2018-08-18 13:24:34,476:INFO: Train Loss: 0.4999 Acc: 0.6592
2018-08-18 13:25:07,712:INFO: Val Acc: 0.3936
2018-08-18 13:25:07,712:INFO: Epoch 20/99
2018-08-18 13:25:07,712:INFO: ----------
2018-08-18 13:25:56,750:INFO: Train Loss: 0.4862 Acc: 0.6607
2018-08-18 13:26:35,623:INFO: Val Acc: 0.3933
2018-08-18 13:26:35,624:INFO: Epoch 21/99
2018-08-18 13:26:35,624:INFO: ----------
2018-08-18 13:27:30,490:INFO: Train Loss: 0.4836 Acc: 0.6681
2018-08-18 13:28:06,829:INFO: Val Acc: 0.4997
2018-08-18 13:28:06,829:INFO: Found new best accuracy
2018-08-18 13:28:06,834:INFO: Epoch 22/99
2018-08-18 13:28:06,834:INFO: ----------
2018-08-18 13:29:00,573:INFO: Train Loss: 0.4784 Acc: 0.6668
2018-08-18 13:29:35,477:INFO: Val Acc: 0.5845
2018-08-18 13:29:35,478:INFO: Found new best accuracy
2018-08-18 13:29:35,485:INFO: Epoch 23/99
2018-08-18 13:29:35,485:INFO: ----------
2018-08-18 13:30:37,199:INFO: Train Loss: 0.4459 Acc: 0.6924
2018-08-18 13:31:04,832:INFO: Val Acc: 0.5248
2018-08-18 13:31:04,833:INFO: Epoch 24/99
2018-08-18 13:31:04,833:INFO: ----------
2018-08-18 13:31:54,698:INFO: Train Loss: 0.4398 Acc: 0.6981
2018-08-18 13:32:23,106:INFO: Val Acc: 0.3085
2018-08-18 13:32:23,107:INFO: Epoch 25/99
2018-08-18 13:32:23,107:INFO: ----------
2018-08-18 13:33:18,308:INFO: Train Loss: 0.4549 Acc: 0.6867
2018-08-18 13:33:57,407:INFO: Val Acc: 0.3848
2018-08-18 13:33:57,408:INFO: Epoch 26/99
2018-08-18 13:33:57,408:INFO: ----------
2018-08-18 13:34:52,084:INFO: Train Loss: 0.4443 Acc: 0.6916
2018-08-18 13:35:20,222:INFO: Val Acc: 0.5125
2018-08-18 13:35:20,223:INFO: Epoch 27/99
2018-08-18 13:35:20,223:INFO: ----------
2018-08-18 13:36:13,217:INFO: Train Loss: 0.4176 Acc: 0.7070
2018-08-18 13:36:45,362:INFO: Val Acc: 0.4458
2018-08-18 13:36:45,363:INFO: Epoch 28/99
2018-08-18 13:36:45,363:INFO: ----------
2018-08-18 13:37:40,476:INFO: Train Loss: 0.4181 Acc: 0.7126
2018-08-18 13:38:10,751:INFO: Val Acc: 0.4787
2018-08-18 13:38:10,752:INFO: Epoch 29/99
2018-08-18 13:38:10,752:INFO: ----------
2018-08-18 13:39:02,759:INFO: Train Loss: 0.3922 Acc: 0.7257
2018-08-18 13:39:31,731:INFO: Val Acc: 0.4691
2018-08-18 13:39:31,733:INFO: Epoch 30/99
2018-08-18 13:39:31,734:INFO: ----------
2018-08-18 13:40:24,194:INFO: Train Loss: 0.3251 Acc: 0.7779
2018-08-18 13:41:01,637:INFO: Val Acc: 0.7364
2018-08-18 13:41:01,638:INFO: Found new best accuracy
2018-08-18 13:41:01,645:INFO: Epoch 31/99
2018-08-18 13:41:01,645:INFO: ----------
2018-08-18 13:42:02,485:INFO: Train Loss: 0.2937 Acc: 0.8048
2018-08-18 13:42:43,483:INFO: Val Acc: 0.7379
2018-08-18 13:42:43,484:INFO: Found new best accuracy
2018-08-18 13:42:43,491:INFO: Epoch 32/99
2018-08-18 13:42:43,491:INFO: ----------
2018-08-18 13:43:42,378:INFO: Train Loss: 0.2843 Acc: 0.8108
2018-08-18 13:44:12,207:INFO: Val Acc: 0.7455
2018-08-18 13:44:12,208:INFO: Found new best accuracy
2018-08-18 13:44:12,216:INFO: Epoch 33/99
2018-08-18 13:44:12,216:INFO: ----------
2018-08-18 13:45:08,680:INFO: Train Loss: 0.2752 Acc: 0.8176
2018-08-18 13:45:45,820:INFO: Val Acc: 0.7589
2018-08-18 13:45:45,821:INFO: Found new best accuracy
2018-08-18 13:45:45,828:INFO: Epoch 34/99
2018-08-18 13:45:45,828:INFO: ----------
2018-08-18 13:46:39,661:INFO: Train Loss: 0.2719 Acc: 0.8255
2018-08-18 13:47:07,939:INFO: Val Acc: 0.7531
2018-08-18 13:47:07,940:INFO: Epoch 35/99
2018-08-18 13:47:07,940:INFO: ----------
2018-08-18 13:48:02,650:INFO: Train Loss: 0.2665 Acc: 0.8241
2018-08-18 13:48:41,901:INFO: Val Acc: 0.7569
2018-08-18 13:48:41,901:INFO: Epoch 36/99
2018-08-18 13:48:41,901:INFO: ----------
2018-08-18 13:49:33,689:INFO: Train Loss: 0.2638 Acc: 0.8287
2018-08-18 13:50:01,484:INFO: Val Acc: 0.7557
2018-08-18 13:50:01,485:INFO: Epoch 37/99
2018-08-18 13:50:01,485:INFO: ----------
2018-08-18 13:50:50,888:INFO: Train Loss: 0.2579 Acc: 0.8331
2018-08-18 13:51:24,817:INFO: Val Acc: 0.7569
2018-08-18 13:51:24,818:INFO: Epoch 38/99
2018-08-18 13:51:24,818:INFO: ----------
2018-08-18 13:52:18,319:INFO: Train Loss: 0.2510 Acc: 0.8359
2018-08-18 13:52:55,857:INFO: Val Acc: 0.7332
2018-08-18 13:52:55,857:INFO: Epoch 39/99
2018-08-18 13:52:55,857:INFO: ----------
2018-08-18 13:53:46,487:INFO: Train Loss: 0.2493 Acc: 0.8367
2018-08-18 13:54:33,286:INFO: Val Acc: 0.7580
2018-08-18 13:54:33,286:INFO: Epoch 40/99
2018-08-18 13:54:33,286:INFO: ----------
2018-08-18 13:55:28,204:INFO: Train Loss: 0.2451 Acc: 0.8401
2018-08-18 13:56:07,360:INFO: Val Acc: 0.7373
2018-08-18 13:56:07,360:INFO: Epoch 41/99
2018-08-18 13:56:07,360:INFO: ----------
2018-08-18 13:56:54,920:INFO: Train Loss: 0.2409 Acc: 0.8453
2018-08-18 13:57:15,719:INFO: Val Acc: 0.7536
2018-08-18 13:57:15,720:INFO: Epoch 42/99
2018-08-18 13:57:15,720:INFO: ----------
2018-08-18 13:58:10,252:INFO: Train Loss: 0.2411 Acc: 0.8425
2018-08-18 13:58:40,776:INFO: Val Acc: 0.7647
2018-08-18 13:58:40,777:INFO: Found new best accuracy
2018-08-18 13:58:40,786:INFO: Epoch 43/99
2018-08-18 13:58:40,786:INFO: ----------
2018-08-18 13:59:27,159:INFO: Train Loss: 0.2341 Acc: 0.8507
2018-08-18 14:00:03,368:INFO: Val Acc: 0.7536
2018-08-18 14:00:03,369:INFO: Epoch 44/99
2018-08-18 14:00:03,369:INFO: ----------
2018-08-18 14:00:53,346:INFO: Train Loss: 0.2330 Acc: 0.8488
2018-08-18 14:01:14,828:INFO: Val Acc: 0.7455
2018-08-18 14:01:14,829:INFO: Epoch 45/99
2018-08-18 14:01:14,829:INFO: ----------
2018-08-18 14:01:58,806:INFO: Train Loss: 0.2286 Acc: 0.8539
2018-08-18 14:02:21,704:INFO: Val Acc: 0.7633
2018-08-18 14:02:21,705:INFO: Epoch 46/99
2018-08-18 14:02:21,706:INFO: ----------
2018-08-18 14:03:08,667:INFO: Train Loss: 0.2251 Acc: 0.8537
2018-08-18 14:03:28,041:INFO: Val Acc: 0.7536
2018-08-18 14:03:28,042:INFO: Epoch 47/99
2018-08-18 14:03:28,042:INFO: ----------
2018-08-18 14:04:10,150:INFO: Train Loss: 0.2203 Acc: 0.8597
2018-08-18 14:04:27,808:INFO: Val Acc: 0.7446
2018-08-18 14:04:27,808:INFO: Epoch 48/99
2018-08-18 14:04:27,809:INFO: ----------
2018-08-18 14:05:13,829:INFO: Train Loss: 0.2187 Acc: 0.8602
2018-08-18 14:05:38,844:INFO: Val Acc: 0.7522
2018-08-18 14:05:38,845:INFO: Epoch 49/99
2018-08-18 14:05:38,846:INFO: ----------
2018-08-18 14:06:29,204:INFO: Train Loss: 0.2174 Acc: 0.8608
2018-08-18 14:07:01,493:INFO: Val Acc: 0.7294
2018-08-18 14:07:01,493:INFO: Epoch 50/99
2018-08-18 14:07:01,494:INFO: ----------
2018-08-18 14:07:54,552:INFO: Train Loss: 0.2097 Acc: 0.8700
2018-08-18 14:08:37,357:INFO: Val Acc: 0.7408
2018-08-18 14:08:37,358:INFO: Epoch 51/99
2018-08-18 14:08:37,358:INFO: ----------
2018-08-18 14:09:29,687:INFO: Train Loss: 0.2043 Acc: 0.8774
2018-08-18 14:10:00,538:INFO: Val Acc: 0.7166
2018-08-18 14:10:00,539:INFO: Epoch 52/99
2018-08-18 14:10:00,539:INFO: ----------
2018-08-18 14:10:50,629:INFO: Train Loss: 0.2050 Acc: 0.8711
2018-08-18 14:11:11,434:INFO: Val Acc: 0.7493
2018-08-18 14:11:11,435:INFO: Epoch 53/99
2018-08-18 14:11:11,435:INFO: ----------
2018-08-18 14:11:59,862:INFO: Train Loss: 0.1972 Acc: 0.8818
2018-08-18 14:12:21,623:INFO: Val Acc: 0.7577
2018-08-18 14:12:21,625:INFO: Epoch 54/99
2018-08-18 14:12:21,625:INFO: ----------
2018-08-18 14:13:08,527:INFO: Train Loss: 0.1962 Acc: 0.8823
2018-08-18 14:13:44,306:INFO: Val Acc: 0.7548
2018-08-18 14:13:44,307:INFO: Epoch 55/99
2018-08-18 14:13:44,307:INFO: ----------
2018-08-18 14:14:39,189:INFO: Train Loss: 0.1900 Acc: 0.8890
2018-08-18 14:15:04,276:INFO: Val Acc: 0.7230
2018-08-18 14:15:04,277:INFO: Epoch 56/99
2018-08-18 14:15:04,277:INFO: ----------
2018-08-18 14:15:59,478:INFO: Train Loss: 0.1844 Acc: 0.8945
2018-08-18 14:16:34,257:INFO: Val Acc: 0.7621
2018-08-18 14:16:34,257:INFO: Epoch 57/99
2018-08-18 14:16:34,257:INFO: ----------
2018-08-18 14:17:26,527:INFO: Train Loss: 0.1900 Acc: 0.8831
2018-08-18 14:18:02,157:INFO: Val Acc: 0.7499
2018-08-18 14:18:02,162:INFO: Epoch 58/99
2018-08-18 14:18:02,162:INFO: ----------
2018-08-18 14:18:58,750:INFO: Train Loss: 0.1878 Acc: 0.8871
2018-08-18 14:19:37,951:INFO: Val Acc: 0.7239
2018-08-18 14:19:37,952:INFO: Epoch 59/99
2018-08-18 14:19:37,952:INFO: ----------
2018-08-18 14:20:37,745:INFO: Train Loss: 0.1737 Acc: 0.9018
2018-08-18 14:21:08,528:INFO: Val Acc: 0.7548
2018-08-18 14:21:08,528:INFO: Epoch 60/99
2018-08-18 14:21:08,528:INFO: ----------
2018-08-18 14:22:06,632:INFO: Train Loss: 0.1570 Acc: 0.9200
2018-08-18 14:22:43,609:INFO: Val Acc: 0.7808
2018-08-18 14:22:43,610:INFO: Found new best accuracy
2018-08-18 14:22:43,614:INFO: Epoch 61/99
2018-08-18 14:22:43,614:INFO: ----------
2018-08-18 14:23:39,478:INFO: Train Loss: 0.1500 Acc: 0.9261
2018-08-18 14:23:59,168:INFO: Val Acc: 0.7828
2018-08-18 14:23:59,168:INFO: Found new best accuracy
2018-08-18 14:23:59,176:INFO: Epoch 62/99
2018-08-18 14:23:59,177:INFO: ----------
2018-08-18 14:24:51,814:INFO: Train Loss: 0.1466 Acc: 0.9312
2018-08-18 14:25:36,990:INFO: Val Acc: 0.7837
2018-08-18 14:25:36,991:INFO: Found new best accuracy
2018-08-18 14:25:36,998:INFO: Epoch 63/99
2018-08-18 14:25:36,998:INFO: ----------
2018-08-18 14:26:34,330:INFO: Train Loss: 0.1467 Acc: 0.9308
2018-08-18 14:27:15,560:INFO: Val Acc: 0.7813
2018-08-18 14:27:15,561:INFO: Epoch 64/99
2018-08-18 14:27:15,561:INFO: ----------
2018-08-18 14:28:12,315:INFO: Train Loss: 0.1456 Acc: 0.9303
2018-08-18 14:28:45,925:INFO: Val Acc: 0.7802
2018-08-18 14:28:45,926:INFO: Epoch 65/99
2018-08-18 14:28:45,927:INFO: ----------
2018-08-18 14:29:42,762:INFO: Train Loss: 0.1470 Acc: 0.9294
2018-08-18 14:30:22,489:INFO: Val Acc: 0.7854
2018-08-18 14:30:22,489:INFO: Found new best accuracy
2018-08-18 14:30:22,494:INFO: Epoch 66/99
2018-08-18 14:30:22,494:INFO: ----------
2018-08-18 14:31:13,941:INFO: Train Loss: 0.1448 Acc: 0.9339
2018-08-18 14:31:45,070:INFO: Val Acc: 0.7854
2018-08-18 14:31:45,071:INFO: Epoch 67/99
2018-08-18 14:31:45,071:INFO: ----------
2018-08-18 14:32:41,573:INFO: Train Loss: 0.1455 Acc: 0.9324
2018-08-18 14:33:15,020:INFO: Val Acc: 0.7848
2018-08-18 14:33:15,020:INFO: Epoch 68/99
2018-08-18 14:33:15,020:INFO: ----------
2018-08-18 14:34:10,823:INFO: Train Loss: 0.1442 Acc: 0.9337
2018-08-18 14:34:45,337:INFO: Val Acc: 0.7878
2018-08-18 14:34:45,338:INFO: Found new best accuracy
2018-08-18 14:34:45,345:INFO: Epoch 69/99
2018-08-18 14:34:45,345:INFO: ----------
2018-08-18 14:35:40,682:INFO: Train Loss: 0.1429 Acc: 0.9343
2018-08-18 14:36:10,124:INFO: Val Acc: 0.7857
2018-08-18 14:36:10,125:INFO: Epoch 70/99
2018-08-18 14:36:10,125:INFO: ----------
2018-08-18 14:37:00,586:INFO: Train Loss: 0.1425 Acc: 0.9369
2018-08-18 14:37:39,095:INFO: Val Acc: 0.7866
2018-08-18 14:37:39,096:INFO: Epoch 71/99
2018-08-18 14:37:39,096:INFO: ----------
2018-08-18 14:38:31,761:INFO: Train Loss: 0.1412 Acc: 0.9348
2018-08-18 14:39:08,419:INFO: Val Acc: 0.7831
2018-08-18 14:39:08,419:INFO: Epoch 72/99
2018-08-18 14:39:08,419:INFO: ----------
2018-08-18 14:40:00,139:INFO: Train Loss: 0.1415 Acc: 0.9373
2018-08-18 14:40:33,773:INFO: Val Acc: 0.7895
2018-08-18 14:40:33,773:INFO: Found new best accuracy
2018-08-18 14:40:33,780:INFO: Epoch 73/99
2018-08-18 14:40:33,780:INFO: ----------
2018-08-18 14:41:32,071:INFO: Train Loss: 0.1399 Acc: 0.9375
2018-08-18 14:42:13,619:INFO: Val Acc: 0.7880
2018-08-18 14:42:13,619:INFO: Epoch 74/99
2018-08-18 14:42:13,619:INFO: ----------
2018-08-18 14:43:14,371:INFO: Train Loss: 0.1408 Acc: 0.9371
2018-08-18 14:43:55,173:INFO: Val Acc: 0.7854
2018-08-18 14:43:55,174:INFO: Epoch 75/99
2018-08-18 14:43:55,175:INFO: ----------
2018-08-18 14:44:47,939:INFO: Train Loss: 0.1394 Acc: 0.9398
2018-08-18 14:45:22,692:INFO: Val Acc: 0.7843
2018-08-18 14:45:22,693:INFO: Epoch 76/99
2018-08-18 14:45:22,693:INFO: ----------
2018-08-18 14:46:16,413:INFO: Train Loss: 0.1384 Acc: 0.9374
2018-08-18 14:46:53,968:INFO: Val Acc: 0.7831
2018-08-18 14:46:53,969:INFO: Epoch 77/99
2018-08-18 14:46:53,969:INFO: ----------
2018-08-18 14:47:47,496:INFO: Train Loss: 0.1396 Acc: 0.9385
2018-08-18 14:48:22,344:INFO: Val Acc: 0.7848
2018-08-18 14:48:22,345:INFO: Epoch 78/99
2018-08-18 14:48:22,345:INFO: ----------
2018-08-18 14:49:18,150:INFO: Train Loss: 0.1374 Acc: 0.9415
2018-08-18 14:49:54,938:INFO: Val Acc: 0.7863
2018-08-18 14:49:54,940:INFO: Epoch 79/99
2018-08-18 14:49:54,940:INFO: ----------
2018-08-18 14:50:47,928:INFO: Train Loss: 0.1381 Acc: 0.9374
2018-08-18 14:51:23,267:INFO: Val Acc: 0.7796
2018-08-18 14:51:23,267:INFO: Epoch 80/99
2018-08-18 14:51:23,267:INFO: ----------
2018-08-18 14:52:17,354:INFO: Train Loss: 0.1366 Acc: 0.9391
2018-08-18 14:52:54,099:INFO: Val Acc: 0.7799
2018-08-18 14:52:54,100:INFO: Epoch 81/99
2018-08-18 14:52:54,100:INFO: ----------
2018-08-18 14:53:48,422:INFO: Train Loss: 0.1368 Acc: 0.9405
2018-08-18 14:54:24,533:INFO: Val Acc: 0.7808
2018-08-18 14:54:24,533:INFO: Epoch 82/99
2018-08-18 14:54:24,533:INFO: ----------
2018-08-18 14:55:23,654:INFO: Train Loss: 0.1369 Acc: 0.9407
2018-08-18 14:56:00,629:INFO: Val Acc: 0.7819
2018-08-18 14:56:00,630:INFO: Epoch 83/99
2018-08-18 14:56:00,630:INFO: ----------
2018-08-18 14:57:00,010:INFO: Train Loss: 0.1357 Acc: 0.9415
2018-08-18 14:57:42,912:INFO: Val Acc: 0.7843
2018-08-18 14:57:42,913:INFO: Epoch 84/99
2018-08-18 14:57:42,913:INFO: ----------
2018-08-18 14:58:42,972:INFO: Train Loss: 0.1334 Acc: 0.9448
2018-08-18 14:59:20,581:INFO: Val Acc: 0.7860
2018-08-18 14:59:20,582:INFO: Epoch 85/99
2018-08-18 14:59:20,583:INFO: ----------
2018-08-18 15:00:17,796:INFO: Train Loss: 0.1322 Acc: 0.9451
2018-08-18 15:00:59,470:INFO: Val Acc: 0.7878
2018-08-18 15:00:59,471:INFO: Epoch 86/99
2018-08-18 15:00:59,472:INFO: ----------
2018-08-18 15:02:00,122:INFO: Train Loss: 0.1338 Acc: 0.9436
2018-08-18 15:02:27,741:INFO: Val Acc: 0.7845
2018-08-18 15:02:27,741:INFO: Epoch 87/99
2018-08-18 15:02:27,741:INFO: ----------
2018-08-18 15:03:23,212:INFO: Train Loss: 0.1328 Acc: 0.9454
2018-08-18 15:03:50,473:INFO: Val Acc: 0.7851
2018-08-18 15:03:50,474:INFO: Epoch 88/99
2018-08-18 15:03:50,474:INFO: ----------
2018-08-18 15:04:43,408:INFO: Train Loss: 0.1326 Acc: 0.9453
2018-08-18 15:05:23,130:INFO: Val Acc: 0.7825
2018-08-18 15:05:23,131:INFO: Epoch 89/99
2018-08-18 15:05:23,131:INFO: ----------
2018-08-18 15:06:17,811:INFO: Train Loss: 0.1323 Acc: 0.9437
2018-08-18 15:06:53,663:INFO: Val Acc: 0.7848
2018-08-18 15:06:53,664:INFO: Epoch 90/99
2018-08-18 15:06:53,664:INFO: ----------
2018-08-18 15:07:49,299:INFO: Train Loss: 0.1287 Acc: 0.9480
2018-08-18 15:08:21,902:INFO: Val Acc: 0.7834
2018-08-18 15:08:21,903:INFO: Epoch 91/99
2018-08-18 15:08:21,903:INFO: ----------
2018-08-18 15:09:20,584:INFO: Train Loss: 0.1295 Acc: 0.9486
2018-08-18 15:10:01,849:INFO: Val Acc: 0.7866
2018-08-18 15:10:01,849:INFO: Epoch 92/99
2018-08-18 15:10:01,849:INFO: ----------
2018-08-18 15:11:04,090:INFO: Train Loss: 0.1285 Acc: 0.9499
2018-08-18 15:11:38,605:INFO: Val Acc: 0.7857
2018-08-18 15:11:38,606:INFO: Epoch 93/99
2018-08-18 15:11:38,606:INFO: ----------
2018-08-18 15:12:27,910:INFO: Train Loss: 0.1277 Acc: 0.9504
2018-08-18 15:13:06,620:INFO: Val Acc: 0.7883
2018-08-18 15:13:06,621:INFO: Epoch 94/99
2018-08-18 15:13:06,621:INFO: ----------
2018-08-18 15:14:08,061:INFO: Train Loss: 0.1283 Acc: 0.9499
2018-08-18 15:14:46,353:INFO: Val Acc: 0.7866
2018-08-18 15:14:46,354:INFO: Epoch 95/99
2018-08-18 15:14:46,354:INFO: ----------
2018-08-18 15:15:41,409:INFO: Train Loss: 0.1287 Acc: 0.9501
2018-08-18 15:16:11,215:INFO: Val Acc: 0.7837
2018-08-18 15:16:11,216:INFO: Epoch 96/99
2018-08-18 15:16:11,216:INFO: ----------
2018-08-18 15:17:03,743:INFO: Train Loss: 0.1287 Acc: 0.9494
2018-08-18 15:17:49,121:INFO: Val Acc: 0.7845
2018-08-18 15:17:49,121:INFO: Epoch 97/99
2018-08-18 15:17:49,122:INFO: ----------
2018-08-18 15:18:48,089:INFO: Train Loss: 0.1286 Acc: 0.9497
2018-08-18 15:19:23,953:INFO: Val Acc: 0.7840
2018-08-18 15:19:23,953:INFO: Epoch 98/99
2018-08-18 15:19:23,953:INFO: ----------
2018-08-18 15:20:15,634:INFO: Train Loss: 0.1286 Acc: 0.9476
2018-08-18 15:20:56,508:INFO: Val Acc: 0.7860
2018-08-18 15:20:56,510:INFO: Epoch 99/99
2018-08-18 15:20:56,510:INFO: ----------
2018-08-18 15:21:50,256:INFO: Train Loss: 0.1284 Acc: 0.9487
2018-08-18 15:22:28,474:INFO: Val Acc: 0.7883
2018-08-18 15:22:28,474:INFO: Training complete in 146m 32s
2018-08-18 15:22:28,475:INFO: Best val Acc: 0.789504
2018-08-18 15:23:06,174:INFO: Test Acc: 0.8064
